This file contains any messages produced by compilers while
running configure, to aid debugging if configure makes a mistake.

It was created by libsaescommon configure 1.4.6, which was
generated by GNU Autoconf 2.65.  Invocation command line was

  $ ./configure --prefix /usr/local --exec_prefix /usr/local --sysconfdir=/etc LDFLAGS=-Wl,-z,defs -Wl,-O1 -Wl,--as-needed -Wl,--hash-style=gnu

## --------- ##
## Platform. ##
## --------- ##

hostname = smtt
uname -m = i686
uname -r = 2.6.32-38-generic
uname -s = Linux
uname -v = #83-Ubuntu SMP Wed Jan 4 11:13:04 UTC 2012

/usr/bin/uname -p = unknown
/bin/uname -X     = unknown

/bin/arch              = unknown
/usr/bin/arch -k       = unknown
/usr/convex/getsysinfo = unknown
/usr/bin/hostinfo      = unknown
/bin/machine           = unknown
/usr/bin/oslevel       = unknown
/bin/universe          = unknown

PATH: /opt/java/jre1.6.0_33/bin
PATH: /opt/java/jre1.6.0_33/bin
PATH: /opt/ant/bin
PATH: /opt/ant/bin
PATH: /opt/java/jre1.6.0_33/bin
PATH: /opt/ant/bin
PATH: /usr/local/sbin
PATH: /usr/local/bin
PATH: /usr/sbin
PATH: /usr/bin
PATH: /sbin
PATH: /bin
PATH: /usr/games


## ----------- ##
## Core tests. ##
## ----------- ##

configure:2552: checking for a BSD-compatible install
configure:2620: result: /usr/bin/install -c
configure:2631: checking whether build environment is sane
configure:2681: result: yes
configure:2822: checking for a thread-safe mkdir -p
configure:2861: result: /bin/mkdir -p
configure:2874: checking for gawk
configure:2890: found /usr/bin/gawk
configure:2901: result: gawk
configure:2912: checking whether make sets $(MAKE)
configure:2934: result: yes
configure:3009: checking how to create a ustar tar archive
configure:3022: tar --version
tar (GNU tar) 1.22
Copyright (C) 2009 Free Software Foundation, Inc.
License GPLv3+: GNU GPL version 3 or later <http://gnu.org/licenses/gpl.html>.
This is free software: you are free to change and redistribute it.
There is NO WARRANTY, to the extent permitted by law.

Written by John Gilmore and Jay Fenlason.
configure:3025: $? = 0
configure:3065: tardir=conftest.dir && eval tar --format=ustar -chf - "$tardir" >conftest.tar
configure:3068: $? = 0
configure:3072: tar -xf - <conftest.tar
configure:3075: $? = 0
configure:3088: result: gnutar
configure:3124: checking build system type
configure:3138: result: i686-pc-linux-gnu
configure:3158: checking host system type
configure:3171: result: i686-pc-linux-gnu
configure:3203: checking for style of include used by make
configure:3231: result: GNU
configure:3301: checking for gcc
configure:3317: found /usr/bin/gcc
configure:3328: result: gcc
configure:3557: checking for C compiler version
configure:3566: gcc --version >&5
gcc (Ubuntu 4.4.3-4ubuntu5.1) 4.4.3
Copyright (C) 2009 Free Software Foundation, Inc.
This is free software; see the source for copying conditions.  There is NO
warranty; not even for MERCHANTABILITY or FITNESS FOR A PARTICULAR PURPOSE.

configure:3577: $? = 0
configure:3566: gcc -v >&5
Using built-in specs.
Target: i486-linux-gnu
Configured with: ../src/configure -v --with-pkgversion='Ubuntu 4.4.3-4ubuntu5.1' --with-bugurl=file:///usr/share/doc/gcc-4.4/README.Bugs --enable-languages=c,c++,fortran,objc,obj-c++ --prefix=/usr --enable-shared --enable-multiarch --enable-linker-build-id --with-system-zlib --libexecdir=/usr/lib --without-included-gettext --enable-threads=posix --with-gxx-include-dir=/usr/include/c++/4.4 --program-suffix=-4.4 --enable-nls --enable-clocale=gnu --enable-libstdcxx-debug --enable-plugin --enable-objc-gc --enable-targets=all --disable-werror --with-arch-32=i486 --with-tune=generic --enable-checking=release --build=i486-linux-gnu --host=i486-linux-gnu --target=i486-linux-gnu
Thread model: posix
gcc version 4.4.3 (Ubuntu 4.4.3-4ubuntu5.1) 
configure:3577: $? = 0
configure:3566: gcc -V >&5
gcc: '-V' option must have argument
configure:3577: $? = 1
configure:3566: gcc -qversion >&5
gcc: unrecognized option '-qversion'
gcc: no input files
configure:3577: $? = 1
configure:3597: checking whether the C compiler works
configure:3619: gcc   -Wl,-z,defs -Wl,-O1 -Wl,--as-needed -Wl,--hash-style=gnu conftest.c  >&5
configure:3623: $? = 0
configure:3672: result: yes
configure:3675: checking for C compiler default output file name
configure:3677: result: a.out
configure:3683: checking for suffix of executables
configure:3690: gcc -o conftest   -Wl,-z,defs -Wl,-O1 -Wl,--as-needed -Wl,--hash-style=gnu conftest.c  >&5
configure:3694: $? = 0
configure:3716: result: 
configure:3738: checking whether we are cross compiling
configure:3746: gcc -o conftest   -Wl,-z,defs -Wl,-O1 -Wl,--as-needed -Wl,--hash-style=gnu conftest.c  >&5
configure:3750: $? = 0
configure:3757: ./conftest
configure:3761: $? = 0
configure:3776: result: no
configure:3781: checking for suffix of object files
configure:3803: gcc -c   conftest.c >&5
configure:3807: $? = 0
configure:3828: result: o
configure:3832: checking whether we are using the GNU C compiler
configure:3851: gcc -c   conftest.c >&5
configure:3851: $? = 0
configure:3860: result: yes
configure:3869: checking whether gcc accepts -g
configure:3889: gcc -c -g  conftest.c >&5
configure:3889: $? = 0
configure:3930: result: yes
configure:3947: checking for gcc option to accept ISO C89
configure:4011: gcc  -c -g -O2  conftest.c >&5
configure:4011: $? = 0
configure:4024: result: none needed
configure:4046: checking dependency style of gcc
configure:4156: result: gcc3
configure:4171: checking for a sed that does not truncate output
configure:4235: result: /bin/sed
configure:4253: checking for grep that handles long lines and -e
configure:4311: result: /bin/grep
configure:4316: checking for egrep
configure:4378: result: /bin/grep -E
configure:4383: checking for fgrep
configure:4445: result: /bin/grep -F
configure:4480: checking for ld used by gcc
configure:4547: result: /usr/bin/ld
configure:4554: checking if the linker (/usr/bin/ld) is GNU ld
configure:4569: result: yes
configure:4581: checking for BSD- or MS-compatible name lister (nm)
configure:4630: result: /usr/bin/nm -B
configure:4748: checking the name lister (/usr/bin/nm -B) interface
configure:4755: gcc -c -g -O2  conftest.c >&5
configure:4758: /usr/bin/nm -B "conftest.o"
configure:4761: output
00000000 B some_variable
configure:4768: result: BSD nm
configure:4771: checking whether ln -s works
configure:4775: result: yes
configure:4783: checking the maximum length of command line arguments
configure:4903: result: 1572864
configure:4920: checking whether the shell understands some XSI constructs
configure:4930: result: yes
configure:4934: checking whether the shell understands "+="
configure:4940: result: yes
configure:4975: checking for /usr/bin/ld option to reload object files
configure:4982: result: -r
configure:5051: checking for objdump
configure:5067: found /usr/bin/objdump
configure:5078: result: objdump
configure:5110: checking how to recognize dependent libraries
configure:5306: result: pass_all
configure:5366: checking for ar
configure:5382: found /usr/bin/ar
configure:5393: result: ar
configure:5471: checking for strip
configure:5487: found /usr/bin/strip
configure:5498: result: strip
configure:5570: checking for ranlib
configure:5586: found /usr/bin/ranlib
configure:5597: result: ranlib
configure:5687: checking command to parse /usr/bin/nm -B output from gcc object
configure:5805: gcc -c -g -O2  conftest.c >&5
configure:5808: $? = 0
configure:5812: /usr/bin/nm -B conftest.o \| sed -n -e 's/^.*[	 ]\([ABCDGIRSTW][ABCDGIRSTW]*\)[	 ][	 ]*\([_A-Za-z][_A-Za-z0-9]*\)$/\1 \2 \2/p' \> conftest.nm
configure:5815: $? = 0
configure:5869: gcc -o conftest -g -O2  -Wl,-z,defs -Wl,-O1 -Wl,--as-needed -Wl,--hash-style=gnu conftest.c conftstm.o >&5
configure:5872: $? = 0
configure:5910: result: ok
configure:6719: checking how to run the C preprocessor
configure:6750: gcc -E  conftest.c
configure:6750: $? = 0
configure:6764: gcc -E  conftest.c
conftest.c:11:28: error: ac_nonexistent.h: No such file or directory
configure:6764: $? = 1
configure: failed program was:
| /* confdefs.h */
| #define PACKAGE_NAME "libsaescommon"
| #define PACKAGE_TARNAME "libsaescommon"
| #define PACKAGE_VERSION "1.4.6"
| #define PACKAGE_STRING "libsaescommon 1.4.6"
| #define PACKAGE_BUGREPORT ""
| #define PACKAGE_URL ""
| #define PACKAGE "libsaescommon"
| #define VERSION "1.4.6"
| /* end confdefs.h.  */
| #include <ac_nonexistent.h>
configure:6789: result: gcc -E
configure:6809: gcc -E  conftest.c
configure:6809: $? = 0
configure:6823: gcc -E  conftest.c
conftest.c:11:28: error: ac_nonexistent.h: No such file or directory
configure:6823: $? = 1
configure: failed program was:
| /* confdefs.h */
| #define PACKAGE_NAME "libsaescommon"
| #define PACKAGE_TARNAME "libsaescommon"
| #define PACKAGE_VERSION "1.4.6"
| #define PACKAGE_STRING "libsaescommon 1.4.6"
| #define PACKAGE_BUGREPORT ""
| #define PACKAGE_URL ""
| #define PACKAGE "libsaescommon"
| #define VERSION "1.4.6"
| /* end confdefs.h.  */
| #include <ac_nonexistent.h>
configure:6852: checking for ANSI C header files
configure:6872: gcc -c -g -O2  conftest.c >&5
configure:6872: $? = 0
configure:6945: gcc -o conftest -g -O2  -Wl,-z,defs -Wl,-O1 -Wl,--as-needed -Wl,--hash-style=gnu conftest.c  >&5
configure:6945: $? = 0
configure:6945: ./conftest
configure:6945: $? = 0
configure:6956: result: yes
configure:6969: checking for sys/types.h
configure:6969: gcc -c -g -O2  conftest.c >&5
configure:6969: $? = 0
configure:6969: result: yes
configure:6969: checking for sys/stat.h
configure:6969: gcc -c -g -O2  conftest.c >&5
configure:6969: $? = 0
configure:6969: result: yes
configure:6969: checking for stdlib.h
configure:6969: gcc -c -g -O2  conftest.c >&5
configure:6969: $? = 0
configure:6969: result: yes
configure:6969: checking for string.h
configure:6969: gcc -c -g -O2  conftest.c >&5
configure:6969: $? = 0
configure:6969: result: yes
configure:6969: checking for memory.h
configure:6969: gcc -c -g -O2  conftest.c >&5
configure:6969: $? = 0
configure:6969: result: yes
configure:6969: checking for strings.h
configure:6969: gcc -c -g -O2  conftest.c >&5
configure:6969: $? = 0
configure:6969: result: yes
configure:6969: checking for inttypes.h
configure:6969: gcc -c -g -O2  conftest.c >&5
configure:6969: $? = 0
configure:6969: result: yes
configure:6969: checking for stdint.h
configure:6969: gcc -c -g -O2  conftest.c >&5
configure:6969: $? = 0
configure:6969: result: yes
configure:6969: checking for unistd.h
configure:6969: gcc -c -g -O2  conftest.c >&5
configure:6969: $? = 0
configure:6969: result: yes
configure:6984: checking for dlfcn.h
configure:6984: gcc -c -g -O2  conftest.c >&5
configure:6984: $? = 0
configure:6984: result: yes
configure:7167: checking for objdir
configure:7182: result: .libs
configure:7478: checking if gcc supports -fno-rtti -fno-exceptions
configure:7496: gcc -c -g -O2  -fno-rtti -fno-exceptions conftest.c >&5
cc1: warning: command line option "-fno-rtti" is valid for C++/ObjC++ but not for C
configure:7500: $? = 0
configure:7513: result: no
configure:7533: checking for gcc option to produce PIC
configure:7805: result: -fPIC -DPIC
configure:7817: checking if gcc PIC flag -fPIC -DPIC works
configure:7835: gcc -c -g -O2  -fPIC -DPIC -DPIC conftest.c >&5
configure:7839: $? = 0
configure:7852: result: yes
configure:7876: checking if gcc static flag -static works
configure:7904: result: yes
configure:7919: checking if gcc supports -c -o file.o
configure:7940: gcc -c -g -O2  -o out/conftest2.o conftest.c >&5
configure:7944: $? = 0
configure:7966: result: yes
configure:7974: checking if gcc supports -c -o file.o
configure:8021: result: yes
configure:8054: checking whether the gcc linker (/usr/bin/ld) supports shared libraries
configure:9045: result: yes
configure:9082: checking whether -lc should be explicitly linked in
configure:9087: gcc -c -g -O2  conftest.c >&5
configure:9090: $? = 0
configure:9105: gcc -shared conftest.o  -v -Wl,-soname -Wl,conftest -o conftest 2\>\&1 \| /bin/grep  -lc  \>/dev/null 2\>\&1
configure:9108: $? = 0
configure:9120: result: no
configure:9284: checking dynamic linker characteristics
configure:9717: gcc -o conftest -g -O2  -Wl,-z,defs -Wl,-O1 -Wl,--as-needed -Wl,--hash-style=gnu -Wl,-rpath -Wl,/foo conftest.c  >&5
configure:9717: $? = 0
configure:9947: result: GNU/Linux ld.so
configure:10049: checking how to hardcode library paths into programs
configure:10074: result: immediate
configure:10594: checking whether stripping libraries is possible
configure:10599: result: yes
configure:10634: checking if libtool supports shared libraries
configure:10636: result: yes
configure:10639: checking whether to build shared libraries
configure:10660: result: yes
configure:10663: checking whether to build static libraries
configure:10667: result: no
configure:10717: checking whether to enable maintainer-specific portions of Makefiles
configure:10726: result: no
configure:10740: checking for library containing strerror
configure:10771: gcc -o conftest -g -O2  -Wl,-z,defs -Wl,-O1 -Wl,--as-needed -Wl,--hash-style=gnu conftest.c  >&5
configure:10771: $? = 0
configure:10788: result: none required
configure:10854: checking for g++
configure:10870: found /usr/bin/g++
configure:10881: result: g++
configure:10908: checking for C++ compiler version
configure:10917: g++ --version >&5
g++ (Ubuntu 4.4.3-4ubuntu5.1) 4.4.3
Copyright (C) 2009 Free Software Foundation, Inc.
This is free software; see the source for copying conditions.  There is NO
warranty; not even for MERCHANTABILITY or FITNESS FOR A PARTICULAR PURPOSE.

configure:10928: $? = 0
configure:10917: g++ -v >&5
Using built-in specs.
Target: i486-linux-gnu
Configured with: ../src/configure -v --with-pkgversion='Ubuntu 4.4.3-4ubuntu5.1' --with-bugurl=file:///usr/share/doc/gcc-4.4/README.Bugs --enable-languages=c,c++,fortran,objc,obj-c++ --prefix=/usr --enable-shared --enable-multiarch --enable-linker-build-id --with-system-zlib --libexecdir=/usr/lib --without-included-gettext --enable-threads=posix --with-gxx-include-dir=/usr/include/c++/4.4 --program-suffix=-4.4 --enable-nls --enable-clocale=gnu --enable-libstdcxx-debug --enable-plugin --enable-objc-gc --enable-targets=all --disable-werror --with-arch-32=i486 --with-tune=generic --enable-checking=release --build=i486-linux-gnu --host=i486-linux-gnu --target=i486-linux-gnu
Thread model: posix
gcc version 4.4.3 (Ubuntu 4.4.3-4ubuntu5.1) 
configure:10928: $? = 0
configure:10917: g++ -V >&5
g++: '-V' option must have argument
configure:10928: $? = 1
configure:10917: g++ -qversion >&5
g++: unrecognized option '-qversion'
g++: no input files
configure:10928: $? = 1
configure:10932: checking whether we are using the GNU C++ compiler
configure:10951: g++ -c   conftest.cpp >&5
configure:10951: $? = 0
configure:10960: result: yes
configure:10969: checking whether g++ accepts -g
configure:10989: g++ -c -g  conftest.cpp >&5
configure:10989: $? = 0
configure:11030: result: yes
configure:11055: checking dependency style of g++
configure:11165: result: gcc3
configure:11293: checking for C++ compiler version
configure:11302: g++ --version >&5
g++ (Ubuntu 4.4.3-4ubuntu5.1) 4.4.3
Copyright (C) 2009 Free Software Foundation, Inc.
This is free software; see the source for copying conditions.  There is NO
warranty; not even for MERCHANTABILITY or FITNESS FOR A PARTICULAR PURPOSE.

configure:11313: $? = 0
configure:11302: g++ -v >&5
Using built-in specs.
Target: i486-linux-gnu
Configured with: ../src/configure -v --with-pkgversion='Ubuntu 4.4.3-4ubuntu5.1' --with-bugurl=file:///usr/share/doc/gcc-4.4/README.Bugs --enable-languages=c,c++,fortran,objc,obj-c++ --prefix=/usr --enable-shared --enable-multiarch --enable-linker-build-id --with-system-zlib --libexecdir=/usr/lib --without-included-gettext --enable-threads=posix --with-gxx-include-dir=/usr/include/c++/4.4 --program-suffix=-4.4 --enable-nls --enable-clocale=gnu --enable-libstdcxx-debug --enable-plugin --enable-objc-gc --enable-targets=all --disable-werror --with-arch-32=i486 --with-tune=generic --enable-checking=release --build=i486-linux-gnu --host=i486-linux-gnu --target=i486-linux-gnu
Thread model: posix
gcc version 4.4.3 (Ubuntu 4.4.3-4ubuntu5.1) 
configure:11313: $? = 0
configure:11302: g++ -V >&5
g++: '-V' option must have argument
configure:11313: $? = 1
configure:11302: g++ -qversion >&5
g++: unrecognized option '-qversion'
g++: no input files
configure:11313: $? = 1
configure:11317: checking whether we are using the GNU C++ compiler
configure:11345: result: yes
configure:11354: checking whether g++ accepts -g
configure:11415: result: yes
configure:11440: checking dependency style of g++
configure:11550: result: gcc3
configure:11573: checking how to run the C++ preprocessor
configure:11600: g++ -E  conftest.cpp
configure:11600: $? = 0
configure:11614: g++ -E  conftest.cpp
conftest.cpp:23:28: error: ac_nonexistent.h: No such file or directory
configure:11614: $? = 1
configure: failed program was:
| /* confdefs.h */
| #define PACKAGE_NAME "libsaescommon"
| #define PACKAGE_TARNAME "libsaescommon"
| #define PACKAGE_VERSION "1.4.6"
| #define PACKAGE_STRING "libsaescommon 1.4.6"
| #define PACKAGE_BUGREPORT ""
| #define PACKAGE_URL ""
| #define PACKAGE "libsaescommon"
| #define VERSION "1.4.6"
| #define STDC_HEADERS 1
| #define HAVE_SYS_TYPES_H 1
| #define HAVE_SYS_STAT_H 1
| #define HAVE_STDLIB_H 1
| #define HAVE_STRING_H 1
| #define HAVE_MEMORY_H 1
| #define HAVE_STRINGS_H 1
| #define HAVE_INTTYPES_H 1
| #define HAVE_STDINT_H 1
| #define HAVE_UNISTD_H 1
| #define HAVE_DLFCN_H 1
| #define LT_OBJDIR ".libs/"
| /* end confdefs.h.  */
| #include <ac_nonexistent.h>
configure:11639: result: g++ -E
configure:11659: g++ -E  conftest.cpp
configure:11659: $? = 0
configure:11673: g++ -E  conftest.cpp
conftest.cpp:23:28: error: ac_nonexistent.h: No such file or directory
configure:11673: $? = 1
configure: failed program was:
| /* confdefs.h */
| #define PACKAGE_NAME "libsaescommon"
| #define PACKAGE_TARNAME "libsaescommon"
| #define PACKAGE_VERSION "1.4.6"
| #define PACKAGE_STRING "libsaescommon 1.4.6"
| #define PACKAGE_BUGREPORT ""
| #define PACKAGE_URL ""
| #define PACKAGE "libsaescommon"
| #define VERSION "1.4.6"
| #define STDC_HEADERS 1
| #define HAVE_SYS_TYPES_H 1
| #define HAVE_SYS_STAT_H 1
| #define HAVE_STDLIB_H 1
| #define HAVE_STRING_H 1
| #define HAVE_MEMORY_H 1
| #define HAVE_STRINGS_H 1
| #define HAVE_INTTYPES_H 1
| #define HAVE_STDINT_H 1
| #define HAVE_UNISTD_H 1
| #define HAVE_DLFCN_H 1
| #define LT_OBJDIR ".libs/"
| /* end confdefs.h.  */
| #include <ac_nonexistent.h>
configure:11841: checking for ld used by g++
configure:11908: result: /usr/bin/ld
configure:11915: checking if the linker (/usr/bin/ld) is GNU ld
configure:11930: result: yes
configure:11985: checking whether the g++ linker (/usr/bin/ld) supports shared libraries
configure:12898: result: yes
configure:12926: g++ -c -g -O2  conftest.cpp >&5
configure:12929: $? = 0
configure:13111: checking for g++ option to produce PIC
configure:13428: result: -fPIC -DPIC
configure:13437: checking if g++ PIC flag -fPIC -DPIC works
configure:13455: g++ -c -g -O2  -fPIC -DPIC -DPIC conftest.cpp >&5
configure:13459: $? = 0
configure:13472: result: yes
configure:13493: checking if g++ static flag -static works
configure:13521: result: yes
configure:13533: checking if g++ supports -c -o file.o
configure:13554: g++ -c -g -O2  -o out/conftest2.o conftest.cpp >&5
configure:13558: $? = 0
configure:13580: result: yes
configure:13585: checking if g++ supports -c -o file.o
configure:13632: result: yes
configure:13662: checking whether the g++ linker (/usr/bin/ld) supports shared libraries
configure:13691: result: yes
configure:13828: checking dynamic linker characteristics
configure:14209: g++ -o conftest -g -O2  -Wl,-z,defs -Wl,-O1 -Wl,--as-needed -Wl,--hash-style=gnu -Wl,-rpath -Wl,/foo conftest.cpp  >&5
configure:14209: $? = 0
configure:14439: result: GNU/Linux ld.so
configure:14490: checking how to hardcode library paths into programs
configure:14515: result: immediate
configure:14602: checking for gcc
configure:14629: result: gcc
configure:14858: checking for C compiler version
configure:14867: gcc --version >&5
gcc (Ubuntu 4.4.3-4ubuntu5.1) 4.4.3
Copyright (C) 2009 Free Software Foundation, Inc.
This is free software; see the source for copying conditions.  There is NO
warranty; not even for MERCHANTABILITY or FITNESS FOR A PARTICULAR PURPOSE.

configure:14878: $? = 0
configure:14867: gcc -v >&5
Using built-in specs.
Target: i486-linux-gnu
Configured with: ../src/configure -v --with-pkgversion='Ubuntu 4.4.3-4ubuntu5.1' --with-bugurl=file:///usr/share/doc/gcc-4.4/README.Bugs --enable-languages=c,c++,fortran,objc,obj-c++ --prefix=/usr --enable-shared --enable-multiarch --enable-linker-build-id --with-system-zlib --libexecdir=/usr/lib --without-included-gettext --enable-threads=posix --with-gxx-include-dir=/usr/include/c++/4.4 --program-suffix=-4.4 --enable-nls --enable-clocale=gnu --enable-libstdcxx-debug --enable-plugin --enable-objc-gc --enable-targets=all --disable-werror --with-arch-32=i486 --with-tune=generic --enable-checking=release --build=i486-linux-gnu --host=i486-linux-gnu --target=i486-linux-gnu
Thread model: posix
gcc version 4.4.3 (Ubuntu 4.4.3-4ubuntu5.1) 
configure:14878: $? = 0
configure:14867: gcc -V >&5
gcc: '-V' option must have argument
configure:14878: $? = 1
configure:14867: gcc -qversion >&5
gcc: unrecognized option '-qversion'
gcc: no input files
configure:14878: $? = 1
configure:14882: checking whether we are using the GNU C compiler
configure:14910: result: yes
configure:14919: checking whether gcc accepts -g
configure:14980: result: yes
configure:14997: checking for gcc option to accept ISO C89
configure:15074: result: none needed
configure:15096: checking dependency style of gcc
configure:15206: result: gcc3
configure:15226: checking for ANSI C header files
configure:15330: result: yes
configure:15398: checking whether NLS is requested
configure:15407: result: yes
configure:15437: checking for intltool-update
configure:15455: found /usr/bin/intltool-update
configure:15467: result: /usr/bin/intltool-update
configure:15477: checking for intltool-merge
configure:15495: found /usr/bin/intltool-merge
configure:15507: result: /usr/bin/intltool-merge
configure:15517: checking for intltool-extract
configure:15535: found /usr/bin/intltool-extract
configure:15547: result: /usr/bin/intltool-extract
configure:15678: checking for xgettext
configure:15696: found /usr/bin/xgettext
configure:15708: result: /usr/bin/xgettext
configure:15718: checking for msgmerge
configure:15736: found /usr/bin/msgmerge
configure:15748: result: /usr/bin/msgmerge
configure:15758: checking for msgfmt
configure:15776: found /usr/bin/msgfmt
configure:15788: result: /usr/bin/msgfmt
configure:15798: checking for gmsgfmt
configure:15829: result: /usr/bin/msgfmt
configure:15849: checking for perl
configure:15867: found /usr/bin/perl
configure:15879: result: /usr/bin/perl
configure:15890: checking for perl >= 5.8.1
configure:15897: result: 5.10.1
configure:15901: checking for XML::Parser
configure:15904: result: ok
configure:15929: gcc -o conftest -g -O2  -Wl,-z,defs -Wl,-O1 -Wl,--as-needed -Wl,--hash-style=gnu conftest.c  >&5
configure:15929: $? = 0
configure:15958: checking locale.h usability
configure:15958: gcc -c -g -O2  conftest.c >&5
configure:15958: $? = 0
configure:15958: result: yes
configure:15958: checking locale.h presence
configure:15958: gcc -E  conftest.c
configure:15958: $? = 0
configure:15958: result: yes
configure:15958: checking for locale.h
configure:15958: result: yes
configure:15969: checking for LC_MESSAGES
configure:15985: gcc -o conftest -g -O2  -Wl,-z,defs -Wl,-O1 -Wl,--as-needed -Wl,--hash-style=gnu conftest.c  >&5
configure:15985: $? = 0
configure:15993: result: yes
configure:16010: checking libintl.h usability
configure:16010: gcc -c -g -O2  conftest.c >&5
configure:16010: $? = 0
configure:16010: result: yes
configure:16010: checking libintl.h presence
configure:16010: gcc -E  conftest.c
configure:16010: $? = 0
configure:16010: result: yes
configure:16010: checking for libintl.h
configure:16010: result: yes
configure:16018: checking for ngettext in libc
configure:16036: gcc -o conftest -g -O2  -Wl,-z,defs -Wl,-O1 -Wl,--as-needed -Wl,--hash-style=gnu conftest.c  >&5
configure:16036: $? = 0
configure:16045: result: yes
configure:16049: checking for dgettext in libc
configure:16067: gcc -o conftest -g -O2  -Wl,-z,defs -Wl,-O1 -Wl,--as-needed -Wl,--hash-style=gnu conftest.c  >&5
configure:16067: $? = 0
configure:16076: result: yes
configure:16083: checking for bind_textdomain_codeset
configure:16083: gcc -o conftest -g -O2  -Wl,-z,defs -Wl,-O1 -Wl,--as-needed -Wl,--hash-style=gnu conftest.c  >&5
configure:16083: $? = 0
configure:16083: result: yes
configure:16359: checking for msgfmt
configure:16386: result: /usr/bin/msgfmt
configure:16397: checking for dcgettext
configure:16397: gcc -o conftest -g -O2  -Wl,-z,defs -Wl,-O1 -Wl,--as-needed -Wl,--hash-style=gnu conftest.c   >&5
conftest.c:51: warning: conflicting types for built-in function 'dcgettext'
configure:16397: $? = 0
configure:16397: result: yes
configure:16407: checking if msgfmt accepts -c
configure:16422: $MSGFMT -c -o /dev/null conftest.foo
configure:16425: $? = 0
configure:16427: result: yes
configure:16437: checking for gmsgfmt
configure:16468: result: /usr/bin/msgfmt
configure:16478: checking for xgettext
configure:16505: result: /usr/bin/xgettext
configure:16524: gcc -o conftest -g -O2  -Wl,-z,defs -Wl,-O1 -Wl,--as-needed -Wl,--hash-style=gnu conftest.c   >&5
configure:16524: $? = 0
configure:16716: checking for pkg-config
configure:16734: found /usr/bin/pkg-config
configure:16746: result: /usr/bin/pkg-config
configure:16771: checking pkg-config is at least version 0.9.0
configure:16774: result: yes
configure:16785: checking for modules
configure:16793: $PKG_CONFIG --exists --print-errors "xerces-c libsmartmatic libsmartmaticgui gtkmm-2.4 libsmartmaticlog libpcsclite globalplatform libqrencode libcrypto libssl"
configure:16796: $? = 0
configure:16811: $PKG_CONFIG --exists --print-errors "xerces-c libsmartmatic libsmartmaticgui gtkmm-2.4 libsmartmaticlog libpcsclite globalplatform libqrencode libcrypto libssl"
configure:16814: $? = 0
configure:16869: result: yes
configure:16876: checking for main in -ldl
configure:16895: gcc -o conftest -g -O2  -Wl,-z,defs -Wl,-O1 -Wl,--as-needed -Wl,--hash-style=gnu conftest.c -ldl   >&5
configure:16895: $? = 0
configure:16904: result: yes
configure:16917: checking for main in -lbarcode
configure:16936: gcc -o conftest -g -O2  -Wl,-z,defs -Wl,-O1 -Wl,--as-needed -Wl,--hash-style=gnu conftest.c -lbarcode  -ldl  >&5
configure:16936: $? = 0
configure:16945: result: yes
configure:16958: checking for main in -lcups
configure:16977: gcc -o conftest -g -O2  -Wl,-z,defs -Wl,-O1 -Wl,--as-needed -Wl,--hash-style=gnu conftest.c -lcups  -lbarcode -ldl  >&5
configure:16977: $? = 0
configure:16986: result: yes
configure:16999: checking for main in -lxml-security-c
configure:17018: gcc -o conftest -g -O2  -Wl,-z,defs -Wl,-O1 -Wl,--as-needed -Wl,--hash-style=gnu conftest.c -lxml-security-c  -lcups -lbarcode -ldl  >&5
configure:17018: $? = 0
configure:17027: result: yes
configure:17040: checking for main in -lbeidlib
configure:17059: gcc -o conftest -g -O2  -Wl,-z,defs -Wl,-O1 -Wl,--as-needed -Wl,--hash-style=gnu conftest.c -lbeidlib  -lxml-security-c -lcups -lbarcode -ldl  >&5
configure:17059: $? = 0
configure:17068: result: yes
configure:17084: checking for xsdcxx
configure:17100: found /usr/bin/xsdcxx
configure:17112: result: true
configure:17122: checking for xsd
configure:17150: result: false
configure:17275: checking for doxygen
configure:17291: found /usr/bin/doxygen
configure:17302: result: doxygen
configure:17337: WARNING: Continuing without doxygen support
configure:17490: creating ./config.status

## ---------------------- ##
## Running config.status. ##
## ---------------------- ##

This file was extended by libsaescommon config.status 1.4.6, which was
generated by GNU Autoconf 2.65.  Invocation command line was

  CONFIG_FILES    = 
  CONFIG_HEADERS  = 
  CONFIG_LINKS    = 
  CONFIG_COMMANDS = 
  $ ./config.status 

on smtt

config.status:1251: creating Makefile
config.status:1251: creating src/libsaescommon.pc
config.status:1251: creating src/Makefile
config.status:1251: creating src/Security/Makefile
config.status:1251: creating src/XSDTemplates/Makefile
config.status:1251: creating src/Configuration/Makefile
config.status:1251: creating src/Configuration/GeneratedClasses/Makefile
config.status:1251: creating src/Configuration/GeneratedClasses/Configuration/Makefile
config.status:1251: creating src/Resources/Makefile
config.status:1251: creating src/Resources/GeneratedClasses/Makefile
config.status:1251: creating src/Resources/GeneratedClasses/Resources/Makefile
config.status:1251: creating docs/Makefile
config.status:1251: creating po/Makefile.in
config.status:1251: creating config.h
config.status:1471: executing depfiles commands
config.status:1471: executing libtool commands
config.status:1471: executing default-1 commands
config.status:1471: executing po/stamp-it commands

## ---------------- ##
## Cache variables. ##
## ---------------- ##

ac_cv_build=i686-pc-linux-gnu
ac_cv_c_compiler_gnu=yes
ac_cv_cxx_compiler_gnu=yes
ac_cv_env_CCC_set=
ac_cv_env_CCC_value=
ac_cv_env_CC_set=
ac_cv_env_CC_value=
ac_cv_env_CFLAGS_set=
ac_cv_env_CFLAGS_value=
ac_cv_env_CPPFLAGS_set=
ac_cv_env_CPPFLAGS_value=
ac_cv_env_CPP_set=
ac_cv_env_CPP_value=
ac_cv_env_CXXCPP_set=
ac_cv_env_CXXCPP_value=
ac_cv_env_CXXFLAGS_set=
ac_cv_env_CXXFLAGS_value=
ac_cv_env_CXX_set=
ac_cv_env_CXX_value=
ac_cv_env_LDFLAGS_set=set
ac_cv_env_LDFLAGS_value='-Wl,-z,defs -Wl,-O1 -Wl,--as-needed -Wl,--hash-style=gnu'
ac_cv_env_LIBS_set=
ac_cv_env_LIBS_value=
ac_cv_env_PKG_CONFIG_set=
ac_cv_env_PKG_CONFIG_value=
ac_cv_env_build_alias_set=
ac_cv_env_build_alias_value=
ac_cv_env_host_alias_set=
ac_cv_env_host_alias_value=
ac_cv_env_modules_CFLAGS_set=
ac_cv_env_modules_CFLAGS_value=
ac_cv_env_modules_LIBS_set=
ac_cv_env_modules_LIBS_value=
ac_cv_env_target_alias_set=
ac_cv_env_target_alias_value=
ac_cv_func_bind_textdomain_codeset=yes
ac_cv_func_dcgettext=yes
ac_cv_header_dlfcn_h=yes
ac_cv_header_inttypes_h=yes
ac_cv_header_libintl_h=yes
ac_cv_header_locale_h=yes
ac_cv_header_memory_h=yes
ac_cv_header_stdc=yes
ac_cv_header_stdint_h=yes
ac_cv_header_stdlib_h=yes
ac_cv_header_string_h=yes
ac_cv_header_strings_h=yes
ac_cv_header_sys_stat_h=yes
ac_cv_header_sys_types_h=yes
ac_cv_header_unistd_h=yes
ac_cv_host=i686-pc-linux-gnu
ac_cv_lib_barcode_main=yes
ac_cv_lib_beidlib_main=yes
ac_cv_lib_cups_main=yes
ac_cv_lib_dl_main=yes
ac_cv_lib_xml_security_c_main=yes
ac_cv_objext=o
ac_cv_path_EGREP='/bin/grep -E'
ac_cv_path_FGREP='/bin/grep -F'
ac_cv_path_GMSGFMT=/usr/bin/msgfmt
ac_cv_path_GREP=/bin/grep
ac_cv_path_INTLTOOL_EXTRACT=/usr/bin/intltool-extract
ac_cv_path_INTLTOOL_MERGE=/usr/bin/intltool-merge
ac_cv_path_INTLTOOL_PERL=/usr/bin/perl
ac_cv_path_INTLTOOL_UPDATE=/usr/bin/intltool-update
ac_cv_path_MSGFMT=/usr/bin/msgfmt
ac_cv_path_MSGMERGE=/usr/bin/msgmerge
ac_cv_path_SED=/bin/sed
ac_cv_path_XGETTEXT=/usr/bin/xgettext
ac_cv_path_ac_pt_PKG_CONFIG=/usr/bin/pkg-config
ac_cv_path_install='/usr/bin/install -c'
ac_cv_path_mkdir=/bin/mkdir
ac_cv_prog_AWK=gawk
ac_cv_prog_CPP='gcc -E'
ac_cv_prog_CXXCPP='g++ -E'
ac_cv_prog_DOXYGEN=doxygen
ac_cv_prog_HAVE_XSD=false
ac_cv_prog_HAVE_XSDCXX=true
ac_cv_prog_ac_ct_AR=ar
ac_cv_prog_ac_ct_CC=gcc
ac_cv_prog_ac_ct_CXX=g++
ac_cv_prog_ac_ct_OBJDUMP=objdump
ac_cv_prog_ac_ct_RANLIB=ranlib
ac_cv_prog_ac_ct_STRIP=strip
ac_cv_prog_cc_c89=
ac_cv_prog_cc_g=yes
ac_cv_prog_cxx_g=yes
ac_cv_prog_make_make_set=yes
ac_cv_search_strerror='none required'
am_cv_CC_dependencies_compiler_type=gcc3
am_cv_CXX_dependencies_compiler_type=gcc3
am_cv_prog_cc_stdc=
am_cv_prog_tar_ustar=gnutar
am_cv_val_LC_MESSAGES=yes
gt_cv_func_dgettext_libc=yes
gt_cv_func_dgettext_libintl=no
gt_cv_func_ngettext_libc=yes
gt_cv_have_gettext=yes
lt_cv_deplibs_check_method=pass_all
lt_cv_file_magic_cmd='$MAGIC_CMD'
lt_cv_file_magic_test_file=
lt_cv_ld_reload_flag=-r
lt_cv_nm_interface='BSD nm'
lt_cv_objdir=.libs
lt_cv_path_LD=/usr/bin/ld
lt_cv_path_LDCXX=/usr/bin/ld
lt_cv_path_NM='/usr/bin/nm -B'
lt_cv_prog_compiler_c_o=yes
lt_cv_prog_compiler_c_o_CXX=yes
lt_cv_prog_compiler_pic_works=yes
lt_cv_prog_compiler_pic_works_CXX=yes
lt_cv_prog_compiler_rtti_exceptions=no
lt_cv_prog_compiler_static_works=yes
lt_cv_prog_compiler_static_works_CXX=yes
lt_cv_prog_gnu_ld=yes
lt_cv_prog_gnu_ldcxx=yes
lt_cv_sys_global_symbol_pipe='sed -n -e '\''s/^.*[	 ]\([ABCDGIRSTW][ABCDGIRSTW]*\)[	 ][	 ]*\([_A-Za-z][_A-Za-z0-9]*\)$/\1 \2 \2/p'\'''
lt_cv_sys_global_symbol_to_c_name_address='sed -n -e '\''s/^: \([^ ]*\) $/  {\"\1\", (void *) 0},/p'\'' -e '\''s/^[ABCDGIRSTW]* \([^ ]*\) \([^ ]*\)$/  {"\2", (void *) \&\2},/p'\'''
lt_cv_sys_global_symbol_to_c_name_address_lib_prefix='sed -n -e '\''s/^: \([^ ]*\) $/  {\"\1\", (void *) 0},/p'\'' -e '\''s/^[ABCDGIRSTW]* \([^ ]*\) \(lib[^ ]*\)$/  {"\2", (void *) \&\2},/p'\'' -e '\''s/^[ABCDGIRSTW]* \([^ ]*\) \([^ ]*\)$/  {"lib\2", (void *) \&\2},/p'\'''
lt_cv_sys_global_symbol_to_cdecl='sed -n -e '\''s/^T .* \(.*\)$/extern int \1();/p'\'' -e '\''s/^[ABCDGIRSTW]* .* \(.*\)$/extern char \1;/p'\'''
lt_cv_sys_max_cmd_len=1572864
pkg_cv_modules_CFLAGS='-pthread -D_REENTRANT -I/usr/local/include/smartmatic -I/usr/local/include/smartmaticgui -I/usr/local/include/smartmaticlog -I/usr/include/gtkmm-2.4 -I/usr/lib/gtkmm-2.4/include -I/usr/include/giomm-2.4 -I/usr/lib/giomm-2.4/include -I/usr/include/pangomm-1.4 -I/usr/lib/pangomm-1.4/include -I/usr/include/gtk-2.0 -I/usr/include/gtk-unix-print-2.0 -I/usr/include/atkmm-1.6 -I/usr/include/gdkmm-2.4 -I/usr/lib/gdkmm-2.4/include -I/usr/include/glibmm-2.4 -I/usr/lib/glibmm-2.4/include -I/usr/include/glib-2.0 -I/usr/lib/glib-2.0/include -I/usr/include/sigc++-2.0 -I/usr/lib/sigc++-2.0/include -I/usr/include/cairomm-1.0 -I/usr/lib/cairomm-1.0/include -I/usr/include/pango-1.0 -I/usr/include/cairo -I/usr/include/pixman-1 -I/usr/include/freetype2 -I/usr/include/directfb -I/usr/include/libpng12 -I/usr/lib/gtk-2.0/include -I/usr/include/atk-1.0 -I/usr/include/gio-unix-2.0/ -I/usr/include/PCSC -I/usr/include/globalplatform  '
pkg_cv_modules_LIBS='-pthread -L/usr/local/lib -lxerces-c -lsmartmatic -lsmartmaticgui -lgtkmm-2.4 -latkmm-1.6 -lgdkmm-2.4 -lgiomm-2.4 -lpangomm-1.4 -lgtk-x11-2.0 -lglibmm-2.4 -lcairomm-1.0 -lsigc-2.0 -lgdk-x11-2.0 -latk-1.0 -lgio-2.0 -lpangoft2-1.0 -lgdk_pixbuf-2.0 -lm -lpangocairo-1.0 -lcairo -lpango-1.0 -lfreetype -lfontconfig -lgobject-2.0 -lgmodule-2.0 -lgthread-2.0 -lrt -lglib-2.0 -lsmartmaticlog -lglobalplatform -lpcsclite -lqrencode -lcrypto -lssl  '

## ----------------- ##
## Output variables. ##
## ----------------- ##

ACLOCAL='${SHELL} /home/smtt/SAES1.4.6/saescommon/missing --run aclocal-1.11'
ADD_RELEASE_FALSE='#'
ADD_RELEASE_TRUE=''
ALL_LINGUAS=''
AMDEPBACKSLASH='\'
AMDEP_FALSE='#'
AMDEP_TRUE=''
AMTAR='${SHELL} /home/smtt/SAES1.4.6/saescommon/missing --run tar'
AR='ar'
AUTOCONF='${SHELL} /home/smtt/SAES1.4.6/saescommon/missing --run autoconf'
AUTOHEADER='${SHELL} /home/smtt/SAES1.4.6/saescommon/missing --run autoheader'
AUTOMAKE='${SHELL} /home/smtt/SAES1.4.6/saescommon/missing --run automake-1.11'
AWK='gawk'
CATALOGS=''
CATOBJEXT='.gmo'
CC='gcc'
CCDEPMODE='depmode=gcc3'
CFLAGS='-g -O2'
CPP='gcc -E'
CPPFLAGS=''
CXX='g++'
CXXCPP='g++ -E'
CXXDEPMODE='depmode=gcc3'
CXXFLAGS='-Wall -Werror -g -O2'
CYGPATH_W='echo'
DATADIR='/usr/local/share'
DATADIRNAME='share'
DEFS='-DHAVE_CONFIG_H'
DEPDIR='.deps'
DOXYGEN='doxygen'
DOXYGEN_LOG_FILE='doxygen.log'
DSYMUTIL=''
DUMPBIN=''
ECHO_C=''
ECHO_N='-n'
ECHO_T=''
EGREP='/bin/grep -E'
EXEEXT=''
FGREP='/bin/grep -F'
GETTEXT_PACKAGE='libsaescommon'
GMOFILES=''
GMSGFMT='/usr/bin/msgfmt'
GNOMELOCALEDIR='/usr/local/share/locale'
GREP='/bin/grep'
HAVE_XSD='false'
HAVE_XSDCXX='true'
INSTALL_DATA='${INSTALL} -m 644'
INSTALL_PROGRAM='${INSTALL}'
INSTALL_SCRIPT='${INSTALL}'
INSTALL_STRIP_PROGRAM='$(install_sh) -c -s'
INSTOBJEXT='.mo'
INTLLIBS=''
INTLTOOL_CAVES_RULE='%.caves:     %.caves.in     $(INTLTOOL_MERGE) $(wildcard $(top_srcdir)/po/*.po) ; LC_ALL=C $(INTLTOOL_MERGE) -d -u -c $(top_builddir)/po/.intltool-merge-cache $(top_srcdir)/po $< $@'
INTLTOOL_DESKTOP_RULE='%.desktop:   %.desktop.in   $(INTLTOOL_MERGE) $(wildcard $(top_srcdir)/po/*.po) ; LC_ALL=C $(INTLTOOL_MERGE) -d -u -c $(top_builddir)/po/.intltool-merge-cache $(top_srcdir)/po $< $@'
INTLTOOL_DIRECTORY_RULE='%.directory: %.directory.in $(INTLTOOL_MERGE) $(wildcard $(top_srcdir)/po/*.po) ; LC_ALL=C $(INTLTOOL_MERGE) -d -u -c $(top_builddir)/po/.intltool-merge-cache $(top_srcdir)/po $< $@'
INTLTOOL_EXTRACT='/usr/bin/intltool-extract'
INTLTOOL_KBD_RULE='%.kbd:       %.kbd.in       $(INTLTOOL_MERGE) $(wildcard $(top_srcdir)/po/*.po) ; LC_ALL=C $(INTLTOOL_MERGE) -x -u -m -c $(top_builddir)/po/.intltool-merge-cache $(top_srcdir)/po $< $@'
INTLTOOL_KEYS_RULE='%.keys:      %.keys.in      $(INTLTOOL_MERGE) $(wildcard $(top_srcdir)/po/*.po) ; LC_ALL=C $(INTLTOOL_MERGE) -k -u -c $(top_builddir)/po/.intltool-merge-cache $(top_srcdir)/po $< $@'
INTLTOOL_MERGE='/usr/bin/intltool-merge'
INTLTOOL_OAF_RULE='%.oaf:       %.oaf.in       $(INTLTOOL_MERGE) $(wildcard $(top_srcdir)/po/*.po) ; LC_ALL=C $(INTLTOOL_MERGE) -o -p $(top_srcdir)/po $< $@'
INTLTOOL_PERL='/usr/bin/perl'
INTLTOOL_POLICY_RULE='%.policy:    %.policy.in    $(INTLTOOL_MERGE) $(wildcard $(top_srcdir)/po/*.po) ; LC_ALL=C $(INTLTOOL_MERGE) -x -u -c $(top_builddir)/po/.intltool-merge-cache $(top_srcdir)/po $< $@'
INTLTOOL_PONG_RULE='%.pong:      %.pong.in      $(INTLTOOL_MERGE) $(wildcard $(top_srcdir)/po/*.po) ; LC_ALL=C $(INTLTOOL_MERGE) -x -u -c $(top_builddir)/po/.intltool-merge-cache $(top_srcdir)/po $< $@'
INTLTOOL_PROP_RULE='%.prop:      %.prop.in      $(INTLTOOL_MERGE) $(wildcard $(top_srcdir)/po/*.po) ; LC_ALL=C $(INTLTOOL_MERGE) -d -u -c $(top_builddir)/po/.intltool-merge-cache $(top_srcdir)/po $< $@'
INTLTOOL_SCHEMAS_RULE='%.schemas:   %.schemas.in   $(INTLTOOL_MERGE) $(wildcard $(top_srcdir)/po/*.po) ; LC_ALL=C $(INTLTOOL_MERGE) -s -u -c $(top_builddir)/po/.intltool-merge-cache $(top_srcdir)/po $< $@'
INTLTOOL_SERVER_RULE='%.server:    %.server.in    $(INTLTOOL_MERGE) $(wildcard $(top_srcdir)/po/*.po) ; LC_ALL=C $(INTLTOOL_MERGE) -o -u -c $(top_builddir)/po/.intltool-merge-cache $(top_srcdir)/po $< $@'
INTLTOOL_SERVICE_RULE='%.service: %.service.in   $(INTLTOOL_MERGE) $(wildcard $(top_srcdir)/po/*.po) ; LC_ALL=C $(INTLTOOL_MERGE) -d -u -c $(top_builddir)/po/.intltool-merge-cache $(top_srcdir)/po $< $@'
INTLTOOL_SHEET_RULE='%.sheet:     %.sheet.in     $(INTLTOOL_MERGE) $(wildcard $(top_srcdir)/po/*.po) ; LC_ALL=C $(INTLTOOL_MERGE) -x -u -c $(top_builddir)/po/.intltool-merge-cache $(top_srcdir)/po $< $@'
INTLTOOL_SOUNDLIST_RULE='%.soundlist: %.soundlist.in $(INTLTOOL_MERGE) $(wildcard $(top_srcdir)/po/*.po) ; LC_ALL=C $(INTLTOOL_MERGE) -d -u -c $(top_builddir)/po/.intltool-merge-cache $(top_srcdir)/po $< $@'
INTLTOOL_THEME_RULE='%.theme:     %.theme.in     $(INTLTOOL_MERGE) $(wildcard $(top_srcdir)/po/*.po) ; LC_ALL=C $(INTLTOOL_MERGE) -d -u -c $(top_builddir)/po/.intltool-merge-cache $(top_srcdir)/po $< $@'
INTLTOOL_UI_RULE='%.ui:        %.ui.in        $(INTLTOOL_MERGE) $(wildcard $(top_srcdir)/po/*.po) ; LC_ALL=C $(INTLTOOL_MERGE) -x -u -c $(top_builddir)/po/.intltool-merge-cache $(top_srcdir)/po $< $@'
INTLTOOL_UPDATE='/usr/bin/intltool-update'
INTLTOOL_XAM_RULE='%.xam:       %.xml.in       $(INTLTOOL_MERGE) $(wildcard $(top_srcdir)/po/*.po) ; LC_ALL=C $(INTLTOOL_MERGE) -x -u -c $(top_builddir)/po/.intltool-merge-cache $(top_srcdir)/po $< $@'
INTLTOOL_XML_NOMERGE_RULE='%.xml:       %.xml.in       $(INTLTOOL_MERGE) ; LC_ALL=C $(INTLTOOL_MERGE) -x -u /tmp $< $@'
INTLTOOL_XML_RULE='%.xml:       %.xml.in       $(INTLTOOL_MERGE) $(wildcard $(top_srcdir)/po/*.po) ; LC_ALL=C $(INTLTOOL_MERGE) -x -u -c $(top_builddir)/po/.intltool-merge-cache $(top_srcdir)/po $< $@'
LD='/usr/bin/ld'
LDFLAGS='-Wl,-z,defs -Wl,-O1 -Wl,--as-needed -Wl,--hash-style=gnu'
LIBFIX='6'
LIBMAYOR='1'
LIBMINOR='4'
LIBOBJS=''
LIBS='-lbeidlib -lxml-security-c -lcups -lbarcode -ldl '
LIBTOOL='$(SHELL) $(top_builddir)/libtool'
LIBVERSION='5'
LIPO=''
LN_S='ln -s'
LTLIBOBJS=''
MAINT='#'
MAINTAINER_MODE_FALSE=''
MAINTAINER_MODE_TRUE='#'
MAKEINFO='${SHELL} /home/smtt/SAES1.4.6/saescommon/missing --run makeinfo'
MAKE_DOXYGEN_DOC_FALSE=''
MAKE_DOXYGEN_DOC_TRUE='#'
MKDIR_P='/bin/mkdir -p'
MKINSTALLDIRS='./mkinstalldirs'
MSGFMT='/usr/bin/msgfmt'
MSGFMT_OPTS='-c'
MSGMERGE='/usr/bin/msgmerge'
NM='/usr/bin/nm -B'
NMEDIT=''
OBJDUMP='objdump'
OBJEXT='o'
OTOOL64=''
OTOOL=''
PACKAGE='libsaescommon'
PACKAGE_BUGREPORT=''
PACKAGE_NAME='libsaescommon'
PACKAGE_STRING='libsaescommon 1.4.6'
PACKAGE_TARNAME='libsaescommon'
PACKAGE_URL=''
PACKAGE_VERSION='1.4.6'
PATH_SEPARATOR=':'
PKG_CONFIG='/usr/bin/pkg-config'
POFILES=''
POSUB='po'
PO_IN_DATADIR_FALSE=''
PO_IN_DATADIR_TRUE=''
RANLIB='ranlib'
SED='/bin/sed'
SET_MAKE=''
SHELL='/bin/bash'
STRIP='strip'
UIDATADIR='/usr/local/share/libsaescommon/ui'
USE_NLS='yes'
VERSION='1.4.6'
XGETTEXT='/usr/bin/xgettext'
XSDCXX='xsdcxx'
XSDFLAGS='	--char-type char 	--show-sloc 	--generate-serialization 	--generate-default-ctor 	--generate-comparison 	--generate-doxygen 	--type-naming ucc 	--function-naming java 	--namespace-map http://www.smartmatic.com/SaesCommonConfiguration=Smartmatic::SAES::Common::Configuration 	--namespace-map http://www.smartmatic.com/Saes/Resources=Smartmatic::SAES::Resources '
ac_ct_CC='gcc'
ac_ct_CXX='g++'
ac_ct_DUMPBIN=''
am__EXEEXT_FALSE=''
am__EXEEXT_TRUE='#'
am__fastdepCC_FALSE='#'
am__fastdepCC_TRUE=''
am__fastdepCXX_FALSE='#'
am__fastdepCXX_TRUE=''
am__include='include'
am__isrc=''
am__leading_dot='.'
am__quote=''
am__tar='tar --format=ustar -chf - "$$tardir"'
am__untar='tar -xf -'
bindir='${exec_prefix}/bin'
build='i686-pc-linux-gnu'
build_alias=''
build_cpu='i686'
build_os='linux-gnu'
build_vendor='pc'
datadir='${prefix}/share'
datarootdir='${prefix}/share'
docdir='${datarootdir}/doc/${PACKAGE_TARNAME}'
dvidir='${docdir}'
exec_prefix='/usr/local'
host='i686-pc-linux-gnu'
host_alias=''
host_cpu='i686'
host_os='linux-gnu'
host_vendor='pc'
htmldir='${docdir}'
includedir='${prefix}/include'
infodir='${datarootdir}/info'
install_sh='${SHELL} /home/smtt/SAES1.4.6/saescommon/install-sh'
libdir='${exec_prefix}/lib'
libexecdir='${exec_prefix}/libexec'
localedir='${prefix}/share/locale'
localstatedir='${prefix}/var'
lt_ECHO='echo'
mandir='${datarootdir}/man'
mkdir_p='/bin/mkdir -p'
modules_CFLAGS='-pthread -D_REENTRANT -I/usr/local/include/smartmatic -I/usr/local/include/smartmaticgui -I/usr/local/include/smartmaticlog -I/usr/include/gtkmm-2.4 -I/usr/lib/gtkmm-2.4/include -I/usr/include/giomm-2.4 -I/usr/lib/giomm-2.4/include -I/usr/include/pangomm-1.4 -I/usr/lib/pangomm-1.4/include -I/usr/include/gtk-2.0 -I/usr/include/gtk-unix-print-2.0 -I/usr/include/atkmm-1.6 -I/usr/include/gdkmm-2.4 -I/usr/lib/gdkmm-2.4/include -I/usr/include/glibmm-2.4 -I/usr/lib/glibmm-2.4/include -I/usr/include/glib-2.0 -I/usr/lib/glib-2.0/include -I/usr/include/sigc++-2.0 -I/usr/lib/sigc++-2.0/include -I/usr/include/cairomm-1.0 -I/usr/lib/cairomm-1.0/include -I/usr/include/pango-1.0 -I/usr/include/cairo -I/usr/include/pixman-1 -I/usr/include/freetype2 -I/usr/include/directfb -I/usr/include/libpng12 -I/usr/lib/gtk-2.0/include -I/usr/include/atk-1.0 -I/usr/include/gio-unix-2.0/ -I/usr/include/PCSC -I/usr/include/globalplatform  '
modules_LIBS='-pthread -L/usr/local/lib -lxerces-c -lsmartmatic -lsmartmaticgui -lgtkmm-2.4 -latkmm-1.6 -lgdkmm-2.4 -lgiomm-2.4 -lpangomm-1.4 -lgtk-x11-2.0 -lglibmm-2.4 -lcairomm-1.0 -lsigc-2.0 -lgdk-x11-2.0 -latk-1.0 -lgio-2.0 -lpangoft2-1.0 -lgdk_pixbuf-2.0 -lm -lpangocairo-1.0 -lcairo -lpango-1.0 -lfreetype -lfontconfig -lgobject-2.0 -lgmodule-2.0 -lgthread-2.0 -lrt -lglib-2.0 -lsmartmaticlog -lglobalplatform -lpcsclite -lqrencode -lcrypto -lssl  '
oldincludedir='/usr/include'
pdfdir='${docdir}'
prefix='/usr/local'
program_transform_name='s,x,x,'
psdir='${docdir}'
sbindir='${exec_prefix}/sbin'
sharedstatedir='${prefix}/com'
sysconfdir='/etc'
target_alias=''

## ----------- ##
## confdefs.h. ##
## ----------- ##

/* confdefs.h */
#define PACKAGE_NAME "libsaescommon"
#define PACKAGE_TARNAME "libsaescommon"
#define PACKAGE_VERSION "1.4.6"
#define PACKAGE_STRING "libsaescommon 1.4.6"
#define PACKAGE_BUGREPORT ""
#define PACKAGE_URL ""
#define PACKAGE "libsaescommon"
#define VERSION "1.4.6"
#define STDC_HEADERS 1
#define HAVE_SYS_TYPES_H 1
#define HAVE_SYS_STAT_H 1
#define HAVE_STDLIB_H 1
#define HAVE_STRING_H 1
#define HAVE_MEMORY_H 1
#define HAVE_STRINGS_H 1
#define HAVE_INTTYPES_H 1
#define HAVE_STDINT_H 1
#define HAVE_UNISTD_H 1
#define HAVE_DLFCN_H 1
#define LT_OBJDIR ".libs/"
#define STDC_HEADERS 1
#define HAVE_LOCALE_H 1
#define HAVE_LC_MESSAGES 1
#define HAVE_BIND_TEXTDOMAIN_CODESET 1
#define HAVE_GETTEXT 1
#define HAVE_DCGETTEXT 1
#define ENABLE_NLS 1
#define GETTEXT_PACKAGE "libsaescommon"
#define HAVE_LIBDL 1
#define HAVE_LIBBARCODE 1
#define HAVE_LIBCUPS 1
#define HAVE_LIBXML_SECURITY_C 1
#define HAVE_LIBBEIDLIB 1
#define NAMESPACE_SAES_COMMON_CONFIGURATION "http://www.smartmatic.com/SaesCommonConfiguration"
#define NAMESPACE_SAES_COMMON_RESOURCES "http://www.smartmatic.com/Saes/Resources"
#define DATADIR "/usr/local/share"
#define GNOMELOCALEDIR "/usr/local/share/locale"
#define UIDATADIR "/usr/local/share/libsaescommon/ui"
#define SMARTCARD_APPLET_SEC_CHANNEL /**/

configure: exit 0

## ---------------------- ##
## Running config.status. ##
## ---------------------- ##

This file was extended by libsaescommon config.status 1.4.6, which was
generated by GNU Autoconf 2.65.  Invocation command line was

  CONFIG_FILES    = po/Makefile.in
  CONFIG_HEADERS  = 
  CONFIG_LINKS    = 
  CONFIG_COMMANDS = 
  $ ./config.status 

on smtt

config.status:1251: creating po/Makefile.in
config.status:1471: executing depfiles commands
config.status:1471: executing libtool commands
config.status:1471: executing default-1 commands
config.status:1471: executing po/stamp-it commands

## ---------------------- ##
## Running config.status. ##
## ---------------------- ##

This file was extended by libsaescommon config.status 1.4.6, which was
generated by GNU Autoconf 2.65.  Invocation command line was

  CONFIG_FILES    = 
  CONFIG_HEADERS  = 
  CONFIG_LINKS    = 
  CONFIG_COMMANDS = 
  $ ./config.status src/libsaescommon.pc

on smtt

config.status:1251: creating src/libsaescommon.pc
