This file contains any messages produced by compilers while
running configure, to aid debugging if configure makes a mistake.

It was created by libsaesfunctionality configure 1.4.6, which was
generated by GNU Autoconf 2.65.  Invocation command line was

  $ ./configure --prefix /usr/local --exec_prefix /usr/local --sysconfdir=/etc LDFLAGS=-Wl,-z,defs -Wl,-O1 -Wl,--as-needed -Wl,--hash-style=gnu

## --------- ##
## Platform. ##
## --------- ##

hostname = smtt
uname -m = i686
uname -r = 2.6.32-38-generic
uname -s = Linux
uname -v = #83-Ubuntu SMP Wed Jan 4 11:13:04 UTC 2012

/usr/bin/uname -p = unknown
/bin/uname -X     = unknown

/bin/arch              = unknown
/usr/bin/arch -k       = unknown
/usr/convex/getsysinfo = unknown
/usr/bin/hostinfo      = unknown
/bin/machine           = unknown
/usr/bin/oslevel       = unknown
/bin/universe          = unknown

PATH: /opt/java/jre1.6.0_33/bin
PATH: /opt/java/jre1.6.0_33/bin
PATH: /opt/ant/bin
PATH: /opt/ant/bin
PATH: /opt/java/jre1.6.0_33/bin
PATH: /opt/ant/bin
PATH: /usr/local/sbin
PATH: /usr/local/bin
PATH: /usr/sbin
PATH: /usr/bin
PATH: /sbin
PATH: /bin
PATH: /usr/games


## ----------- ##
## Core tests. ##
## ----------- ##

configure:2549: checking for a BSD-compatible install
configure:2617: result: /usr/bin/install -c
configure:2628: checking whether build environment is sane
configure:2678: result: yes
configure:2819: checking for a thread-safe mkdir -p
configure:2858: result: /bin/mkdir -p
configure:2871: checking for gawk
configure:2887: found /usr/bin/gawk
configure:2898: result: gawk
configure:2909: checking whether make sets $(MAKE)
configure:2931: result: yes
configure:3006: checking how to create a ustar tar archive
configure:3019: tar --version
tar (GNU tar) 1.22
Copyright (C) 2009 Free Software Foundation, Inc.
License GPLv3+: GNU GPL version 3 or later <http://gnu.org/licenses/gpl.html>.
This is free software: you are free to change and redistribute it.
There is NO WARRANTY, to the extent permitted by law.

Written by John Gilmore and Jay Fenlason.
configure:3022: $? = 0
configure:3062: tardir=conftest.dir && eval tar --format=ustar -chf - "$tardir" >conftest.tar
configure:3065: $? = 0
configure:3069: tar -xf - <conftest.tar
configure:3072: $? = 0
configure:3085: result: gnutar
configure:3121: checking build system type
configure:3135: result: i686-pc-linux-gnu
configure:3155: checking host system type
configure:3168: result: i686-pc-linux-gnu
configure:3200: checking for style of include used by make
configure:3228: result: GNU
configure:3298: checking for gcc
configure:3314: found /usr/bin/gcc
configure:3325: result: gcc
configure:3554: checking for C compiler version
configure:3563: gcc --version >&5
gcc (Ubuntu 4.4.3-4ubuntu5.1) 4.4.3
Copyright (C) 2009 Free Software Foundation, Inc.
This is free software; see the source for copying conditions.  There is NO
warranty; not even for MERCHANTABILITY or FITNESS FOR A PARTICULAR PURPOSE.

configure:3574: $? = 0
configure:3563: gcc -v >&5
Using built-in specs.
Target: i486-linux-gnu
Configured with: ../src/configure -v --with-pkgversion='Ubuntu 4.4.3-4ubuntu5.1' --with-bugurl=file:///usr/share/doc/gcc-4.4/README.Bugs --enable-languages=c,c++,fortran,objc,obj-c++ --prefix=/usr --enable-shared --enable-multiarch --enable-linker-build-id --with-system-zlib --libexecdir=/usr/lib --without-included-gettext --enable-threads=posix --with-gxx-include-dir=/usr/include/c++/4.4 --program-suffix=-4.4 --enable-nls --enable-clocale=gnu --enable-libstdcxx-debug --enable-plugin --enable-objc-gc --enable-targets=all --disable-werror --with-arch-32=i486 --with-tune=generic --enable-checking=release --build=i486-linux-gnu --host=i486-linux-gnu --target=i486-linux-gnu
Thread model: posix
gcc version 4.4.3 (Ubuntu 4.4.3-4ubuntu5.1) 
configure:3574: $? = 0
configure:3563: gcc -V >&5
gcc: '-V' option must have argument
configure:3574: $? = 1
configure:3563: gcc -qversion >&5
gcc: unrecognized option '-qversion'
gcc: no input files
configure:3574: $? = 1
configure:3594: checking whether the C compiler works
configure:3616: gcc   -Wl,-z,defs -Wl,-O1 -Wl,--as-needed -Wl,--hash-style=gnu conftest.c  >&5
configure:3620: $? = 0
configure:3669: result: yes
configure:3672: checking for C compiler default output file name
configure:3674: result: a.out
configure:3680: checking for suffix of executables
configure:3687: gcc -o conftest   -Wl,-z,defs -Wl,-O1 -Wl,--as-needed -Wl,--hash-style=gnu conftest.c  >&5
configure:3691: $? = 0
configure:3713: result: 
configure:3735: checking whether we are cross compiling
configure:3743: gcc -o conftest   -Wl,-z,defs -Wl,-O1 -Wl,--as-needed -Wl,--hash-style=gnu conftest.c  >&5
configure:3747: $? = 0
configure:3754: ./conftest
configure:3758: $? = 0
configure:3773: result: no
configure:3778: checking for suffix of object files
configure:3800: gcc -c   conftest.c >&5
configure:3804: $? = 0
configure:3825: result: o
configure:3829: checking whether we are using the GNU C compiler
configure:3848: gcc -c   conftest.c >&5
configure:3848: $? = 0
configure:3857: result: yes
configure:3866: checking whether gcc accepts -g
configure:3886: gcc -c -g  conftest.c >&5
configure:3886: $? = 0
configure:3927: result: yes
configure:3944: checking for gcc option to accept ISO C89
configure:4008: gcc  -c -g -O2  conftest.c >&5
configure:4008: $? = 0
configure:4021: result: none needed
configure:4043: checking dependency style of gcc
configure:4153: result: gcc3
configure:4168: checking for a sed that does not truncate output
configure:4232: result: /bin/sed
configure:4250: checking for grep that handles long lines and -e
configure:4308: result: /bin/grep
configure:4313: checking for egrep
configure:4375: result: /bin/grep -E
configure:4380: checking for fgrep
configure:4442: result: /bin/grep -F
configure:4477: checking for ld used by gcc
configure:4544: result: /usr/bin/ld
configure:4551: checking if the linker (/usr/bin/ld) is GNU ld
configure:4566: result: yes
configure:4578: checking for BSD- or MS-compatible name lister (nm)
configure:4627: result: /usr/bin/nm -B
configure:4745: checking the name lister (/usr/bin/nm -B) interface
configure:4752: gcc -c -g -O2  conftest.c >&5
configure:4755: /usr/bin/nm -B "conftest.o"
configure:4758: output
00000000 B some_variable
configure:4765: result: BSD nm
configure:4768: checking whether ln -s works
configure:4772: result: yes
configure:4780: checking the maximum length of command line arguments
configure:4900: result: 1572864
configure:4917: checking whether the shell understands some XSI constructs
configure:4927: result: yes
configure:4931: checking whether the shell understands "+="
configure:4937: result: yes
configure:4972: checking for /usr/bin/ld option to reload object files
configure:4979: result: -r
configure:5048: checking for objdump
configure:5064: found /usr/bin/objdump
configure:5075: result: objdump
configure:5107: checking how to recognize dependent libraries
configure:5303: result: pass_all
configure:5363: checking for ar
configure:5379: found /usr/bin/ar
configure:5390: result: ar
configure:5468: checking for strip
configure:5484: found /usr/bin/strip
configure:5495: result: strip
configure:5567: checking for ranlib
configure:5583: found /usr/bin/ranlib
configure:5594: result: ranlib
configure:5684: checking command to parse /usr/bin/nm -B output from gcc object
configure:5802: gcc -c -g -O2  conftest.c >&5
configure:5805: $? = 0
configure:5809: /usr/bin/nm -B conftest.o \| sed -n -e 's/^.*[	 ]\([ABCDGIRSTW][ABCDGIRSTW]*\)[	 ][	 ]*\([_A-Za-z][_A-Za-z0-9]*\)$/\1 \2 \2/p' \> conftest.nm
configure:5812: $? = 0
configure:5866: gcc -o conftest -g -O2  -Wl,-z,defs -Wl,-O1 -Wl,--as-needed -Wl,--hash-style=gnu conftest.c conftstm.o >&5
configure:5869: $? = 0
configure:5907: result: ok
configure:6716: checking how to run the C preprocessor
configure:6747: gcc -E  conftest.c
configure:6747: $? = 0
configure:6761: gcc -E  conftest.c
conftest.c:11:28: error: ac_nonexistent.h: No such file or directory
configure:6761: $? = 1
configure: failed program was:
| /* confdefs.h */
| #define PACKAGE_NAME "libsaesfunctionality"
| #define PACKAGE_TARNAME "libsaesfunctionality"
| #define PACKAGE_VERSION "1.4.6"
| #define PACKAGE_STRING "libsaesfunctionality 1.4.6"
| #define PACKAGE_BUGREPORT ""
| #define PACKAGE_URL ""
| #define PACKAGE "libsaesfunctionality"
| #define VERSION "1.4.6"
| /* end confdefs.h.  */
| #include <ac_nonexistent.h>
configure:6786: result: gcc -E
configure:6806: gcc -E  conftest.c
configure:6806: $? = 0
configure:6820: gcc -E  conftest.c
conftest.c:11:28: error: ac_nonexistent.h: No such file or directory
configure:6820: $? = 1
configure: failed program was:
| /* confdefs.h */
| #define PACKAGE_NAME "libsaesfunctionality"
| #define PACKAGE_TARNAME "libsaesfunctionality"
| #define PACKAGE_VERSION "1.4.6"
| #define PACKAGE_STRING "libsaesfunctionality 1.4.6"
| #define PACKAGE_BUGREPORT ""
| #define PACKAGE_URL ""
| #define PACKAGE "libsaesfunctionality"
| #define VERSION "1.4.6"
| /* end confdefs.h.  */
| #include <ac_nonexistent.h>
configure:6849: checking for ANSI C header files
configure:6869: gcc -c -g -O2  conftest.c >&5
configure:6869: $? = 0
configure:6942: gcc -o conftest -g -O2  -Wl,-z,defs -Wl,-O1 -Wl,--as-needed -Wl,--hash-style=gnu conftest.c  >&5
configure:6942: $? = 0
configure:6942: ./conftest
configure:6942: $? = 0
configure:6953: result: yes
configure:6966: checking for sys/types.h
configure:6966: gcc -c -g -O2  conftest.c >&5
configure:6966: $? = 0
configure:6966: result: yes
configure:6966: checking for sys/stat.h
configure:6966: gcc -c -g -O2  conftest.c >&5
configure:6966: $? = 0
configure:6966: result: yes
configure:6966: checking for stdlib.h
configure:6966: gcc -c -g -O2  conftest.c >&5
configure:6966: $? = 0
configure:6966: result: yes
configure:6966: checking for string.h
configure:6966: gcc -c -g -O2  conftest.c >&5
configure:6966: $? = 0
configure:6966: result: yes
configure:6966: checking for memory.h
configure:6966: gcc -c -g -O2  conftest.c >&5
configure:6966: $? = 0
configure:6966: result: yes
configure:6966: checking for strings.h
configure:6966: gcc -c -g -O2  conftest.c >&5
configure:6966: $? = 0
configure:6966: result: yes
configure:6966: checking for inttypes.h
configure:6966: gcc -c -g -O2  conftest.c >&5
configure:6966: $? = 0
configure:6966: result: yes
configure:6966: checking for stdint.h
configure:6966: gcc -c -g -O2  conftest.c >&5
configure:6966: $? = 0
configure:6966: result: yes
configure:6966: checking for unistd.h
configure:6966: gcc -c -g -O2  conftest.c >&5
configure:6966: $? = 0
configure:6966: result: yes
configure:6981: checking for dlfcn.h
configure:6981: gcc -c -g -O2  conftest.c >&5
configure:6981: $? = 0
configure:6981: result: yes
configure:7164: checking for objdir
configure:7179: result: .libs
configure:7475: checking if gcc supports -fno-rtti -fno-exceptions
configure:7493: gcc -c -g -O2  -fno-rtti -fno-exceptions conftest.c >&5
cc1: warning: command line option "-fno-rtti" is valid for C++/ObjC++ but not for C
configure:7497: $? = 0
configure:7510: result: no
configure:7530: checking for gcc option to produce PIC
configure:7802: result: -fPIC -DPIC
configure:7814: checking if gcc PIC flag -fPIC -DPIC works
configure:7832: gcc -c -g -O2  -fPIC -DPIC -DPIC conftest.c >&5
configure:7836: $? = 0
configure:7849: result: yes
configure:7873: checking if gcc static flag -static works
configure:7901: result: yes
configure:7916: checking if gcc supports -c -o file.o
configure:7937: gcc -c -g -O2  -o out/conftest2.o conftest.c >&5
configure:7941: $? = 0
configure:7963: result: yes
configure:7971: checking if gcc supports -c -o file.o
configure:8018: result: yes
configure:8051: checking whether the gcc linker (/usr/bin/ld) supports shared libraries
configure:9042: result: yes
configure:9079: checking whether -lc should be explicitly linked in
configure:9084: gcc -c -g -O2  conftest.c >&5
configure:9087: $? = 0
configure:9102: gcc -shared conftest.o  -v -Wl,-soname -Wl,conftest -o conftest 2\>\&1 \| /bin/grep  -lc  \>/dev/null 2\>\&1
configure:9105: $? = 0
configure:9117: result: no
configure:9281: checking dynamic linker characteristics
configure:9714: gcc -o conftest -g -O2  -Wl,-z,defs -Wl,-O1 -Wl,--as-needed -Wl,--hash-style=gnu -Wl,-rpath -Wl,/foo conftest.c  >&5
configure:9714: $? = 0
configure:9944: result: GNU/Linux ld.so
configure:10046: checking how to hardcode library paths into programs
configure:10071: result: immediate
configure:10591: checking whether stripping libraries is possible
configure:10596: result: yes
configure:10631: checking if libtool supports shared libraries
configure:10633: result: yes
configure:10636: checking whether to build shared libraries
configure:10657: result: yes
configure:10660: checking whether to build static libraries
configure:10664: result: no
configure:10714: checking whether to enable maintainer-specific portions of Makefiles
configure:10723: result: no
configure:10737: checking for library containing strerror
configure:10768: gcc -o conftest -g -O2  -Wl,-z,defs -Wl,-O1 -Wl,--as-needed -Wl,--hash-style=gnu conftest.c  >&5
configure:10768: $? = 0
configure:10785: result: none required
configure:10851: checking for g++
configure:10867: found /usr/bin/g++
configure:10878: result: g++
configure:10905: checking for C++ compiler version
configure:10914: g++ --version >&5
g++ (Ubuntu 4.4.3-4ubuntu5.1) 4.4.3
Copyright (C) 2009 Free Software Foundation, Inc.
This is free software; see the source for copying conditions.  There is NO
warranty; not even for MERCHANTABILITY or FITNESS FOR A PARTICULAR PURPOSE.

configure:10925: $? = 0
configure:10914: g++ -v >&5
Using built-in specs.
Target: i486-linux-gnu
Configured with: ../src/configure -v --with-pkgversion='Ubuntu 4.4.3-4ubuntu5.1' --with-bugurl=file:///usr/share/doc/gcc-4.4/README.Bugs --enable-languages=c,c++,fortran,objc,obj-c++ --prefix=/usr --enable-shared --enable-multiarch --enable-linker-build-id --with-system-zlib --libexecdir=/usr/lib --without-included-gettext --enable-threads=posix --with-gxx-include-dir=/usr/include/c++/4.4 --program-suffix=-4.4 --enable-nls --enable-clocale=gnu --enable-libstdcxx-debug --enable-plugin --enable-objc-gc --enable-targets=all --disable-werror --with-arch-32=i486 --with-tune=generic --enable-checking=release --build=i486-linux-gnu --host=i486-linux-gnu --target=i486-linux-gnu
Thread model: posix
gcc version 4.4.3 (Ubuntu 4.4.3-4ubuntu5.1) 
configure:10925: $? = 0
configure:10914: g++ -V >&5
g++: '-V' option must have argument
configure:10925: $? = 1
configure:10914: g++ -qversion >&5
g++: unrecognized option '-qversion'
g++: no input files
configure:10925: $? = 1
configure:10929: checking whether we are using the GNU C++ compiler
configure:10948: g++ -c   conftest.cpp >&5
configure:10948: $? = 0
configure:10957: result: yes
configure:10966: checking whether g++ accepts -g
configure:10986: g++ -c -g  conftest.cpp >&5
configure:10986: $? = 0
configure:11027: result: yes
configure:11052: checking dependency style of g++
configure:11162: result: gcc3
configure:11290: checking for C++ compiler version
configure:11299: g++ --version >&5
g++ (Ubuntu 4.4.3-4ubuntu5.1) 4.4.3
Copyright (C) 2009 Free Software Foundation, Inc.
This is free software; see the source for copying conditions.  There is NO
warranty; not even for MERCHANTABILITY or FITNESS FOR A PARTICULAR PURPOSE.

configure:11310: $? = 0
configure:11299: g++ -v >&5
Using built-in specs.
Target: i486-linux-gnu
Configured with: ../src/configure -v --with-pkgversion='Ubuntu 4.4.3-4ubuntu5.1' --with-bugurl=file:///usr/share/doc/gcc-4.4/README.Bugs --enable-languages=c,c++,fortran,objc,obj-c++ --prefix=/usr --enable-shared --enable-multiarch --enable-linker-build-id --with-system-zlib --libexecdir=/usr/lib --without-included-gettext --enable-threads=posix --with-gxx-include-dir=/usr/include/c++/4.4 --program-suffix=-4.4 --enable-nls --enable-clocale=gnu --enable-libstdcxx-debug --enable-plugin --enable-objc-gc --enable-targets=all --disable-werror --with-arch-32=i486 --with-tune=generic --enable-checking=release --build=i486-linux-gnu --host=i486-linux-gnu --target=i486-linux-gnu
Thread model: posix
gcc version 4.4.3 (Ubuntu 4.4.3-4ubuntu5.1) 
configure:11310: $? = 0
configure:11299: g++ -V >&5
g++: '-V' option must have argument
configure:11310: $? = 1
configure:11299: g++ -qversion >&5
g++: unrecognized option '-qversion'
g++: no input files
configure:11310: $? = 1
configure:11314: checking whether we are using the GNU C++ compiler
configure:11342: result: yes
configure:11351: checking whether g++ accepts -g
configure:11412: result: yes
configure:11437: checking dependency style of g++
configure:11547: result: gcc3
configure:11570: checking how to run the C++ preprocessor
configure:11597: g++ -E  conftest.cpp
configure:11597: $? = 0
configure:11611: g++ -E  conftest.cpp
conftest.cpp:23:28: error: ac_nonexistent.h: No such file or directory
configure:11611: $? = 1
configure: failed program was:
| /* confdefs.h */
| #define PACKAGE_NAME "libsaesfunctionality"
| #define PACKAGE_TARNAME "libsaesfunctionality"
| #define PACKAGE_VERSION "1.4.6"
| #define PACKAGE_STRING "libsaesfunctionality 1.4.6"
| #define PACKAGE_BUGREPORT ""
| #define PACKAGE_URL ""
| #define PACKAGE "libsaesfunctionality"
| #define VERSION "1.4.6"
| #define STDC_HEADERS 1
| #define HAVE_SYS_TYPES_H 1
| #define HAVE_SYS_STAT_H 1
| #define HAVE_STDLIB_H 1
| #define HAVE_STRING_H 1
| #define HAVE_MEMORY_H 1
| #define HAVE_STRINGS_H 1
| #define HAVE_INTTYPES_H 1
| #define HAVE_STDINT_H 1
| #define HAVE_UNISTD_H 1
| #define HAVE_DLFCN_H 1
| #define LT_OBJDIR ".libs/"
| /* end confdefs.h.  */
| #include <ac_nonexistent.h>
configure:11636: result: g++ -E
configure:11656: g++ -E  conftest.cpp
configure:11656: $? = 0
configure:11670: g++ -E  conftest.cpp
conftest.cpp:23:28: error: ac_nonexistent.h: No such file or directory
configure:11670: $? = 1
configure: failed program was:
| /* confdefs.h */
| #define PACKAGE_NAME "libsaesfunctionality"
| #define PACKAGE_TARNAME "libsaesfunctionality"
| #define PACKAGE_VERSION "1.4.6"
| #define PACKAGE_STRING "libsaesfunctionality 1.4.6"
| #define PACKAGE_BUGREPORT ""
| #define PACKAGE_URL ""
| #define PACKAGE "libsaesfunctionality"
| #define VERSION "1.4.6"
| #define STDC_HEADERS 1
| #define HAVE_SYS_TYPES_H 1
| #define HAVE_SYS_STAT_H 1
| #define HAVE_STDLIB_H 1
| #define HAVE_STRING_H 1
| #define HAVE_MEMORY_H 1
| #define HAVE_STRINGS_H 1
| #define HAVE_INTTYPES_H 1
| #define HAVE_STDINT_H 1
| #define HAVE_UNISTD_H 1
| #define HAVE_DLFCN_H 1
| #define LT_OBJDIR ".libs/"
| /* end confdefs.h.  */
| #include <ac_nonexistent.h>
configure:11838: checking for ld used by g++
configure:11905: result: /usr/bin/ld
configure:11912: checking if the linker (/usr/bin/ld) is GNU ld
configure:11927: result: yes
configure:11982: checking whether the g++ linker (/usr/bin/ld) supports shared libraries
configure:12895: result: yes
configure:12923: g++ -c -g -O2  conftest.cpp >&5
configure:12926: $? = 0
configure:13108: checking for g++ option to produce PIC
configure:13425: result: -fPIC -DPIC
configure:13434: checking if g++ PIC flag -fPIC -DPIC works
configure:13452: g++ -c -g -O2  -fPIC -DPIC -DPIC conftest.cpp >&5
configure:13456: $? = 0
configure:13469: result: yes
configure:13490: checking if g++ static flag -static works
configure:13518: result: yes
configure:13530: checking if g++ supports -c -o file.o
configure:13551: g++ -c -g -O2  -o out/conftest2.o conftest.cpp >&5
configure:13555: $? = 0
configure:13577: result: yes
configure:13582: checking if g++ supports -c -o file.o
configure:13629: result: yes
configure:13659: checking whether the g++ linker (/usr/bin/ld) supports shared libraries
configure:13688: result: yes
configure:13825: checking dynamic linker characteristics
configure:14206: g++ -o conftest -g -O2  -Wl,-z,defs -Wl,-O1 -Wl,--as-needed -Wl,--hash-style=gnu -Wl,-rpath -Wl,/foo conftest.cpp  >&5
configure:14206: $? = 0
configure:14436: result: GNU/Linux ld.so
configure:14487: checking how to hardcode library paths into programs
configure:14512: result: immediate
configure:14599: checking for gcc
configure:14626: result: gcc
configure:14855: checking for C compiler version
configure:14864: gcc --version >&5
gcc (Ubuntu 4.4.3-4ubuntu5.1) 4.4.3
Copyright (C) 2009 Free Software Foundation, Inc.
This is free software; see the source for copying conditions.  There is NO
warranty; not even for MERCHANTABILITY or FITNESS FOR A PARTICULAR PURPOSE.

configure:14875: $? = 0
configure:14864: gcc -v >&5
Using built-in specs.
Target: i486-linux-gnu
Configured with: ../src/configure -v --with-pkgversion='Ubuntu 4.4.3-4ubuntu5.1' --with-bugurl=file:///usr/share/doc/gcc-4.4/README.Bugs --enable-languages=c,c++,fortran,objc,obj-c++ --prefix=/usr --enable-shared --enable-multiarch --enable-linker-build-id --with-system-zlib --libexecdir=/usr/lib --without-included-gettext --enable-threads=posix --with-gxx-include-dir=/usr/include/c++/4.4 --program-suffix=-4.4 --enable-nls --enable-clocale=gnu --enable-libstdcxx-debug --enable-plugin --enable-objc-gc --enable-targets=all --disable-werror --with-arch-32=i486 --with-tune=generic --enable-checking=release --build=i486-linux-gnu --host=i486-linux-gnu --target=i486-linux-gnu
Thread model: posix
gcc version 4.4.3 (Ubuntu 4.4.3-4ubuntu5.1) 
configure:14875: $? = 0
configure:14864: gcc -V >&5
gcc: '-V' option must have argument
configure:14875: $? = 1
configure:14864: gcc -qversion >&5
gcc: unrecognized option '-qversion'
gcc: no input files
configure:14875: $? = 1
configure:14879: checking whether we are using the GNU C compiler
configure:14907: result: yes
configure:14916: checking whether gcc accepts -g
configure:14977: result: yes
configure:14994: checking for gcc option to accept ISO C89
configure:15071: result: none needed
configure:15093: checking dependency style of gcc
configure:15203: result: gcc3
configure:15223: checking for ANSI C header files
configure:15327: result: yes
configure:15442: checking for pkg-config
configure:15460: found /usr/bin/pkg-config
configure:15472: result: /usr/bin/pkg-config
configure:15497: checking pkg-config is at least version 0.9.0
configure:15500: result: yes
configure:15511: checking for modules
configure:15519: $PKG_CONFIG --exists --print-errors "libqrencode xerces-c gtkmm-2.4 glib-2.0 libsaes libsmartmatic libsmartmaticgui libsaescommon glibmm-2.4 libsaeshardware libsmartmaticlog"
configure:15522: $? = 0
configure:15537: $PKG_CONFIG --exists --print-errors "libqrencode xerces-c gtkmm-2.4 glib-2.0 libsaes libsmartmatic libsmartmaticgui libsaescommon glibmm-2.4 libsaeshardware libsmartmaticlog"
configure:15540: $? = 0
configure:15595: result: yes
configure:15604: checking for xsdcxx
configure:15620: found /usr/bin/xsdcxx
configure:15632: result: true
configure:15642: checking for xsd
configure:15670: result: false
configure:15747: checking locale.h usability
configure:15747: gcc -c -g -O2  conftest.c >&5
configure:15747: $? = 0
configure:15747: result: yes
configure:15747: checking locale.h presence
configure:15747: gcc -E  conftest.c
configure:15747: $? = 0
configure:15747: result: yes
configure:15747: checking for locale.h
configure:15747: result: yes
configure:15758: checking for LC_MESSAGES
configure:15774: gcc -o conftest -g -O2  -Wl,-z,defs -Wl,-O1 -Wl,--as-needed -Wl,--hash-style=gnu conftest.c  >&5
configure:15774: $? = 0
configure:15782: result: yes
configure:15799: checking libintl.h usability
configure:15799: gcc -c -g -O2  conftest.c >&5
configure:15799: $? = 0
configure:15799: result: yes
configure:15799: checking libintl.h presence
configure:15799: gcc -E  conftest.c
configure:15799: $? = 0
configure:15799: result: yes
configure:15799: checking for libintl.h
configure:15799: result: yes
configure:15807: checking for ngettext in libc
configure:15825: gcc -o conftest -g -O2  -Wl,-z,defs -Wl,-O1 -Wl,--as-needed -Wl,--hash-style=gnu conftest.c  >&5
configure:15825: $? = 0
configure:15834: result: yes
configure:15838: checking for dgettext in libc
configure:15856: gcc -o conftest -g -O2  -Wl,-z,defs -Wl,-O1 -Wl,--as-needed -Wl,--hash-style=gnu conftest.c  >&5
configure:15856: $? = 0
configure:15865: result: yes
configure:15872: checking for bind_textdomain_codeset
configure:15872: gcc -o conftest -g -O2  -Wl,-z,defs -Wl,-O1 -Wl,--as-needed -Wl,--hash-style=gnu conftest.c  >&5
configure:15872: $? = 0
configure:15872: result: yes
configure:16148: checking for msgfmt
configure:16175: result: /usr/bin/msgfmt
configure:16186: checking for dcgettext
configure:16186: gcc -o conftest -g -O2  -Wl,-z,defs -Wl,-O1 -Wl,--as-needed -Wl,--hash-style=gnu conftest.c   >&5
conftest.c:54: warning: conflicting types for built-in function 'dcgettext'
configure:16186: $? = 0
configure:16186: result: yes
configure:16196: checking if msgfmt accepts -c
configure:16211: $MSGFMT -c -o /dev/null conftest.foo
configure:16214: $? = 0
configure:16216: result: yes
configure:16226: checking for gmsgfmt
configure:16257: result: /usr/bin/msgfmt
configure:16267: checking for xgettext
configure:16294: result: /usr/bin/xgettext
configure:16313: gcc -o conftest -g -O2  -Wl,-z,defs -Wl,-O1 -Wl,--as-needed -Wl,--hash-style=gnu conftest.c   >&5
configure:16313: $? = 0
configure:16449: checking whether NLS is requested
configure:16458: result: yes
configure:16488: checking for intltool-update
configure:16506: found /usr/bin/intltool-update
configure:16518: result: /usr/bin/intltool-update
configure:16528: checking for intltool-merge
configure:16546: found /usr/bin/intltool-merge
configure:16558: result: /usr/bin/intltool-merge
configure:16568: checking for intltool-extract
configure:16586: found /usr/bin/intltool-extract
configure:16598: result: /usr/bin/intltool-extract
configure:16729: checking for xgettext
configure:16759: result: /usr/bin/xgettext
configure:16769: checking for msgmerge
configure:16787: found /usr/bin/msgmerge
configure:16799: result: /usr/bin/msgmerge
configure:16809: checking for msgfmt
configure:16839: result: /usr/bin/msgfmt
configure:16849: checking for gmsgfmt
configure:16880: result: /usr/bin/msgfmt
configure:16900: checking for perl
configure:16918: found /usr/bin/perl
configure:16930: result: /usr/bin/perl
configure:16941: checking for perl >= 5.8.1
configure:16948: result: 5.10.1
configure:16952: checking for XML::Parser
configure:16955: result: ok
configure:17038: checking for doxygen
configure:17054: found /usr/bin/doxygen
configure:17065: result: doxygen
configure:17100: WARNING: Continuing without doxygen support
configure:17253: creating ./config.status

## ---------------------- ##
## Running config.status. ##
## ---------------------- ##

This file was extended by libsaesfunctionality config.status 1.4.6, which was
generated by GNU Autoconf 2.65.  Invocation command line was

  CONFIG_FILES    = 
  CONFIG_HEADERS  = 
  CONFIG_LINKS    = 
  CONFIG_COMMANDS = 
  $ ./config.status 

on smtt

config.status:1246: creating Makefile
config.status:1246: creating src/libsaesfunctionality.pc
config.status:1246: creating src/Makefile
config.status:1246: creating src/Operation/Makefile
config.status:1246: creating src/Operation/Card/Makefile
config.status:1246: creating src/Operation/Security/Makefile
config.status:1246: creating src/Operation/Voting/Makefile
config.status:1246: creating src/Operation/Authenticator/Makefile
config.status:1246: creating src/Operation/Initiator/Makefile
config.status:1246: creating src/Operation/Diagnosis/Makefile
config.status:1246: creating src/Operation/BCR/Makefile
config.status:1246: creating src/Operation/Alarm/Makefile
config.status:1246: creating src/XSDTemplates/Makefile
config.status:1246: creating src/Configuration/Makefile
config.status:1246: creating src/Configuration/GeneratedClasses/Makefile
config.status:1246: creating src/Configuration/GeneratedClasses/Configuration/Makefile
config.status:1246: creating docs/Makefile
config.status:1246: creating po/Makefile.in
config.status:1246: creating config.h
config.status:1466: executing depfiles commands
config.status:1466: executing libtool commands
config.status:1466: executing default-1 commands
config.status:1466: executing po/stamp-it commands

## ---------------- ##
## Cache variables. ##
## ---------------- ##

ac_cv_build=i686-pc-linux-gnu
ac_cv_c_compiler_gnu=yes
ac_cv_cxx_compiler_gnu=yes
ac_cv_env_CCC_set=
ac_cv_env_CCC_value=
ac_cv_env_CC_set=
ac_cv_env_CC_value=
ac_cv_env_CFLAGS_set=
ac_cv_env_CFLAGS_value=
ac_cv_env_CPPFLAGS_set=
ac_cv_env_CPPFLAGS_value=
ac_cv_env_CPP_set=
ac_cv_env_CPP_value=
ac_cv_env_CXXCPP_set=
ac_cv_env_CXXCPP_value=
ac_cv_env_CXXFLAGS_set=
ac_cv_env_CXXFLAGS_value=
ac_cv_env_CXX_set=
ac_cv_env_CXX_value=
ac_cv_env_LDFLAGS_set=set
ac_cv_env_LDFLAGS_value='-Wl,-z,defs -Wl,-O1 -Wl,--as-needed -Wl,--hash-style=gnu'
ac_cv_env_LIBS_set=
ac_cv_env_LIBS_value=
ac_cv_env_PKG_CONFIG_set=
ac_cv_env_PKG_CONFIG_value=
ac_cv_env_build_alias_set=
ac_cv_env_build_alias_value=
ac_cv_env_host_alias_set=
ac_cv_env_host_alias_value=
ac_cv_env_modules_CFLAGS_set=
ac_cv_env_modules_CFLAGS_value=
ac_cv_env_modules_LIBS_set=
ac_cv_env_modules_LIBS_value=
ac_cv_env_target_alias_set=
ac_cv_env_target_alias_value=
ac_cv_func_bind_textdomain_codeset=yes
ac_cv_func_dcgettext=yes
ac_cv_header_dlfcn_h=yes
ac_cv_header_inttypes_h=yes
ac_cv_header_libintl_h=yes
ac_cv_header_locale_h=yes
ac_cv_header_memory_h=yes
ac_cv_header_stdc=yes
ac_cv_header_stdint_h=yes
ac_cv_header_stdlib_h=yes
ac_cv_header_string_h=yes
ac_cv_header_strings_h=yes
ac_cv_header_sys_stat_h=yes
ac_cv_header_sys_types_h=yes
ac_cv_header_unistd_h=yes
ac_cv_host=i686-pc-linux-gnu
ac_cv_objext=o
ac_cv_path_EGREP='/bin/grep -E'
ac_cv_path_FGREP='/bin/grep -F'
ac_cv_path_GMSGFMT=/usr/bin/msgfmt
ac_cv_path_GREP=/bin/grep
ac_cv_path_INTLTOOL_EXTRACT=/usr/bin/intltool-extract
ac_cv_path_INTLTOOL_MERGE=/usr/bin/intltool-merge
ac_cv_path_INTLTOOL_PERL=/usr/bin/perl
ac_cv_path_INTLTOOL_UPDATE=/usr/bin/intltool-update
ac_cv_path_MSGFMT=/usr/bin/msgfmt
ac_cv_path_MSGMERGE=/usr/bin/msgmerge
ac_cv_path_SED=/bin/sed
ac_cv_path_XGETTEXT=/usr/bin/xgettext
ac_cv_path_ac_pt_PKG_CONFIG=/usr/bin/pkg-config
ac_cv_path_install='/usr/bin/install -c'
ac_cv_path_mkdir=/bin/mkdir
ac_cv_prog_AWK=gawk
ac_cv_prog_CPP='gcc -E'
ac_cv_prog_CXXCPP='g++ -E'
ac_cv_prog_DOXYGEN=doxygen
ac_cv_prog_HAVE_XSD=false
ac_cv_prog_HAVE_XSDCXX=true
ac_cv_prog_ac_ct_AR=ar
ac_cv_prog_ac_ct_CC=gcc
ac_cv_prog_ac_ct_CXX=g++
ac_cv_prog_ac_ct_OBJDUMP=objdump
ac_cv_prog_ac_ct_RANLIB=ranlib
ac_cv_prog_ac_ct_STRIP=strip
ac_cv_prog_cc_c89=
ac_cv_prog_cc_g=yes
ac_cv_prog_cxx_g=yes
ac_cv_prog_make_make_set=yes
ac_cv_search_strerror='none required'
am_cv_CC_dependencies_compiler_type=gcc3
am_cv_CXX_dependencies_compiler_type=gcc3
am_cv_prog_cc_stdc=
am_cv_prog_tar_ustar=gnutar
am_cv_val_LC_MESSAGES=yes
gt_cv_func_dgettext_libc=yes
gt_cv_func_dgettext_libintl=no
gt_cv_func_ngettext_libc=yes
gt_cv_have_gettext=yes
lt_cv_deplibs_check_method=pass_all
lt_cv_file_magic_cmd='$MAGIC_CMD'
lt_cv_file_magic_test_file=
lt_cv_ld_reload_flag=-r
lt_cv_nm_interface='BSD nm'
lt_cv_objdir=.libs
lt_cv_path_LD=/usr/bin/ld
lt_cv_path_LDCXX=/usr/bin/ld
lt_cv_path_NM='/usr/bin/nm -B'
lt_cv_prog_compiler_c_o=yes
lt_cv_prog_compiler_c_o_CXX=yes
lt_cv_prog_compiler_pic_works=yes
lt_cv_prog_compiler_pic_works_CXX=yes
lt_cv_prog_compiler_rtti_exceptions=no
lt_cv_prog_compiler_static_works=yes
lt_cv_prog_compiler_static_works_CXX=yes
lt_cv_prog_gnu_ld=yes
lt_cv_prog_gnu_ldcxx=yes
lt_cv_sys_global_symbol_pipe='sed -n -e '\''s/^.*[	 ]\([ABCDGIRSTW][ABCDGIRSTW]*\)[	 ][	 ]*\([_A-Za-z][_A-Za-z0-9]*\)$/\1 \2 \2/p'\'''
lt_cv_sys_global_symbol_to_c_name_address='sed -n -e '\''s/^: \([^ ]*\) $/  {\"\1\", (void *) 0},/p'\'' -e '\''s/^[ABCDGIRSTW]* \([^ ]*\) \([^ ]*\)$/  {"\2", (void *) \&\2},/p'\'''
lt_cv_sys_global_symbol_to_c_name_address_lib_prefix='sed -n -e '\''s/^: \([^ ]*\) $/  {\"\1\", (void *) 0},/p'\'' -e '\''s/^[ABCDGIRSTW]* \([^ ]*\) \(lib[^ ]*\)$/  {"\2", (void *) \&\2},/p'\'' -e '\''s/^[ABCDGIRSTW]* \([^ ]*\) \([^ ]*\)$/  {"lib\2", (void *) \&\2},/p'\'''
lt_cv_sys_global_symbol_to_cdecl='sed -n -e '\''s/^T .* \(.*\)$/extern int \1();/p'\'' -e '\''s/^[ABCDGIRSTW]* .* \(.*\)$/extern char \1;/p'\'''
lt_cv_sys_max_cmd_len=1572864
pkg_cv_modules_CFLAGS='-pthread -D_REENTRANT -I/usr/local/include/saes -I/usr/local/include/smartmatic -I/usr/local/include/smartmaticgui -I/usr/local/include/saescommon -I/usr/local/include/saeshardware -I/usr/local/include/smartmaticlog -I/usr/include/gtkmm-2.4 -I/usr/lib/gtkmm-2.4/include -I/usr/include/giomm-2.4 -I/usr/lib/giomm-2.4/include -I/usr/include/pangomm-1.4 -I/usr/lib/pangomm-1.4/include -I/usr/include/gtk-2.0 -I/usr/include/gtk-unix-print-2.0 -I/usr/include/atkmm-1.6 -I/usr/include/gdkmm-2.4 -I/usr/lib/gdkmm-2.4/include -I/usr/include/glibmm-2.4 -I/usr/lib/glibmm-2.4/include -I/usr/include/glib-2.0 -I/usr/lib/glib-2.0/include -I/usr/include/sigc++-2.0 -I/usr/lib/sigc++-2.0/include -I/usr/include/cairomm-1.0 -I/usr/lib/cairomm-1.0/include -I/usr/include/pango-1.0 -I/usr/include/cairo -I/usr/include/pixman-1 -I/usr/include/freetype2 -I/usr/include/directfb -I/usr/include/libpng12 -I/usr/lib/gtk-2.0/include -I/usr/include/atk-1.0 -I/usr/include/gio-unix-2.0/  '
pkg_cv_modules_LIBS='-pthread -L/usr/local/lib -lqrencode -lxerces-c -lgtkmm-2.4 -latkmm-1.6 -lgdkmm-2.4 -lgiomm-2.4 -lpangomm-1.4 -lgtk-x11-2.0 -lcairomm-1.0 -lgdk-x11-2.0 -latk-1.0 -lgio-2.0 -lpangoft2-1.0 -lgdk_pixbuf-2.0 -lm -lpangocairo-1.0 -lcairo -lpango-1.0 -lfreetype -lfontconfig -lgmodule-2.0 -lsaes -lsmartmatic -lsmartmaticgui -lsaescommon -lglibmm-2.4 -lgobject-2.0 -lsigc-2.0 -lgthread-2.0 -lrt -lglib-2.0 -lsaeshardware -lsmartmaticlog  '

## ----------------- ##
## Output variables. ##
## ----------------- ##

ACLOCAL='${SHELL} /home/smtt/SAES1.4.6/saesfunctionality/missing --run aclocal-1.11'
ADD_RELEASE_FALSE='#'
ADD_RELEASE_TRUE=''
ALL_LINGUAS=''
AMDEPBACKSLASH='\'
AMDEP_FALSE='#'
AMDEP_TRUE=''
AMTAR='${SHELL} /home/smtt/SAES1.4.6/saesfunctionality/missing --run tar'
AR='ar'
AUTOCONF='${SHELL} /home/smtt/SAES1.4.6/saesfunctionality/missing --run autoconf'
AUTOHEADER='${SHELL} /home/smtt/SAES1.4.6/saesfunctionality/missing --run autoheader'
AUTOMAKE='${SHELL} /home/smtt/SAES1.4.6/saesfunctionality/missing --run automake-1.11'
AWK='gawk'
CATALOGS=''
CATOBJEXT='.gmo'
CC='gcc'
CCDEPMODE='depmode=gcc3'
CFLAGS='-g -O2'
CPP='gcc -E'
CPPFLAGS=''
CXX='g++'
CXXCPP='g++ -E'
CXXDEPMODE='depmode=gcc3'
CXXFLAGS='-Wall -Werror -g -O2'
CYGPATH_W='echo'
DATADIR='/usr/local/share'
DATADIRNAME='share'
DEFS='-DHAVE_CONFIG_H'
DEPDIR='.deps'
DOXYGEN='doxygen'
DOXYGEN_LOG_FILE='doxygen.log'
DSYMUTIL=''
DUMPBIN=''
ECHO_C=''
ECHO_N='-n'
ECHO_T=''
EGREP='/bin/grep -E'
EXEEXT=''
FGREP='/bin/grep -F'
GETTEXT_PACKAGE='libsaesfunctionality'
GMOFILES=''
GMSGFMT='/usr/bin/msgfmt'
GNOMELOCALEDIR='/usr/local/share/locale'
GREP='/bin/grep'
HAVE_XSD='false'
HAVE_XSDCXX='true'
INSTALL_DATA='${INSTALL} -m 644'
INSTALL_PROGRAM='${INSTALL}'
INSTALL_SCRIPT='${INSTALL}'
INSTALL_STRIP_PROGRAM='$(install_sh) -c -s'
INSTOBJEXT='.mo'
INTLLIBS=''
INTLTOOL_CAVES_RULE='%.caves:     %.caves.in     $(INTLTOOL_MERGE) $(wildcard $(top_srcdir)/po/*.po) ; LC_ALL=C $(INTLTOOL_MERGE) -d -u -c $(top_builddir)/po/.intltool-merge-cache $(top_srcdir)/po $< $@'
INTLTOOL_DESKTOP_RULE='%.desktop:   %.desktop.in   $(INTLTOOL_MERGE) $(wildcard $(top_srcdir)/po/*.po) ; LC_ALL=C $(INTLTOOL_MERGE) -d -u -c $(top_builddir)/po/.intltool-merge-cache $(top_srcdir)/po $< $@'
INTLTOOL_DIRECTORY_RULE='%.directory: %.directory.in $(INTLTOOL_MERGE) $(wildcard $(top_srcdir)/po/*.po) ; LC_ALL=C $(INTLTOOL_MERGE) -d -u -c $(top_builddir)/po/.intltool-merge-cache $(top_srcdir)/po $< $@'
INTLTOOL_EXTRACT='/usr/bin/intltool-extract'
INTLTOOL_KBD_RULE='%.kbd:       %.kbd.in       $(INTLTOOL_MERGE) $(wildcard $(top_srcdir)/po/*.po) ; LC_ALL=C $(INTLTOOL_MERGE) -x -u -m -c $(top_builddir)/po/.intltool-merge-cache $(top_srcdir)/po $< $@'
INTLTOOL_KEYS_RULE='%.keys:      %.keys.in      $(INTLTOOL_MERGE) $(wildcard $(top_srcdir)/po/*.po) ; LC_ALL=C $(INTLTOOL_MERGE) -k -u -c $(top_builddir)/po/.intltool-merge-cache $(top_srcdir)/po $< $@'
INTLTOOL_MERGE='/usr/bin/intltool-merge'
INTLTOOL_OAF_RULE='%.oaf:       %.oaf.in       $(INTLTOOL_MERGE) $(wildcard $(top_srcdir)/po/*.po) ; LC_ALL=C $(INTLTOOL_MERGE) -o -p $(top_srcdir)/po $< $@'
INTLTOOL_PERL='/usr/bin/perl'
INTLTOOL_POLICY_RULE='%.policy:    %.policy.in    $(INTLTOOL_MERGE) $(wildcard $(top_srcdir)/po/*.po) ; LC_ALL=C $(INTLTOOL_MERGE) -x -u -c $(top_builddir)/po/.intltool-merge-cache $(top_srcdir)/po $< $@'
INTLTOOL_PONG_RULE='%.pong:      %.pong.in      $(INTLTOOL_MERGE) $(wildcard $(top_srcdir)/po/*.po) ; LC_ALL=C $(INTLTOOL_MERGE) -x -u -c $(top_builddir)/po/.intltool-merge-cache $(top_srcdir)/po $< $@'
INTLTOOL_PROP_RULE='%.prop:      %.prop.in      $(INTLTOOL_MERGE) $(wildcard $(top_srcdir)/po/*.po) ; LC_ALL=C $(INTLTOOL_MERGE) -d -u -c $(top_builddir)/po/.intltool-merge-cache $(top_srcdir)/po $< $@'
INTLTOOL_SCHEMAS_RULE='%.schemas:   %.schemas.in   $(INTLTOOL_MERGE) $(wildcard $(top_srcdir)/po/*.po) ; LC_ALL=C $(INTLTOOL_MERGE) -s -u -c $(top_builddir)/po/.intltool-merge-cache $(top_srcdir)/po $< $@'
INTLTOOL_SERVER_RULE='%.server:    %.server.in    $(INTLTOOL_MERGE) $(wildcard $(top_srcdir)/po/*.po) ; LC_ALL=C $(INTLTOOL_MERGE) -o -u -c $(top_builddir)/po/.intltool-merge-cache $(top_srcdir)/po $< $@'
INTLTOOL_SERVICE_RULE='%.service: %.service.in   $(INTLTOOL_MERGE) $(wildcard $(top_srcdir)/po/*.po) ; LC_ALL=C $(INTLTOOL_MERGE) -d -u -c $(top_builddir)/po/.intltool-merge-cache $(top_srcdir)/po $< $@'
INTLTOOL_SHEET_RULE='%.sheet:     %.sheet.in     $(INTLTOOL_MERGE) $(wildcard $(top_srcdir)/po/*.po) ; LC_ALL=C $(INTLTOOL_MERGE) -x -u -c $(top_builddir)/po/.intltool-merge-cache $(top_srcdir)/po $< $@'
INTLTOOL_SOUNDLIST_RULE='%.soundlist: %.soundlist.in $(INTLTOOL_MERGE) $(wildcard $(top_srcdir)/po/*.po) ; LC_ALL=C $(INTLTOOL_MERGE) -d -u -c $(top_builddir)/po/.intltool-merge-cache $(top_srcdir)/po $< $@'
INTLTOOL_THEME_RULE='%.theme:     %.theme.in     $(INTLTOOL_MERGE) $(wildcard $(top_srcdir)/po/*.po) ; LC_ALL=C $(INTLTOOL_MERGE) -d -u -c $(top_builddir)/po/.intltool-merge-cache $(top_srcdir)/po $< $@'
INTLTOOL_UI_RULE='%.ui:        %.ui.in        $(INTLTOOL_MERGE) $(wildcard $(top_srcdir)/po/*.po) ; LC_ALL=C $(INTLTOOL_MERGE) -x -u -c $(top_builddir)/po/.intltool-merge-cache $(top_srcdir)/po $< $@'
INTLTOOL_UPDATE='/usr/bin/intltool-update'
INTLTOOL_XAM_RULE='%.xam:       %.xml.in       $(INTLTOOL_MERGE) $(wildcard $(top_srcdir)/po/*.po) ; LC_ALL=C $(INTLTOOL_MERGE) -x -u -c $(top_builddir)/po/.intltool-merge-cache $(top_srcdir)/po $< $@'
INTLTOOL_XML_NOMERGE_RULE='%.xml:       %.xml.in       $(INTLTOOL_MERGE) ; LC_ALL=C $(INTLTOOL_MERGE) -x -u /tmp $< $@'
INTLTOOL_XML_RULE='%.xml:       %.xml.in       $(INTLTOOL_MERGE) $(wildcard $(top_srcdir)/po/*.po) ; LC_ALL=C $(INTLTOOL_MERGE) -x -u -c $(top_builddir)/po/.intltool-merge-cache $(top_srcdir)/po $< $@'
LD='/usr/bin/ld'
LDFLAGS='-Wl,-z,defs -Wl,-O1 -Wl,--as-needed -Wl,--hash-style=gnu'
LIBFIX='6'
LIBMAYOR='1'
LIBMINOR='4'
LIBOBJS=''
LIBS=''
LIBTOOL='$(SHELL) $(top_builddir)/libtool'
LIBVERSION='5'
LIPO=''
LN_S='ln -s'
LTLIBOBJS=''
MAINT='#'
MAINTAINER_MODE_FALSE=''
MAINTAINER_MODE_TRUE='#'
MAKEINFO='${SHELL} /home/smtt/SAES1.4.6/saesfunctionality/missing --run makeinfo'
MAKE_DOXYGEN_DOC_FALSE=''
MAKE_DOXYGEN_DOC_TRUE='#'
MKDIR_P='/bin/mkdir -p'
MKINSTALLDIRS='./mkinstalldirs'
MSGFMT='/usr/bin/msgfmt'
MSGFMT_OPTS='-c'
MSGMERGE='/usr/bin/msgmerge'
NM='/usr/bin/nm -B'
NMEDIT=''
OBJDUMP='objdump'
OBJEXT='o'
OTOOL64=''
OTOOL=''
PACKAGE='libsaesfunctionality'
PACKAGE_BUGREPORT=''
PACKAGE_NAME='libsaesfunctionality'
PACKAGE_STRING='libsaesfunctionality 1.4.6'
PACKAGE_TARNAME='libsaesfunctionality'
PACKAGE_URL=''
PACKAGE_VERSION='1.4.6'
PATH_SEPARATOR=':'
PKG_CONFIG='/usr/bin/pkg-config'
POFILES=''
POSUB='po'
PO_IN_DATADIR_FALSE=''
PO_IN_DATADIR_TRUE=''
RANLIB='ranlib'
SED='/bin/sed'
SET_MAKE=''
SHELL='/bin/bash'
STRIP='strip'
USE_NLS='yes'
VERSION='1.4.6'
XGETTEXT='/usr/bin/xgettext'
XSDCXX='xsdcxx'
XSDFLAGS='	--char-type char 	--show-sloc 	--generate-serialization 	--generate-default-ctor 	--generate-comparison 	--generate-doxygen 	--type-naming ucc 	--function-naming java 	--namespace-map http://www.smartmatic.com/SaesFunctionalityConfiguration=Smartmatic::SAES::Functionality::Configuration '
ac_ct_CC='gcc'
ac_ct_CXX='g++'
ac_ct_DUMPBIN=''
am__EXEEXT_FALSE=''
am__EXEEXT_TRUE='#'
am__fastdepCC_FALSE='#'
am__fastdepCC_TRUE=''
am__fastdepCXX_FALSE='#'
am__fastdepCXX_TRUE=''
am__include='include'
am__isrc=''
am__leading_dot='.'
am__quote=''
am__tar='tar --format=ustar -chf - "$$tardir"'
am__untar='tar -xf -'
bindir='${exec_prefix}/bin'
build='i686-pc-linux-gnu'
build_alias=''
build_cpu='i686'
build_os='linux-gnu'
build_vendor='pc'
datadir='${prefix}/share'
datarootdir='${prefix}/share'
docdir='${datarootdir}/doc/${PACKAGE_TARNAME}'
dvidir='${docdir}'
exec_prefix='/usr/local'
host='i686-pc-linux-gnu'
host_alias=''
host_cpu='i686'
host_os='linux-gnu'
host_vendor='pc'
htmldir='${docdir}'
includedir='${prefix}/include'
infodir='${datarootdir}/info'
install_sh='${SHELL} /home/smtt/SAES1.4.6/saesfunctionality/install-sh'
libdir='${exec_prefix}/lib'
libexecdir='${exec_prefix}/libexec'
localedir='${prefix}/share/locale'
localstatedir='${prefix}/var'
lt_ECHO='echo'
mandir='${datarootdir}/man'
mkdir_p='/bin/mkdir -p'
modules_CFLAGS='-pthread -D_REENTRANT -I/usr/local/include/saes -I/usr/local/include/smartmatic -I/usr/local/include/smartmaticgui -I/usr/local/include/saescommon -I/usr/local/include/saeshardware -I/usr/local/include/smartmaticlog -I/usr/include/gtkmm-2.4 -I/usr/lib/gtkmm-2.4/include -I/usr/include/giomm-2.4 -I/usr/lib/giomm-2.4/include -I/usr/include/pangomm-1.4 -I/usr/lib/pangomm-1.4/include -I/usr/include/gtk-2.0 -I/usr/include/gtk-unix-print-2.0 -I/usr/include/atkmm-1.6 -I/usr/include/gdkmm-2.4 -I/usr/lib/gdkmm-2.4/include -I/usr/include/glibmm-2.4 -I/usr/lib/glibmm-2.4/include -I/usr/include/glib-2.0 -I/usr/lib/glib-2.0/include -I/usr/include/sigc++-2.0 -I/usr/lib/sigc++-2.0/include -I/usr/include/cairomm-1.0 -I/usr/lib/cairomm-1.0/include -I/usr/include/pango-1.0 -I/usr/include/cairo -I/usr/include/pixman-1 -I/usr/include/freetype2 -I/usr/include/directfb -I/usr/include/libpng12 -I/usr/lib/gtk-2.0/include -I/usr/include/atk-1.0 -I/usr/include/gio-unix-2.0/  '
modules_LIBS='-pthread -L/usr/local/lib -lqrencode -lxerces-c -lgtkmm-2.4 -latkmm-1.6 -lgdkmm-2.4 -lgiomm-2.4 -lpangomm-1.4 -lgtk-x11-2.0 -lcairomm-1.0 -lgdk-x11-2.0 -latk-1.0 -lgio-2.0 -lpangoft2-1.0 -lgdk_pixbuf-2.0 -lm -lpangocairo-1.0 -lcairo -lpango-1.0 -lfreetype -lfontconfig -lgmodule-2.0 -lsaes -lsmartmatic -lsmartmaticgui -lsaescommon -lglibmm-2.4 -lgobject-2.0 -lsigc-2.0 -lgthread-2.0 -lrt -lglib-2.0 -lsaeshardware -lsmartmaticlog  '
oldincludedir='/usr/include'
pdfdir='${docdir}'
prefix='/usr/local'
program_transform_name='s,x,x,'
psdir='${docdir}'
sbindir='${exec_prefix}/sbin'
sharedstatedir='${prefix}/com'
sysconfdir='/etc'
target_alias=''

## ----------- ##
## confdefs.h. ##
## ----------- ##

/* confdefs.h */
#define PACKAGE_NAME "libsaesfunctionality"
#define PACKAGE_TARNAME "libsaesfunctionality"
#define PACKAGE_VERSION "1.4.6"
#define PACKAGE_STRING "libsaesfunctionality 1.4.6"
#define PACKAGE_BUGREPORT ""
#define PACKAGE_URL ""
#define PACKAGE "libsaesfunctionality"
#define VERSION "1.4.6"
#define STDC_HEADERS 1
#define HAVE_SYS_TYPES_H 1
#define HAVE_SYS_STAT_H 1
#define HAVE_STDLIB_H 1
#define HAVE_STRING_H 1
#define HAVE_MEMORY_H 1
#define HAVE_STRINGS_H 1
#define HAVE_INTTYPES_H 1
#define HAVE_STDINT_H 1
#define HAVE_UNISTD_H 1
#define HAVE_DLFCN_H 1
#define LT_OBJDIR ".libs/"
#define STDC_HEADERS 1
#define NAMESPACE_SAES_FUNCTIONALITY_CONFIGURATION "http://www.smartmatic.com/SaesFunctionalityConfiguration"
#define DATADIR "/usr/local/share"
#define GNOMELOCALEDIR "/usr/local/share/locale"
#define HAVE_LOCALE_H 1
#define HAVE_LC_MESSAGES 1
#define HAVE_BIND_TEXTDOMAIN_CODESET 1
#define HAVE_GETTEXT 1
#define HAVE_DCGETTEXT 1
#define ENABLE_NLS 1
#define GETTEXT_PACKAGE "libsaesfunctionality"

configure: exit 0

## ---------------------- ##
## Running config.status. ##
## ---------------------- ##

This file was extended by libsaesfunctionality config.status 1.4.6, which was
generated by GNU Autoconf 2.65.  Invocation command line was

  CONFIG_FILES    = po/Makefile.in
  CONFIG_HEADERS  = 
  CONFIG_LINKS    = 
  CONFIG_COMMANDS = 
  $ ./config.status 

on smtt

config.status:1246: creating po/Makefile.in
config.status:1466: executing depfiles commands
config.status:1466: executing libtool commands
config.status:1466: executing default-1 commands
config.status:1466: executing po/stamp-it commands

## ---------------------- ##
## Running config.status. ##
## ---------------------- ##

This file was extended by libsaesfunctionality config.status 1.4.6, which was
generated by GNU Autoconf 2.65.  Invocation command line was

  CONFIG_FILES    = 
  CONFIG_HEADERS  = 
  CONFIG_LINKS    = 
  CONFIG_COMMANDS = 
  $ ./config.status src/libsaesfunctionality.pc

on smtt

config.status:1246: creating src/libsaesfunctionality.pc
