This file contains any messages produced by compilers while
running configure, to aid debugging if configure makes a mistake.

It was created by votesim configure 1.4.6, which was
generated by GNU Autoconf 2.65.  Invocation command line was

  $ ./configure --prefix /usr/local --exec_prefix /usr/local --sysconfdir=/etc LDFLAGS=-Wl,-z,defs -Wl,-O1 -Wl,--as-needed -Wl,--hash-style=gnu

## --------- ##
## Platform. ##
## --------- ##

hostname = smtt
uname -m = i686
uname -r = 2.6.32-38-generic
uname -s = Linux
uname -v = #83-Ubuntu SMP Wed Jan 4 11:13:04 UTC 2012

/usr/bin/uname -p = unknown
/bin/uname -X     = unknown

/bin/arch              = unknown
/usr/bin/arch -k       = unknown
/usr/convex/getsysinfo = unknown
/usr/bin/hostinfo      = unknown
/bin/machine           = unknown
/usr/bin/oslevel       = unknown
/bin/universe          = unknown

PATH: /opt/java/jre1.6.0_33/bin
PATH: /opt/java/jre1.6.0_33/bin
PATH: /opt/ant/bin
PATH: /opt/ant/bin
PATH: /opt/java/jre1.6.0_33/bin
PATH: /opt/ant/bin
PATH: /usr/local/sbin
PATH: /usr/local/bin
PATH: /usr/sbin
PATH: /usr/bin
PATH: /sbin
PATH: /bin
PATH: /usr/games


## ----------- ##
## Core tests. ##
## ----------- ##

configure:2548: checking for a BSD-compatible install
configure:2616: result: /usr/bin/install -c
configure:2627: checking whether build environment is sane
configure:2677: result: yes
configure:2818: checking for a thread-safe mkdir -p
configure:2857: result: /bin/mkdir -p
configure:2870: checking for gawk
configure:2886: found /usr/bin/gawk
configure:2897: result: gawk
configure:2908: checking whether make sets $(MAKE)
configure:2930: result: yes
configure:3013: checking whether to enable maintainer-specific portions of Makefiles
configure:3022: result: no
configure:3048: checking for style of include used by make
configure:3076: result: GNU
configure:3146: checking for gcc
configure:3162: found /usr/bin/gcc
configure:3173: result: gcc
configure:3402: checking for C compiler version
configure:3411: gcc --version >&5
gcc (Ubuntu 4.4.3-4ubuntu5.1) 4.4.3
Copyright (C) 2009 Free Software Foundation, Inc.
This is free software; see the source for copying conditions.  There is NO
warranty; not even for MERCHANTABILITY or FITNESS FOR A PARTICULAR PURPOSE.

configure:3422: $? = 0
configure:3411: gcc -v >&5
Using built-in specs.
Target: i486-linux-gnu
Configured with: ../src/configure -v --with-pkgversion='Ubuntu 4.4.3-4ubuntu5.1' --with-bugurl=file:///usr/share/doc/gcc-4.4/README.Bugs --enable-languages=c,c++,fortran,objc,obj-c++ --prefix=/usr --enable-shared --enable-multiarch --enable-linker-build-id --with-system-zlib --libexecdir=/usr/lib --without-included-gettext --enable-threads=posix --with-gxx-include-dir=/usr/include/c++/4.4 --program-suffix=-4.4 --enable-nls --enable-clocale=gnu --enable-libstdcxx-debug --enable-plugin --enable-objc-gc --enable-targets=all --disable-werror --with-arch-32=i486 --with-tune=generic --enable-checking=release --build=i486-linux-gnu --host=i486-linux-gnu --target=i486-linux-gnu
Thread model: posix
gcc version 4.4.3 (Ubuntu 4.4.3-4ubuntu5.1) 
configure:3422: $? = 0
configure:3411: gcc -V >&5
gcc: '-V' option must have argument
configure:3422: $? = 1
configure:3411: gcc -qversion >&5
gcc: unrecognized option '-qversion'
gcc: no input files
configure:3422: $? = 1
configure:3442: checking whether the C compiler works
configure:3464: gcc   -Wl,-z,defs -Wl,-O1 -Wl,--as-needed -Wl,--hash-style=gnu conftest.c  >&5
configure:3468: $? = 0
configure:3517: result: yes
configure:3520: checking for C compiler default output file name
configure:3522: result: a.out
configure:3528: checking for suffix of executables
configure:3535: gcc -o conftest   -Wl,-z,defs -Wl,-O1 -Wl,--as-needed -Wl,--hash-style=gnu conftest.c  >&5
configure:3539: $? = 0
configure:3561: result: 
configure:3583: checking whether we are cross compiling
configure:3591: gcc -o conftest   -Wl,-z,defs -Wl,-O1 -Wl,--as-needed -Wl,--hash-style=gnu conftest.c  >&5
configure:3595: $? = 0
configure:3602: ./conftest
configure:3606: $? = 0
configure:3621: result: no
configure:3626: checking for suffix of object files
configure:3648: gcc -c   conftest.c >&5
configure:3652: $? = 0
configure:3673: result: o
configure:3677: checking whether we are using the GNU C compiler
configure:3696: gcc -c   conftest.c >&5
configure:3696: $? = 0
configure:3705: result: yes
configure:3714: checking whether gcc accepts -g
configure:3734: gcc -c -g  conftest.c >&5
configure:3734: $? = 0
configure:3775: result: yes
configure:3792: checking for gcc option to accept ISO C89
configure:3856: gcc  -c -g -O2  conftest.c >&5
configure:3856: $? = 0
configure:3869: result: none needed
configure:3891: checking dependency style of gcc
configure:4001: result: gcc3
configure:4017: checking for library containing strerror
configure:4048: gcc -o conftest -g -O2  -Wl,-z,defs -Wl,-O1 -Wl,--as-needed -Wl,--hash-style=gnu conftest.c  >&5
configure:4048: $? = 0
configure:4065: result: none required
configure:4131: checking for g++
configure:4147: found /usr/bin/g++
configure:4158: result: g++
configure:4185: checking for C++ compiler version
configure:4194: g++ --version >&5
g++ (Ubuntu 4.4.3-4ubuntu5.1) 4.4.3
Copyright (C) 2009 Free Software Foundation, Inc.
This is free software; see the source for copying conditions.  There is NO
warranty; not even for MERCHANTABILITY or FITNESS FOR A PARTICULAR PURPOSE.

configure:4205: $? = 0
configure:4194: g++ -v >&5
Using built-in specs.
Target: i486-linux-gnu
Configured with: ../src/configure -v --with-pkgversion='Ubuntu 4.4.3-4ubuntu5.1' --with-bugurl=file:///usr/share/doc/gcc-4.4/README.Bugs --enable-languages=c,c++,fortran,objc,obj-c++ --prefix=/usr --enable-shared --enable-multiarch --enable-linker-build-id --with-system-zlib --libexecdir=/usr/lib --without-included-gettext --enable-threads=posix --with-gxx-include-dir=/usr/include/c++/4.4 --program-suffix=-4.4 --enable-nls --enable-clocale=gnu --enable-libstdcxx-debug --enable-plugin --enable-objc-gc --enable-targets=all --disable-werror --with-arch-32=i486 --with-tune=generic --enable-checking=release --build=i486-linux-gnu --host=i486-linux-gnu --target=i486-linux-gnu
Thread model: posix
gcc version 4.4.3 (Ubuntu 4.4.3-4ubuntu5.1) 
configure:4205: $? = 0
configure:4194: g++ -V >&5
g++: '-V' option must have argument
configure:4205: $? = 1
configure:4194: g++ -qversion >&5
g++: unrecognized option '-qversion'
g++: no input files
configure:4205: $? = 1
configure:4209: checking whether we are using the GNU C++ compiler
configure:4228: g++ -c   conftest.cpp >&5
configure:4228: $? = 0
configure:4237: result: yes
configure:4246: checking whether g++ accepts -g
configure:4266: g++ -c -g  conftest.cpp >&5
configure:4266: $? = 0
configure:4307: result: yes
configure:4332: checking dependency style of g++
configure:4442: result: gcc3
configure:4505: checking for gcc
configure:4532: result: gcc
configure:4761: checking for C compiler version
configure:4770: gcc --version >&5
gcc (Ubuntu 4.4.3-4ubuntu5.1) 4.4.3
Copyright (C) 2009 Free Software Foundation, Inc.
This is free software; see the source for copying conditions.  There is NO
warranty; not even for MERCHANTABILITY or FITNESS FOR A PARTICULAR PURPOSE.

configure:4781: $? = 0
configure:4770: gcc -v >&5
Using built-in specs.
Target: i486-linux-gnu
Configured with: ../src/configure -v --with-pkgversion='Ubuntu 4.4.3-4ubuntu5.1' --with-bugurl=file:///usr/share/doc/gcc-4.4/README.Bugs --enable-languages=c,c++,fortran,objc,obj-c++ --prefix=/usr --enable-shared --enable-multiarch --enable-linker-build-id --with-system-zlib --libexecdir=/usr/lib --without-included-gettext --enable-threads=posix --with-gxx-include-dir=/usr/include/c++/4.4 --program-suffix=-4.4 --enable-nls --enable-clocale=gnu --enable-libstdcxx-debug --enable-plugin --enable-objc-gc --enable-targets=all --disable-werror --with-arch-32=i486 --with-tune=generic --enable-checking=release --build=i486-linux-gnu --host=i486-linux-gnu --target=i486-linux-gnu
Thread model: posix
gcc version 4.4.3 (Ubuntu 4.4.3-4ubuntu5.1) 
configure:4781: $? = 0
configure:4770: gcc -V >&5
gcc: '-V' option must have argument
configure:4781: $? = 1
configure:4770: gcc -qversion >&5
gcc: unrecognized option '-qversion'
gcc: no input files
configure:4781: $? = 1
configure:4785: checking whether we are using the GNU C compiler
configure:4813: result: yes
configure:4822: checking whether gcc accepts -g
configure:4883: result: yes
configure:4900: checking for gcc option to accept ISO C89
configure:4977: result: none needed
configure:4999: checking dependency style of gcc
configure:5109: result: gcc3
configure:5132: checking how to run the C preprocessor
configure:5163: gcc -E  conftest.c
configure:5163: $? = 0
configure:5177: gcc -E  conftest.c
conftest.c:11:28: error: ac_nonexistent.h: No such file or directory
configure:5177: $? = 1
configure: failed program was:
| /* confdefs.h */
| #define PACKAGE_NAME "votesim"
| #define PACKAGE_TARNAME "votesim"
| #define PACKAGE_VERSION "1.4.6"
| #define PACKAGE_STRING "votesim 1.4.6"
| #define PACKAGE_BUGREPORT ""
| #define PACKAGE_URL ""
| #define PACKAGE "votesim"
| #define VERSION "1.4.6"
| /* end confdefs.h.  */
| #include <ac_nonexistent.h>
configure:5202: result: gcc -E
configure:5222: gcc -E  conftest.c
configure:5222: $? = 0
configure:5236: gcc -E  conftest.c
conftest.c:11:28: error: ac_nonexistent.h: No such file or directory
configure:5236: $? = 1
configure: failed program was:
| /* confdefs.h */
| #define PACKAGE_NAME "votesim"
| #define PACKAGE_TARNAME "votesim"
| #define PACKAGE_VERSION "1.4.6"
| #define PACKAGE_STRING "votesim 1.4.6"
| #define PACKAGE_BUGREPORT ""
| #define PACKAGE_URL ""
| #define PACKAGE "votesim"
| #define VERSION "1.4.6"
| /* end confdefs.h.  */
| #include <ac_nonexistent.h>
configure:5265: checking for grep that handles long lines and -e
configure:5323: result: /bin/grep
configure:5328: checking for egrep
configure:5390: result: /bin/grep -E
configure:5395: checking for ANSI C header files
configure:5415: gcc -c -g -O2  conftest.c >&5
configure:5415: $? = 0
configure:5488: gcc -o conftest -g -O2  -Wl,-z,defs -Wl,-O1 -Wl,--as-needed -Wl,--hash-style=gnu conftest.c  >&5
configure:5488: $? = 0
configure:5488: ./conftest
configure:5488: $? = 0
configure:5499: result: yes
configure:5523: checking for sys/types.h
configure:5523: gcc -c -g -O2  conftest.c >&5
configure:5523: $? = 0
configure:5523: result: yes
configure:5523: checking for sys/stat.h
configure:5523: gcc -c -g -O2  conftest.c >&5
configure:5523: $? = 0
configure:5523: result: yes
configure:5523: checking for stdlib.h
configure:5523: gcc -c -g -O2  conftest.c >&5
configure:5523: $? = 0
configure:5523: result: yes
configure:5523: checking for string.h
configure:5523: gcc -c -g -O2  conftest.c >&5
configure:5523: $? = 0
configure:5523: result: yes
configure:5523: checking for memory.h
configure:5523: gcc -c -g -O2  conftest.c >&5
configure:5523: $? = 0
configure:5523: result: yes
configure:5523: checking for strings.h
configure:5523: gcc -c -g -O2  conftest.c >&5
configure:5523: $? = 0
configure:5523: result: yes
configure:5523: checking for inttypes.h
configure:5523: gcc -c -g -O2  conftest.c >&5
configure:5523: $? = 0
configure:5523: result: yes
configure:5523: checking for stdint.h
configure:5523: gcc -c -g -O2  conftest.c >&5
configure:5523: $? = 0
configure:5523: result: yes
configure:5523: checking for unistd.h
configure:5523: gcc -c -g -O2  conftest.c >&5
configure:5523: $? = 0
configure:5523: result: yes
configure:5539: checking locale.h usability
configure:5539: gcc -c -g -O2  conftest.c >&5
configure:5539: $? = 0
configure:5539: result: yes
configure:5539: checking locale.h presence
configure:5539: gcc -E  conftest.c
configure:5539: $? = 0
configure:5539: result: yes
configure:5539: checking for locale.h
configure:5539: result: yes
configure:5550: checking for LC_MESSAGES
configure:5566: gcc -o conftest -g -O2  -Wl,-z,defs -Wl,-O1 -Wl,--as-needed -Wl,--hash-style=gnu conftest.c  >&5
configure:5566: $? = 0
configure:5574: result: yes
configure:5591: checking libintl.h usability
configure:5591: gcc -c -g -O2  conftest.c >&5
configure:5591: $? = 0
configure:5591: result: yes
configure:5591: checking libintl.h presence
configure:5591: gcc -E  conftest.c
configure:5591: $? = 0
configure:5591: result: yes
configure:5591: checking for libintl.h
configure:5591: result: yes
configure:5599: checking for ngettext in libc
configure:5617: gcc -o conftest -g -O2  -Wl,-z,defs -Wl,-O1 -Wl,--as-needed -Wl,--hash-style=gnu conftest.c  >&5
configure:5617: $? = 0
configure:5626: result: yes
configure:5630: checking for dgettext in libc
configure:5648: gcc -o conftest -g -O2  -Wl,-z,defs -Wl,-O1 -Wl,--as-needed -Wl,--hash-style=gnu conftest.c  >&5
configure:5648: $? = 0
configure:5657: result: yes
configure:5664: checking for bind_textdomain_codeset
configure:5664: gcc -o conftest -g -O2  -Wl,-z,defs -Wl,-O1 -Wl,--as-needed -Wl,--hash-style=gnu conftest.c  >&5
configure:5664: $? = 0
configure:5664: result: yes
configure:5940: checking for msgfmt
configure:5967: result: /usr/bin/msgfmt
configure:5978: checking for dcgettext
configure:5978: gcc -o conftest -g -O2  -Wl,-z,defs -Wl,-O1 -Wl,--as-needed -Wl,--hash-style=gnu conftest.c   >&5
conftest.c:49: warning: conflicting types for built-in function 'dcgettext'
configure:5978: $? = 0
configure:5978: result: yes
configure:5988: checking if msgfmt accepts -c
configure:6003: $MSGFMT -c -o /dev/null conftest.foo
configure:6006: $? = 0
configure:6008: result: yes
configure:6018: checking for gmsgfmt
configure:6049: result: /usr/bin/msgfmt
configure:6059: checking for xgettext
configure:6086: result: /usr/bin/xgettext
configure:6105: gcc -o conftest -g -O2  -Wl,-z,defs -Wl,-O1 -Wl,--as-needed -Wl,--hash-style=gnu conftest.c   >&5
configure:6105: $? = 0
configure:6241: checking whether NLS is requested
configure:6250: result: yes
configure:6265: checking for intltool >= 0.35.0
configure:6272: result: 0.41.0 found
configure:6280: checking for intltool-update
configure:6298: found /usr/bin/intltool-update
configure:6310: result: /usr/bin/intltool-update
configure:6320: checking for intltool-merge
configure:6338: found /usr/bin/intltool-merge
configure:6350: result: /usr/bin/intltool-merge
configure:6360: checking for intltool-extract
configure:6378: found /usr/bin/intltool-extract
configure:6390: result: /usr/bin/intltool-extract
configure:6521: checking for xgettext
configure:6551: result: /usr/bin/xgettext
configure:6561: checking for msgmerge
configure:6579: found /usr/bin/msgmerge
configure:6591: result: /usr/bin/msgmerge
configure:6601: checking for msgfmt
configure:6631: result: /usr/bin/msgfmt
configure:6641: checking for gmsgfmt
configure:6672: result: /usr/bin/msgfmt
configure:6692: checking for perl
configure:6710: found /usr/bin/perl
configure:6722: result: /usr/bin/perl
configure:6733: checking for perl >= 5.8.1
configure:6740: result: 5.10.1
configure:6744: checking for XML::Parser
configure:6747: result: ok
configure:6830: checking build system type
configure:6844: result: i686-pc-linux-gnu
configure:6864: checking host system type
configure:6877: result: i686-pc-linux-gnu
configure:6897: checking for a sed that does not truncate output
configure:6961: result: /bin/sed
configure:6979: checking for fgrep
configure:7041: result: /bin/grep -F
configure:7076: checking for ld used by gcc
configure:7143: result: /usr/bin/ld
configure:7150: checking if the linker (/usr/bin/ld) is GNU ld
configure:7165: result: yes
configure:7177: checking for BSD- or MS-compatible name lister (nm)
configure:7226: result: /usr/bin/nm -B
configure:7344: checking the name lister (/usr/bin/nm -B) interface
configure:7351: gcc -c -g -O2  conftest.c >&5
configure:7354: /usr/bin/nm -B "conftest.o"
configure:7357: output
00000000 B some_variable
configure:7364: result: BSD nm
configure:7367: checking whether ln -s works
configure:7371: result: yes
configure:7379: checking the maximum length of command line arguments
configure:7499: result: 1572864
configure:7516: checking whether the shell understands some XSI constructs
configure:7526: result: yes
configure:7530: checking whether the shell understands "+="
configure:7536: result: yes
configure:7571: checking for /usr/bin/ld option to reload object files
configure:7578: result: -r
configure:7647: checking for objdump
configure:7663: found /usr/bin/objdump
configure:7674: result: objdump
configure:7706: checking how to recognize dependent libraries
configure:7902: result: pass_all
configure:7962: checking for ar
configure:7978: found /usr/bin/ar
configure:7989: result: ar
configure:8067: checking for strip
configure:8083: found /usr/bin/strip
configure:8094: result: strip
configure:8166: checking for ranlib
configure:8182: found /usr/bin/ranlib
configure:8193: result: ranlib
configure:8283: checking command to parse /usr/bin/nm -B output from gcc object
configure:8401: gcc -c -g -O2  conftest.c >&5
configure:8404: $? = 0
configure:8408: /usr/bin/nm -B conftest.o \| sed -n -e 's/^.*[	 ]\([ABCDGIRSTW][ABCDGIRSTW]*\)[	 ][	 ]*\([_A-Za-z][_A-Za-z0-9]*\)$/\1 \2 \2/p' \> conftest.nm
configure:8411: $? = 0
configure:8465: gcc -o conftest -g -O2  -Wl,-z,defs -Wl,-O1 -Wl,--as-needed -Wl,--hash-style=gnu conftest.c conftstm.o >&5
configure:8468: $? = 0
configure:8506: result: ok
configure:9311: checking for dlfcn.h
configure:9311: gcc -c -g -O2  conftest.c >&5
configure:9311: $? = 0
configure:9311: result: yes
configure:9436: checking for C++ compiler version
configure:9445: g++ --version >&5
g++ (Ubuntu 4.4.3-4ubuntu5.1) 4.4.3
Copyright (C) 2009 Free Software Foundation, Inc.
This is free software; see the source for copying conditions.  There is NO
warranty; not even for MERCHANTABILITY or FITNESS FOR A PARTICULAR PURPOSE.

configure:9456: $? = 0
configure:9445: g++ -v >&5
Using built-in specs.
Target: i486-linux-gnu
Configured with: ../src/configure -v --with-pkgversion='Ubuntu 4.4.3-4ubuntu5.1' --with-bugurl=file:///usr/share/doc/gcc-4.4/README.Bugs --enable-languages=c,c++,fortran,objc,obj-c++ --prefix=/usr --enable-shared --enable-multiarch --enable-linker-build-id --with-system-zlib --libexecdir=/usr/lib --without-included-gettext --enable-threads=posix --with-gxx-include-dir=/usr/include/c++/4.4 --program-suffix=-4.4 --enable-nls --enable-clocale=gnu --enable-libstdcxx-debug --enable-plugin --enable-objc-gc --enable-targets=all --disable-werror --with-arch-32=i486 --with-tune=generic --enable-checking=release --build=i486-linux-gnu --host=i486-linux-gnu --target=i486-linux-gnu
Thread model: posix
gcc version 4.4.3 (Ubuntu 4.4.3-4ubuntu5.1) 
configure:9456: $? = 0
configure:9445: g++ -V >&5
g++: '-V' option must have argument
configure:9456: $? = 1
configure:9445: g++ -qversion >&5
g++: unrecognized option '-qversion'
g++: no input files
configure:9456: $? = 1
configure:9460: checking whether we are using the GNU C++ compiler
configure:9488: result: yes
configure:9497: checking whether g++ accepts -g
configure:9558: result: yes
configure:9583: checking dependency style of g++
configure:9693: result: gcc3
configure:9716: checking how to run the C++ preprocessor
configure:9743: g++ -E  conftest.cpp
configure:9743: $? = 0
configure:9757: g++ -E  conftest.cpp
conftest.cpp:29:28: error: ac_nonexistent.h: No such file or directory
configure:9757: $? = 1
configure: failed program was:
| /* confdefs.h */
| #define PACKAGE_NAME "votesim"
| #define PACKAGE_TARNAME "votesim"
| #define PACKAGE_VERSION "1.4.6"
| #define PACKAGE_STRING "votesim 1.4.6"
| #define PACKAGE_BUGREPORT ""
| #define PACKAGE_URL ""
| #define PACKAGE "votesim"
| #define VERSION "1.4.6"
| #define STDC_HEADERS 1
| #define GETTEXT_PACKAGE "votesim"
| #define HAVE_SYS_TYPES_H 1
| #define HAVE_SYS_STAT_H 1
| #define HAVE_STDLIB_H 1
| #define HAVE_STRING_H 1
| #define HAVE_MEMORY_H 1
| #define HAVE_STRINGS_H 1
| #define HAVE_INTTYPES_H 1
| #define HAVE_STDINT_H 1
| #define HAVE_UNISTD_H 1
| #define HAVE_LOCALE_H 1
| #define HAVE_LC_MESSAGES 1
| #define HAVE_BIND_TEXTDOMAIN_CODESET 1
| #define HAVE_GETTEXT 1
| #define HAVE_DCGETTEXT 1
| #define ENABLE_NLS 1
| #define HAVE_DLFCN_H 1
| /* end confdefs.h.  */
| #include <ac_nonexistent.h>
configure:9782: result: g++ -E
configure:9802: g++ -E  conftest.cpp
configure:9802: $? = 0
configure:9816: g++ -E  conftest.cpp
conftest.cpp:29:28: error: ac_nonexistent.h: No such file or directory
configure:9816: $? = 1
configure: failed program was:
| /* confdefs.h */
| #define PACKAGE_NAME "votesim"
| #define PACKAGE_TARNAME "votesim"
| #define PACKAGE_VERSION "1.4.6"
| #define PACKAGE_STRING "votesim 1.4.6"
| #define PACKAGE_BUGREPORT ""
| #define PACKAGE_URL ""
| #define PACKAGE "votesim"
| #define VERSION "1.4.6"
| #define STDC_HEADERS 1
| #define GETTEXT_PACKAGE "votesim"
| #define HAVE_SYS_TYPES_H 1
| #define HAVE_SYS_STAT_H 1
| #define HAVE_STDLIB_H 1
| #define HAVE_STRING_H 1
| #define HAVE_MEMORY_H 1
| #define HAVE_STRINGS_H 1
| #define HAVE_INTTYPES_H 1
| #define HAVE_STDINT_H 1
| #define HAVE_UNISTD_H 1
| #define HAVE_LOCALE_H 1
| #define HAVE_LC_MESSAGES 1
| #define HAVE_BIND_TEXTDOMAIN_CODESET 1
| #define HAVE_GETTEXT 1
| #define HAVE_DCGETTEXT 1
| #define ENABLE_NLS 1
| #define HAVE_DLFCN_H 1
| /* end confdefs.h.  */
| #include <ac_nonexistent.h>
configure:10022: checking for objdir
configure:10037: result: .libs
configure:10329: checking if gcc supports -fno-rtti -fno-exceptions
configure:10347: gcc -c -g -O2  -fno-rtti -fno-exceptions conftest.c >&5
cc1: warning: command line option "-fno-rtti" is valid for C++/ObjC++ but not for C
configure:10351: $? = 0
configure:10364: result: no
configure:10384: checking for gcc option to produce PIC
configure:10656: result: -fPIC -DPIC
configure:10668: checking if gcc PIC flag -fPIC -DPIC works
configure:10686: gcc -c -g -O2  -fPIC -DPIC -DPIC conftest.c >&5
configure:10690: $? = 0
configure:10703: result: yes
configure:10727: checking if gcc static flag -static works
configure:10755: result: yes
configure:10770: checking if gcc supports -c -o file.o
configure:10791: gcc -c -g -O2  -o out/conftest2.o conftest.c >&5
configure:10795: $? = 0
configure:10817: result: yes
configure:10825: checking if gcc supports -c -o file.o
configure:10872: result: yes
configure:10905: checking whether the gcc linker (/usr/bin/ld) supports shared libraries
configure:11896: result: yes
configure:11933: checking whether -lc should be explicitly linked in
configure:11938: gcc -c -g -O2  conftest.c >&5
configure:11941: $? = 0
configure:11956: gcc -shared conftest.o  -v -Wl,-soname -Wl,conftest -o conftest 2\>\&1 \| /bin/grep  -lc  \>/dev/null 2\>\&1
configure:11959: $? = 0
configure:11971: result: no
configure:12135: checking dynamic linker characteristics
configure:12568: gcc -o conftest -g -O2  -Wl,-z,defs -Wl,-O1 -Wl,--as-needed -Wl,--hash-style=gnu -Wl,-rpath -Wl,/foo conftest.c  >&5
configure:12568: $? = 0
configure:12798: result: GNU/Linux ld.so
configure:12900: checking how to hardcode library paths into programs
configure:12925: result: immediate
configure:13445: checking whether stripping libraries is possible
configure:13450: result: yes
configure:13485: checking if libtool supports shared libraries
configure:13487: result: yes
configure:13490: checking whether to build shared libraries
configure:13511: result: yes
configure:13514: checking whether to build static libraries
configure:13518: result: yes
configure:13668: checking for ld used by g++
configure:13735: result: /usr/bin/ld
configure:13742: checking if the linker (/usr/bin/ld) is GNU ld
configure:13757: result: yes
configure:13812: checking whether the g++ linker (/usr/bin/ld) supports shared libraries
configure:14725: result: yes
configure:14753: g++ -c -g -O2  conftest.cpp >&5
configure:14756: $? = 0
configure:14938: checking for g++ option to produce PIC
configure:15255: result: -fPIC -DPIC
configure:15264: checking if g++ PIC flag -fPIC -DPIC works
configure:15282: g++ -c -g -O2  -fPIC -DPIC -DPIC conftest.cpp >&5
configure:15286: $? = 0
configure:15299: result: yes
configure:15320: checking if g++ static flag -static works
configure:15348: result: yes
configure:15360: checking if g++ supports -c -o file.o
configure:15381: g++ -c -g -O2  -o out/conftest2.o conftest.cpp >&5
configure:15385: $? = 0
configure:15407: result: yes
configure:15412: checking if g++ supports -c -o file.o
configure:15459: result: yes
configure:15489: checking whether the g++ linker (/usr/bin/ld) supports shared libraries
configure:15518: result: yes
configure:15655: checking dynamic linker characteristics
configure:16036: g++ -o conftest -g -O2  -Wl,-z,defs -Wl,-O1 -Wl,--as-needed -Wl,--hash-style=gnu -Wl,-rpath -Wl,/foo conftest.cpp  >&5
configure:16036: $? = 0
configure:16266: result: GNU/Linux ld.so
configure:16317: checking how to hardcode library paths into programs
configure:16342: result: immediate
configure:16401: checking for main in -lxml-security-c
configure:16420: gcc -o conftest -g -O2  -Wl,-z,defs -Wl,-O1 -Wl,--as-needed -Wl,--hash-style=gnu conftest.c -lxml-security-c   >&5
configure:16420: $? = 0
configure:16429: result: yes
configure:16493: checking for pkg-config
configure:16511: found /usr/bin/pkg-config
configure:16523: result: /usr/bin/pkg-config
configure:16548: checking pkg-config is at least version 0.9.0
configure:16551: result: yes
configure:16562: checking for VOTESIM
configure:16570: $PKG_CONFIG --exists --print-errors "gtkmm-2.4 >= 2.12 xerces-c libpcsclite libsmartmaticlog libsmartmatic libsmartmaticgui libsaescommon libsaeshardware libsaes libsaesfunctionality libsmartmaticlog liblog4cxx openssl"
configure:16573: $? = 0
configure:16588: $PKG_CONFIG --exists --print-errors "gtkmm-2.4 >= 2.12 xerces-c libpcsclite libsmartmaticlog libsmartmatic libsmartmaticgui libsaescommon libsaeshardware libsaes libsaesfunctionality libsmartmaticlog liblog4cxx openssl"
configure:16591: $? = 0
configure:16646: result: yes
configure:16823: creating ./config.status

## ---------------------- ##
## Running config.status. ##
## ---------------------- ##

This file was extended by votesim config.status 1.4.6, which was
generated by GNU Autoconf 2.65.  Invocation command line was

  CONFIG_FILES    = 
  CONFIG_HEADERS  = 
  CONFIG_LINKS    = 
  CONFIG_COMMANDS = 
  $ ./config.status 

on smtt

config.status:1218: creating Makefile
config.status:1218: creating src/Makefile
config.status:1218: creating log/Makefile
config.status:1218: creating po/Makefile.in
config.status:1218: creating config.h
config.status:1438: executing depfiles commands
config.status:1438: executing default-1 commands
config.status:1438: executing libtool commands
config.status:1438: executing po/stamp-it commands

## ---------------- ##
## Cache variables. ##
## ---------------- ##

ac_cv_build=i686-pc-linux-gnu
ac_cv_c_compiler_gnu=yes
ac_cv_cxx_compiler_gnu=yes
ac_cv_env_CCC_set=
ac_cv_env_CCC_value=
ac_cv_env_CC_set=
ac_cv_env_CC_value=
ac_cv_env_CFLAGS_set=
ac_cv_env_CFLAGS_value=
ac_cv_env_CPPFLAGS_set=
ac_cv_env_CPPFLAGS_value=
ac_cv_env_CPP_set=
ac_cv_env_CPP_value=
ac_cv_env_CXXCPP_set=
ac_cv_env_CXXCPP_value=
ac_cv_env_CXXFLAGS_set=
ac_cv_env_CXXFLAGS_value=
ac_cv_env_CXX_set=
ac_cv_env_CXX_value=
ac_cv_env_LDFLAGS_set=set
ac_cv_env_LDFLAGS_value='-Wl,-z,defs -Wl,-O1 -Wl,--as-needed -Wl,--hash-style=gnu'
ac_cv_env_LIBS_set=
ac_cv_env_LIBS_value=
ac_cv_env_PKG_CONFIG_set=
ac_cv_env_PKG_CONFIG_value=
ac_cv_env_VOTESIM_CFLAGS_set=
ac_cv_env_VOTESIM_CFLAGS_value=
ac_cv_env_VOTESIM_LIBS_set=
ac_cv_env_VOTESIM_LIBS_value=
ac_cv_env_build_alias_set=
ac_cv_env_build_alias_value=
ac_cv_env_host_alias_set=
ac_cv_env_host_alias_value=
ac_cv_env_target_alias_set=
ac_cv_env_target_alias_value=
ac_cv_func_bind_textdomain_codeset=yes
ac_cv_func_dcgettext=yes
ac_cv_header_dlfcn_h=yes
ac_cv_header_inttypes_h=yes
ac_cv_header_libintl_h=yes
ac_cv_header_locale_h=yes
ac_cv_header_memory_h=yes
ac_cv_header_stdc=yes
ac_cv_header_stdint_h=yes
ac_cv_header_stdlib_h=yes
ac_cv_header_string_h=yes
ac_cv_header_strings_h=yes
ac_cv_header_sys_stat_h=yes
ac_cv_header_sys_types_h=yes
ac_cv_header_unistd_h=yes
ac_cv_host=i686-pc-linux-gnu
ac_cv_lib_xml_security_c_main=yes
ac_cv_objext=o
ac_cv_path_EGREP='/bin/grep -E'
ac_cv_path_FGREP='/bin/grep -F'
ac_cv_path_GMSGFMT=/usr/bin/msgfmt
ac_cv_path_GREP=/bin/grep
ac_cv_path_INTLTOOL_EXTRACT=/usr/bin/intltool-extract
ac_cv_path_INTLTOOL_MERGE=/usr/bin/intltool-merge
ac_cv_path_INTLTOOL_PERL=/usr/bin/perl
ac_cv_path_INTLTOOL_UPDATE=/usr/bin/intltool-update
ac_cv_path_MSGFMT=/usr/bin/msgfmt
ac_cv_path_MSGMERGE=/usr/bin/msgmerge
ac_cv_path_SED=/bin/sed
ac_cv_path_XGETTEXT=/usr/bin/xgettext
ac_cv_path_ac_pt_PKG_CONFIG=/usr/bin/pkg-config
ac_cv_path_install='/usr/bin/install -c'
ac_cv_path_mkdir=/bin/mkdir
ac_cv_prog_AWK=gawk
ac_cv_prog_CPP='gcc -E'
ac_cv_prog_CXXCPP='g++ -E'
ac_cv_prog_ac_ct_AR=ar
ac_cv_prog_ac_ct_CC=gcc
ac_cv_prog_ac_ct_CXX=g++
ac_cv_prog_ac_ct_OBJDUMP=objdump
ac_cv_prog_ac_ct_RANLIB=ranlib
ac_cv_prog_ac_ct_STRIP=strip
ac_cv_prog_cc_c89=
ac_cv_prog_cc_g=yes
ac_cv_prog_cxx_g=yes
ac_cv_prog_make_make_set=yes
ac_cv_search_strerror='none required'
am_cv_CC_dependencies_compiler_type=gcc3
am_cv_CXX_dependencies_compiler_type=gcc3
am_cv_prog_cc_stdc=
am_cv_val_LC_MESSAGES=yes
gt_cv_func_dgettext_libc=yes
gt_cv_func_dgettext_libintl=no
gt_cv_func_ngettext_libc=yes
gt_cv_have_gettext=yes
lt_cv_deplibs_check_method=pass_all
lt_cv_file_magic_cmd='$MAGIC_CMD'
lt_cv_file_magic_test_file=
lt_cv_ld_reload_flag=-r
lt_cv_nm_interface='BSD nm'
lt_cv_objdir=.libs
lt_cv_path_LD=/usr/bin/ld
lt_cv_path_LDCXX=/usr/bin/ld
lt_cv_path_NM='/usr/bin/nm -B'
lt_cv_prog_compiler_c_o=yes
lt_cv_prog_compiler_c_o_CXX=yes
lt_cv_prog_compiler_pic_works=yes
lt_cv_prog_compiler_pic_works_CXX=yes
lt_cv_prog_compiler_rtti_exceptions=no
lt_cv_prog_compiler_static_works=yes
lt_cv_prog_compiler_static_works_CXX=yes
lt_cv_prog_gnu_ld=yes
lt_cv_prog_gnu_ldcxx=yes
lt_cv_sys_global_symbol_pipe='sed -n -e '\''s/^.*[	 ]\([ABCDGIRSTW][ABCDGIRSTW]*\)[	 ][	 ]*\([_A-Za-z][_A-Za-z0-9]*\)$/\1 \2 \2/p'\'''
lt_cv_sys_global_symbol_to_c_name_address='sed -n -e '\''s/^: \([^ ]*\) $/  {\"\1\", (void *) 0},/p'\'' -e '\''s/^[ABCDGIRSTW]* \([^ ]*\) \([^ ]*\)$/  {"\2", (void *) \&\2},/p'\'''
lt_cv_sys_global_symbol_to_c_name_address_lib_prefix='sed -n -e '\''s/^: \([^ ]*\) $/  {\"\1\", (void *) 0},/p'\'' -e '\''s/^[ABCDGIRSTW]* \([^ ]*\) \(lib[^ ]*\)$/  {"\2", (void *) \&\2},/p'\'' -e '\''s/^[ABCDGIRSTW]* \([^ ]*\) \([^ ]*\)$/  {"lib\2", (void *) \&\2},/p'\'''
lt_cv_sys_global_symbol_to_cdecl='sed -n -e '\''s/^T .* \(.*\)$/extern int \1();/p'\'' -e '\''s/^[ABCDGIRSTW]* .* \(.*\)$/extern char \1;/p'\'''
lt_cv_sys_max_cmd_len=1572864
pkg_cv_VOTESIM_CFLAGS='-pthread -D_REENTRANT -I/usr/local/include/smartmaticlog -I/usr/local/include/smartmatic -I/usr/local/include/smartmaticgui -I/usr/local/include/saescommon -I/usr/local/include/saeshardware -I/usr/local/include/saes -I/usr/local/include/saesfunctionality -I/usr/include/gtkmm-2.4 -I/usr/lib/gtkmm-2.4/include -I/usr/include/giomm-2.4 -I/usr/lib/giomm-2.4/include -I/usr/include/pangomm-1.4 -I/usr/lib/pangomm-1.4/include -I/usr/include/gtk-2.0 -I/usr/include/gtk-unix-print-2.0 -I/usr/include/atkmm-1.6 -I/usr/include/gdkmm-2.4 -I/usr/lib/gdkmm-2.4/include -I/usr/include/glibmm-2.4 -I/usr/lib/glibmm-2.4/include -I/usr/include/glib-2.0 -I/usr/lib/glib-2.0/include -I/usr/include/sigc++-2.0 -I/usr/lib/sigc++-2.0/include -I/usr/include/cairomm-1.0 -I/usr/lib/cairomm-1.0/include -I/usr/include/pango-1.0 -I/usr/include/cairo -I/usr/include/pixman-1 -I/usr/include/freetype2 -I/usr/include/directfb -I/usr/include/libpng12 -I/usr/lib/gtk-2.0/include -I/usr/include/atk-1.0 -I/usr/include/gio-unix-2.0/ -I/usr/include/PCSC  '
pkg_cv_VOTESIM_LIBS='-pthread -L/usr/local/lib -lgtkmm-2.4 -latkmm-1.6 -lgdkmm-2.4 -lgiomm-2.4 -lpangomm-1.4 -lgtk-x11-2.0 -lglibmm-2.4 -lcairomm-1.0 -lsigc-2.0 -lgdk-x11-2.0 -latk-1.0 -lgio-2.0 -lpangoft2-1.0 -lgdk_pixbuf-2.0 -lm -lpangocairo-1.0 -lcairo -lpango-1.0 -lfreetype -lfontconfig -lgobject-2.0 -lgmodule-2.0 -lgthread-2.0 -lrt -lglib-2.0 -lxerces-c -lpcsclite -lsmartmatic -lsmartmaticgui -lsaescommon -lsaeshardware -lsaes -lsaesfunctionality -lsmartmaticlog -llog4cxx -lssl -lcrypto  '

## ----------------- ##
## Output variables. ##
## ----------------- ##

ACLOCAL='${SHELL} /home/smtt/SAES1.4.6/utility/votesim/missing --run aclocal-1.11'
ALL_LINGUAS=''
AMDEPBACKSLASH='\'
AMDEP_FALSE='#'
AMDEP_TRUE=''
AMTAR='${SHELL} /home/smtt/SAES1.4.6/utility/votesim/missing --run tar'
AM_BACKSLASH='\'
AM_DEFAULT_VERBOSITY='0'
AR='ar'
AUTOCONF='${SHELL} /home/smtt/SAES1.4.6/utility/votesim/missing --run autoconf'
AUTOHEADER='${SHELL} /home/smtt/SAES1.4.6/utility/votesim/missing --run autoheader'
AUTOMAKE='${SHELL} /home/smtt/SAES1.4.6/utility/votesim/missing --run automake-1.11'
AWK='gawk'
CATALOGS=''
CATOBJEXT='.gmo'
CC='gcc'
CCDEPMODE='depmode=gcc3'
CFLAGS='-g -O2'
CPP='gcc -E'
CPPFLAGS=''
CXX='g++'
CXXCPP='g++ -E'
CXXDEPMODE='depmode=gcc3'
CXXFLAGS='-g -O2'
CYGPATH_W='echo'
DATADIR='/usr/local/share'
DATADIRNAME='share'
DEFS='-DHAVE_CONFIG_H'
DEPDIR='.deps'
DSYMUTIL=''
DUMPBIN=''
ECHO_C=''
ECHO_N='-n'
ECHO_T=''
EGREP='/bin/grep -E'
EXEEXT=''
FGREP='/bin/grep -F'
GETTEXT_PACKAGE='votesim'
GMOFILES=''
GMSGFMT='/usr/bin/msgfmt'
GREP='/bin/grep'
INSTALL_DATA='${INSTALL} -m 644'
INSTALL_PROGRAM='${INSTALL}'
INSTALL_SCRIPT='${INSTALL}'
INSTALL_STRIP_PROGRAM='$(install_sh) -c -s'
INSTOBJEXT='.mo'
INTLLIBS=''
INTLTOOL_CAVES_RULE='%.caves:     %.caves.in     $(INTLTOOL_MERGE) $(wildcard $(top_srcdir)/po/*.po) ; LC_ALL=C $(INTLTOOL_MERGE) -d -u -c $(top_builddir)/po/.intltool-merge-cache $(top_srcdir)/po $< $@'
INTLTOOL_DESKTOP_RULE='%.desktop:   %.desktop.in   $(INTLTOOL_MERGE) $(wildcard $(top_srcdir)/po/*.po) ; LC_ALL=C $(INTLTOOL_MERGE) -d -u -c $(top_builddir)/po/.intltool-merge-cache $(top_srcdir)/po $< $@'
INTLTOOL_DIRECTORY_RULE='%.directory: %.directory.in $(INTLTOOL_MERGE) $(wildcard $(top_srcdir)/po/*.po) ; LC_ALL=C $(INTLTOOL_MERGE) -d -u -c $(top_builddir)/po/.intltool-merge-cache $(top_srcdir)/po $< $@'
INTLTOOL_EXTRACT='/usr/bin/intltool-extract'
INTLTOOL_KBD_RULE='%.kbd:       %.kbd.in       $(INTLTOOL_MERGE) $(wildcard $(top_srcdir)/po/*.po) ; LC_ALL=C $(INTLTOOL_MERGE) -x -u -m -c $(top_builddir)/po/.intltool-merge-cache $(top_srcdir)/po $< $@'
INTLTOOL_KEYS_RULE='%.keys:      %.keys.in      $(INTLTOOL_MERGE) $(wildcard $(top_srcdir)/po/*.po) ; LC_ALL=C $(INTLTOOL_MERGE) -k -u -c $(top_builddir)/po/.intltool-merge-cache $(top_srcdir)/po $< $@'
INTLTOOL_MERGE='/usr/bin/intltool-merge'
INTLTOOL_OAF_RULE='%.oaf:       %.oaf.in       $(INTLTOOL_MERGE) $(wildcard $(top_srcdir)/po/*.po) ; LC_ALL=C $(INTLTOOL_MERGE) -o -p $(top_srcdir)/po $< $@'
INTLTOOL_PERL='/usr/bin/perl'
INTLTOOL_POLICY_RULE='%.policy:    %.policy.in    $(INTLTOOL_MERGE) $(wildcard $(top_srcdir)/po/*.po) ; LC_ALL=C $(INTLTOOL_MERGE) -x -u -c $(top_builddir)/po/.intltool-merge-cache $(top_srcdir)/po $< $@'
INTLTOOL_PONG_RULE='%.pong:      %.pong.in      $(INTLTOOL_MERGE) $(wildcard $(top_srcdir)/po/*.po) ; LC_ALL=C $(INTLTOOL_MERGE) -x -u -c $(top_builddir)/po/.intltool-merge-cache $(top_srcdir)/po $< $@'
INTLTOOL_PROP_RULE='%.prop:      %.prop.in      $(INTLTOOL_MERGE) $(wildcard $(top_srcdir)/po/*.po) ; LC_ALL=C $(INTLTOOL_MERGE) -d -u -c $(top_builddir)/po/.intltool-merge-cache $(top_srcdir)/po $< $@'
INTLTOOL_SCHEMAS_RULE='%.schemas:   %.schemas.in   $(INTLTOOL_MERGE) $(wildcard $(top_srcdir)/po/*.po) ; LC_ALL=C $(INTLTOOL_MERGE) -s -u -c $(top_builddir)/po/.intltool-merge-cache $(top_srcdir)/po $< $@'
INTLTOOL_SERVER_RULE='%.server:    %.server.in    $(INTLTOOL_MERGE) $(wildcard $(top_srcdir)/po/*.po) ; LC_ALL=C $(INTLTOOL_MERGE) -o -u -c $(top_builddir)/po/.intltool-merge-cache $(top_srcdir)/po $< $@'
INTLTOOL_SERVICE_RULE='%.service: %.service.in   $(INTLTOOL_MERGE) $(wildcard $(top_srcdir)/po/*.po) ; LC_ALL=C $(INTLTOOL_MERGE) -d -u -c $(top_builddir)/po/.intltool-merge-cache $(top_srcdir)/po $< $@'
INTLTOOL_SHEET_RULE='%.sheet:     %.sheet.in     $(INTLTOOL_MERGE) $(wildcard $(top_srcdir)/po/*.po) ; LC_ALL=C $(INTLTOOL_MERGE) -x -u -c $(top_builddir)/po/.intltool-merge-cache $(top_srcdir)/po $< $@'
INTLTOOL_SOUNDLIST_RULE='%.soundlist: %.soundlist.in $(INTLTOOL_MERGE) $(wildcard $(top_srcdir)/po/*.po) ; LC_ALL=C $(INTLTOOL_MERGE) -d -u -c $(top_builddir)/po/.intltool-merge-cache $(top_srcdir)/po $< $@'
INTLTOOL_THEME_RULE='%.theme:     %.theme.in     $(INTLTOOL_MERGE) $(wildcard $(top_srcdir)/po/*.po) ; LC_ALL=C $(INTLTOOL_MERGE) -d -u -c $(top_builddir)/po/.intltool-merge-cache $(top_srcdir)/po $< $@'
INTLTOOL_UI_RULE='%.ui:        %.ui.in        $(INTLTOOL_MERGE) $(wildcard $(top_srcdir)/po/*.po) ; LC_ALL=C $(INTLTOOL_MERGE) -x -u -c $(top_builddir)/po/.intltool-merge-cache $(top_srcdir)/po $< $@'
INTLTOOL_UPDATE='/usr/bin/intltool-update'
INTLTOOL_XAM_RULE='%.xam:       %.xml.in       $(INTLTOOL_MERGE) $(wildcard $(top_srcdir)/po/*.po) ; LC_ALL=C $(INTLTOOL_MERGE) -x -u -c $(top_builddir)/po/.intltool-merge-cache $(top_srcdir)/po $< $@'
INTLTOOL_XML_NOMERGE_RULE='%.xml:       %.xml.in       $(INTLTOOL_MERGE) ; LC_ALL=C $(INTLTOOL_MERGE) -x -u /tmp $< $@'
INTLTOOL_XML_RULE='%.xml:       %.xml.in       $(INTLTOOL_MERGE) $(wildcard $(top_srcdir)/po/*.po) ; LC_ALL=C $(INTLTOOL_MERGE) -x -u -c $(top_builddir)/po/.intltool-merge-cache $(top_srcdir)/po $< $@'
LD='/usr/bin/ld'
LDFLAGS='-Wl,-z,defs -Wl,-O1 -Wl,--as-needed -Wl,--hash-style=gnu'
LIBOBJS=''
LIBS='-lxml-security-c '
LIBTOOL='$(SHELL) $(top_builddir)/libtool'
LIPO=''
LN_S='ln -s'
LOGDATADIR='/usr/local/share/votesim/log'
LTLIBOBJS=''
MAINT='#'
MAINTAINER_MODE_FALSE=''
MAINTAINER_MODE_TRUE='#'
MAKEINFO='${SHELL} /home/smtt/SAES1.4.6/utility/votesim/missing --run makeinfo'
MKDIR_P='/bin/mkdir -p'
MKINSTALLDIRS='./mkinstalldirs'
MSGFMT='/usr/bin/msgfmt'
MSGFMT_OPTS='-c'
MSGMERGE='/usr/bin/msgmerge'
NM='/usr/bin/nm -B'
NMEDIT=''
OBJDUMP='objdump'
OBJEXT='o'
OTOOL64=''
OTOOL=''
PACKAGE='votesim'
PACKAGE_BUGREPORT=''
PACKAGE_NAME='votesim'
PACKAGE_STRING='votesim 1.4.6'
PACKAGE_TARNAME='votesim'
PACKAGE_URL=''
PACKAGE_VERSION='1.4.6'
PATH_SEPARATOR=':'
PKG_CONFIG='/usr/bin/pkg-config'
POFILES=''
POSUB='po'
PO_IN_DATADIR_FALSE=''
PO_IN_DATADIR_TRUE=''
RANLIB='ranlib'
SED='/bin/sed'
SET_MAKE=''
SHELL='/bin/bash'
STRIP='strip'
USE_NLS='yes'
VERSION='1.4.6'
VOTESIM_CFLAGS='-pthread -D_REENTRANT -I/usr/local/include/smartmaticlog -I/usr/local/include/smartmatic -I/usr/local/include/smartmaticgui -I/usr/local/include/saescommon -I/usr/local/include/saeshardware -I/usr/local/include/saes -I/usr/local/include/saesfunctionality -I/usr/include/gtkmm-2.4 -I/usr/lib/gtkmm-2.4/include -I/usr/include/giomm-2.4 -I/usr/lib/giomm-2.4/include -I/usr/include/pangomm-1.4 -I/usr/lib/pangomm-1.4/include -I/usr/include/gtk-2.0 -I/usr/include/gtk-unix-print-2.0 -I/usr/include/atkmm-1.6 -I/usr/include/gdkmm-2.4 -I/usr/lib/gdkmm-2.4/include -I/usr/include/glibmm-2.4 -I/usr/lib/glibmm-2.4/include -I/usr/include/glib-2.0 -I/usr/lib/glib-2.0/include -I/usr/include/sigc++-2.0 -I/usr/lib/sigc++-2.0/include -I/usr/include/cairomm-1.0 -I/usr/lib/cairomm-1.0/include -I/usr/include/pango-1.0 -I/usr/include/cairo -I/usr/include/pixman-1 -I/usr/include/freetype2 -I/usr/include/directfb -I/usr/include/libpng12 -I/usr/lib/gtk-2.0/include -I/usr/include/atk-1.0 -I/usr/include/gio-unix-2.0/ -I/usr/include/PCSC  '
VOTESIM_LIBS='-pthread -L/usr/local/lib -lgtkmm-2.4 -latkmm-1.6 -lgdkmm-2.4 -lgiomm-2.4 -lpangomm-1.4 -lgtk-x11-2.0 -lglibmm-2.4 -lcairomm-1.0 -lsigc-2.0 -lgdk-x11-2.0 -latk-1.0 -lgio-2.0 -lpangoft2-1.0 -lgdk_pixbuf-2.0 -lm -lpangocairo-1.0 -lcairo -lpango-1.0 -lfreetype -lfontconfig -lgobject-2.0 -lgmodule-2.0 -lgthread-2.0 -lrt -lglib-2.0 -lxerces-c -lpcsclite -lsmartmatic -lsmartmaticgui -lsaescommon -lsaeshardware -lsaes -lsaesfunctionality -lsmartmaticlog -llog4cxx -lssl -lcrypto  '
XGETTEXT='/usr/bin/xgettext'
ac_ct_CC='gcc'
ac_ct_CXX='g++'
ac_ct_DUMPBIN=''
am__EXEEXT_FALSE=''
am__EXEEXT_TRUE='#'
am__fastdepCC_FALSE='#'
am__fastdepCC_TRUE=''
am__fastdepCXX_FALSE='#'
am__fastdepCXX_TRUE=''
am__include='include'
am__isrc=''
am__leading_dot='.'
am__quote=''
am__tar='${AMTAR} chof - "$$tardir"'
am__untar='${AMTAR} xf -'
bindir='${exec_prefix}/bin'
build='i686-pc-linux-gnu'
build_alias=''
build_cpu='i686'
build_os='linux-gnu'
build_vendor='pc'
datadir='${prefix}/share'
datarootdir='${prefix}/share'
docdir='${datarootdir}/doc/${PACKAGE_TARNAME}'
dvidir='${docdir}'
exec_prefix='/usr/local'
host='i686-pc-linux-gnu'
host_alias=''
host_cpu='i686'
host_os='linux-gnu'
host_vendor='pc'
htmldir='${docdir}'
includedir='${prefix}/include'
infodir='${datarootdir}/info'
install_sh='${SHELL} /home/smtt/SAES1.4.6/utility/votesim/install-sh'
libdir='${exec_prefix}/lib'
libexecdir='${exec_prefix}/libexec'
localedir='${prefix}/share/locale'
localstatedir='${prefix}/var'
lt_ECHO='echo'
mandir='${datarootdir}/man'
mkdir_p='/bin/mkdir -p'
oldincludedir='/usr/include'
pdfdir='${docdir}'
prefix='/usr/local'
program_transform_name='s,x,x,'
psdir='${docdir}'
sbindir='${exec_prefix}/sbin'
sharedstatedir='${prefix}/com'
sysconfdir='/etc'
target_alias=''

## ----------- ##
## confdefs.h. ##
## ----------- ##

/* confdefs.h */
#define PACKAGE_NAME "votesim"
#define PACKAGE_TARNAME "votesim"
#define PACKAGE_VERSION "1.4.6"
#define PACKAGE_STRING "votesim 1.4.6"
#define PACKAGE_BUGREPORT ""
#define PACKAGE_URL ""
#define PACKAGE "votesim"
#define VERSION "1.4.6"
#define STDC_HEADERS 1
#define GETTEXT_PACKAGE "votesim"
#define HAVE_SYS_TYPES_H 1
#define HAVE_SYS_STAT_H 1
#define HAVE_STDLIB_H 1
#define HAVE_STRING_H 1
#define HAVE_MEMORY_H 1
#define HAVE_STRINGS_H 1
#define HAVE_INTTYPES_H 1
#define HAVE_STDINT_H 1
#define HAVE_UNISTD_H 1
#define HAVE_LOCALE_H 1
#define HAVE_LC_MESSAGES 1
#define HAVE_BIND_TEXTDOMAIN_CODESET 1
#define HAVE_GETTEXT 1
#define HAVE_DCGETTEXT 1
#define ENABLE_NLS 1
#define HAVE_DLFCN_H 1
#define LT_OBJDIR ".libs/"
#define HAVE_LIBXML_SECURITY_C 1
#define LOGDATADIR "/usr/local/share/votesim/log"
#define DATADIR "/usr/local/share"

configure: exit 0

## ---------------------- ##
## Running config.status. ##
## ---------------------- ##

This file was extended by votesim config.status 1.4.6, which was
generated by GNU Autoconf 2.65.  Invocation command line was

  CONFIG_FILES    = po/Makefile.in
  CONFIG_HEADERS  = 
  CONFIG_LINKS    = 
  CONFIG_COMMANDS = 
  $ ./config.status 

on smtt

config.status:1218: creating po/Makefile.in
config.status:1438: executing depfiles commands
config.status:1438: executing default-1 commands
config.status:1438: executing libtool commands
config.status:1438: executing po/stamp-it commands
