This file contains any messages produced by compilers while
running configure, to aid debugging if configure makes a mistake.

It was created by libsmartmaticgui configure 1.4.6, which was
generated by GNU Autoconf 2.65.  Invocation command line was

  $ ./configure --prefix /usr/local --exec_prefix /usr/local --sysconfdir=/etc LDFLAGS=-Wl,-z,defs -Wl,-O1 -Wl,--as-needed -Wl,--hash-style=gnu

## --------- ##
## Platform. ##
## --------- ##

hostname = smtt
uname -m = i686
uname -r = 2.6.32-38-generic
uname -s = Linux
uname -v = #83-Ubuntu SMP Wed Jan 4 11:13:04 UTC 2012

/usr/bin/uname -p = unknown
/bin/uname -X     = unknown

/bin/arch              = unknown
/usr/bin/arch -k       = unknown
/usr/convex/getsysinfo = unknown
/usr/bin/hostinfo      = unknown
/bin/machine           = unknown
/usr/bin/oslevel       = unknown
/bin/universe          = unknown

PATH: /opt/java/jre1.6.0_33/bin
PATH: /opt/java/jre1.6.0_33/bin
PATH: /opt/ant/bin
PATH: /opt/ant/bin
PATH: /opt/java/jre1.6.0_33/bin
PATH: /opt/ant/bin
PATH: /usr/local/sbin
PATH: /usr/local/bin
PATH: /usr/sbin
PATH: /usr/bin
PATH: /sbin
PATH: /bin
PATH: /usr/games


## ----------- ##
## Core tests. ##
## ----------- ##

configure:2550: checking for a BSD-compatible install
configure:2618: result: /usr/bin/install -c
configure:2629: checking whether build environment is sane
configure:2679: result: yes
configure:2820: checking for a thread-safe mkdir -p
configure:2859: result: /bin/mkdir -p
configure:2872: checking for gawk
configure:2888: found /usr/bin/gawk
configure:2899: result: gawk
configure:2910: checking whether make sets $(MAKE)
configure:2932: result: yes
configure:3007: checking how to create a ustar tar archive
configure:3020: tar --version
tar (GNU tar) 1.22
Copyright (C) 2009 Free Software Foundation, Inc.
License GPLv3+: GNU GPL version 3 or later <http://gnu.org/licenses/gpl.html>.
This is free software: you are free to change and redistribute it.
There is NO WARRANTY, to the extent permitted by law.

Written by John Gilmore and Jay Fenlason.
configure:3023: $? = 0
configure:3063: tardir=conftest.dir && eval tar --format=ustar -chf - "$tardir" >conftest.tar
configure:3066: $? = 0
configure:3070: tar -xf - <conftest.tar
configure:3073: $? = 0
configure:3086: result: gnutar
configure:3122: checking build system type
configure:3136: result: i686-pc-linux-gnu
configure:3156: checking host system type
configure:3169: result: i686-pc-linux-gnu
configure:3201: checking for style of include used by make
configure:3229: result: GNU
configure:3299: checking for gcc
configure:3315: found /usr/bin/gcc
configure:3326: result: gcc
configure:3555: checking for C compiler version
configure:3564: gcc --version >&5
gcc (Ubuntu 4.4.3-4ubuntu5.1) 4.4.3
Copyright (C) 2009 Free Software Foundation, Inc.
This is free software; see the source for copying conditions.  There is NO
warranty; not even for MERCHANTABILITY or FITNESS FOR A PARTICULAR PURPOSE.

configure:3575: $? = 0
configure:3564: gcc -v >&5
Using built-in specs.
Target: i486-linux-gnu
Configured with: ../src/configure -v --with-pkgversion='Ubuntu 4.4.3-4ubuntu5.1' --with-bugurl=file:///usr/share/doc/gcc-4.4/README.Bugs --enable-languages=c,c++,fortran,objc,obj-c++ --prefix=/usr --enable-shared --enable-multiarch --enable-linker-build-id --with-system-zlib --libexecdir=/usr/lib --without-included-gettext --enable-threads=posix --with-gxx-include-dir=/usr/include/c++/4.4 --program-suffix=-4.4 --enable-nls --enable-clocale=gnu --enable-libstdcxx-debug --enable-plugin --enable-objc-gc --enable-targets=all --disable-werror --with-arch-32=i486 --with-tune=generic --enable-checking=release --build=i486-linux-gnu --host=i486-linux-gnu --target=i486-linux-gnu
Thread model: posix
gcc version 4.4.3 (Ubuntu 4.4.3-4ubuntu5.1) 
configure:3575: $? = 0
configure:3564: gcc -V >&5
gcc: '-V' option must have argument
configure:3575: $? = 1
configure:3564: gcc -qversion >&5
gcc: unrecognized option '-qversion'
gcc: no input files
configure:3575: $? = 1
configure:3595: checking whether the C compiler works
configure:3617: gcc   -Wl,-z,defs -Wl,-O1 -Wl,--as-needed -Wl,--hash-style=gnu conftest.c  >&5
configure:3621: $? = 0
configure:3670: result: yes
configure:3673: checking for C compiler default output file name
configure:3675: result: a.out
configure:3681: checking for suffix of executables
configure:3688: gcc -o conftest   -Wl,-z,defs -Wl,-O1 -Wl,--as-needed -Wl,--hash-style=gnu conftest.c  >&5
configure:3692: $? = 0
configure:3714: result: 
configure:3736: checking whether we are cross compiling
configure:3744: gcc -o conftest   -Wl,-z,defs -Wl,-O1 -Wl,--as-needed -Wl,--hash-style=gnu conftest.c  >&5
configure:3748: $? = 0
configure:3755: ./conftest
configure:3759: $? = 0
configure:3774: result: no
configure:3779: checking for suffix of object files
configure:3801: gcc -c   conftest.c >&5
configure:3805: $? = 0
configure:3826: result: o
configure:3830: checking whether we are using the GNU C compiler
configure:3849: gcc -c   conftest.c >&5
configure:3849: $? = 0
configure:3858: result: yes
configure:3867: checking whether gcc accepts -g
configure:3887: gcc -c -g  conftest.c >&5
configure:3887: $? = 0
configure:3928: result: yes
configure:3945: checking for gcc option to accept ISO C89
configure:4009: gcc  -c -g -O2  conftest.c >&5
configure:4009: $? = 0
configure:4022: result: none needed
configure:4044: checking dependency style of gcc
configure:4154: result: gcc3
configure:4169: checking for a sed that does not truncate output
configure:4233: result: /bin/sed
configure:4251: checking for grep that handles long lines and -e
configure:4309: result: /bin/grep
configure:4314: checking for egrep
configure:4376: result: /bin/grep -E
configure:4381: checking for fgrep
configure:4443: result: /bin/grep -F
configure:4478: checking for ld used by gcc
configure:4545: result: /usr/bin/ld
configure:4552: checking if the linker (/usr/bin/ld) is GNU ld
configure:4567: result: yes
configure:4579: checking for BSD- or MS-compatible name lister (nm)
configure:4628: result: /usr/bin/nm -B
configure:4746: checking the name lister (/usr/bin/nm -B) interface
configure:4753: gcc -c -g -O2  conftest.c >&5
configure:4756: /usr/bin/nm -B "conftest.o"
configure:4759: output
00000000 B some_variable
configure:4766: result: BSD nm
configure:4769: checking whether ln -s works
configure:4773: result: yes
configure:4781: checking the maximum length of command line arguments
configure:4901: result: 1572864
configure:4918: checking whether the shell understands some XSI constructs
configure:4928: result: yes
configure:4932: checking whether the shell understands "+="
configure:4938: result: yes
configure:4973: checking for /usr/bin/ld option to reload object files
configure:4980: result: -r
configure:5049: checking for objdump
configure:5065: found /usr/bin/objdump
configure:5076: result: objdump
configure:5108: checking how to recognize dependent libraries
configure:5304: result: pass_all
configure:5364: checking for ar
configure:5380: found /usr/bin/ar
configure:5391: result: ar
configure:5469: checking for strip
configure:5485: found /usr/bin/strip
configure:5496: result: strip
configure:5568: checking for ranlib
configure:5584: found /usr/bin/ranlib
configure:5595: result: ranlib
configure:5685: checking command to parse /usr/bin/nm -B output from gcc object
configure:5803: gcc -c -g -O2  conftest.c >&5
configure:5806: $? = 0
configure:5810: /usr/bin/nm -B conftest.o \| sed -n -e 's/^.*[	 ]\([ABCDGIRSTW][ABCDGIRSTW]*\)[	 ][	 ]*\([_A-Za-z][_A-Za-z0-9]*\)$/\1 \2 \2/p' \> conftest.nm
configure:5813: $? = 0
configure:5867: gcc -o conftest -g -O2  -Wl,-z,defs -Wl,-O1 -Wl,--as-needed -Wl,--hash-style=gnu conftest.c conftstm.o >&5
configure:5870: $? = 0
configure:5908: result: ok
configure:6717: checking how to run the C preprocessor
configure:6748: gcc -E  conftest.c
configure:6748: $? = 0
configure:6762: gcc -E  conftest.c
conftest.c:11:28: error: ac_nonexistent.h: No such file or directory
configure:6762: $? = 1
configure: failed program was:
| /* confdefs.h */
| #define PACKAGE_NAME "libsmartmaticgui"
| #define PACKAGE_TARNAME "libsmartmaticgui"
| #define PACKAGE_VERSION "1.4.6"
| #define PACKAGE_STRING "libsmartmaticgui 1.4.6"
| #define PACKAGE_BUGREPORT ""
| #define PACKAGE_URL ""
| #define PACKAGE "libsmartmaticgui"
| #define VERSION "1.4.6"
| /* end confdefs.h.  */
| #include <ac_nonexistent.h>
configure:6787: result: gcc -E
configure:6807: gcc -E  conftest.c
configure:6807: $? = 0
configure:6821: gcc -E  conftest.c
conftest.c:11:28: error: ac_nonexistent.h: No such file or directory
configure:6821: $? = 1
configure: failed program was:
| /* confdefs.h */
| #define PACKAGE_NAME "libsmartmaticgui"
| #define PACKAGE_TARNAME "libsmartmaticgui"
| #define PACKAGE_VERSION "1.4.6"
| #define PACKAGE_STRING "libsmartmaticgui 1.4.6"
| #define PACKAGE_BUGREPORT ""
| #define PACKAGE_URL ""
| #define PACKAGE "libsmartmaticgui"
| #define VERSION "1.4.6"
| /* end confdefs.h.  */
| #include <ac_nonexistent.h>
configure:6850: checking for ANSI C header files
configure:6870: gcc -c -g -O2  conftest.c >&5
configure:6870: $? = 0
configure:6943: gcc -o conftest -g -O2  -Wl,-z,defs -Wl,-O1 -Wl,--as-needed -Wl,--hash-style=gnu conftest.c  >&5
configure:6943: $? = 0
configure:6943: ./conftest
configure:6943: $? = 0
configure:6954: result: yes
configure:6967: checking for sys/types.h
configure:6967: gcc -c -g -O2  conftest.c >&5
configure:6967: $? = 0
configure:6967: result: yes
configure:6967: checking for sys/stat.h
configure:6967: gcc -c -g -O2  conftest.c >&5
configure:6967: $? = 0
configure:6967: result: yes
configure:6967: checking for stdlib.h
configure:6967: gcc -c -g -O2  conftest.c >&5
configure:6967: $? = 0
configure:6967: result: yes
configure:6967: checking for string.h
configure:6967: gcc -c -g -O2  conftest.c >&5
configure:6967: $? = 0
configure:6967: result: yes
configure:6967: checking for memory.h
configure:6967: gcc -c -g -O2  conftest.c >&5
configure:6967: $? = 0
configure:6967: result: yes
configure:6967: checking for strings.h
configure:6967: gcc -c -g -O2  conftest.c >&5
configure:6967: $? = 0
configure:6967: result: yes
configure:6967: checking for inttypes.h
configure:6967: gcc -c -g -O2  conftest.c >&5
configure:6967: $? = 0
configure:6967: result: yes
configure:6967: checking for stdint.h
configure:6967: gcc -c -g -O2  conftest.c >&5
configure:6967: $? = 0
configure:6967: result: yes
configure:6967: checking for unistd.h
configure:6967: gcc -c -g -O2  conftest.c >&5
configure:6967: $? = 0
configure:6967: result: yes
configure:6982: checking for dlfcn.h
configure:6982: gcc -c -g -O2  conftest.c >&5
configure:6982: $? = 0
configure:6982: result: yes
configure:7165: checking for objdir
configure:7180: result: .libs
configure:7476: checking if gcc supports -fno-rtti -fno-exceptions
configure:7494: gcc -c -g -O2  -fno-rtti -fno-exceptions conftest.c >&5
cc1: warning: command line option "-fno-rtti" is valid for C++/ObjC++ but not for C
configure:7498: $? = 0
configure:7511: result: no
configure:7531: checking for gcc option to produce PIC
configure:7803: result: -fPIC -DPIC
configure:7815: checking if gcc PIC flag -fPIC -DPIC works
configure:7833: gcc -c -g -O2  -fPIC -DPIC -DPIC conftest.c >&5
configure:7837: $? = 0
configure:7850: result: yes
configure:7874: checking if gcc static flag -static works
configure:7902: result: yes
configure:7917: checking if gcc supports -c -o file.o
configure:7938: gcc -c -g -O2  -o out/conftest2.o conftest.c >&5
configure:7942: $? = 0
configure:7964: result: yes
configure:7972: checking if gcc supports -c -o file.o
configure:8019: result: yes
configure:8052: checking whether the gcc linker (/usr/bin/ld) supports shared libraries
configure:9043: result: yes
configure:9080: checking whether -lc should be explicitly linked in
configure:9085: gcc -c -g -O2  conftest.c >&5
configure:9088: $? = 0
configure:9103: gcc -shared conftest.o  -v -Wl,-soname -Wl,conftest -o conftest 2\>\&1 \| /bin/grep  -lc  \>/dev/null 2\>\&1
configure:9106: $? = 0
configure:9118: result: no
configure:9282: checking dynamic linker characteristics
configure:9715: gcc -o conftest -g -O2  -Wl,-z,defs -Wl,-O1 -Wl,--as-needed -Wl,--hash-style=gnu -Wl,-rpath -Wl,/foo conftest.c  >&5
configure:9715: $? = 0
configure:9945: result: GNU/Linux ld.so
configure:10047: checking how to hardcode library paths into programs
configure:10072: result: immediate
configure:10592: checking whether stripping libraries is possible
configure:10597: result: yes
configure:10632: checking if libtool supports shared libraries
configure:10634: result: yes
configure:10637: checking whether to build shared libraries
configure:10658: result: yes
configure:10661: checking whether to build static libraries
configure:10665: result: no
configure:10715: checking whether to enable maintainer-specific portions of Makefiles
configure:10724: result: no
configure:10738: checking for library containing strerror
configure:10769: gcc -o conftest -g -O2  -Wl,-z,defs -Wl,-O1 -Wl,--as-needed -Wl,--hash-style=gnu conftest.c  >&5
configure:10769: $? = 0
configure:10786: result: none required
configure:10852: checking for g++
configure:10868: found /usr/bin/g++
configure:10879: result: g++
configure:10906: checking for C++ compiler version
configure:10915: g++ --version >&5
g++ (Ubuntu 4.4.3-4ubuntu5.1) 4.4.3
Copyright (C) 2009 Free Software Foundation, Inc.
This is free software; see the source for copying conditions.  There is NO
warranty; not even for MERCHANTABILITY or FITNESS FOR A PARTICULAR PURPOSE.

configure:10926: $? = 0
configure:10915: g++ -v >&5
Using built-in specs.
Target: i486-linux-gnu
Configured with: ../src/configure -v --with-pkgversion='Ubuntu 4.4.3-4ubuntu5.1' --with-bugurl=file:///usr/share/doc/gcc-4.4/README.Bugs --enable-languages=c,c++,fortran,objc,obj-c++ --prefix=/usr --enable-shared --enable-multiarch --enable-linker-build-id --with-system-zlib --libexecdir=/usr/lib --without-included-gettext --enable-threads=posix --with-gxx-include-dir=/usr/include/c++/4.4 --program-suffix=-4.4 --enable-nls --enable-clocale=gnu --enable-libstdcxx-debug --enable-plugin --enable-objc-gc --enable-targets=all --disable-werror --with-arch-32=i486 --with-tune=generic --enable-checking=release --build=i486-linux-gnu --host=i486-linux-gnu --target=i486-linux-gnu
Thread model: posix
gcc version 4.4.3 (Ubuntu 4.4.3-4ubuntu5.1) 
configure:10926: $? = 0
configure:10915: g++ -V >&5
g++: '-V' option must have argument
configure:10926: $? = 1
configure:10915: g++ -qversion >&5
g++: unrecognized option '-qversion'
g++: no input files
configure:10926: $? = 1
configure:10930: checking whether we are using the GNU C++ compiler
configure:10949: g++ -c   conftest.cpp >&5
configure:10949: $? = 0
configure:10958: result: yes
configure:10967: checking whether g++ accepts -g
configure:10987: g++ -c -g  conftest.cpp >&5
configure:10987: $? = 0
configure:11028: result: yes
configure:11053: checking dependency style of g++
configure:11163: result: gcc3
configure:11291: checking for C++ compiler version
configure:11300: g++ --version >&5
g++ (Ubuntu 4.4.3-4ubuntu5.1) 4.4.3
Copyright (C) 2009 Free Software Foundation, Inc.
This is free software; see the source for copying conditions.  There is NO
warranty; not even for MERCHANTABILITY or FITNESS FOR A PARTICULAR PURPOSE.

configure:11311: $? = 0
configure:11300: g++ -v >&5
Using built-in specs.
Target: i486-linux-gnu
Configured with: ../src/configure -v --with-pkgversion='Ubuntu 4.4.3-4ubuntu5.1' --with-bugurl=file:///usr/share/doc/gcc-4.4/README.Bugs --enable-languages=c,c++,fortran,objc,obj-c++ --prefix=/usr --enable-shared --enable-multiarch --enable-linker-build-id --with-system-zlib --libexecdir=/usr/lib --without-included-gettext --enable-threads=posix --with-gxx-include-dir=/usr/include/c++/4.4 --program-suffix=-4.4 --enable-nls --enable-clocale=gnu --enable-libstdcxx-debug --enable-plugin --enable-objc-gc --enable-targets=all --disable-werror --with-arch-32=i486 --with-tune=generic --enable-checking=release --build=i486-linux-gnu --host=i486-linux-gnu --target=i486-linux-gnu
Thread model: posix
gcc version 4.4.3 (Ubuntu 4.4.3-4ubuntu5.1) 
configure:11311: $? = 0
configure:11300: g++ -V >&5
g++: '-V' option must have argument
configure:11311: $? = 1
configure:11300: g++ -qversion >&5
g++: unrecognized option '-qversion'
g++: no input files
configure:11311: $? = 1
configure:11315: checking whether we are using the GNU C++ compiler
configure:11343: result: yes
configure:11352: checking whether g++ accepts -g
configure:11413: result: yes
configure:11438: checking dependency style of g++
configure:11548: result: gcc3
configure:11571: checking how to run the C++ preprocessor
configure:11598: g++ -E  conftest.cpp
configure:11598: $? = 0
configure:11612: g++ -E  conftest.cpp
conftest.cpp:23:28: error: ac_nonexistent.h: No such file or directory
configure:11612: $? = 1
configure: failed program was:
| /* confdefs.h */
| #define PACKAGE_NAME "libsmartmaticgui"
| #define PACKAGE_TARNAME "libsmartmaticgui"
| #define PACKAGE_VERSION "1.4.6"
| #define PACKAGE_STRING "libsmartmaticgui 1.4.6"
| #define PACKAGE_BUGREPORT ""
| #define PACKAGE_URL ""
| #define PACKAGE "libsmartmaticgui"
| #define VERSION "1.4.6"
| #define STDC_HEADERS 1
| #define HAVE_SYS_TYPES_H 1
| #define HAVE_SYS_STAT_H 1
| #define HAVE_STDLIB_H 1
| #define HAVE_STRING_H 1
| #define HAVE_MEMORY_H 1
| #define HAVE_STRINGS_H 1
| #define HAVE_INTTYPES_H 1
| #define HAVE_STDINT_H 1
| #define HAVE_UNISTD_H 1
| #define HAVE_DLFCN_H 1
| #define LT_OBJDIR ".libs/"
| /* end confdefs.h.  */
| #include <ac_nonexistent.h>
configure:11637: result: g++ -E
configure:11657: g++ -E  conftest.cpp
configure:11657: $? = 0
configure:11671: g++ -E  conftest.cpp
conftest.cpp:23:28: error: ac_nonexistent.h: No such file or directory
configure:11671: $? = 1
configure: failed program was:
| /* confdefs.h */
| #define PACKAGE_NAME "libsmartmaticgui"
| #define PACKAGE_TARNAME "libsmartmaticgui"
| #define PACKAGE_VERSION "1.4.6"
| #define PACKAGE_STRING "libsmartmaticgui 1.4.6"
| #define PACKAGE_BUGREPORT ""
| #define PACKAGE_URL ""
| #define PACKAGE "libsmartmaticgui"
| #define VERSION "1.4.6"
| #define STDC_HEADERS 1
| #define HAVE_SYS_TYPES_H 1
| #define HAVE_SYS_STAT_H 1
| #define HAVE_STDLIB_H 1
| #define HAVE_STRING_H 1
| #define HAVE_MEMORY_H 1
| #define HAVE_STRINGS_H 1
| #define HAVE_INTTYPES_H 1
| #define HAVE_STDINT_H 1
| #define HAVE_UNISTD_H 1
| #define HAVE_DLFCN_H 1
| #define LT_OBJDIR ".libs/"
| /* end confdefs.h.  */
| #include <ac_nonexistent.h>
configure:11839: checking for ld used by g++
configure:11906: result: /usr/bin/ld
configure:11913: checking if the linker (/usr/bin/ld) is GNU ld
configure:11928: result: yes
configure:11983: checking whether the g++ linker (/usr/bin/ld) supports shared libraries
configure:12896: result: yes
configure:12924: g++ -c -g -O2  conftest.cpp >&5
configure:12927: $? = 0
configure:13109: checking for g++ option to produce PIC
configure:13426: result: -fPIC -DPIC
configure:13435: checking if g++ PIC flag -fPIC -DPIC works
configure:13453: g++ -c -g -O2  -fPIC -DPIC -DPIC conftest.cpp >&5
configure:13457: $? = 0
configure:13470: result: yes
configure:13491: checking if g++ static flag -static works
configure:13519: result: yes
configure:13531: checking if g++ supports -c -o file.o
configure:13552: g++ -c -g -O2  -o out/conftest2.o conftest.cpp >&5
configure:13556: $? = 0
configure:13578: result: yes
configure:13583: checking if g++ supports -c -o file.o
configure:13630: result: yes
configure:13660: checking whether the g++ linker (/usr/bin/ld) supports shared libraries
configure:13689: result: yes
configure:13826: checking dynamic linker characteristics
configure:14207: g++ -o conftest -g -O2  -Wl,-z,defs -Wl,-O1 -Wl,--as-needed -Wl,--hash-style=gnu -Wl,-rpath -Wl,/foo conftest.cpp  >&5
configure:14207: $? = 0
configure:14437: result: GNU/Linux ld.so
configure:14488: checking how to hardcode library paths into programs
configure:14513: result: immediate
configure:14600: checking for gcc
configure:14627: result: gcc
configure:14856: checking for C compiler version
configure:14865: gcc --version >&5
gcc (Ubuntu 4.4.3-4ubuntu5.1) 4.4.3
Copyright (C) 2009 Free Software Foundation, Inc.
This is free software; see the source for copying conditions.  There is NO
warranty; not even for MERCHANTABILITY or FITNESS FOR A PARTICULAR PURPOSE.

configure:14876: $? = 0
configure:14865: gcc -v >&5
Using built-in specs.
Target: i486-linux-gnu
Configured with: ../src/configure -v --with-pkgversion='Ubuntu 4.4.3-4ubuntu5.1' --with-bugurl=file:///usr/share/doc/gcc-4.4/README.Bugs --enable-languages=c,c++,fortran,objc,obj-c++ --prefix=/usr --enable-shared --enable-multiarch --enable-linker-build-id --with-system-zlib --libexecdir=/usr/lib --without-included-gettext --enable-threads=posix --with-gxx-include-dir=/usr/include/c++/4.4 --program-suffix=-4.4 --enable-nls --enable-clocale=gnu --enable-libstdcxx-debug --enable-plugin --enable-objc-gc --enable-targets=all --disable-werror --with-arch-32=i486 --with-tune=generic --enable-checking=release --build=i486-linux-gnu --host=i486-linux-gnu --target=i486-linux-gnu
Thread model: posix
gcc version 4.4.3 (Ubuntu 4.4.3-4ubuntu5.1) 
configure:14876: $? = 0
configure:14865: gcc -V >&5
gcc: '-V' option must have argument
configure:14876: $? = 1
configure:14865: gcc -qversion >&5
gcc: unrecognized option '-qversion'
gcc: no input files
configure:14876: $? = 1
configure:14880: checking whether we are using the GNU C compiler
configure:14908: result: yes
configure:14917: checking whether gcc accepts -g
configure:14978: result: yes
configure:14995: checking for gcc option to accept ISO C89
configure:15072: result: none needed
configure:15094: checking dependency style of gcc
configure:15204: result: gcc3
configure:15224: checking for ANSI C header files
configure:15328: result: yes
configure:15443: checking for pkg-config
configure:15461: found /usr/bin/pkg-config
configure:15473: result: /usr/bin/pkg-config
configure:15498: checking pkg-config is at least version 0.9.0
configure:15501: result: yes
configure:15512: checking for modules
configure:15520: $PKG_CONFIG --exists --print-errors "xerces-c libsmartmatic gtkmm-2.4 >= 2.12 x11 xtst libqrencode glibmm-2.4 libsmartmaticlog"
configure:15523: $? = 0
configure:15538: $PKG_CONFIG --exists --print-errors "xerces-c libsmartmatic gtkmm-2.4 >= 2.12 x11 xtst libqrencode glibmm-2.4 libsmartmaticlog"
configure:15541: $? = 0
configure:15596: result: yes
configure:15605: checking for xsdcxx
configure:15621: found /usr/bin/xsdcxx
configure:15633: result: true
configure:15643: checking for xsd
configure:15671: result: false
configure:15755: checking locale.h usability
configure:15755: gcc -c -g -O2  conftest.c >&5
configure:15755: $? = 0
configure:15755: result: yes
configure:15755: checking locale.h presence
configure:15755: gcc -E  conftest.c
configure:15755: $? = 0
configure:15755: result: yes
configure:15755: checking for locale.h
configure:15755: result: yes
configure:15766: checking for LC_MESSAGES
configure:15782: gcc -o conftest -g -O2  -Wl,-z,defs -Wl,-O1 -Wl,--as-needed -Wl,--hash-style=gnu conftest.c  >&5
configure:15782: $? = 0
configure:15790: result: yes
configure:15807: checking libintl.h usability
configure:15807: gcc -c -g -O2  conftest.c >&5
configure:15807: $? = 0
configure:15807: result: yes
configure:15807: checking libintl.h presence
configure:15807: gcc -E  conftest.c
configure:15807: $? = 0
configure:15807: result: yes
configure:15807: checking for libintl.h
configure:15807: result: yes
configure:15815: checking for ngettext in libc
configure:15833: gcc -o conftest -g -O2  -Wl,-z,defs -Wl,-O1 -Wl,--as-needed -Wl,--hash-style=gnu conftest.c  >&5
configure:15833: $? = 0
configure:15842: result: yes
configure:15846: checking for dgettext in libc
configure:15864: gcc -o conftest -g -O2  -Wl,-z,defs -Wl,-O1 -Wl,--as-needed -Wl,--hash-style=gnu conftest.c  >&5
configure:15864: $? = 0
configure:15873: result: yes
configure:15880: checking for bind_textdomain_codeset
configure:15880: gcc -o conftest -g -O2  -Wl,-z,defs -Wl,-O1 -Wl,--as-needed -Wl,--hash-style=gnu conftest.c  >&5
configure:15880: $? = 0
configure:15880: result: yes
configure:16156: checking for msgfmt
configure:16183: result: /usr/bin/msgfmt
configure:16194: checking for dcgettext
configure:16194: gcc -o conftest -g -O2  -Wl,-z,defs -Wl,-O1 -Wl,--as-needed -Wl,--hash-style=gnu conftest.c   >&5
conftest.c:55: warning: conflicting types for built-in function 'dcgettext'
configure:16194: $? = 0
configure:16194: result: yes
configure:16204: checking if msgfmt accepts -c
configure:16219: $MSGFMT -c -o /dev/null conftest.foo
configure:16222: $? = 0
configure:16224: result: yes
configure:16234: checking for gmsgfmt
configure:16265: result: /usr/bin/msgfmt
configure:16275: checking for xgettext
configure:16302: result: /usr/bin/xgettext
configure:16321: gcc -o conftest -g -O2  -Wl,-z,defs -Wl,-O1 -Wl,--as-needed -Wl,--hash-style=gnu conftest.c   >&5
configure:16321: $? = 0
configure:16457: checking whether NLS is requested
configure:16466: result: yes
configure:16481: checking for intltool >= 0.35.0
configure:16488: result: 0.41.0 found
configure:16496: checking for intltool-update
configure:16514: found /usr/bin/intltool-update
configure:16526: result: /usr/bin/intltool-update
configure:16536: checking for intltool-merge
configure:16554: found /usr/bin/intltool-merge
configure:16566: result: /usr/bin/intltool-merge
configure:16576: checking for intltool-extract
configure:16594: found /usr/bin/intltool-extract
configure:16606: result: /usr/bin/intltool-extract
configure:16737: checking for xgettext
configure:16767: result: /usr/bin/xgettext
configure:16777: checking for msgmerge
configure:16795: found /usr/bin/msgmerge
configure:16807: result: /usr/bin/msgmerge
configure:16817: checking for msgfmt
configure:16847: result: /usr/bin/msgfmt
configure:16857: checking for gmsgfmt
configure:16888: result: /usr/bin/msgfmt
configure:16908: checking for perl
configure:16926: found /usr/bin/perl
configure:16938: result: /usr/bin/perl
configure:16949: checking for perl >= 5.8.1
configure:16956: result: 5.10.1
configure:16960: checking for XML::Parser
configure:16963: result: ok
configure:17047: checking for doxygen
configure:17063: found /usr/bin/doxygen
configure:17074: result: doxygen
configure:17109: WARNING: Continuing without doxygen support
configure:17262: creating ./config.status

## ---------------------- ##
## Running config.status. ##
## ---------------------- ##

This file was extended by libsmartmaticgui config.status 1.4.6, which was
generated by GNU Autoconf 2.65.  Invocation command line was

  CONFIG_FILES    = 
  CONFIG_HEADERS  = 
  CONFIG_LINKS    = 
  CONFIG_COMMANDS = 
  $ ./config.status 

on smtt

config.status:1239: creating Makefile
config.status:1239: creating src/libsmartmaticgui.pc
config.status:1239: creating src/Makefile
config.status:1239: creating ui/Makefile
config.status:1239: creating src/XSDTemplates/Makefile
config.status:1239: creating src/Configuration/Makefile
config.status:1239: creating src/Configuration/GeneratedClasses/Makefile
config.status:1239: creating src/Configuration/GeneratedClasses/Configuration/Makefile
config.status:1239: creating docs/Makefile
config.status:1239: creating po/Makefile.in
config.status:1239: creating config.h
config.status:1459: executing depfiles commands
config.status:1459: executing libtool commands
config.status:1459: executing default-1 commands
config.status:1459: executing po/stamp-it commands

## ---------------- ##
## Cache variables. ##
## ---------------- ##

ac_cv_build=i686-pc-linux-gnu
ac_cv_c_compiler_gnu=yes
ac_cv_cxx_compiler_gnu=yes
ac_cv_env_CCC_set=
ac_cv_env_CCC_value=
ac_cv_env_CC_set=
ac_cv_env_CC_value=
ac_cv_env_CFLAGS_set=
ac_cv_env_CFLAGS_value=
ac_cv_env_CPPFLAGS_set=
ac_cv_env_CPPFLAGS_value=
ac_cv_env_CPP_set=
ac_cv_env_CPP_value=
ac_cv_env_CXXCPP_set=
ac_cv_env_CXXCPP_value=
ac_cv_env_CXXFLAGS_set=
ac_cv_env_CXXFLAGS_value=
ac_cv_env_CXX_set=
ac_cv_env_CXX_value=
ac_cv_env_LDFLAGS_set=set
ac_cv_env_LDFLAGS_value='-Wl,-z,defs -Wl,-O1 -Wl,--as-needed -Wl,--hash-style=gnu'
ac_cv_env_LIBS_set=
ac_cv_env_LIBS_value=
ac_cv_env_PKG_CONFIG_set=
ac_cv_env_PKG_CONFIG_value=
ac_cv_env_build_alias_set=
ac_cv_env_build_alias_value=
ac_cv_env_host_alias_set=
ac_cv_env_host_alias_value=
ac_cv_env_modules_CFLAGS_set=
ac_cv_env_modules_CFLAGS_value=
ac_cv_env_modules_LIBS_set=
ac_cv_env_modules_LIBS_value=
ac_cv_env_target_alias_set=
ac_cv_env_target_alias_value=
ac_cv_func_bind_textdomain_codeset=yes
ac_cv_func_dcgettext=yes
ac_cv_header_dlfcn_h=yes
ac_cv_header_inttypes_h=yes
ac_cv_header_libintl_h=yes
ac_cv_header_locale_h=yes
ac_cv_header_memory_h=yes
ac_cv_header_stdc=yes
ac_cv_header_stdint_h=yes
ac_cv_header_stdlib_h=yes
ac_cv_header_string_h=yes
ac_cv_header_strings_h=yes
ac_cv_header_sys_stat_h=yes
ac_cv_header_sys_types_h=yes
ac_cv_header_unistd_h=yes
ac_cv_host=i686-pc-linux-gnu
ac_cv_objext=o
ac_cv_path_EGREP='/bin/grep -E'
ac_cv_path_FGREP='/bin/grep -F'
ac_cv_path_GMSGFMT=/usr/bin/msgfmt
ac_cv_path_GREP=/bin/grep
ac_cv_path_INTLTOOL_EXTRACT=/usr/bin/intltool-extract
ac_cv_path_INTLTOOL_MERGE=/usr/bin/intltool-merge
ac_cv_path_INTLTOOL_PERL=/usr/bin/perl
ac_cv_path_INTLTOOL_UPDATE=/usr/bin/intltool-update
ac_cv_path_MSGFMT=/usr/bin/msgfmt
ac_cv_path_MSGMERGE=/usr/bin/msgmerge
ac_cv_path_SED=/bin/sed
ac_cv_path_XGETTEXT=/usr/bin/xgettext
ac_cv_path_ac_pt_PKG_CONFIG=/usr/bin/pkg-config
ac_cv_path_install='/usr/bin/install -c'
ac_cv_path_mkdir=/bin/mkdir
ac_cv_prog_AWK=gawk
ac_cv_prog_CPP='gcc -E'
ac_cv_prog_CXXCPP='g++ -E'
ac_cv_prog_DOXYGEN=doxygen
ac_cv_prog_HAVE_XSD=false
ac_cv_prog_HAVE_XSDCXX=true
ac_cv_prog_ac_ct_AR=ar
ac_cv_prog_ac_ct_CC=gcc
ac_cv_prog_ac_ct_CXX=g++
ac_cv_prog_ac_ct_OBJDUMP=objdump
ac_cv_prog_ac_ct_RANLIB=ranlib
ac_cv_prog_ac_ct_STRIP=strip
ac_cv_prog_cc_c89=
ac_cv_prog_cc_g=yes
ac_cv_prog_cxx_g=yes
ac_cv_prog_make_make_set=yes
ac_cv_search_strerror='none required'
am_cv_CC_dependencies_compiler_type=gcc3
am_cv_CXX_dependencies_compiler_type=gcc3
am_cv_prog_cc_stdc=
am_cv_prog_tar_ustar=gnutar
am_cv_val_LC_MESSAGES=yes
gt_cv_func_dgettext_libc=yes
gt_cv_func_dgettext_libintl=no
gt_cv_func_ngettext_libc=yes
gt_cv_have_gettext=yes
lt_cv_deplibs_check_method=pass_all
lt_cv_file_magic_cmd='$MAGIC_CMD'
lt_cv_file_magic_test_file=
lt_cv_ld_reload_flag=-r
lt_cv_nm_interface='BSD nm'
lt_cv_objdir=.libs
lt_cv_path_LD=/usr/bin/ld
lt_cv_path_LDCXX=/usr/bin/ld
lt_cv_path_NM='/usr/bin/nm -B'
lt_cv_prog_compiler_c_o=yes
lt_cv_prog_compiler_c_o_CXX=yes
lt_cv_prog_compiler_pic_works=yes
lt_cv_prog_compiler_pic_works_CXX=yes
lt_cv_prog_compiler_rtti_exceptions=no
lt_cv_prog_compiler_static_works=yes
lt_cv_prog_compiler_static_works_CXX=yes
lt_cv_prog_gnu_ld=yes
lt_cv_prog_gnu_ldcxx=yes
lt_cv_sys_global_symbol_pipe='sed -n -e '\''s/^.*[	 ]\([ABCDGIRSTW][ABCDGIRSTW]*\)[	 ][	 ]*\([_A-Za-z][_A-Za-z0-9]*\)$/\1 \2 \2/p'\'''
lt_cv_sys_global_symbol_to_c_name_address='sed -n -e '\''s/^: \([^ ]*\) $/  {\"\1\", (void *) 0},/p'\'' -e '\''s/^[ABCDGIRSTW]* \([^ ]*\) \([^ ]*\)$/  {"\2", (void *) \&\2},/p'\'''
lt_cv_sys_global_symbol_to_c_name_address_lib_prefix='sed -n -e '\''s/^: \([^ ]*\) $/  {\"\1\", (void *) 0},/p'\'' -e '\''s/^[ABCDGIRSTW]* \([^ ]*\) \(lib[^ ]*\)$/  {"\2", (void *) \&\2},/p'\'' -e '\''s/^[ABCDGIRSTW]* \([^ ]*\) \([^ ]*\)$/  {"lib\2", (void *) \&\2},/p'\'''
lt_cv_sys_global_symbol_to_cdecl='sed -n -e '\''s/^T .* \(.*\)$/extern int \1();/p'\'' -e '\''s/^[ABCDGIRSTW]* .* \(.*\)$/extern char \1;/p'\'''
lt_cv_sys_max_cmd_len=1572864
pkg_cv_modules_CFLAGS='-pthread -D_REENTRANT -I/usr/local/include/smartmatic -I/usr/local/include/smartmaticlog -I/usr/include/gtkmm-2.4 -I/usr/lib/gtkmm-2.4/include -I/usr/include/giomm-2.4 -I/usr/lib/giomm-2.4/include -I/usr/include/pangomm-1.4 -I/usr/lib/pangomm-1.4/include -I/usr/include/gtk-2.0 -I/usr/include/gtk-unix-print-2.0 -I/usr/include/atkmm-1.6 -I/usr/include/gdkmm-2.4 -I/usr/lib/gdkmm-2.4/include -I/usr/include/glibmm-2.4 -I/usr/lib/glibmm-2.4/include -I/usr/include/glib-2.0 -I/usr/lib/glib-2.0/include -I/usr/include/sigc++-2.0 -I/usr/lib/sigc++-2.0/include -I/usr/include/cairomm-1.0 -I/usr/lib/cairomm-1.0/include -I/usr/include/pango-1.0 -I/usr/include/cairo -I/usr/include/pixman-1 -I/usr/include/freetype2 -I/usr/include/directfb -I/usr/include/libpng12 -I/usr/lib/gtk-2.0/include -I/usr/include/atk-1.0 -I/usr/include/gio-unix-2.0/  '
pkg_cv_modules_LIBS='-pthread -L/usr/local/lib -lxerces-c -lsmartmatic -lgtkmm-2.4 -latkmm-1.6 -lgdkmm-2.4 -lgiomm-2.4 -lpangomm-1.4 -lgtk-x11-2.0 -lcairomm-1.0 -lgdk-x11-2.0 -latk-1.0 -lgio-2.0 -lpangoft2-1.0 -lgdk_pixbuf-2.0 -lm -lpangocairo-1.0 -lcairo -lpango-1.0 -lfreetype -lfontconfig -lgmodule-2.0 -lX11 -lXtst -lqrencode -lglibmm-2.4 -lgobject-2.0 -lsigc-2.0 -lgthread-2.0 -lrt -lglib-2.0 -lsmartmaticlog  '

## ----------------- ##
## Output variables. ##
## ----------------- ##

ACLOCAL='${SHELL} /home/smtt/SAES1.4.6/smartmaticgui/missing --run aclocal-1.11'
ADD_RELEASE_FALSE='#'
ADD_RELEASE_TRUE=''
ALL_LINGUAS=''
AMDEPBACKSLASH='\'
AMDEP_FALSE='#'
AMDEP_TRUE=''
AMTAR='${SHELL} /home/smtt/SAES1.4.6/smartmaticgui/missing --run tar'
AR='ar'
AUTOCONF='${SHELL} /home/smtt/SAES1.4.6/smartmaticgui/missing --run autoconf'
AUTOHEADER='${SHELL} /home/smtt/SAES1.4.6/smartmaticgui/missing --run autoheader'
AUTOMAKE='${SHELL} /home/smtt/SAES1.4.6/smartmaticgui/missing --run automake-1.11'
AWK='gawk'
CATALOGS=''
CATOBJEXT='.gmo'
CC='gcc'
CCDEPMODE='depmode=gcc3'
CFLAGS='-g -O2'
CPP='gcc -E'
CPPFLAGS=''
CXX='g++'
CXXCPP='g++ -E'
CXXDEPMODE='depmode=gcc3'
CXXFLAGS='-Wall -Werror  -g -O2'
CYGPATH_W='echo'
DATADIR='/usr/local/share'
DATADIRNAME='share'
DEFS='-DHAVE_CONFIG_H'
DEPDIR='.deps'
DOXYGEN='doxygen'
DOXYGEN_LOG_FILE='doxygen.log'
DSYMUTIL=''
DUMPBIN=''
ECHO_C=''
ECHO_N='-n'
ECHO_T=''
EGREP='/bin/grep -E'
EXEEXT=''
FGREP='/bin/grep -F'
GETTEXT_PACKAGE='libsmartmaticgui'
GMOFILES=''
GMSGFMT='/usr/bin/msgfmt'
GNOMELOCALEDIR='/usr/local/share/locale'
GREP='/bin/grep'
HAVE_XSD='false'
HAVE_XSDCXX='true'
INSTALL_DATA='${INSTALL} -m 644'
INSTALL_PROGRAM='${INSTALL}'
INSTALL_SCRIPT='${INSTALL}'
INSTALL_STRIP_PROGRAM='$(install_sh) -c -s'
INSTOBJEXT='.mo'
INTLLIBS=''
INTLTOOL_CAVES_RULE='%.caves:     %.caves.in     $(INTLTOOL_MERGE) $(wildcard $(top_srcdir)/po/*.po) ; LC_ALL=C $(INTLTOOL_MERGE) -d -u -c $(top_builddir)/po/.intltool-merge-cache $(top_srcdir)/po $< $@'
INTLTOOL_DESKTOP_RULE='%.desktop:   %.desktop.in   $(INTLTOOL_MERGE) $(wildcard $(top_srcdir)/po/*.po) ; LC_ALL=C $(INTLTOOL_MERGE) -d -u -c $(top_builddir)/po/.intltool-merge-cache $(top_srcdir)/po $< $@'
INTLTOOL_DIRECTORY_RULE='%.directory: %.directory.in $(INTLTOOL_MERGE) $(wildcard $(top_srcdir)/po/*.po) ; LC_ALL=C $(INTLTOOL_MERGE) -d -u -c $(top_builddir)/po/.intltool-merge-cache $(top_srcdir)/po $< $@'
INTLTOOL_EXTRACT='/usr/bin/intltool-extract'
INTLTOOL_KBD_RULE='%.kbd:       %.kbd.in       $(INTLTOOL_MERGE) $(wildcard $(top_srcdir)/po/*.po) ; LC_ALL=C $(INTLTOOL_MERGE) -x -u -m -c $(top_builddir)/po/.intltool-merge-cache $(top_srcdir)/po $< $@'
INTLTOOL_KEYS_RULE='%.keys:      %.keys.in      $(INTLTOOL_MERGE) $(wildcard $(top_srcdir)/po/*.po) ; LC_ALL=C $(INTLTOOL_MERGE) -k -u -c $(top_builddir)/po/.intltool-merge-cache $(top_srcdir)/po $< $@'
INTLTOOL_MERGE='/usr/bin/intltool-merge'
INTLTOOL_OAF_RULE='%.oaf:       %.oaf.in       $(INTLTOOL_MERGE) $(wildcard $(top_srcdir)/po/*.po) ; LC_ALL=C $(INTLTOOL_MERGE) -o -p $(top_srcdir)/po $< $@'
INTLTOOL_PERL='/usr/bin/perl'
INTLTOOL_POLICY_RULE='%.policy:    %.policy.in    $(INTLTOOL_MERGE) $(wildcard $(top_srcdir)/po/*.po) ; LC_ALL=C $(INTLTOOL_MERGE) -x -u -c $(top_builddir)/po/.intltool-merge-cache $(top_srcdir)/po $< $@'
INTLTOOL_PONG_RULE='%.pong:      %.pong.in      $(INTLTOOL_MERGE) $(wildcard $(top_srcdir)/po/*.po) ; LC_ALL=C $(INTLTOOL_MERGE) -x -u -c $(top_builddir)/po/.intltool-merge-cache $(top_srcdir)/po $< $@'
INTLTOOL_PROP_RULE='%.prop:      %.prop.in      $(INTLTOOL_MERGE) $(wildcard $(top_srcdir)/po/*.po) ; LC_ALL=C $(INTLTOOL_MERGE) -d -u -c $(top_builddir)/po/.intltool-merge-cache $(top_srcdir)/po $< $@'
INTLTOOL_SCHEMAS_RULE='%.schemas:   %.schemas.in   $(INTLTOOL_MERGE) $(wildcard $(top_srcdir)/po/*.po) ; LC_ALL=C $(INTLTOOL_MERGE) -s -u -c $(top_builddir)/po/.intltool-merge-cache $(top_srcdir)/po $< $@'
INTLTOOL_SERVER_RULE='%.server:    %.server.in    $(INTLTOOL_MERGE) $(wildcard $(top_srcdir)/po/*.po) ; LC_ALL=C $(INTLTOOL_MERGE) -o -u -c $(top_builddir)/po/.intltool-merge-cache $(top_srcdir)/po $< $@'
INTLTOOL_SERVICE_RULE='%.service: %.service.in   $(INTLTOOL_MERGE) $(wildcard $(top_srcdir)/po/*.po) ; LC_ALL=C $(INTLTOOL_MERGE) -d -u -c $(top_builddir)/po/.intltool-merge-cache $(top_srcdir)/po $< $@'
INTLTOOL_SHEET_RULE='%.sheet:     %.sheet.in     $(INTLTOOL_MERGE) $(wildcard $(top_srcdir)/po/*.po) ; LC_ALL=C $(INTLTOOL_MERGE) -x -u -c $(top_builddir)/po/.intltool-merge-cache $(top_srcdir)/po $< $@'
INTLTOOL_SOUNDLIST_RULE='%.soundlist: %.soundlist.in $(INTLTOOL_MERGE) $(wildcard $(top_srcdir)/po/*.po) ; LC_ALL=C $(INTLTOOL_MERGE) -d -u -c $(top_builddir)/po/.intltool-merge-cache $(top_srcdir)/po $< $@'
INTLTOOL_THEME_RULE='%.theme:     %.theme.in     $(INTLTOOL_MERGE) $(wildcard $(top_srcdir)/po/*.po) ; LC_ALL=C $(INTLTOOL_MERGE) -d -u -c $(top_builddir)/po/.intltool-merge-cache $(top_srcdir)/po $< $@'
INTLTOOL_UI_RULE='%.ui:        %.ui.in        $(INTLTOOL_MERGE) $(wildcard $(top_srcdir)/po/*.po) ; LC_ALL=C $(INTLTOOL_MERGE) -x -u -c $(top_builddir)/po/.intltool-merge-cache $(top_srcdir)/po $< $@'
INTLTOOL_UPDATE='/usr/bin/intltool-update'
INTLTOOL_XAM_RULE='%.xam:       %.xml.in       $(INTLTOOL_MERGE) $(wildcard $(top_srcdir)/po/*.po) ; LC_ALL=C $(INTLTOOL_MERGE) -x -u -c $(top_builddir)/po/.intltool-merge-cache $(top_srcdir)/po $< $@'
INTLTOOL_XML_NOMERGE_RULE='%.xml:       %.xml.in       $(INTLTOOL_MERGE) ; LC_ALL=C $(INTLTOOL_MERGE) -x -u /tmp $< $@'
INTLTOOL_XML_RULE='%.xml:       %.xml.in       $(INTLTOOL_MERGE) $(wildcard $(top_srcdir)/po/*.po) ; LC_ALL=C $(INTLTOOL_MERGE) -x -u -c $(top_builddir)/po/.intltool-merge-cache $(top_srcdir)/po $< $@'
LD='/usr/bin/ld'
LDFLAGS='-Wl,-z,defs -Wl,-O1 -Wl,--as-needed -Wl,--hash-style=gnu'
LIBFIX='6'
LIBMAYOR='1'
LIBMINOR='4'
LIBOBJS=''
LIBS=''
LIBTOOL='$(SHELL) $(top_builddir)/libtool'
LIBVERSION='5'
LIPO=''
LN_S='ln -s'
LTLIBOBJS=''
MAINT='#'
MAINTAINER_MODE_FALSE=''
MAINTAINER_MODE_TRUE='#'
MAKEINFO='${SHELL} /home/smtt/SAES1.4.6/smartmaticgui/missing --run makeinfo'
MAKE_DOXYGEN_DOC_FALSE=''
MAKE_DOXYGEN_DOC_TRUE='#'
MKDIR_P='/bin/mkdir -p'
MKINSTALLDIRS='./mkinstalldirs'
MSGFMT='/usr/bin/msgfmt'
MSGFMT_OPTS='-c'
MSGMERGE='/usr/bin/msgmerge'
NM='/usr/bin/nm -B'
NMEDIT=''
OBJDUMP='objdump'
OBJEXT='o'
OTOOL64=''
OTOOL=''
PACKAGE='libsmartmaticgui'
PACKAGE_BUGREPORT=''
PACKAGE_NAME='libsmartmaticgui'
PACKAGE_STRING='libsmartmaticgui 1.4.6'
PACKAGE_TARNAME='libsmartmaticgui'
PACKAGE_URL=''
PACKAGE_VERSION='1.4.6'
PATH_SEPARATOR=':'
PKG_CONFIG='/usr/bin/pkg-config'
POFILES=''
POSUB='po'
PO_IN_DATADIR_FALSE=''
PO_IN_DATADIR_TRUE=''
RANLIB='ranlib'
SED='/bin/sed'
SET_MAKE=''
SHELL='/bin/bash'
STRIP='strip'
UIDATADIR='/usr/local/share/libsmartmaticgui/ui'
USE_NLS='yes'
VERSION='1.4.6'
XGETTEXT='/usr/bin/xgettext'
XSDCXX='xsdcxx'
XSDFLAGS='	--char-type char 	--show-sloc 	--generate-serialization 	--generate-default-ctor 	--generate-comparison 	--generate-doxygen 	--type-naming ucc 	--function-naming java 	--namespace-map http://www.smartmatic.com/SmartmaticGUIConfiguration=Smartmatic::GUI::Configuration '
ac_ct_CC='gcc'
ac_ct_CXX='g++'
ac_ct_DUMPBIN=''
am__EXEEXT_FALSE=''
am__EXEEXT_TRUE='#'
am__fastdepCC_FALSE='#'
am__fastdepCC_TRUE=''
am__fastdepCXX_FALSE='#'
am__fastdepCXX_TRUE=''
am__include='include'
am__isrc=''
am__leading_dot='.'
am__quote=''
am__tar='tar --format=ustar -chf - "$$tardir"'
am__untar='tar -xf -'
bindir='${exec_prefix}/bin'
build='i686-pc-linux-gnu'
build_alias=''
build_cpu='i686'
build_os='linux-gnu'
build_vendor='pc'
datadir='${prefix}/share'
datarootdir='${prefix}/share'
docdir='${datarootdir}/doc/${PACKAGE_TARNAME}'
dvidir='${docdir}'
exec_prefix='/usr/local'
host='i686-pc-linux-gnu'
host_alias=''
host_cpu='i686'
host_os='linux-gnu'
host_vendor='pc'
htmldir='${docdir}'
includedir='${prefix}/include'
infodir='${datarootdir}/info'
install_sh='${SHELL} /home/smtt/SAES1.4.6/smartmaticgui/install-sh'
libdir='${exec_prefix}/lib'
libexecdir='${exec_prefix}/libexec'
localedir='${prefix}/share/locale'
localstatedir='${prefix}/var'
lt_ECHO='echo'
mandir='${datarootdir}/man'
mkdir_p='/bin/mkdir -p'
modules_CFLAGS='-pthread -D_REENTRANT -I/usr/local/include/smartmatic -I/usr/local/include/smartmaticlog -I/usr/include/gtkmm-2.4 -I/usr/lib/gtkmm-2.4/include -I/usr/include/giomm-2.4 -I/usr/lib/giomm-2.4/include -I/usr/include/pangomm-1.4 -I/usr/lib/pangomm-1.4/include -I/usr/include/gtk-2.0 -I/usr/include/gtk-unix-print-2.0 -I/usr/include/atkmm-1.6 -I/usr/include/gdkmm-2.4 -I/usr/lib/gdkmm-2.4/include -I/usr/include/glibmm-2.4 -I/usr/lib/glibmm-2.4/include -I/usr/include/glib-2.0 -I/usr/lib/glib-2.0/include -I/usr/include/sigc++-2.0 -I/usr/lib/sigc++-2.0/include -I/usr/include/cairomm-1.0 -I/usr/lib/cairomm-1.0/include -I/usr/include/pango-1.0 -I/usr/include/cairo -I/usr/include/pixman-1 -I/usr/include/freetype2 -I/usr/include/directfb -I/usr/include/libpng12 -I/usr/lib/gtk-2.0/include -I/usr/include/atk-1.0 -I/usr/include/gio-unix-2.0/  '
modules_LIBS='-pthread -L/usr/local/lib -lxerces-c -lsmartmatic -lgtkmm-2.4 -latkmm-1.6 -lgdkmm-2.4 -lgiomm-2.4 -lpangomm-1.4 -lgtk-x11-2.0 -lcairomm-1.0 -lgdk-x11-2.0 -latk-1.0 -lgio-2.0 -lpangoft2-1.0 -lgdk_pixbuf-2.0 -lm -lpangocairo-1.0 -lcairo -lpango-1.0 -lfreetype -lfontconfig -lgmodule-2.0 -lX11 -lXtst -lqrencode -lglibmm-2.4 -lgobject-2.0 -lsigc-2.0 -lgthread-2.0 -lrt -lglib-2.0 -lsmartmaticlog  '
oldincludedir='/usr/include'
pdfdir='${docdir}'
prefix='/usr/local'
program_transform_name='s,x,x,'
psdir='${docdir}'
sbindir='${exec_prefix}/sbin'
sharedstatedir='${prefix}/com'
sysconfdir='/etc'
target_alias=''

## ----------- ##
## confdefs.h. ##
## ----------- ##

/* confdefs.h */
#define PACKAGE_NAME "libsmartmaticgui"
#define PACKAGE_TARNAME "libsmartmaticgui"
#define PACKAGE_VERSION "1.4.6"
#define PACKAGE_STRING "libsmartmaticgui 1.4.6"
#define PACKAGE_BUGREPORT ""
#define PACKAGE_URL ""
#define PACKAGE "libsmartmaticgui"
#define VERSION "1.4.6"
#define STDC_HEADERS 1
#define HAVE_SYS_TYPES_H 1
#define HAVE_SYS_STAT_H 1
#define HAVE_STDLIB_H 1
#define HAVE_STRING_H 1
#define HAVE_MEMORY_H 1
#define HAVE_STRINGS_H 1
#define HAVE_INTTYPES_H 1
#define HAVE_STDINT_H 1
#define HAVE_UNISTD_H 1
#define HAVE_DLFCN_H 1
#define LT_OBJDIR ".libs/"
#define STDC_HEADERS 1
#define NAMESPACE_SMARTMATIC_GUI_CONFIGURATION "http://www.smartmatic.com/SmartmaticGUIConfiguration"
#define DATADIR "/usr/local/share"
#define GNOMELOCALEDIR "/usr/local/share/locale"
#define UIDATADIR "/usr/local/share/libsmartmaticgui/ui"
#define HAVE_LOCALE_H 1
#define HAVE_LC_MESSAGES 1
#define HAVE_BIND_TEXTDOMAIN_CODESET 1
#define HAVE_GETTEXT 1
#define HAVE_DCGETTEXT 1
#define ENABLE_NLS 1
#define GETTEXT_PACKAGE "libsmartmaticgui"

configure: exit 0

## ---------------------- ##
## Running config.status. ##
## ---------------------- ##

This file was extended by libsmartmaticgui config.status 1.4.6, which was
generated by GNU Autoconf 2.65.  Invocation command line was

  CONFIG_FILES    = po/Makefile.in
  CONFIG_HEADERS  = 
  CONFIG_LINKS    = 
  CONFIG_COMMANDS = 
  $ ./config.status 

on smtt

config.status:1239: creating po/Makefile.in
config.status:1459: executing depfiles commands
config.status:1459: executing libtool commands
config.status:1459: executing default-1 commands
config.status:1459: executing po/stamp-it commands

## ---------------------- ##
## Running config.status. ##
## ---------------------- ##

This file was extended by libsmartmaticgui config.status 1.4.6, which was
generated by GNU Autoconf 2.65.  Invocation command line was

  CONFIG_FILES    = 
  CONFIG_HEADERS  = 
  CONFIG_LINKS    = 
  CONFIG_COMMANDS = 
  $ ./config.status src/libsmartmaticgui.pc

on smtt

config.status:1239: creating src/libsmartmaticgui.pc
