This file contains any messages produced by compilers while
running configure, to aid debugging if configure makes a mistake.

It was created by libsaeshardware configure 1.4.6, which was
generated by GNU Autoconf 2.65.  Invocation command line was

  $ ./configure --prefix /usr/local --exec_prefix /usr/local --sysconfdir=/etc LDFLAGS=-Wl,-z,defs -Wl,-O1 -Wl,--as-needed -Wl,--hash-style=gnu

## --------- ##
## Platform. ##
## --------- ##

hostname = smtt
uname -m = i686
uname -r = 2.6.32-38-generic
uname -s = Linux
uname -v = #83-Ubuntu SMP Wed Jan 4 11:13:04 UTC 2012

/usr/bin/uname -p = unknown
/bin/uname -X     = unknown

/bin/arch              = unknown
/usr/bin/arch -k       = unknown
/usr/convex/getsysinfo = unknown
/usr/bin/hostinfo      = unknown
/bin/machine           = unknown
/usr/bin/oslevel       = unknown
/bin/universe          = unknown

PATH: /opt/java/jre1.6.0_33/bin
PATH: /opt/java/jre1.6.0_33/bin
PATH: /opt/ant/bin
PATH: /opt/ant/bin
PATH: /opt/java/jre1.6.0_33/bin
PATH: /opt/ant/bin
PATH: /usr/local/sbin
PATH: /usr/local/bin
PATH: /usr/sbin
PATH: /usr/bin
PATH: /sbin
PATH: /bin
PATH: /usr/games


## ----------- ##
## Core tests. ##
## ----------- ##

configure:2548: checking for a BSD-compatible install
configure:2616: result: /usr/bin/install -c
configure:2627: checking whether build environment is sane
configure:2677: result: yes
configure:2818: checking for a thread-safe mkdir -p
configure:2857: result: /bin/mkdir -p
configure:2870: checking for gawk
configure:2886: found /usr/bin/gawk
configure:2897: result: gawk
configure:2908: checking whether make sets $(MAKE)
configure:2930: result: yes
configure:3005: checking how to create a ustar tar archive
configure:3018: tar --version
tar (GNU tar) 1.22
Copyright (C) 2009 Free Software Foundation, Inc.
License GPLv3+: GNU GPL version 3 or later <http://gnu.org/licenses/gpl.html>.
This is free software: you are free to change and redistribute it.
There is NO WARRANTY, to the extent permitted by law.

Written by John Gilmore and Jay Fenlason.
configure:3021: $? = 0
configure:3061: tardir=conftest.dir && eval tar --format=ustar -chf - "$tardir" >conftest.tar
configure:3064: $? = 0
configure:3068: tar -xf - <conftest.tar
configure:3071: $? = 0
configure:3084: result: gnutar
configure:3120: checking build system type
configure:3134: result: i686-pc-linux-gnu
configure:3154: checking host system type
configure:3167: result: i686-pc-linux-gnu
configure:3199: checking for style of include used by make
configure:3227: result: GNU
configure:3297: checking for gcc
configure:3313: found /usr/bin/gcc
configure:3324: result: gcc
configure:3553: checking for C compiler version
configure:3562: gcc --version >&5
gcc (Ubuntu 4.4.3-4ubuntu5.1) 4.4.3
Copyright (C) 2009 Free Software Foundation, Inc.
This is free software; see the source for copying conditions.  There is NO
warranty; not even for MERCHANTABILITY or FITNESS FOR A PARTICULAR PURPOSE.

configure:3573: $? = 0
configure:3562: gcc -v >&5
Using built-in specs.
Target: i486-linux-gnu
Configured with: ../src/configure -v --with-pkgversion='Ubuntu 4.4.3-4ubuntu5.1' --with-bugurl=file:///usr/share/doc/gcc-4.4/README.Bugs --enable-languages=c,c++,fortran,objc,obj-c++ --prefix=/usr --enable-shared --enable-multiarch --enable-linker-build-id --with-system-zlib --libexecdir=/usr/lib --without-included-gettext --enable-threads=posix --with-gxx-include-dir=/usr/include/c++/4.4 --program-suffix=-4.4 --enable-nls --enable-clocale=gnu --enable-libstdcxx-debug --enable-plugin --enable-objc-gc --enable-targets=all --disable-werror --with-arch-32=i486 --with-tune=generic --enable-checking=release --build=i486-linux-gnu --host=i486-linux-gnu --target=i486-linux-gnu
Thread model: posix
gcc version 4.4.3 (Ubuntu 4.4.3-4ubuntu5.1) 
configure:3573: $? = 0
configure:3562: gcc -V >&5
gcc: '-V' option must have argument
configure:3573: $? = 1
configure:3562: gcc -qversion >&5
gcc: unrecognized option '-qversion'
gcc: no input files
configure:3573: $? = 1
configure:3593: checking whether the C compiler works
configure:3615: gcc   -Wl,-z,defs -Wl,-O1 -Wl,--as-needed -Wl,--hash-style=gnu conftest.c  >&5
configure:3619: $? = 0
configure:3668: result: yes
configure:3671: checking for C compiler default output file name
configure:3673: result: a.out
configure:3679: checking for suffix of executables
configure:3686: gcc -o conftest   -Wl,-z,defs -Wl,-O1 -Wl,--as-needed -Wl,--hash-style=gnu conftest.c  >&5
configure:3690: $? = 0
configure:3712: result: 
configure:3734: checking whether we are cross compiling
configure:3742: gcc -o conftest   -Wl,-z,defs -Wl,-O1 -Wl,--as-needed -Wl,--hash-style=gnu conftest.c  >&5
configure:3746: $? = 0
configure:3753: ./conftest
configure:3757: $? = 0
configure:3772: result: no
configure:3777: checking for suffix of object files
configure:3799: gcc -c   conftest.c >&5
configure:3803: $? = 0
configure:3824: result: o
configure:3828: checking whether we are using the GNU C compiler
configure:3847: gcc -c   conftest.c >&5
configure:3847: $? = 0
configure:3856: result: yes
configure:3865: checking whether gcc accepts -g
configure:3885: gcc -c -g  conftest.c >&5
configure:3885: $? = 0
configure:3926: result: yes
configure:3943: checking for gcc option to accept ISO C89
configure:4007: gcc  -c -g -O2  conftest.c >&5
configure:4007: $? = 0
configure:4020: result: none needed
configure:4042: checking dependency style of gcc
configure:4152: result: gcc3
configure:4167: checking for a sed that does not truncate output
configure:4231: result: /bin/sed
configure:4249: checking for grep that handles long lines and -e
configure:4307: result: /bin/grep
configure:4312: checking for egrep
configure:4374: result: /bin/grep -E
configure:4379: checking for fgrep
configure:4441: result: /bin/grep -F
configure:4476: checking for ld used by gcc
configure:4543: result: /usr/bin/ld
configure:4550: checking if the linker (/usr/bin/ld) is GNU ld
configure:4565: result: yes
configure:4577: checking for BSD- or MS-compatible name lister (nm)
configure:4626: result: /usr/bin/nm -B
configure:4744: checking the name lister (/usr/bin/nm -B) interface
configure:4751: gcc -c -g -O2  conftest.c >&5
configure:4754: /usr/bin/nm -B "conftest.o"
configure:4757: output
00000000 B some_variable
configure:4764: result: BSD nm
configure:4767: checking whether ln -s works
configure:4771: result: yes
configure:4779: checking the maximum length of command line arguments
configure:4899: result: 1572864
configure:4916: checking whether the shell understands some XSI constructs
configure:4926: result: yes
configure:4930: checking whether the shell understands "+="
configure:4936: result: yes
configure:4971: checking for /usr/bin/ld option to reload object files
configure:4978: result: -r
configure:5047: checking for objdump
configure:5063: found /usr/bin/objdump
configure:5074: result: objdump
configure:5106: checking how to recognize dependent libraries
configure:5302: result: pass_all
configure:5362: checking for ar
configure:5378: found /usr/bin/ar
configure:5389: result: ar
configure:5467: checking for strip
configure:5483: found /usr/bin/strip
configure:5494: result: strip
configure:5566: checking for ranlib
configure:5582: found /usr/bin/ranlib
configure:5593: result: ranlib
configure:5683: checking command to parse /usr/bin/nm -B output from gcc object
configure:5801: gcc -c -g -O2  conftest.c >&5
configure:5804: $? = 0
configure:5808: /usr/bin/nm -B conftest.o \| sed -n -e 's/^.*[	 ]\([ABCDGIRSTW][ABCDGIRSTW]*\)[	 ][	 ]*\([_A-Za-z][_A-Za-z0-9]*\)$/\1 \2 \2/p' \> conftest.nm
configure:5811: $? = 0
configure:5865: gcc -o conftest -g -O2  -Wl,-z,defs -Wl,-O1 -Wl,--as-needed -Wl,--hash-style=gnu conftest.c conftstm.o >&5
configure:5868: $? = 0
configure:5906: result: ok
configure:6715: checking how to run the C preprocessor
configure:6746: gcc -E  conftest.c
configure:6746: $? = 0
configure:6760: gcc -E  conftest.c
conftest.c:11:28: error: ac_nonexistent.h: No such file or directory
configure:6760: $? = 1
configure: failed program was:
| /* confdefs.h */
| #define PACKAGE_NAME "libsaeshardware"
| #define PACKAGE_TARNAME "libsaeshardware"
| #define PACKAGE_VERSION "1.4.6"
| #define PACKAGE_STRING "libsaeshardware 1.4.6"
| #define PACKAGE_BUGREPORT ""
| #define PACKAGE_URL ""
| #define PACKAGE "libsaeshardware"
| #define VERSION "1.4.6"
| /* end confdefs.h.  */
| #include <ac_nonexistent.h>
configure:6785: result: gcc -E
configure:6805: gcc -E  conftest.c
configure:6805: $? = 0
configure:6819: gcc -E  conftest.c
conftest.c:11:28: error: ac_nonexistent.h: No such file or directory
configure:6819: $? = 1
configure: failed program was:
| /* confdefs.h */
| #define PACKAGE_NAME "libsaeshardware"
| #define PACKAGE_TARNAME "libsaeshardware"
| #define PACKAGE_VERSION "1.4.6"
| #define PACKAGE_STRING "libsaeshardware 1.4.6"
| #define PACKAGE_BUGREPORT ""
| #define PACKAGE_URL ""
| #define PACKAGE "libsaeshardware"
| #define VERSION "1.4.6"
| /* end confdefs.h.  */
| #include <ac_nonexistent.h>
configure:6848: checking for ANSI C header files
configure:6868: gcc -c -g -O2  conftest.c >&5
configure:6868: $? = 0
configure:6941: gcc -o conftest -g -O2  -Wl,-z,defs -Wl,-O1 -Wl,--as-needed -Wl,--hash-style=gnu conftest.c  >&5
configure:6941: $? = 0
configure:6941: ./conftest
configure:6941: $? = 0
configure:6952: result: yes
configure:6965: checking for sys/types.h
configure:6965: gcc -c -g -O2  conftest.c >&5
configure:6965: $? = 0
configure:6965: result: yes
configure:6965: checking for sys/stat.h
configure:6965: gcc -c -g -O2  conftest.c >&5
configure:6965: $? = 0
configure:6965: result: yes
configure:6965: checking for stdlib.h
configure:6965: gcc -c -g -O2  conftest.c >&5
configure:6965: $? = 0
configure:6965: result: yes
configure:6965: checking for string.h
configure:6965: gcc -c -g -O2  conftest.c >&5
configure:6965: $? = 0
configure:6965: result: yes
configure:6965: checking for memory.h
configure:6965: gcc -c -g -O2  conftest.c >&5
configure:6965: $? = 0
configure:6965: result: yes
configure:6965: checking for strings.h
configure:6965: gcc -c -g -O2  conftest.c >&5
configure:6965: $? = 0
configure:6965: result: yes
configure:6965: checking for inttypes.h
configure:6965: gcc -c -g -O2  conftest.c >&5
configure:6965: $? = 0
configure:6965: result: yes
configure:6965: checking for stdint.h
configure:6965: gcc -c -g -O2  conftest.c >&5
configure:6965: $? = 0
configure:6965: result: yes
configure:6965: checking for unistd.h
configure:6965: gcc -c -g -O2  conftest.c >&5
configure:6965: $? = 0
configure:6965: result: yes
configure:6980: checking for dlfcn.h
configure:6980: gcc -c -g -O2  conftest.c >&5
configure:6980: $? = 0
configure:6980: result: yes
configure:7163: checking for objdir
configure:7178: result: .libs
configure:7474: checking if gcc supports -fno-rtti -fno-exceptions
configure:7492: gcc -c -g -O2  -fno-rtti -fno-exceptions conftest.c >&5
cc1: warning: command line option "-fno-rtti" is valid for C++/ObjC++ but not for C
configure:7496: $? = 0
configure:7509: result: no
configure:7529: checking for gcc option to produce PIC
configure:7801: result: -fPIC -DPIC
configure:7813: checking if gcc PIC flag -fPIC -DPIC works
configure:7831: gcc -c -g -O2  -fPIC -DPIC -DPIC conftest.c >&5
configure:7835: $? = 0
configure:7848: result: yes
configure:7872: checking if gcc static flag -static works
configure:7900: result: yes
configure:7915: checking if gcc supports -c -o file.o
configure:7936: gcc -c -g -O2  -o out/conftest2.o conftest.c >&5
configure:7940: $? = 0
configure:7962: result: yes
configure:7970: checking if gcc supports -c -o file.o
configure:8017: result: yes
configure:8050: checking whether the gcc linker (/usr/bin/ld) supports shared libraries
configure:9041: result: yes
configure:9078: checking whether -lc should be explicitly linked in
configure:9083: gcc -c -g -O2  conftest.c >&5
configure:9086: $? = 0
configure:9101: gcc -shared conftest.o  -v -Wl,-soname -Wl,conftest -o conftest 2\>\&1 \| /bin/grep  -lc  \>/dev/null 2\>\&1
configure:9104: $? = 0
configure:9116: result: no
configure:9280: checking dynamic linker characteristics
configure:9713: gcc -o conftest -g -O2  -Wl,-z,defs -Wl,-O1 -Wl,--as-needed -Wl,--hash-style=gnu -Wl,-rpath -Wl,/foo conftest.c  >&5
configure:9713: $? = 0
configure:9943: result: GNU/Linux ld.so
configure:10045: checking how to hardcode library paths into programs
configure:10070: result: immediate
configure:10590: checking whether stripping libraries is possible
configure:10595: result: yes
configure:10630: checking if libtool supports shared libraries
configure:10632: result: yes
configure:10635: checking whether to build shared libraries
configure:10656: result: yes
configure:10659: checking whether to build static libraries
configure:10663: result: no
configure:10713: checking whether to enable maintainer-specific portions of Makefiles
configure:10722: result: no
configure:10736: checking for library containing strerror
configure:10767: gcc -o conftest -g -O2  -Wl,-z,defs -Wl,-O1 -Wl,--as-needed -Wl,--hash-style=gnu conftest.c  >&5
configure:10767: $? = 0
configure:10784: result: none required
configure:10850: checking for g++
configure:10866: found /usr/bin/g++
configure:10877: result: g++
configure:10904: checking for C++ compiler version
configure:10913: g++ --version >&5
g++ (Ubuntu 4.4.3-4ubuntu5.1) 4.4.3
Copyright (C) 2009 Free Software Foundation, Inc.
This is free software; see the source for copying conditions.  There is NO
warranty; not even for MERCHANTABILITY or FITNESS FOR A PARTICULAR PURPOSE.

configure:10924: $? = 0
configure:10913: g++ -v >&5
Using built-in specs.
Target: i486-linux-gnu
Configured with: ../src/configure -v --with-pkgversion='Ubuntu 4.4.3-4ubuntu5.1' --with-bugurl=file:///usr/share/doc/gcc-4.4/README.Bugs --enable-languages=c,c++,fortran,objc,obj-c++ --prefix=/usr --enable-shared --enable-multiarch --enable-linker-build-id --with-system-zlib --libexecdir=/usr/lib --without-included-gettext --enable-threads=posix --with-gxx-include-dir=/usr/include/c++/4.4 --program-suffix=-4.4 --enable-nls --enable-clocale=gnu --enable-libstdcxx-debug --enable-plugin --enable-objc-gc --enable-targets=all --disable-werror --with-arch-32=i486 --with-tune=generic --enable-checking=release --build=i486-linux-gnu --host=i486-linux-gnu --target=i486-linux-gnu
Thread model: posix
gcc version 4.4.3 (Ubuntu 4.4.3-4ubuntu5.1) 
configure:10924: $? = 0
configure:10913: g++ -V >&5
g++: '-V' option must have argument
configure:10924: $? = 1
configure:10913: g++ -qversion >&5
g++: unrecognized option '-qversion'
g++: no input files
configure:10924: $? = 1
configure:10928: checking whether we are using the GNU C++ compiler
configure:10947: g++ -c   conftest.cpp >&5
configure:10947: $? = 0
configure:10956: result: yes
configure:10965: checking whether g++ accepts -g
configure:10985: g++ -c -g  conftest.cpp >&5
configure:10985: $? = 0
configure:11026: result: yes
configure:11051: checking dependency style of g++
configure:11161: result: gcc3
configure:11289: checking for C++ compiler version
configure:11298: g++ --version >&5
g++ (Ubuntu 4.4.3-4ubuntu5.1) 4.4.3
Copyright (C) 2009 Free Software Foundation, Inc.
This is free software; see the source for copying conditions.  There is NO
warranty; not even for MERCHANTABILITY or FITNESS FOR A PARTICULAR PURPOSE.

configure:11309: $? = 0
configure:11298: g++ -v >&5
Using built-in specs.
Target: i486-linux-gnu
Configured with: ../src/configure -v --with-pkgversion='Ubuntu 4.4.3-4ubuntu5.1' --with-bugurl=file:///usr/share/doc/gcc-4.4/README.Bugs --enable-languages=c,c++,fortran,objc,obj-c++ --prefix=/usr --enable-shared --enable-multiarch --enable-linker-build-id --with-system-zlib --libexecdir=/usr/lib --without-included-gettext --enable-threads=posix --with-gxx-include-dir=/usr/include/c++/4.4 --program-suffix=-4.4 --enable-nls --enable-clocale=gnu --enable-libstdcxx-debug --enable-plugin --enable-objc-gc --enable-targets=all --disable-werror --with-arch-32=i486 --with-tune=generic --enable-checking=release --build=i486-linux-gnu --host=i486-linux-gnu --target=i486-linux-gnu
Thread model: posix
gcc version 4.4.3 (Ubuntu 4.4.3-4ubuntu5.1) 
configure:11309: $? = 0
configure:11298: g++ -V >&5
g++: '-V' option must have argument
configure:11309: $? = 1
configure:11298: g++ -qversion >&5
g++: unrecognized option '-qversion'
g++: no input files
configure:11309: $? = 1
configure:11313: checking whether we are using the GNU C++ compiler
configure:11341: result: yes
configure:11350: checking whether g++ accepts -g
configure:11411: result: yes
configure:11436: checking dependency style of g++
configure:11546: result: gcc3
configure:11569: checking how to run the C++ preprocessor
configure:11596: g++ -E  conftest.cpp
configure:11596: $? = 0
configure:11610: g++ -E  conftest.cpp
conftest.cpp:23:28: error: ac_nonexistent.h: No such file or directory
configure:11610: $? = 1
configure: failed program was:
| /* confdefs.h */
| #define PACKAGE_NAME "libsaeshardware"
| #define PACKAGE_TARNAME "libsaeshardware"
| #define PACKAGE_VERSION "1.4.6"
| #define PACKAGE_STRING "libsaeshardware 1.4.6"
| #define PACKAGE_BUGREPORT ""
| #define PACKAGE_URL ""
| #define PACKAGE "libsaeshardware"
| #define VERSION "1.4.6"
| #define STDC_HEADERS 1
| #define HAVE_SYS_TYPES_H 1
| #define HAVE_SYS_STAT_H 1
| #define HAVE_STDLIB_H 1
| #define HAVE_STRING_H 1
| #define HAVE_MEMORY_H 1
| #define HAVE_STRINGS_H 1
| #define HAVE_INTTYPES_H 1
| #define HAVE_STDINT_H 1
| #define HAVE_UNISTD_H 1
| #define HAVE_DLFCN_H 1
| #define LT_OBJDIR ".libs/"
| /* end confdefs.h.  */
| #include <ac_nonexistent.h>
configure:11635: result: g++ -E
configure:11655: g++ -E  conftest.cpp
configure:11655: $? = 0
configure:11669: g++ -E  conftest.cpp
conftest.cpp:23:28: error: ac_nonexistent.h: No such file or directory
configure:11669: $? = 1
configure: failed program was:
| /* confdefs.h */
| #define PACKAGE_NAME "libsaeshardware"
| #define PACKAGE_TARNAME "libsaeshardware"
| #define PACKAGE_VERSION "1.4.6"
| #define PACKAGE_STRING "libsaeshardware 1.4.6"
| #define PACKAGE_BUGREPORT ""
| #define PACKAGE_URL ""
| #define PACKAGE "libsaeshardware"
| #define VERSION "1.4.6"
| #define STDC_HEADERS 1
| #define HAVE_SYS_TYPES_H 1
| #define HAVE_SYS_STAT_H 1
| #define HAVE_STDLIB_H 1
| #define HAVE_STRING_H 1
| #define HAVE_MEMORY_H 1
| #define HAVE_STRINGS_H 1
| #define HAVE_INTTYPES_H 1
| #define HAVE_STDINT_H 1
| #define HAVE_UNISTD_H 1
| #define HAVE_DLFCN_H 1
| #define LT_OBJDIR ".libs/"
| /* end confdefs.h.  */
| #include <ac_nonexistent.h>
configure:11837: checking for ld used by g++
configure:11904: result: /usr/bin/ld
configure:11911: checking if the linker (/usr/bin/ld) is GNU ld
configure:11926: result: yes
configure:11981: checking whether the g++ linker (/usr/bin/ld) supports shared libraries
configure:12894: result: yes
configure:12922: g++ -c -g -O2  conftest.cpp >&5
configure:12925: $? = 0
configure:13107: checking for g++ option to produce PIC
configure:13424: result: -fPIC -DPIC
configure:13433: checking if g++ PIC flag -fPIC -DPIC works
configure:13451: g++ -c -g -O2  -fPIC -DPIC -DPIC conftest.cpp >&5
configure:13455: $? = 0
configure:13468: result: yes
configure:13489: checking if g++ static flag -static works
configure:13517: result: yes
configure:13529: checking if g++ supports -c -o file.o
configure:13550: g++ -c -g -O2  -o out/conftest2.o conftest.cpp >&5
configure:13554: $? = 0
configure:13576: result: yes
configure:13581: checking if g++ supports -c -o file.o
configure:13628: result: yes
configure:13658: checking whether the g++ linker (/usr/bin/ld) supports shared libraries
configure:13687: result: yes
configure:13824: checking dynamic linker characteristics
configure:14205: g++ -o conftest -g -O2  -Wl,-z,defs -Wl,-O1 -Wl,--as-needed -Wl,--hash-style=gnu -Wl,-rpath -Wl,/foo conftest.cpp  >&5
configure:14205: $? = 0
configure:14435: result: GNU/Linux ld.so
configure:14486: checking how to hardcode library paths into programs
configure:14511: result: immediate
configure:14598: checking for gcc
configure:14625: result: gcc
configure:14854: checking for C compiler version
configure:14863: gcc --version >&5
gcc (Ubuntu 4.4.3-4ubuntu5.1) 4.4.3
Copyright (C) 2009 Free Software Foundation, Inc.
This is free software; see the source for copying conditions.  There is NO
warranty; not even for MERCHANTABILITY or FITNESS FOR A PARTICULAR PURPOSE.

configure:14874: $? = 0
configure:14863: gcc -v >&5
Using built-in specs.
Target: i486-linux-gnu
Configured with: ../src/configure -v --with-pkgversion='Ubuntu 4.4.3-4ubuntu5.1' --with-bugurl=file:///usr/share/doc/gcc-4.4/README.Bugs --enable-languages=c,c++,fortran,objc,obj-c++ --prefix=/usr --enable-shared --enable-multiarch --enable-linker-build-id --with-system-zlib --libexecdir=/usr/lib --without-included-gettext --enable-threads=posix --with-gxx-include-dir=/usr/include/c++/4.4 --program-suffix=-4.4 --enable-nls --enable-clocale=gnu --enable-libstdcxx-debug --enable-plugin --enable-objc-gc --enable-targets=all --disable-werror --with-arch-32=i486 --with-tune=generic --enable-checking=release --build=i486-linux-gnu --host=i486-linux-gnu --target=i486-linux-gnu
Thread model: posix
gcc version 4.4.3 (Ubuntu 4.4.3-4ubuntu5.1) 
configure:14874: $? = 0
configure:14863: gcc -V >&5
gcc: '-V' option must have argument
configure:14874: $? = 1
configure:14863: gcc -qversion >&5
gcc: unrecognized option '-qversion'
gcc: no input files
configure:14874: $? = 1
configure:14878: checking whether we are using the GNU C compiler
configure:14906: result: yes
configure:14915: checking whether gcc accepts -g
configure:14976: result: yes
configure:14993: checking for gcc option to accept ISO C89
configure:15070: result: none needed
configure:15092: checking dependency style of gcc
configure:15202: result: gcc3
configure:15222: checking for ANSI C header files
configure:15326: result: yes
configure:15403: checking locale.h usability
configure:15403: gcc -c -g -O2  conftest.c >&5
configure:15403: $? = 0
configure:15403: result: yes
configure:15403: checking locale.h presence
configure:15403: gcc -E  conftest.c
configure:15403: $? = 0
configure:15403: result: yes
configure:15403: checking for locale.h
configure:15403: result: yes
configure:15414: checking for LC_MESSAGES
configure:15430: gcc -o conftest -g -O2  -Wl,-z,defs -Wl,-O1 -Wl,--as-needed -Wl,--hash-style=gnu conftest.c  >&5
configure:15430: $? = 0
configure:15438: result: yes
configure:15455: checking libintl.h usability
configure:15455: gcc -c -g -O2  conftest.c >&5
configure:15455: $? = 0
configure:15455: result: yes
configure:15455: checking libintl.h presence
configure:15455: gcc -E  conftest.c
configure:15455: $? = 0
configure:15455: result: yes
configure:15455: checking for libintl.h
configure:15455: result: yes
configure:15463: checking for ngettext in libc
configure:15481: gcc -o conftest -g -O2  -Wl,-z,defs -Wl,-O1 -Wl,--as-needed -Wl,--hash-style=gnu conftest.c  >&5
configure:15481: $? = 0
configure:15490: result: yes
configure:15494: checking for dgettext in libc
configure:15512: gcc -o conftest -g -O2  -Wl,-z,defs -Wl,-O1 -Wl,--as-needed -Wl,--hash-style=gnu conftest.c  >&5
configure:15512: $? = 0
configure:15521: result: yes
configure:15528: checking for bind_textdomain_codeset
configure:15528: gcc -o conftest -g -O2  -Wl,-z,defs -Wl,-O1 -Wl,--as-needed -Wl,--hash-style=gnu conftest.c  >&5
configure:15528: $? = 0
configure:15528: result: yes
configure:15804: checking for msgfmt
configure:15831: result: /usr/bin/msgfmt
configure:15842: checking for dcgettext
configure:15842: gcc -o conftest -g -O2  -Wl,-z,defs -Wl,-O1 -Wl,--as-needed -Wl,--hash-style=gnu conftest.c   >&5
conftest.c:52: warning: conflicting types for built-in function 'dcgettext'
configure:15842: $? = 0
configure:15842: result: yes
configure:15852: checking if msgfmt accepts -c
configure:15867: $MSGFMT -c -o /dev/null conftest.foo
configure:15870: $? = 0
configure:15872: result: yes
configure:15882: checking for gmsgfmt
configure:15913: result: /usr/bin/msgfmt
configure:15923: checking for xgettext
configure:15950: result: /usr/bin/xgettext
configure:15969: gcc -o conftest -g -O2  -Wl,-z,defs -Wl,-O1 -Wl,--as-needed -Wl,--hash-style=gnu conftest.c   >&5
configure:15969: $? = 0
configure:16154: checking for pkg-config
configure:16172: found /usr/bin/pkg-config
configure:16184: result: /usr/bin/pkg-config
configure:16209: checking pkg-config is at least version 0.9.0
configure:16212: result: yes
configure:16223: checking for modules
configure:16231: $PKG_CONFIG --exists --print-errors "xerces-c libsmartmatic libpcsclite glibmm-2.4 libusb-1.0 libsmartmaticlog libsaescommon"
configure:16234: $? = 0
configure:16249: $PKG_CONFIG --exists --print-errors "xerces-c libsmartmatic libpcsclite glibmm-2.4 libusb-1.0 libsmartmaticlog libsaescommon"
configure:16252: $? = 0
configure:16307: result: yes
configure:16316: checking for xsdcxx
configure:16332: found /usr/bin/xsdcxx
configure:16344: result: true
configure:16354: checking for xsd
configure:16382: result: false
configure:16460: checking for locale.h
configure:16460: result: yes
configure:16471: checking for LC_MESSAGES
configure:16495: result: yes
configure:16512: checking for libintl.h
configure:16512: result: yes
configure:16520: checking for ngettext in libc
configure:16547: result: yes
configure:16551: checking for dgettext in libc
configure:16578: result: yes
configure:16585: checking for bind_textdomain_codeset
configure:16585: result: yes
configure:16861: checking for msgfmt
configure:16888: result: /usr/bin/msgfmt
configure:16899: checking for dcgettext
configure:16899: result: yes
configure:16909: checking if msgfmt accepts -c
configure:16924: $MSGFMT -c -o /dev/null conftest.foo
configure:16927: $? = 0
configure:16929: result: yes
configure:16939: checking for gmsgfmt
configure:16970: result: /usr/bin/msgfmt
configure:16980: checking for xgettext
configure:17007: result: /usr/bin/xgettext
configure:17026: gcc -o conftest -g -O2  -Wl,-z,defs -Wl,-O1 -Wl,--as-needed -Wl,--hash-style=gnu conftest.c   >&5
configure:17026: $? = 0
configure:17162: checking whether NLS is requested
configure:17171: result: yes
configure:17201: checking for intltool-update
configure:17219: found /usr/bin/intltool-update
configure:17231: result: /usr/bin/intltool-update
configure:17241: checking for intltool-merge
configure:17259: found /usr/bin/intltool-merge
configure:17271: result: /usr/bin/intltool-merge
configure:17281: checking for intltool-extract
configure:17299: found /usr/bin/intltool-extract
configure:17311: result: /usr/bin/intltool-extract
configure:17442: checking for xgettext
configure:17472: result: /usr/bin/xgettext
configure:17482: checking for msgmerge
configure:17500: found /usr/bin/msgmerge
configure:17512: result: /usr/bin/msgmerge
configure:17522: checking for msgfmt
configure:17552: result: /usr/bin/msgfmt
configure:17562: checking for gmsgfmt
configure:17593: result: /usr/bin/msgfmt
configure:17613: checking for perl
configure:17631: found /usr/bin/perl
configure:17643: result: /usr/bin/perl
configure:17654: checking for perl >= 5.8.1
configure:17661: result: 5.10.1
configure:17665: checking for XML::Parser
configure:17668: result: ok
configure:17751: checking for doxygen
configure:17767: found /usr/bin/doxygen
configure:17778: result: doxygen
configure:17813: WARNING: Continuing without doxygen support
configure:17966: creating ./config.status

## ---------------------- ##
## Running config.status. ##
## ---------------------- ##

This file was extended by libsaeshardware config.status 1.4.6, which was
generated by GNU Autoconf 2.65.  Invocation command line was

  CONFIG_FILES    = 
  CONFIG_HEADERS  = 
  CONFIG_LINKS    = 
  CONFIG_COMMANDS = 
  $ ./config.status 

on smtt

config.status:1241: creating Makefile
config.status:1241: creating src/libsaeshardware.pc
config.status:1241: creating src/Makefile
config.status:1241: creating src/XSDTemplates/Makefile
config.status:1241: creating src/Configuration/Makefile
config.status:1241: creating src/Configuration/GeneratedClasses/Makefile
config.status:1241: creating src/Configuration/GeneratedClasses/Configuration/Makefile
config.status:1241: creating docs/Makefile
config.status:1241: creating po/Makefile.in
config.status:1241: creating config.h
config.status:1461: executing depfiles commands
config.status:1461: executing libtool commands
config.status:1461: executing default-1 commands
config.status:1461: executing default-2 commands
config.status:1461: executing po/stamp-it commands

## ---------------- ##
## Cache variables. ##
## ---------------- ##

ac_cv_build=i686-pc-linux-gnu
ac_cv_c_compiler_gnu=yes
ac_cv_cxx_compiler_gnu=yes
ac_cv_env_CCC_set=
ac_cv_env_CCC_value=
ac_cv_env_CC_set=
ac_cv_env_CC_value=
ac_cv_env_CFLAGS_set=
ac_cv_env_CFLAGS_value=
ac_cv_env_CPPFLAGS_set=
ac_cv_env_CPPFLAGS_value=
ac_cv_env_CPP_set=
ac_cv_env_CPP_value=
ac_cv_env_CXXCPP_set=
ac_cv_env_CXXCPP_value=
ac_cv_env_CXXFLAGS_set=
ac_cv_env_CXXFLAGS_value=
ac_cv_env_CXX_set=
ac_cv_env_CXX_value=
ac_cv_env_LDFLAGS_set=set
ac_cv_env_LDFLAGS_value='-Wl,-z,defs -Wl,-O1 -Wl,--as-needed -Wl,--hash-style=gnu'
ac_cv_env_LIBS_set=
ac_cv_env_LIBS_value=
ac_cv_env_PKG_CONFIG_set=
ac_cv_env_PKG_CONFIG_value=
ac_cv_env_build_alias_set=
ac_cv_env_build_alias_value=
ac_cv_env_host_alias_set=
ac_cv_env_host_alias_value=
ac_cv_env_modules_CFLAGS_set=
ac_cv_env_modules_CFLAGS_value=
ac_cv_env_modules_LIBS_set=
ac_cv_env_modules_LIBS_value=
ac_cv_env_target_alias_set=
ac_cv_env_target_alias_value=
ac_cv_func_bind_textdomain_codeset=yes
ac_cv_func_dcgettext=yes
ac_cv_header_dlfcn_h=yes
ac_cv_header_inttypes_h=yes
ac_cv_header_libintl_h=yes
ac_cv_header_locale_h=yes
ac_cv_header_memory_h=yes
ac_cv_header_stdc=yes
ac_cv_header_stdint_h=yes
ac_cv_header_stdlib_h=yes
ac_cv_header_string_h=yes
ac_cv_header_strings_h=yes
ac_cv_header_sys_stat_h=yes
ac_cv_header_sys_types_h=yes
ac_cv_header_unistd_h=yes
ac_cv_host=i686-pc-linux-gnu
ac_cv_objext=o
ac_cv_path_EGREP='/bin/grep -E'
ac_cv_path_FGREP='/bin/grep -F'
ac_cv_path_GMSGFMT=/usr/bin/msgfmt
ac_cv_path_GREP=/bin/grep
ac_cv_path_INTLTOOL_EXTRACT=/usr/bin/intltool-extract
ac_cv_path_INTLTOOL_MERGE=/usr/bin/intltool-merge
ac_cv_path_INTLTOOL_PERL=/usr/bin/perl
ac_cv_path_INTLTOOL_UPDATE=/usr/bin/intltool-update
ac_cv_path_MSGFMT=/usr/bin/msgfmt
ac_cv_path_MSGMERGE=/usr/bin/msgmerge
ac_cv_path_SED=/bin/sed
ac_cv_path_XGETTEXT=/usr/bin/xgettext
ac_cv_path_ac_pt_PKG_CONFIG=/usr/bin/pkg-config
ac_cv_path_install='/usr/bin/install -c'
ac_cv_path_mkdir=/bin/mkdir
ac_cv_prog_AWK=gawk
ac_cv_prog_CPP='gcc -E'
ac_cv_prog_CXXCPP='g++ -E'
ac_cv_prog_DOXYGEN=doxygen
ac_cv_prog_HAVE_XSD=false
ac_cv_prog_HAVE_XSDCXX=true
ac_cv_prog_ac_ct_AR=ar
ac_cv_prog_ac_ct_CC=gcc
ac_cv_prog_ac_ct_CXX=g++
ac_cv_prog_ac_ct_OBJDUMP=objdump
ac_cv_prog_ac_ct_RANLIB=ranlib
ac_cv_prog_ac_ct_STRIP=strip
ac_cv_prog_cc_c89=
ac_cv_prog_cc_g=yes
ac_cv_prog_cxx_g=yes
ac_cv_prog_make_make_set=yes
ac_cv_search_strerror='none required'
am_cv_CC_dependencies_compiler_type=gcc3
am_cv_CXX_dependencies_compiler_type=gcc3
am_cv_prog_cc_stdc=
am_cv_prog_tar_ustar=gnutar
am_cv_val_LC_MESSAGES=yes
gt_cv_func_dgettext_libc=yes
gt_cv_func_dgettext_libintl=no
gt_cv_func_ngettext_libc=yes
gt_cv_have_gettext=yes
lt_cv_deplibs_check_method=pass_all
lt_cv_file_magic_cmd='$MAGIC_CMD'
lt_cv_file_magic_test_file=
lt_cv_ld_reload_flag=-r
lt_cv_nm_interface='BSD nm'
lt_cv_objdir=.libs
lt_cv_path_LD=/usr/bin/ld
lt_cv_path_LDCXX=/usr/bin/ld
lt_cv_path_NM='/usr/bin/nm -B'
lt_cv_prog_compiler_c_o=yes
lt_cv_prog_compiler_c_o_CXX=yes
lt_cv_prog_compiler_pic_works=yes
lt_cv_prog_compiler_pic_works_CXX=yes
lt_cv_prog_compiler_rtti_exceptions=no
lt_cv_prog_compiler_static_works=yes
lt_cv_prog_compiler_static_works_CXX=yes
lt_cv_prog_gnu_ld=yes
lt_cv_prog_gnu_ldcxx=yes
lt_cv_sys_global_symbol_pipe='sed -n -e '\''s/^.*[	 ]\([ABCDGIRSTW][ABCDGIRSTW]*\)[	 ][	 ]*\([_A-Za-z][_A-Za-z0-9]*\)$/\1 \2 \2/p'\'''
lt_cv_sys_global_symbol_to_c_name_address='sed -n -e '\''s/^: \([^ ]*\) $/  {\"\1\", (void *) 0},/p'\'' -e '\''s/^[ABCDGIRSTW]* \([^ ]*\) \([^ ]*\)$/  {"\2", (void *) \&\2},/p'\'''
lt_cv_sys_global_symbol_to_c_name_address_lib_prefix='sed -n -e '\''s/^: \([^ ]*\) $/  {\"\1\", (void *) 0},/p'\'' -e '\''s/^[ABCDGIRSTW]* \([^ ]*\) \(lib[^ ]*\)$/  {"\2", (void *) \&\2},/p'\'' -e '\''s/^[ABCDGIRSTW]* \([^ ]*\) \([^ ]*\)$/  {"lib\2", (void *) \&\2},/p'\'''
lt_cv_sys_global_symbol_to_cdecl='sed -n -e '\''s/^T .* \(.*\)$/extern int \1();/p'\'' -e '\''s/^[ABCDGIRSTW]* .* \(.*\)$/extern char \1;/p'\'''
lt_cv_sys_max_cmd_len=1572864
pkg_cv_modules_CFLAGS='-pthread -I/usr/local/include/smartmatic -I/usr/local/include/smartmaticlog -I/usr/local/include/saescommon -I/usr/include/PCSC -I/usr/include/glibmm-2.4 -I/usr/lib/glibmm-2.4/include -I/usr/include/sigc++-2.0 -I/usr/lib/sigc++-2.0/include -I/usr/include/glib-2.0 -I/usr/lib/glib-2.0/include -I/usr/include/libusb-1.0  '
pkg_cv_modules_LIBS='-pthread -L/usr/local/lib -lxerces-c -lsmartmatic -lpcsclite -lglibmm-2.4 -lgobject-2.0 -lsigc-2.0 -lgthread-2.0 -lrt -lglib-2.0 -lusb-1.0 -lsmartmaticlog -lsaescommon  '

## ----------------- ##
## Output variables. ##
## ----------------- ##

ACLOCAL='${SHELL} /home/smtt/SAES1.4.6/saeshardware/missing --run aclocal-1.11'
ADD_RELEASE_FALSE='#'
ADD_RELEASE_TRUE=''
ALL_LINGUAS=''
AMDEPBACKSLASH='\'
AMDEP_FALSE='#'
AMDEP_TRUE=''
AMTAR='${SHELL} /home/smtt/SAES1.4.6/saeshardware/missing --run tar'
AR='ar'
AUTOCONF='${SHELL} /home/smtt/SAES1.4.6/saeshardware/missing --run autoconf'
AUTOHEADER='${SHELL} /home/smtt/SAES1.4.6/saeshardware/missing --run autoheader'
AUTOMAKE='${SHELL} /home/smtt/SAES1.4.6/saeshardware/missing --run automake-1.11'
AWK='gawk'
CATALOGS=''
CATOBJEXT='.gmo'
CC='gcc'
CCDEPMODE='depmode=gcc3'
CFLAGS='-g -O2'
CPP='gcc -E'
CPPFLAGS=''
CXX='g++'
CXXCPP='g++ -E'
CXXDEPMODE='depmode=gcc3'
CXXFLAGS='-Wall -Werror -g -O2'
CYGPATH_W='echo'
DATADIR='/usr/local/share'
DATADIRNAME='share'
DEFS='-DHAVE_CONFIG_H'
DEPDIR='.deps'
DOXYGEN='doxygen'
DOXYGEN_LOG_FILE='doxygen.log'
DSYMUTIL=''
DUMPBIN=''
ECHO_C=''
ECHO_N='-n'
ECHO_T=''
EGREP='/bin/grep -E'
EXEEXT=''
FGREP='/bin/grep -F'
GETTEXT_PACKAGE='libsaeshardware'
GMOFILES=''
GMSGFMT='/usr/bin/msgfmt'
GNOMELOCALEDIR='/usr/local/share/locale'
GREP='/bin/grep'
HAVE_XSD='false'
HAVE_XSDCXX='true'
INSTALL_DATA='${INSTALL} -m 644'
INSTALL_PROGRAM='${INSTALL}'
INSTALL_SCRIPT='${INSTALL}'
INSTALL_STRIP_PROGRAM='$(install_sh) -c -s'
INSTOBJEXT='.mo'
INTLLIBS=''
INTLTOOL_CAVES_RULE='%.caves:     %.caves.in     $(INTLTOOL_MERGE) $(wildcard $(top_srcdir)/po/*.po) ; LC_ALL=C $(INTLTOOL_MERGE) -d -u -c $(top_builddir)/po/.intltool-merge-cache $(top_srcdir)/po $< $@'
INTLTOOL_DESKTOP_RULE='%.desktop:   %.desktop.in   $(INTLTOOL_MERGE) $(wildcard $(top_srcdir)/po/*.po) ; LC_ALL=C $(INTLTOOL_MERGE) -d -u -c $(top_builddir)/po/.intltool-merge-cache $(top_srcdir)/po $< $@'
INTLTOOL_DIRECTORY_RULE='%.directory: %.directory.in $(INTLTOOL_MERGE) $(wildcard $(top_srcdir)/po/*.po) ; LC_ALL=C $(INTLTOOL_MERGE) -d -u -c $(top_builddir)/po/.intltool-merge-cache $(top_srcdir)/po $< $@'
INTLTOOL_EXTRACT='/usr/bin/intltool-extract'
INTLTOOL_KBD_RULE='%.kbd:       %.kbd.in       $(INTLTOOL_MERGE) $(wildcard $(top_srcdir)/po/*.po) ; LC_ALL=C $(INTLTOOL_MERGE) -x -u -m -c $(top_builddir)/po/.intltool-merge-cache $(top_srcdir)/po $< $@'
INTLTOOL_KEYS_RULE='%.keys:      %.keys.in      $(INTLTOOL_MERGE) $(wildcard $(top_srcdir)/po/*.po) ; LC_ALL=C $(INTLTOOL_MERGE) -k -u -c $(top_builddir)/po/.intltool-merge-cache $(top_srcdir)/po $< $@'
INTLTOOL_MERGE='/usr/bin/intltool-merge'
INTLTOOL_OAF_RULE='%.oaf:       %.oaf.in       $(INTLTOOL_MERGE) $(wildcard $(top_srcdir)/po/*.po) ; LC_ALL=C $(INTLTOOL_MERGE) -o -p $(top_srcdir)/po $< $@'
INTLTOOL_PERL='/usr/bin/perl'
INTLTOOL_POLICY_RULE='%.policy:    %.policy.in    $(INTLTOOL_MERGE) $(wildcard $(top_srcdir)/po/*.po) ; LC_ALL=C $(INTLTOOL_MERGE) -x -u -c $(top_builddir)/po/.intltool-merge-cache $(top_srcdir)/po $< $@'
INTLTOOL_PONG_RULE='%.pong:      %.pong.in      $(INTLTOOL_MERGE) $(wildcard $(top_srcdir)/po/*.po) ; LC_ALL=C $(INTLTOOL_MERGE) -x -u -c $(top_builddir)/po/.intltool-merge-cache $(top_srcdir)/po $< $@'
INTLTOOL_PROP_RULE='%.prop:      %.prop.in      $(INTLTOOL_MERGE) $(wildcard $(top_srcdir)/po/*.po) ; LC_ALL=C $(INTLTOOL_MERGE) -d -u -c $(top_builddir)/po/.intltool-merge-cache $(top_srcdir)/po $< $@'
INTLTOOL_SCHEMAS_RULE='%.schemas:   %.schemas.in   $(INTLTOOL_MERGE) $(wildcard $(top_srcdir)/po/*.po) ; LC_ALL=C $(INTLTOOL_MERGE) -s -u -c $(top_builddir)/po/.intltool-merge-cache $(top_srcdir)/po $< $@'
INTLTOOL_SERVER_RULE='%.server:    %.server.in    $(INTLTOOL_MERGE) $(wildcard $(top_srcdir)/po/*.po) ; LC_ALL=C $(INTLTOOL_MERGE) -o -u -c $(top_builddir)/po/.intltool-merge-cache $(top_srcdir)/po $< $@'
INTLTOOL_SERVICE_RULE='%.service: %.service.in   $(INTLTOOL_MERGE) $(wildcard $(top_srcdir)/po/*.po) ; LC_ALL=C $(INTLTOOL_MERGE) -d -u -c $(top_builddir)/po/.intltool-merge-cache $(top_srcdir)/po $< $@'
INTLTOOL_SHEET_RULE='%.sheet:     %.sheet.in     $(INTLTOOL_MERGE) $(wildcard $(top_srcdir)/po/*.po) ; LC_ALL=C $(INTLTOOL_MERGE) -x -u -c $(top_builddir)/po/.intltool-merge-cache $(top_srcdir)/po $< $@'
INTLTOOL_SOUNDLIST_RULE='%.soundlist: %.soundlist.in $(INTLTOOL_MERGE) $(wildcard $(top_srcdir)/po/*.po) ; LC_ALL=C $(INTLTOOL_MERGE) -d -u -c $(top_builddir)/po/.intltool-merge-cache $(top_srcdir)/po $< $@'
INTLTOOL_THEME_RULE='%.theme:     %.theme.in     $(INTLTOOL_MERGE) $(wildcard $(top_srcdir)/po/*.po) ; LC_ALL=C $(INTLTOOL_MERGE) -d -u -c $(top_builddir)/po/.intltool-merge-cache $(top_srcdir)/po $< $@'
INTLTOOL_UI_RULE='%.ui:        %.ui.in        $(INTLTOOL_MERGE) $(wildcard $(top_srcdir)/po/*.po) ; LC_ALL=C $(INTLTOOL_MERGE) -x -u -c $(top_builddir)/po/.intltool-merge-cache $(top_srcdir)/po $< $@'
INTLTOOL_UPDATE='/usr/bin/intltool-update'
INTLTOOL_XAM_RULE='%.xam:       %.xml.in       $(INTLTOOL_MERGE) $(wildcard $(top_srcdir)/po/*.po) ; LC_ALL=C $(INTLTOOL_MERGE) -x -u -c $(top_builddir)/po/.intltool-merge-cache $(top_srcdir)/po $< $@'
INTLTOOL_XML_NOMERGE_RULE='%.xml:       %.xml.in       $(INTLTOOL_MERGE) ; LC_ALL=C $(INTLTOOL_MERGE) -x -u /tmp $< $@'
INTLTOOL_XML_RULE='%.xml:       %.xml.in       $(INTLTOOL_MERGE) $(wildcard $(top_srcdir)/po/*.po) ; LC_ALL=C $(INTLTOOL_MERGE) -x -u -c $(top_builddir)/po/.intltool-merge-cache $(top_srcdir)/po $< $@'
LD='/usr/bin/ld'
LDFLAGS='-Wl,-z,defs -Wl,-O1 -Wl,--as-needed -Wl,--hash-style=gnu'
LIBFIX='6'
LIBMAYOR='1'
LIBMINOR='4'
LIBOBJS=''
LIBS=''
LIBTOOL='$(SHELL) $(top_builddir)/libtool'
LIBVERSION='5'
LIPO=''
LN_S='ln -s'
LTLIBOBJS=''
MAINT='#'
MAINTAINER_MODE_FALSE=''
MAINTAINER_MODE_TRUE='#'
MAKEINFO='${SHELL} /home/smtt/SAES1.4.6/saeshardware/missing --run makeinfo'
MAKE_DOXYGEN_DOC_FALSE=''
MAKE_DOXYGEN_DOC_TRUE='#'
MKDIR_P='/bin/mkdir -p'
MKINSTALLDIRS='./mkinstalldirs'
MSGFMT='/usr/bin/msgfmt'
MSGFMT_OPTS='-c'
MSGMERGE='/usr/bin/msgmerge'
NM='/usr/bin/nm -B'
NMEDIT=''
OBJDUMP='objdump'
OBJEXT='o'
OTOOL64=''
OTOOL=''
PACKAGE='libsaeshardware'
PACKAGE_BUGREPORT=''
PACKAGE_NAME='libsaeshardware'
PACKAGE_STRING='libsaeshardware 1.4.6'
PACKAGE_TARNAME='libsaeshardware'
PACKAGE_URL=''
PACKAGE_VERSION='1.4.6'
PATH_SEPARATOR=':'
PKG_CONFIG='/usr/bin/pkg-config'
POFILES=''
POSUB='po'
PO_IN_DATADIR_FALSE=''
PO_IN_DATADIR_TRUE=''
RANLIB='ranlib'
SED='/bin/sed'
SET_MAKE=''
SHELL='/bin/bash'
STRIP='strip'
USE_NLS='yes'
VERSION='1.4.6'
XGETTEXT='/usr/bin/xgettext'
XSDCXX='xsdcxx'
XSDFLAGS='	--char-type char 	--show-sloc 	--generate-serialization 	--generate-default-ctor 	--generate-comparison 	--generate-doxygen 	--type-naming ucc 	--function-naming java 	--namespace-map http://www.smartmatic.com/SaesHardwareConfiguration=Smartmatic::SAES::HW::Configuration '
ac_ct_CC='gcc'
ac_ct_CXX='g++'
ac_ct_DUMPBIN=''
am__EXEEXT_FALSE=''
am__EXEEXT_TRUE='#'
am__fastdepCC_FALSE='#'
am__fastdepCC_TRUE=''
am__fastdepCXX_FALSE='#'
am__fastdepCXX_TRUE=''
am__include='include'
am__isrc=''
am__leading_dot='.'
am__quote=''
am__tar='tar --format=ustar -chf - "$$tardir"'
am__untar='tar -xf -'
bindir='${exec_prefix}/bin'
build='i686-pc-linux-gnu'
build_alias=''
build_cpu='i686'
build_os='linux-gnu'
build_vendor='pc'
datadir='${prefix}/share'
datarootdir='${prefix}/share'
docdir='${datarootdir}/doc/${PACKAGE_TARNAME}'
dvidir='${docdir}'
exec_prefix='/usr/local'
host='i686-pc-linux-gnu'
host_alias=''
host_cpu='i686'
host_os='linux-gnu'
host_vendor='pc'
htmldir='${docdir}'
includedir='${prefix}/include'
infodir='${datarootdir}/info'
install_sh='${SHELL} /home/smtt/SAES1.4.6/saeshardware/install-sh'
libdir='${exec_prefix}/lib'
libexecdir='${exec_prefix}/libexec'
localedir='${prefix}/share/locale'
localstatedir='${prefix}/var'
lt_ECHO='echo'
mandir='${datarootdir}/man'
mkdir_p='/bin/mkdir -p'
modules_CFLAGS='-pthread -I/usr/local/include/smartmatic -I/usr/local/include/smartmaticlog -I/usr/local/include/saescommon -I/usr/include/PCSC -I/usr/include/glibmm-2.4 -I/usr/lib/glibmm-2.4/include -I/usr/include/sigc++-2.0 -I/usr/lib/sigc++-2.0/include -I/usr/include/glib-2.0 -I/usr/lib/glib-2.0/include -I/usr/include/libusb-1.0  '
modules_LIBS='-pthread -L/usr/local/lib -lxerces-c -lsmartmatic -lpcsclite -lglibmm-2.4 -lgobject-2.0 -lsigc-2.0 -lgthread-2.0 -lrt -lglib-2.0 -lusb-1.0 -lsmartmaticlog -lsaescommon  '
oldincludedir='/usr/include'
pdfdir='${docdir}'
prefix='/usr/local'
program_transform_name='s,x,x,'
psdir='${docdir}'
sbindir='${exec_prefix}/sbin'
sharedstatedir='${prefix}/com'
sysconfdir='/etc'
target_alias=''

## ----------- ##
## confdefs.h. ##
## ----------- ##

/* confdefs.h */
#define PACKAGE_NAME "libsaeshardware"
#define PACKAGE_TARNAME "libsaeshardware"
#define PACKAGE_VERSION "1.4.6"
#define PACKAGE_STRING "libsaeshardware 1.4.6"
#define PACKAGE_BUGREPORT ""
#define PACKAGE_URL ""
#define PACKAGE "libsaeshardware"
#define VERSION "1.4.6"
#define STDC_HEADERS 1
#define HAVE_SYS_TYPES_H 1
#define HAVE_SYS_STAT_H 1
#define HAVE_STDLIB_H 1
#define HAVE_STRING_H 1
#define HAVE_MEMORY_H 1
#define HAVE_STRINGS_H 1
#define HAVE_INTTYPES_H 1
#define HAVE_STDINT_H 1
#define HAVE_UNISTD_H 1
#define HAVE_DLFCN_H 1
#define LT_OBJDIR ".libs/"
#define STDC_HEADERS 1
#define GETTEXT_PACKAGE "saeshardware"
#define HAVE_LOCALE_H 1
#define HAVE_LC_MESSAGES 1
#define HAVE_BIND_TEXTDOMAIN_CODESET 1
#define HAVE_GETTEXT 1
#define HAVE_DCGETTEXT 1
#define ENABLE_NLS 1
#define NAMESPACE_SAES_HARDWARE_CONFIGURATION "http://www.smartmatic.com/SaesHardwareConfiguration"
#define DATADIR "/usr/local/share"
#define GNOMELOCALEDIR "/usr/local/share/locale"
#define HAVE_LOCALE_H 1
#define HAVE_LC_MESSAGES 1
#define HAVE_BIND_TEXTDOMAIN_CODESET 1
#define HAVE_GETTEXT 1
#define HAVE_DCGETTEXT 1
#define ENABLE_NLS 1
#define GETTEXT_PACKAGE "libsaeshardware"

configure: exit 0

## ---------------------- ##
## Running config.status. ##
## ---------------------- ##

This file was extended by libsaeshardware config.status 1.4.6, which was
generated by GNU Autoconf 2.65.  Invocation command line was

  CONFIG_FILES    = po/Makefile.in
  CONFIG_HEADERS  = 
  CONFIG_LINKS    = 
  CONFIG_COMMANDS = 
  $ ./config.status 

on smtt

config.status:1241: creating po/Makefile.in
config.status:1461: executing depfiles commands
config.status:1461: executing libtool commands
config.status:1461: executing default-1 commands
config.status:1461: executing default-2 commands
config.status:1461: executing po/stamp-it commands

## ---------------------- ##
## Running config.status. ##
## ---------------------- ##

This file was extended by libsaeshardware config.status 1.4.6, which was
generated by GNU Autoconf 2.65.  Invocation command line was

  CONFIG_FILES    = 
  CONFIG_HEADERS  = 
  CONFIG_LINKS    = 
  CONFIG_COMMANDS = 
  $ ./config.status src/libsaeshardware.pc

on smtt

config.status:1241: creating src/libsaeshardware.pc
