This file contains any messages produced by compilers while
running configure, to aid debugging if configure makes a mistake.

It was created by saes-os configure 1.4.6, which was
generated by GNU Autoconf 2.65.  Invocation command line was

  $ ./configure --prefix /usr --exec_prefix /usr --sysconfdir=/etc LDFLAGS=-Wl,-z,defs -Wl,-O1 -Wl,--as-needed -Wl,--hash-style=gnu

## --------- ##
## Platform. ##
## --------- ##

hostname = smtt
uname -m = i686
uname -r = 2.6.32-38-generic
uname -s = Linux
uname -v = #83-Ubuntu SMP Wed Jan 4 11:13:04 UTC 2012

/usr/bin/uname -p = unknown
/bin/uname -X     = unknown

/bin/arch              = unknown
/usr/bin/arch -k       = unknown
/usr/convex/getsysinfo = unknown
/usr/bin/hostinfo      = unknown
/bin/machine           = unknown
/usr/bin/oslevel       = unknown
/bin/universe          = unknown

PATH: /opt/java/jre1.6.0_33/bin
PATH: /opt/java/jre1.6.0_33/bin
PATH: /opt/ant/bin
PATH: /opt/ant/bin
PATH: /opt/java/jre1.6.0_33/bin
PATH: /opt/ant/bin
PATH: /usr/local/sbin
PATH: /usr/local/bin
PATH: /usr/sbin
PATH: /usr/bin
PATH: /sbin
PATH: /bin
PATH: /usr/games


## ----------- ##
## Core tests. ##
## ----------- ##

configure:1859: checking for a BSD-compatible install
configure:1927: result: /usr/bin/install -c
configure:1938: checking whether build environment is sane
configure:1988: result: yes
configure:2129: checking for a thread-safe mkdir -p
configure:2168: result: /bin/mkdir -p
configure:2181: checking for gawk
configure:2197: found /usr/bin/gawk
configure:2208: result: gawk
configure:2219: checking whether make sets $(MAKE)
configure:2241: result: yes
configure:2322: checking whether to enable maintainer-specific portions of Makefiles
configure:2331: result: no
configure:2357: checking for style of include used by make
configure:2385: result: GNU
configure:2455: checking for gcc
configure:2471: found /usr/bin/gcc
configure:2482: result: gcc
configure:2711: checking for C compiler version
configure:2720: gcc --version >&5
gcc (Ubuntu 4.4.3-4ubuntu5.1) 4.4.3
Copyright (C) 2009 Free Software Foundation, Inc.
This is free software; see the source for copying conditions.  There is NO
warranty; not even for MERCHANTABILITY or FITNESS FOR A PARTICULAR PURPOSE.

configure:2731: $? = 0
configure:2720: gcc -v >&5
Using built-in specs.
Target: i486-linux-gnu
Configured with: ../src/configure -v --with-pkgversion='Ubuntu 4.4.3-4ubuntu5.1' --with-bugurl=file:///usr/share/doc/gcc-4.4/README.Bugs --enable-languages=c,c++,fortran,objc,obj-c++ --prefix=/usr --enable-shared --enable-multiarch --enable-linker-build-id --with-system-zlib --libexecdir=/usr/lib --without-included-gettext --enable-threads=posix --with-gxx-include-dir=/usr/include/c++/4.4 --program-suffix=-4.4 --enable-nls --enable-clocale=gnu --enable-libstdcxx-debug --enable-plugin --enable-objc-gc --enable-targets=all --disable-werror --with-arch-32=i486 --with-tune=generic --enable-checking=release --build=i486-linux-gnu --host=i486-linux-gnu --target=i486-linux-gnu
Thread model: posix
gcc version 4.4.3 (Ubuntu 4.4.3-4ubuntu5.1) 
configure:2731: $? = 0
configure:2720: gcc -V >&5
gcc: '-V' option must have argument
configure:2731: $? = 1
configure:2720: gcc -qversion >&5
gcc: unrecognized option '-qversion'
gcc: no input files
configure:2731: $? = 1
configure:2751: checking whether the C compiler works
configure:2773: gcc   -Wl,-z,defs -Wl,-O1 -Wl,--as-needed -Wl,--hash-style=gnu conftest.c  >&5
configure:2777: $? = 0
configure:2826: result: yes
configure:2829: checking for C compiler default output file name
configure:2831: result: a.out
configure:2837: checking for suffix of executables
configure:2844: gcc -o conftest   -Wl,-z,defs -Wl,-O1 -Wl,--as-needed -Wl,--hash-style=gnu conftest.c  >&5
configure:2848: $? = 0
configure:2870: result: 
configure:2892: checking whether we are cross compiling
configure:2900: gcc -o conftest   -Wl,-z,defs -Wl,-O1 -Wl,--as-needed -Wl,--hash-style=gnu conftest.c  >&5
configure:2904: $? = 0
configure:2911: ./conftest
configure:2915: $? = 0
configure:2930: result: no
configure:2935: checking for suffix of object files
configure:2957: gcc -c   conftest.c >&5
configure:2961: $? = 0
configure:2982: result: o
configure:2986: checking whether we are using the GNU C compiler
configure:3005: gcc -c   conftest.c >&5
configure:3005: $? = 0
configure:3014: result: yes
configure:3023: checking whether gcc accepts -g
configure:3043: gcc -c -g  conftest.c >&5
configure:3043: $? = 0
configure:3084: result: yes
configure:3101: checking for gcc option to accept ISO C89
configure:3165: gcc  -c -g -O2  conftest.c >&5
configure:3165: $? = 0
configure:3178: result: none needed
configure:3200: checking dependency style of gcc
configure:3310: result: none
configure:3326: checking for library containing strerror
configure:3357: gcc -o conftest -g -O2  -Wl,-z,defs -Wl,-O1 -Wl,--as-needed -Wl,--hash-style=gnu conftest.c  >&5
configure:3357: $? = 0
configure:3374: result: none required
configure:3571: creating ./config.status

## ---------------------- ##
## Running config.status. ##
## ---------------------- ##

This file was extended by saes-os config.status 1.4.6, which was
generated by GNU Autoconf 2.65.  Invocation command line was

  CONFIG_FILES    = 
  CONFIG_HEADERS  = 
  CONFIG_LINKS    = 
  CONFIG_COMMANDS = 
  $ ./config.status 

on smtt

config.status:793: creating Makefile
config.status:793: creating etc/Makefile
config.status:793: creating etc/saes-os.conf
config.status:793: creating udev/Makefile
config.status:793: creating scripts/Makefile
config.status:793: creating scripts/smtt-dsort
config.status:793: creating scripts/smtt-movefile
config.status:793: creating scripts/smtt-printblank
config.status:793: creating scripts/smtt-smartcard
config.status:793: creating scripts/smtt-barcode-event
config.status:793: creating scripts/smtt-event-device
config.status:793: creating scripts/smtt-event-script
config.status:793: creating udev/70-saes-os-bcr.rules
config.status:793: creating udev/70-saes-os-storage.rules
config.status:956: executing depfiles commands

## ---------------- ##
## Cache variables. ##
## ---------------- ##

ac_cv_c_compiler_gnu=yes
ac_cv_env_CC_set=
ac_cv_env_CC_value=
ac_cv_env_CFLAGS_set=
ac_cv_env_CFLAGS_value=
ac_cv_env_CPPFLAGS_set=
ac_cv_env_CPPFLAGS_value=
ac_cv_env_LDFLAGS_set=set
ac_cv_env_LDFLAGS_value='-Wl,-z,defs -Wl,-O1 -Wl,--as-needed -Wl,--hash-style=gnu'
ac_cv_env_LIBS_set=
ac_cv_env_LIBS_value=
ac_cv_env_build_alias_set=
ac_cv_env_build_alias_value=
ac_cv_env_host_alias_set=
ac_cv_env_host_alias_value=
ac_cv_env_target_alias_set=
ac_cv_env_target_alias_value=
ac_cv_objext=o
ac_cv_path_install='/usr/bin/install -c'
ac_cv_path_mkdir=/bin/mkdir
ac_cv_prog_AWK=gawk
ac_cv_prog_ac_ct_CC=gcc
ac_cv_prog_cc_c89=
ac_cv_prog_cc_g=yes
ac_cv_prog_make_make_set=yes
ac_cv_search_strerror='none required'
am_cv_CC_dependencies_compiler_type=none

## ----------------- ##
## Output variables. ##
## ----------------- ##

ACLOCAL='${SHELL} /home/smtt/SAES1.4.6/saes-os/missing --run aclocal-1.11'
AMDEPBACKSLASH='\'
AMDEP_FALSE='#'
AMDEP_TRUE=''
AMTAR='${SHELL} /home/smtt/SAES1.4.6/saes-os/missing --run tar'
AM_BACKSLASH='\'
AM_DEFAULT_VERBOSITY='0'
APPCONF='/etc/saes-os/saes-os.conf'
AUTOCONF='${SHELL} /home/smtt/SAES1.4.6/saes-os/missing --run autoconf'
AUTOHEADER='${SHELL} /home/smtt/SAES1.4.6/saes-os/missing --run autoheader'
AUTOMAKE='${SHELL} /home/smtt/SAES1.4.6/saes-os/missing --run automake-1.11'
AWK='gawk'
BINDIR='/usr/bin'
CC='gcc'
CCDEPMODE='depmode=none'
CFLAGS='-g -O2'
CONFDIR='/etc/saes-os'
CPPFLAGS=''
CYGPATH_W='echo'
DEFS='-DPACKAGE_NAME=\"saes-os\" -DPACKAGE_TARNAME=\"saes-os\" -DPACKAGE_VERSION=\"1.4.6\" -DPACKAGE_STRING=\"saes-os\ 1.4.6\" -DPACKAGE_BUGREPORT=\"\" -DPACKAGE_URL=\"\" -DPACKAGE=\"saes-os\" -DVERSION=\"1.4.6\"'
DEPDIR='.deps'
ECHO_C=''
ECHO_N='-n'
ECHO_T=''
EXEEXT=''
INSTALL_DATA='${INSTALL} -m 644'
INSTALL_PROGRAM='${INSTALL}'
INSTALL_SCRIPT='${INSTALL}'
INSTALL_STRIP_PROGRAM='$(install_sh) -c -s'
LDFLAGS='-Wl,-z,defs -Wl,-O1 -Wl,--as-needed -Wl,--hash-style=gnu'
LIBOBJS=''
LIBS=''
LTLIBOBJS=''
MAINT='#'
MAINTAINER_MODE_FALSE=''
MAINTAINER_MODE_TRUE='#'
MAKEINFO='${SHELL} /home/smtt/SAES1.4.6/saes-os/missing --run makeinfo'
MKDIR_P='/bin/mkdir -p'
OBJEXT='o'
PACKAGE='saes-os'
PACKAGE_BUGREPORT=''
PACKAGE_NAME='saes-os'
PACKAGE_STRING='saes-os 1.4.6'
PACKAGE_TARNAME='saes-os'
PACKAGE_URL=''
PACKAGE_VERSION='1.4.6'
PATH_SEPARATOR=':'
SBINDIR='/usr/sbin'
SET_MAKE=''
SHELL='/bin/bash'
STRIP=''
UDEVDIR='/lib/udev/rules.d'
VERSION='1.4.6'
ac_ct_CC='gcc'
am__EXEEXT_FALSE=''
am__EXEEXT_TRUE='#'
am__fastdepCC_FALSE=''
am__fastdepCC_TRUE='#'
am__include='include'
am__isrc=''
am__leading_dot='.'
am__quote=''
am__tar='${AMTAR} chof - "$$tardir"'
am__untar='${AMTAR} xf -'
bindir='/usr/bin'
build_alias=''
datadir='${prefix}/share'
datarootdir='${prefix}/share'
docdir='${datarootdir}/doc/${PACKAGE_TARNAME}'
dvidir='${docdir}'
exec_prefix='/usr'
host_alias=''
htmldir='${docdir}'
includedir='${prefix}/include'
infodir='${datarootdir}/info'
install_sh='${SHELL} /home/smtt/SAES1.4.6/saes-os/install-sh'
libdir='${exec_prefix}/lib'
libexecdir='${exec_prefix}/libexec'
localedir='${datarootdir}/locale'
localstatedir='${prefix}/var'
mandir='${datarootdir}/man'
mkdir_p='/bin/mkdir -p'
oldincludedir='/usr/include'
pdfdir='${docdir}'
prefix='/usr'
program_transform_name='s,x,x,'
psdir='${docdir}'
sbindir='/usr/sbin'
sharedstatedir='${prefix}/com'
sysconfdir='/etc'
target_alias=''

## ----------- ##
## confdefs.h. ##
## ----------- ##

/* confdefs.h */
#define PACKAGE_NAME "saes-os"
#define PACKAGE_TARNAME "saes-os"
#define PACKAGE_VERSION "1.4.6"
#define PACKAGE_STRING "saes-os 1.4.6"
#define PACKAGE_BUGREPORT ""
#define PACKAGE_URL ""
#define PACKAGE "saes-os"
#define VERSION "1.4.6"

configure: exit 0

## ---------------------- ##
## Running config.status. ##
## ---------------------- ##

This file was extended by saes-os config.status 1.4.6, which was
generated by GNU Autoconf 2.65.  Invocation command line was

  CONFIG_FILES    = 
  CONFIG_HEADERS  = 
  CONFIG_LINKS    = 
  CONFIG_COMMANDS = 
  $ ./config.status scripts/smtt-printblank

on smtt


## ---------------------- ##
## Running config.status. ##
## ---------------------- ##

This file was extended by saes-os config.status 1.4.6, which was
generated by GNU Autoconf 2.65.  Invocation command line was

  CONFIG_FILES    = 
  CONFIG_HEADERS  = 
  CONFIG_LINKS    = 
  CONFIG_COMMANDS = 
  $ ./config.status scripts/smtt-movefile

on smtt



## ---------------------- ##
## Running config.status. ##
## ---------------------- ##
## ---------------------- ##
## Running config.status. ##
## ---------------------- ##

This file was extended by saes-os config.status 1.4.6, which was
generated by GNU Autoconf 2.65.  Invocation command line was

  CONFIG_FILES    = 
  CONFIG_HEADERS  = 
  CONFIG_LINKS    = 
  CONFIG_COMMANDS = 
  $ ./config.status scripts/smtt-smartcard

on smtt


This file was extended by saes-os config.status 1.4.6, which was
generated by GNU Autoconf 2.65.  Invocation command line was

  CONFIG_FILES    = 
  CONFIG_HEADERS  = 
  CONFIG_LINKS    = 
  CONFIG_COMMANDS = 
  $ ./config.status scripts/smtt-dsort

on smtt

config.status:793: creating scripts/smtt-printblank
config.status:793: creating scripts/smtt-movefile
config.status:793: creating scripts/smtt-dsort
config.status:793: creating scripts/smtt-smartcard

## ---------------------- ##
## Running config.status. ##
## ---------------------- ##

This file was extended by saes-os config.status 1.4.6, which was
generated by GNU Autoconf 2.65.  Invocation command line was

  CONFIG_FILES    = 
  CONFIG_HEADERS  = 
  CONFIG_LINKS    = 
  CONFIG_COMMANDS = 
  $ ./config.status scripts/smtt-barcode-event

on smtt


## ---------------------- ##
## Running config.status. ##
## ---------------------- ##

This file was extended by saes-os config.status 1.4.6, which was
generated by GNU Autoconf 2.65.  Invocation command line was

  CONFIG_FILES    = 
  CONFIG_HEADERS  = 
  CONFIG_LINKS    = 
  CONFIG_COMMANDS = 
  $ ./config.status scripts/smtt-event-device

on smtt


config.status:793: creating scripts/smtt-barcode-event
## ---------------------- ##
## Running config.status. ##
## ---------------------- ##

This file was extended by saes-os config.status 1.4.6, which was
generated by GNU Autoconf 2.65.  Invocation command line was

  CONFIG_FILES    = 
  CONFIG_HEADERS  = 
  CONFIG_LINKS    = 
  CONFIG_COMMANDS = 
  $ ./config.status scripts/smtt-event-script

on smtt

config.status:793: creating scripts/smtt-event-device
config.status:793: creating scripts/smtt-event-script

## ---------------------- ##
## Running config.status. ##
## ---------------------- ##

This file was extended by saes-os config.status 1.4.6, which was
generated by GNU Autoconf 2.65.  Invocation command line was

  CONFIG_FILES    = 
  CONFIG_HEADERS  = 
  CONFIG_LINKS    = 
  CONFIG_COMMANDS = 
  $ ./config.status udev/70-saes-os-bcr.rules

on smtt


## ---------------------- ##
## Running config.status. ##
## ---------------------- ##

This file was extended by saes-os config.status 1.4.6, which was
generated by GNU Autoconf 2.65.  Invocation command line was

  CONFIG_FILES    = 
  CONFIG_HEADERS  = 
  CONFIG_LINKS    = 
  CONFIG_COMMANDS = 
  $ ./config.status udev/70-saes-os-storage.rules

on smtt

config.status:793: creating udev/70-saes-os-bcr.rules
config.status:793: creating udev/70-saes-os-storage.rules

## ---------------------- ##
## Running config.status. ##
## ---------------------- ##

This file was extended by saes-os config.status 1.4.6, which was
generated by GNU Autoconf 2.65.  Invocation command line was

  CONFIG_FILES    = 
  CONFIG_HEADERS  = 
  CONFIG_LINKS    = 
  CONFIG_COMMANDS = 
  $ ./config.status etc/saes-os.conf

on smtt

config.status:793: creating etc/saes-os.conf
