This file contains any messages produced by compilers while
running configure, to aid debugging if configure makes a mistake.

It was created by libsmartmaticlog configure 1.4.6, which was
generated by GNU Autoconf 2.65.  Invocation command line was

  $ ./configure --prefix /usr/local --exec_prefix /usr/local --sysconfdir=/etc LDFLAGS=-Wl,-z,defs -Wl,-O1 -Wl,--as-needed -Wl,--hash-style=gnu

## --------- ##
## Platform. ##
## --------- ##

hostname = smtt
uname -m = i686
uname -r = 2.6.32-38-generic
uname -s = Linux
uname -v = #83-Ubuntu SMP Wed Jan 4 11:13:04 UTC 2012

/usr/bin/uname -p = unknown
/bin/uname -X     = unknown

/bin/arch              = unknown
/usr/bin/arch -k       = unknown
/usr/convex/getsysinfo = unknown
/usr/bin/hostinfo      = unknown
/bin/machine           = unknown
/usr/bin/oslevel       = unknown
/bin/universe          = unknown

PATH: /opt/java/jre1.6.0_33/bin
PATH: /opt/java/jre1.6.0_33/bin
PATH: /opt/ant/bin
PATH: /opt/ant/bin
PATH: /opt/java/jre1.6.0_33/bin
PATH: /opt/ant/bin
PATH: /usr/local/sbin
PATH: /usr/local/bin
PATH: /usr/sbin
PATH: /usr/bin
PATH: /sbin
PATH: /bin
PATH: /usr/games


## ----------- ##
## Core tests. ##
## ----------- ##

configure:2443: checking build system type
configure:2457: result: i686-pc-linux-gnu
configure:2477: checking host system type
configure:2490: result: i686-pc-linux-gnu
configure:2558: checking for gcc
configure:2574: found /usr/bin/gcc
configure:2585: result: gcc
configure:2814: checking for C compiler version
configure:2823: gcc --version >&5
gcc (Ubuntu 4.4.3-4ubuntu5.1) 4.4.3
Copyright (C) 2009 Free Software Foundation, Inc.
This is free software; see the source for copying conditions.  There is NO
warranty; not even for MERCHANTABILITY or FITNESS FOR A PARTICULAR PURPOSE.

configure:2834: $? = 0
configure:2823: gcc -v >&5
Using built-in specs.
Target: i486-linux-gnu
Configured with: ../src/configure -v --with-pkgversion='Ubuntu 4.4.3-4ubuntu5.1' --with-bugurl=file:///usr/share/doc/gcc-4.4/README.Bugs --enable-languages=c,c++,fortran,objc,obj-c++ --prefix=/usr --enable-shared --enable-multiarch --enable-linker-build-id --with-system-zlib --libexecdir=/usr/lib --without-included-gettext --enable-threads=posix --with-gxx-include-dir=/usr/include/c++/4.4 --program-suffix=-4.4 --enable-nls --enable-clocale=gnu --enable-libstdcxx-debug --enable-plugin --enable-objc-gc --enable-targets=all --disable-werror --with-arch-32=i486 --with-tune=generic --enable-checking=release --build=i486-linux-gnu --host=i486-linux-gnu --target=i486-linux-gnu
Thread model: posix
gcc version 4.4.3 (Ubuntu 4.4.3-4ubuntu5.1) 
configure:2834: $? = 0
configure:2823: gcc -V >&5
gcc: '-V' option must have argument
configure:2834: $? = 1
configure:2823: gcc -qversion >&5
gcc: unrecognized option '-qversion'
gcc: no input files
configure:2834: $? = 1
configure:2854: checking whether the C compiler works
configure:2876: gcc   -Wl,-z,defs -Wl,-O1 -Wl,--as-needed -Wl,--hash-style=gnu conftest.c  >&5
configure:2880: $? = 0
configure:2929: result: yes
configure:2932: checking for C compiler default output file name
configure:2934: result: a.out
configure:2940: checking for suffix of executables
configure:2947: gcc -o conftest   -Wl,-z,defs -Wl,-O1 -Wl,--as-needed -Wl,--hash-style=gnu conftest.c  >&5
configure:2951: $? = 0
configure:2973: result: 
configure:2995: checking whether we are cross compiling
configure:3003: gcc -o conftest   -Wl,-z,defs -Wl,-O1 -Wl,--as-needed -Wl,--hash-style=gnu conftest.c  >&5
configure:3007: $? = 0
configure:3014: ./conftest
configure:3018: $? = 0
configure:3033: result: no
configure:3038: checking for suffix of object files
configure:3060: gcc -c   conftest.c >&5
configure:3064: $? = 0
configure:3085: result: o
configure:3089: checking whether we are using the GNU C compiler
configure:3108: gcc -c   conftest.c >&5
configure:3108: $? = 0
configure:3117: result: yes
configure:3126: checking whether gcc accepts -g
configure:3146: gcc -c -g  conftest.c >&5
configure:3146: $? = 0
configure:3187: result: yes
configure:3204: checking for gcc option to accept ISO C89
configure:3268: gcc  -c -g -O2  conftest.c >&5
configure:3268: $? = 0
configure:3281: result: none needed
configure:3301: checking for a sed that does not truncate output
configure:3365: result: /bin/sed
configure:3383: checking for grep that handles long lines and -e
configure:3441: result: /bin/grep
configure:3446: checking for egrep
configure:3508: result: /bin/grep -E
configure:3513: checking for fgrep
configure:3575: result: /bin/grep -F
configure:3610: checking for ld used by gcc
configure:3677: result: /usr/bin/ld
configure:3684: checking if the linker (/usr/bin/ld) is GNU ld
configure:3699: result: yes
configure:3711: checking for BSD- or MS-compatible name lister (nm)
configure:3760: result: /usr/bin/nm -B
configure:3878: checking the name lister (/usr/bin/nm -B) interface
configure:3885: gcc -c -g -O2  conftest.c >&5
configure:3888: /usr/bin/nm -B "conftest.o"
configure:3891: output
00000000 B some_variable
configure:3898: result: BSD nm
configure:3901: checking whether ln -s works
configure:3905: result: yes
configure:3913: checking the maximum length of command line arguments
configure:4033: result: 1572864
configure:4050: checking whether the shell understands some XSI constructs
configure:4060: result: yes
configure:4064: checking whether the shell understands "+="
configure:4070: result: yes
configure:4105: checking for /usr/bin/ld option to reload object files
configure:4112: result: -r
configure:4181: checking for objdump
configure:4197: found /usr/bin/objdump
configure:4208: result: objdump
configure:4240: checking how to recognize dependent libraries
configure:4436: result: pass_all
configure:4496: checking for ar
configure:4512: found /usr/bin/ar
configure:4523: result: ar
configure:4601: checking for strip
configure:4617: found /usr/bin/strip
configure:4628: result: strip
configure:4700: checking for ranlib
configure:4716: found /usr/bin/ranlib
configure:4727: result: ranlib
configure:4817: checking command to parse /usr/bin/nm -B output from gcc object
configure:4935: gcc -c -g -O2  conftest.c >&5
configure:4938: $? = 0
configure:4942: /usr/bin/nm -B conftest.o \| sed -n -e 's/^.*[	 ]\([ABCDGIRSTW][ABCDGIRSTW]*\)[	 ][	 ]*\([_A-Za-z][_A-Za-z0-9]*\)$/\1 \2 \2/p' \> conftest.nm
configure:4945: $? = 0
configure:4999: gcc -o conftest -g -O2  -Wl,-z,defs -Wl,-O1 -Wl,--as-needed -Wl,--hash-style=gnu conftest.c conftstm.o >&5
configure:5002: $? = 0
configure:5040: result: ok
configure:5849: checking how to run the C preprocessor
configure:5880: gcc -E  conftest.c
configure:5880: $? = 0
configure:5894: gcc -E  conftest.c
conftest.c:9:28: error: ac_nonexistent.h: No such file or directory
configure:5894: $? = 1
configure: failed program was:
| /* confdefs.h */
| #define PACKAGE_NAME "libsmartmaticlog"
| #define PACKAGE_TARNAME "libsmartmaticlog"
| #define PACKAGE_VERSION "1.4.6"
| #define PACKAGE_STRING "libsmartmaticlog 1.4.6"
| #define PACKAGE_BUGREPORT ""
| #define PACKAGE_URL ""
| /* end confdefs.h.  */
| #include <ac_nonexistent.h>
configure:5919: result: gcc -E
configure:5939: gcc -E  conftest.c
configure:5939: $? = 0
configure:5953: gcc -E  conftest.c
conftest.c:9:28: error: ac_nonexistent.h: No such file or directory
configure:5953: $? = 1
configure: failed program was:
| /* confdefs.h */
| #define PACKAGE_NAME "libsmartmaticlog"
| #define PACKAGE_TARNAME "libsmartmaticlog"
| #define PACKAGE_VERSION "1.4.6"
| #define PACKAGE_STRING "libsmartmaticlog 1.4.6"
| #define PACKAGE_BUGREPORT ""
| #define PACKAGE_URL ""
| /* end confdefs.h.  */
| #include <ac_nonexistent.h>
configure:5982: checking for ANSI C header files
configure:6002: gcc -c -g -O2  conftest.c >&5
configure:6002: $? = 0
configure:6075: gcc -o conftest -g -O2  -Wl,-z,defs -Wl,-O1 -Wl,--as-needed -Wl,--hash-style=gnu conftest.c  >&5
configure:6075: $? = 0
configure:6075: ./conftest
configure:6075: $? = 0
configure:6086: result: yes
configure:6099: checking for sys/types.h
configure:6099: gcc -c -g -O2  conftest.c >&5
configure:6099: $? = 0
configure:6099: result: yes
configure:6099: checking for sys/stat.h
configure:6099: gcc -c -g -O2  conftest.c >&5
configure:6099: $? = 0
configure:6099: result: yes
configure:6099: checking for stdlib.h
configure:6099: gcc -c -g -O2  conftest.c >&5
configure:6099: $? = 0
configure:6099: result: yes
configure:6099: checking for string.h
configure:6099: gcc -c -g -O2  conftest.c >&5
configure:6099: $? = 0
configure:6099: result: yes
configure:6099: checking for memory.h
configure:6099: gcc -c -g -O2  conftest.c >&5
configure:6099: $? = 0
configure:6099: result: yes
configure:6099: checking for strings.h
configure:6099: gcc -c -g -O2  conftest.c >&5
configure:6099: $? = 0
configure:6099: result: yes
configure:6099: checking for inttypes.h
configure:6099: gcc -c -g -O2  conftest.c >&5
configure:6099: $? = 0
configure:6099: result: yes
configure:6099: checking for stdint.h
configure:6099: gcc -c -g -O2  conftest.c >&5
configure:6099: $? = 0
configure:6099: result: yes
configure:6099: checking for unistd.h
configure:6099: gcc -c -g -O2  conftest.c >&5
configure:6099: $? = 0
configure:6099: result: yes
configure:6114: checking for dlfcn.h
configure:6114: gcc -c -g -O2  conftest.c >&5
configure:6114: $? = 0
configure:6114: result: yes
configure:6297: checking for objdir
configure:6312: result: .libs
configure:6608: checking if gcc supports -fno-rtti -fno-exceptions
configure:6626: gcc -c -g -O2  -fno-rtti -fno-exceptions conftest.c >&5
cc1: warning: command line option "-fno-rtti" is valid for C++/ObjC++ but not for C
configure:6630: $? = 0
configure:6643: result: no
configure:6663: checking for gcc option to produce PIC
configure:6935: result: -fPIC -DPIC
configure:6947: checking if gcc PIC flag -fPIC -DPIC works
configure:6965: gcc -c -g -O2  -fPIC -DPIC -DPIC conftest.c >&5
configure:6969: $? = 0
configure:6982: result: yes
configure:7006: checking if gcc static flag -static works
configure:7034: result: yes
configure:7049: checking if gcc supports -c -o file.o
configure:7070: gcc -c -g -O2  -o out/conftest2.o conftest.c >&5
configure:7074: $? = 0
configure:7096: result: yes
configure:7104: checking if gcc supports -c -o file.o
configure:7151: result: yes
configure:7184: checking whether the gcc linker (/usr/bin/ld) supports shared libraries
configure:8175: result: yes
configure:8212: checking whether -lc should be explicitly linked in
configure:8217: gcc -c -g -O2  conftest.c >&5
configure:8220: $? = 0
configure:8235: gcc -shared conftest.o  -v -Wl,-soname -Wl,conftest -o conftest 2\>\&1 \| /bin/grep  -lc  \>/dev/null 2\>\&1
configure:8238: $? = 0
configure:8250: result: no
configure:8414: checking dynamic linker characteristics
configure:8847: gcc -o conftest -g -O2  -Wl,-z,defs -Wl,-O1 -Wl,--as-needed -Wl,--hash-style=gnu -Wl,-rpath -Wl,/foo conftest.c  >&5
configure:8847: $? = 0
configure:9077: result: GNU/Linux ld.so
configure:9179: checking how to hardcode library paths into programs
configure:9204: result: immediate
configure:9724: checking whether stripping libraries is possible
configure:9729: result: yes
configure:9764: checking if libtool supports shared libraries
configure:9766: result: yes
configure:9769: checking whether to build shared libraries
configure:9790: result: yes
configure:9793: checking whether to build static libraries
configure:9797: result: no
configure:9849: checking for a BSD-compatible install
configure:9917: result: /usr/bin/install -c
configure:9928: checking whether build environment is sane
configure:9978: result: yes
configure:10119: checking for a thread-safe mkdir -p
configure:10158: result: /bin/mkdir -p
configure:10171: checking for gawk
configure:10187: found /usr/bin/gawk
configure:10198: result: gawk
configure:10209: checking whether make sets $(MAKE)
configure:10231: result: yes
configure:10261: checking for style of include used by make
configure:10289: result: GNU
configure:10368: checking how to create a ustar tar archive
configure:10381: tar --version
tar (GNU tar) 1.22
Copyright (C) 2009 Free Software Foundation, Inc.
License GPLv3+: GNU GPL version 3 or later <http://gnu.org/licenses/gpl.html>.
This is free software: you are free to change and redistribute it.
There is NO WARRANTY, to the extent permitted by law.

Written by John Gilmore and Jay Fenlason.
configure:10384: $? = 0
configure:10424: tardir=conftest.dir && eval tar --format=ustar -chf - "$tardir" >conftest.tar
configure:10427: $? = 0
configure:10431: tar -xf - <conftest.tar
configure:10434: $? = 0
configure:10447: result: gnutar
configure:10455: checking dependency style of gcc
configure:10565: result: gcc3
configure:10595: checking whether to enable maintainer-specific portions of Makefiles
configure:10604: result: no
configure:10618: checking for library containing strerror
configure:10649: gcc -o conftest -g -O2  -Wl,-z,defs -Wl,-O1 -Wl,--as-needed -Wl,--hash-style=gnu conftest.c  >&5
configure:10649: $? = 0
configure:10666: result: none required
configure:10732: checking for g++
configure:10748: found /usr/bin/g++
configure:10759: result: g++
configure:10786: checking for C++ compiler version
configure:10795: g++ --version >&5
g++ (Ubuntu 4.4.3-4ubuntu5.1) 4.4.3
Copyright (C) 2009 Free Software Foundation, Inc.
This is free software; see the source for copying conditions.  There is NO
warranty; not even for MERCHANTABILITY or FITNESS FOR A PARTICULAR PURPOSE.

configure:10806: $? = 0
configure:10795: g++ -v >&5
Using built-in specs.
Target: i486-linux-gnu
Configured with: ../src/configure -v --with-pkgversion='Ubuntu 4.4.3-4ubuntu5.1' --with-bugurl=file:///usr/share/doc/gcc-4.4/README.Bugs --enable-languages=c,c++,fortran,objc,obj-c++ --prefix=/usr --enable-shared --enable-multiarch --enable-linker-build-id --with-system-zlib --libexecdir=/usr/lib --without-included-gettext --enable-threads=posix --with-gxx-include-dir=/usr/include/c++/4.4 --program-suffix=-4.4 --enable-nls --enable-clocale=gnu --enable-libstdcxx-debug --enable-plugin --enable-objc-gc --enable-targets=all --disable-werror --with-arch-32=i486 --with-tune=generic --enable-checking=release --build=i486-linux-gnu --host=i486-linux-gnu --target=i486-linux-gnu
Thread model: posix
gcc version 4.4.3 (Ubuntu 4.4.3-4ubuntu5.1) 
configure:10806: $? = 0
configure:10795: g++ -V >&5
g++: '-V' option must have argument
configure:10806: $? = 1
configure:10795: g++ -qversion >&5
g++: unrecognized option '-qversion'
g++: no input files
configure:10806: $? = 1
configure:10810: checking whether we are using the GNU C++ compiler
configure:10829: g++ -c   conftest.cpp >&5
configure:10829: $? = 0
configure:10838: result: yes
configure:10847: checking whether g++ accepts -g
configure:10867: g++ -c -g  conftest.cpp >&5
configure:10867: $? = 0
configure:10908: result: yes
configure:11044: checking for C++ compiler version
configure:11053: g++ --version >&5
g++ (Ubuntu 4.4.3-4ubuntu5.1) 4.4.3
Copyright (C) 2009 Free Software Foundation, Inc.
This is free software; see the source for copying conditions.  There is NO
warranty; not even for MERCHANTABILITY or FITNESS FOR A PARTICULAR PURPOSE.

configure:11064: $? = 0
configure:11053: g++ -v >&5
Using built-in specs.
Target: i486-linux-gnu
Configured with: ../src/configure -v --with-pkgversion='Ubuntu 4.4.3-4ubuntu5.1' --with-bugurl=file:///usr/share/doc/gcc-4.4/README.Bugs --enable-languages=c,c++,fortran,objc,obj-c++ --prefix=/usr --enable-shared --enable-multiarch --enable-linker-build-id --with-system-zlib --libexecdir=/usr/lib --without-included-gettext --enable-threads=posix --with-gxx-include-dir=/usr/include/c++/4.4 --program-suffix=-4.4 --enable-nls --enable-clocale=gnu --enable-libstdcxx-debug --enable-plugin --enable-objc-gc --enable-targets=all --disable-werror --with-arch-32=i486 --with-tune=generic --enable-checking=release --build=i486-linux-gnu --host=i486-linux-gnu --target=i486-linux-gnu
Thread model: posix
gcc version 4.4.3 (Ubuntu 4.4.3-4ubuntu5.1) 
configure:11064: $? = 0
configure:11053: g++ -V >&5
g++: '-V' option must have argument
configure:11064: $? = 1
configure:11053: g++ -qversion >&5
g++: unrecognized option '-qversion'
g++: no input files
configure:11064: $? = 1
configure:11068: checking whether we are using the GNU C++ compiler
configure:11096: result: yes
configure:11105: checking whether g++ accepts -g
configure:11166: result: yes
configure:11191: checking dependency style of g++
configure:11301: result: gcc3
configure:11324: checking how to run the C++ preprocessor
configure:11351: g++ -E  conftest.cpp
configure:11351: $? = 0
configure:11365: g++ -E  conftest.cpp
conftest.cpp:23:28: error: ac_nonexistent.h: No such file or directory
configure:11365: $? = 1
configure: failed program was:
| /* confdefs.h */
| #define PACKAGE_NAME "libsmartmaticlog"
| #define PACKAGE_TARNAME "libsmartmaticlog"
| #define PACKAGE_VERSION "1.4.6"
| #define PACKAGE_STRING "libsmartmaticlog 1.4.6"
| #define PACKAGE_BUGREPORT ""
| #define PACKAGE_URL ""
| #define STDC_HEADERS 1
| #define HAVE_SYS_TYPES_H 1
| #define HAVE_SYS_STAT_H 1
| #define HAVE_STDLIB_H 1
| #define HAVE_STRING_H 1
| #define HAVE_MEMORY_H 1
| #define HAVE_STRINGS_H 1
| #define HAVE_INTTYPES_H 1
| #define HAVE_STDINT_H 1
| #define HAVE_UNISTD_H 1
| #define HAVE_DLFCN_H 1
| #define LT_OBJDIR ".libs/"
| #define PACKAGE "libsmartmaticlog"
| #define VERSION "1.4.6"
| /* end confdefs.h.  */
| #include <ac_nonexistent.h>
configure:11390: result: g++ -E
configure:11410: g++ -E  conftest.cpp
configure:11410: $? = 0
configure:11424: g++ -E  conftest.cpp
conftest.cpp:23:28: error: ac_nonexistent.h: No such file or directory
configure:11424: $? = 1
configure: failed program was:
| /* confdefs.h */
| #define PACKAGE_NAME "libsmartmaticlog"
| #define PACKAGE_TARNAME "libsmartmaticlog"
| #define PACKAGE_VERSION "1.4.6"
| #define PACKAGE_STRING "libsmartmaticlog 1.4.6"
| #define PACKAGE_BUGREPORT ""
| #define PACKAGE_URL ""
| #define STDC_HEADERS 1
| #define HAVE_SYS_TYPES_H 1
| #define HAVE_SYS_STAT_H 1
| #define HAVE_STDLIB_H 1
| #define HAVE_STRING_H 1
| #define HAVE_MEMORY_H 1
| #define HAVE_STRINGS_H 1
| #define HAVE_INTTYPES_H 1
| #define HAVE_STDINT_H 1
| #define HAVE_UNISTD_H 1
| #define HAVE_DLFCN_H 1
| #define LT_OBJDIR ".libs/"
| #define PACKAGE "libsmartmaticlog"
| #define VERSION "1.4.6"
| /* end confdefs.h.  */
| #include <ac_nonexistent.h>
configure:11592: checking for ld used by g++
configure:11659: result: /usr/bin/ld
configure:11666: checking if the linker (/usr/bin/ld) is GNU ld
configure:11681: result: yes
configure:11736: checking whether the g++ linker (/usr/bin/ld) supports shared libraries
configure:12649: result: yes
configure:12677: g++ -c -g -O2  conftest.cpp >&5
configure:12680: $? = 0
configure:12862: checking for g++ option to produce PIC
configure:13179: result: -fPIC -DPIC
configure:13188: checking if g++ PIC flag -fPIC -DPIC works
configure:13206: g++ -c -g -O2  -fPIC -DPIC -DPIC conftest.cpp >&5
configure:13210: $? = 0
configure:13223: result: yes
configure:13244: checking if g++ static flag -static works
configure:13272: result: yes
configure:13284: checking if g++ supports -c -o file.o
configure:13305: g++ -c -g -O2  -o out/conftest2.o conftest.cpp >&5
configure:13309: $? = 0
configure:13331: result: yes
configure:13336: checking if g++ supports -c -o file.o
configure:13383: result: yes
configure:13413: checking whether the g++ linker (/usr/bin/ld) supports shared libraries
configure:13442: result: yes
configure:13579: checking dynamic linker characteristics
configure:13960: g++ -o conftest -g -O2  -Wl,-z,defs -Wl,-O1 -Wl,--as-needed -Wl,--hash-style=gnu -Wl,-rpath -Wl,/foo conftest.cpp  >&5
configure:13960: $? = 0
configure:14190: result: GNU/Linux ld.so
configure:14241: checking how to hardcode library paths into programs
configure:14266: result: immediate
configure:14307: checking dependency style of g++
configure:14417: result: gcc3
configure:14433: checking for ANSI C header files
configure:14537: result: yes
configure:14597: checking for pkg-config
configure:14615: found /usr/bin/pkg-config
configure:14627: result: /usr/bin/pkg-config
configure:14652: checking pkg-config is at least version 0.9.0
configure:14655: result: yes
configure:14666: checking for modules
configure:14674: $PKG_CONFIG --exists --print-errors "liblog4cxx"
configure:14677: $? = 0
configure:14692: $PKG_CONFIG --exists --print-errors "liblog4cxx"
configure:14695: $? = 0
configure:14750: result: yes
configure:14800: checking for doxygen
configure:14816: found /usr/bin/doxygen
configure:14827: result: doxygen
configure:14862: WARNING: Continuing without doxygen support
configure:15007: creating ./config.status

## ---------------------- ##
## Running config.status. ##
## ---------------------- ##

This file was extended by libsmartmaticlog config.status 1.4.6, which was
generated by GNU Autoconf 2.65.  Invocation command line was

  CONFIG_FILES    = 
  CONFIG_HEADERS  = 
  CONFIG_LINKS    = 
  CONFIG_COMMANDS = 
  $ ./config.status 

on smtt

config.status:1149: creating Makefile
config.status:1149: creating src/libsmartmaticlog.pc
config.status:1149: creating src/Makefile
config.status:1149: creating docs/Makefile
config.status:1149: creating config.h
config.status:1369: executing libtool commands
config.status:1369: executing depfiles commands

## ---------------- ##
## Cache variables. ##
## ---------------- ##

ac_cv_build=i686-pc-linux-gnu
ac_cv_c_compiler_gnu=yes
ac_cv_cxx_compiler_gnu=yes
ac_cv_env_CCC_set=
ac_cv_env_CCC_value=
ac_cv_env_CC_set=
ac_cv_env_CC_value=
ac_cv_env_CFLAGS_set=
ac_cv_env_CFLAGS_value=
ac_cv_env_CPPFLAGS_set=
ac_cv_env_CPPFLAGS_value=
ac_cv_env_CPP_set=
ac_cv_env_CPP_value=
ac_cv_env_CXXCPP_set=
ac_cv_env_CXXCPP_value=
ac_cv_env_CXXFLAGS_set=
ac_cv_env_CXXFLAGS_value=
ac_cv_env_CXX_set=
ac_cv_env_CXX_value=
ac_cv_env_LDFLAGS_set=set
ac_cv_env_LDFLAGS_value='-Wl,-z,defs -Wl,-O1 -Wl,--as-needed -Wl,--hash-style=gnu'
ac_cv_env_LIBS_set=
ac_cv_env_LIBS_value=
ac_cv_env_PKG_CONFIG_set=
ac_cv_env_PKG_CONFIG_value=
ac_cv_env_build_alias_set=
ac_cv_env_build_alias_value=
ac_cv_env_host_alias_set=
ac_cv_env_host_alias_value=
ac_cv_env_modules_CFLAGS_set=
ac_cv_env_modules_CFLAGS_value=
ac_cv_env_modules_LIBS_set=
ac_cv_env_modules_LIBS_value=
ac_cv_env_target_alias_set=
ac_cv_env_target_alias_value=
ac_cv_header_dlfcn_h=yes
ac_cv_header_inttypes_h=yes
ac_cv_header_memory_h=yes
ac_cv_header_stdc=yes
ac_cv_header_stdint_h=yes
ac_cv_header_stdlib_h=yes
ac_cv_header_string_h=yes
ac_cv_header_strings_h=yes
ac_cv_header_sys_stat_h=yes
ac_cv_header_sys_types_h=yes
ac_cv_header_unistd_h=yes
ac_cv_host=i686-pc-linux-gnu
ac_cv_objext=o
ac_cv_path_EGREP='/bin/grep -E'
ac_cv_path_FGREP='/bin/grep -F'
ac_cv_path_GREP=/bin/grep
ac_cv_path_SED=/bin/sed
ac_cv_path_ac_pt_PKG_CONFIG=/usr/bin/pkg-config
ac_cv_path_install='/usr/bin/install -c'
ac_cv_path_mkdir=/bin/mkdir
ac_cv_prog_AWK=gawk
ac_cv_prog_CPP='gcc -E'
ac_cv_prog_CXXCPP='g++ -E'
ac_cv_prog_DOXYGEN=doxygen
ac_cv_prog_ac_ct_AR=ar
ac_cv_prog_ac_ct_CC=gcc
ac_cv_prog_ac_ct_CXX=g++
ac_cv_prog_ac_ct_OBJDUMP=objdump
ac_cv_prog_ac_ct_RANLIB=ranlib
ac_cv_prog_ac_ct_STRIP=strip
ac_cv_prog_cc_c89=
ac_cv_prog_cc_g=yes
ac_cv_prog_cxx_g=yes
ac_cv_prog_make_make_set=yes
ac_cv_search_strerror='none required'
am_cv_CC_dependencies_compiler_type=gcc3
am_cv_CXX_dependencies_compiler_type=gcc3
am_cv_prog_tar_ustar=gnutar
lt_cv_deplibs_check_method=pass_all
lt_cv_file_magic_cmd='$MAGIC_CMD'
lt_cv_file_magic_test_file=
lt_cv_ld_reload_flag=-r
lt_cv_nm_interface='BSD nm'
lt_cv_objdir=.libs
lt_cv_path_LD=/usr/bin/ld
lt_cv_path_LDCXX=/usr/bin/ld
lt_cv_path_NM='/usr/bin/nm -B'
lt_cv_prog_compiler_c_o=yes
lt_cv_prog_compiler_c_o_CXX=yes
lt_cv_prog_compiler_pic_works=yes
lt_cv_prog_compiler_pic_works_CXX=yes
lt_cv_prog_compiler_rtti_exceptions=no
lt_cv_prog_compiler_static_works=yes
lt_cv_prog_compiler_static_works_CXX=yes
lt_cv_prog_gnu_ld=yes
lt_cv_prog_gnu_ldcxx=yes
lt_cv_sys_global_symbol_pipe='sed -n -e '\''s/^.*[	 ]\([ABCDGIRSTW][ABCDGIRSTW]*\)[	 ][	 ]*\([_A-Za-z][_A-Za-z0-9]*\)$/\1 \2 \2/p'\'''
lt_cv_sys_global_symbol_to_c_name_address='sed -n -e '\''s/^: \([^ ]*\) $/  {\"\1\", (void *) 0},/p'\'' -e '\''s/^[ABCDGIRSTW]* \([^ ]*\) \([^ ]*\)$/  {"\2", (void *) \&\2},/p'\'''
lt_cv_sys_global_symbol_to_c_name_address_lib_prefix='sed -n -e '\''s/^: \([^ ]*\) $/  {\"\1\", (void *) 0},/p'\'' -e '\''s/^[ABCDGIRSTW]* \([^ ]*\) \(lib[^ ]*\)$/  {"\2", (void *) \&\2},/p'\'' -e '\''s/^[ABCDGIRSTW]* \([^ ]*\) \([^ ]*\)$/  {"lib\2", (void *) \&\2},/p'\'''
lt_cv_sys_global_symbol_to_cdecl='sed -n -e '\''s/^T .* \(.*\)$/extern int \1();/p'\'' -e '\''s/^[ABCDGIRSTW]* .* \(.*\)$/extern char \1;/p'\'''
lt_cv_sys_max_cmd_len=1572864
pkg_cv_modules_CFLAGS=' '
pkg_cv_modules_LIBS='-llog4cxx  '

## ----------------- ##
## Output variables. ##
## ----------------- ##

ACLOCAL='${SHELL} /home/smtt/SAES1.4.6/smartmaticlog/missing --run aclocal-1.11'
ADD_RELEASE_FALSE='#'
ADD_RELEASE_TRUE=''
AMDEPBACKSLASH='\'
AMDEP_FALSE='#'
AMDEP_TRUE=''
AMTAR='${SHELL} /home/smtt/SAES1.4.6/smartmaticlog/missing --run tar'
AM_BACKSLASH='\'
AM_DEFAULT_VERBOSITY='1'
AR='ar'
AUTOCONF='${SHELL} /home/smtt/SAES1.4.6/smartmaticlog/missing --run autoconf'
AUTOHEADER='${SHELL} /home/smtt/SAES1.4.6/smartmaticlog/missing --run autoheader'
AUTOMAKE='${SHELL} /home/smtt/SAES1.4.6/smartmaticlog/missing --run automake-1.11'
AWK='gawk'
CC='gcc'
CCDEPMODE='depmode=gcc3'
CFLAGS='-g -O2'
CPP='gcc -E'
CPPFLAGS=''
CXX='g++'
CXXCPP='g++ -E'
CXXDEPMODE='depmode=gcc3'
CXXFLAGS='-Wall -Werror -g -O2'
CYGPATH_W='echo'
DATADIR='/usr/local/share'
DEFS='-DHAVE_CONFIG_H'
DEPDIR='.deps'
DOXYGEN='doxygen'
DOXYGEN_LOG_FILE='doxygen.log'
DSYMUTIL=''
DUMPBIN=''
ECHO_C=''
ECHO_N='-n'
ECHO_T=''
EGREP='/bin/grep -E'
EXEEXT=''
FGREP='/bin/grep -F'
GREP='/bin/grep'
INSTALL_DATA='${INSTALL} -m 644'
INSTALL_PROGRAM='${INSTALL}'
INSTALL_SCRIPT='${INSTALL}'
INSTALL_STRIP_PROGRAM='$(install_sh) -c -s'
LD='/usr/bin/ld'
LDFLAGS='-Wl,-z,defs -Wl,-O1 -Wl,--as-needed -Wl,--hash-style=gnu'
LIBFIX='6'
LIBMAYOR='1'
LIBMINOR='4'
LIBOBJS=''
LIBS=''
LIBTOOL='$(SHELL) $(top_builddir)/libtool'
LIBVERSION='5'
LIPO=''
LN_S='ln -s'
LTLIBOBJS=''
MAINT='#'
MAINTAINER_MODE_FALSE=''
MAINTAINER_MODE_TRUE='#'
MAKEINFO='${SHELL} /home/smtt/SAES1.4.6/smartmaticlog/missing --run makeinfo'
MAKE_DOXYGEN_DOC_FALSE=''
MAKE_DOXYGEN_DOC_TRUE='#'
MKDIR_P='/bin/mkdir -p'
NM='/usr/bin/nm -B'
NMEDIT=''
OBJDUMP='objdump'
OBJEXT='o'
OTOOL64=''
OTOOL=''
PACKAGE='libsmartmaticlog'
PACKAGE_BUGREPORT=''
PACKAGE_NAME='libsmartmaticlog'
PACKAGE_STRING='libsmartmaticlog 1.4.6'
PACKAGE_TARNAME='libsmartmaticlog'
PACKAGE_URL=''
PACKAGE_VERSION='1.4.6'
PATH_SEPARATOR=':'
PKG_CONFIG='/usr/bin/pkg-config'
RANLIB='ranlib'
SED='/bin/sed'
SET_MAKE=''
SHELL='/bin/bash'
STRIP='strip'
VERSION='1.4.6'
ac_ct_CC='gcc'
ac_ct_CXX='g++'
ac_ct_DUMPBIN=''
am__EXEEXT_FALSE=''
am__EXEEXT_TRUE='#'
am__fastdepCC_FALSE='#'
am__fastdepCC_TRUE=''
am__fastdepCXX_FALSE='#'
am__fastdepCXX_TRUE=''
am__include='include'
am__isrc=''
am__leading_dot='.'
am__quote=''
am__tar='tar --format=ustar -chf - "$$tardir"'
am__untar='tar -xf -'
bindir='${exec_prefix}/bin'
build='i686-pc-linux-gnu'
build_alias=''
build_cpu='i686'
build_os='linux-gnu'
build_vendor='pc'
datadir='${prefix}/share'
datarootdir='${prefix}/share'
docdir='${datarootdir}/doc/${PACKAGE_TARNAME}'
dvidir='${docdir}'
exec_prefix='/usr/local'
host='i686-pc-linux-gnu'
host_alias=''
host_cpu='i686'
host_os='linux-gnu'
host_vendor='pc'
htmldir='${docdir}'
includedir='${prefix}/include'
infodir='${datarootdir}/info'
install_sh='${SHELL} /home/smtt/SAES1.4.6/smartmaticlog/install-sh'
libdir='${exec_prefix}/lib'
libexecdir='${exec_prefix}/libexec'
localedir='${prefix}/share/locale'
localstatedir='${prefix}/var'
lt_ECHO='echo'
mandir='${datarootdir}/man'
mkdir_p='/bin/mkdir -p'
modules_CFLAGS=' '
modules_LIBS='-llog4cxx  '
oldincludedir='/usr/include'
pdfdir='${docdir}'
prefix='/usr/local'
program_transform_name='s,x,x,'
psdir='${docdir}'
sbindir='${exec_prefix}/sbin'
sharedstatedir='${prefix}/com'
sysconfdir='/etc'
target_alias=''

## ----------- ##
## confdefs.h. ##
## ----------- ##

/* confdefs.h */
#define PACKAGE_NAME "libsmartmaticlog"
#define PACKAGE_TARNAME "libsmartmaticlog"
#define PACKAGE_VERSION "1.4.6"
#define PACKAGE_STRING "libsmartmaticlog 1.4.6"
#define PACKAGE_BUGREPORT ""
#define PACKAGE_URL ""
#define STDC_HEADERS 1
#define HAVE_SYS_TYPES_H 1
#define HAVE_SYS_STAT_H 1
#define HAVE_STDLIB_H 1
#define HAVE_STRING_H 1
#define HAVE_MEMORY_H 1
#define HAVE_STRINGS_H 1
#define HAVE_INTTYPES_H 1
#define HAVE_STDINT_H 1
#define HAVE_UNISTD_H 1
#define HAVE_DLFCN_H 1
#define LT_OBJDIR ".libs/"
#define PACKAGE "libsmartmaticlog"
#define VERSION "1.4.6"
#define STDC_HEADERS 1
#define DATADIR "/usr/local/share"

configure: exit 0
