This file contains any messages produced by compilers while
running configure, to aid debugging if configure makes a mistake.

It was created by saesthemes configure 1.4.6, which was
generated by GNU Autoconf 2.65.  Invocation command line was

  $ ./configure --prefix /usr --exec_prefix /usr --sysconfdir=/etc LDFLAGS=-Wl,-z,defs -Wl,-O1 -Wl,--as-needed -Wl,--hash-style=gnu

## --------- ##
## Platform. ##
## --------- ##

hostname = smtt
uname -m = i686
uname -r = 2.6.32-38-generic
uname -s = Linux
uname -v = #83-Ubuntu SMP Wed Jan 4 11:13:04 UTC 2012

/usr/bin/uname -p = unknown
/bin/uname -X     = unknown

/bin/arch              = unknown
/usr/bin/arch -k       = unknown
/usr/convex/getsysinfo = unknown
/usr/bin/hostinfo      = unknown
/bin/machine           = unknown
/usr/bin/oslevel       = unknown
/bin/universe          = unknown

PATH: /opt/java/jre1.6.0_33/bin
PATH: /opt/java/jre1.6.0_33/bin
PATH: /opt/ant/bin
PATH: /opt/ant/bin
PATH: /opt/java/jre1.6.0_33/bin
PATH: /opt/ant/bin
PATH: /usr/local/sbin
PATH: /usr/local/bin
PATH: /usr/sbin
PATH: /usr/bin
PATH: /sbin
PATH: /bin
PATH: /usr/games


## ----------- ##
## Core tests. ##
## ----------- ##

configure:2213: checking for a BSD-compatible install
configure:2281: result: /usr/bin/install -c
configure:2292: checking whether build environment is sane
configure:2342: result: yes
configure:2483: checking for a thread-safe mkdir -p
configure:2522: result: /bin/mkdir -p
configure:2535: checking for gawk
configure:2551: found /usr/bin/gawk
configure:2562: result: gawk
configure:2573: checking whether make sets $(MAKE)
configure:2595: result: yes
configure:2670: checking how to create a ustar tar archive
configure:2683: tar --version
tar (GNU tar) 1.22
Copyright (C) 2009 Free Software Foundation, Inc.
License GPLv3+: GNU GPL version 3 or later <http://gnu.org/licenses/gpl.html>.
This is free software: you are free to change and redistribute it.
There is NO WARRANTY, to the extent permitted by law.

Written by John Gilmore and Jay Fenlason.
configure:2686: $? = 0
configure:2726: tardir=conftest.dir && eval tar --format=ustar -chf - "$tardir" >conftest.tar
configure:2729: $? = 0
configure:2733: tar -xf - <conftest.tar
configure:2736: $? = 0
configure:2749: result: gnutar
configure:2759: checking whether to enable maintainer-specific portions of Makefiles
configure:2768: result: no
configure:2783: checking whether NLS is requested
configure:2792: result: yes
configure:2808: checking for style of include used by make
configure:2836: result: GNU
configure:2906: checking for gcc
configure:2922: found /usr/bin/gcc
configure:2933: result: gcc
configure:3162: checking for C compiler version
configure:3171: gcc --version >&5
gcc (Ubuntu 4.4.3-4ubuntu5.1) 4.4.3
Copyright (C) 2009 Free Software Foundation, Inc.
This is free software; see the source for copying conditions.  There is NO
warranty; not even for MERCHANTABILITY or FITNESS FOR A PARTICULAR PURPOSE.

configure:3182: $? = 0
configure:3171: gcc -v >&5
Using built-in specs.
Target: i486-linux-gnu
Configured with: ../src/configure -v --with-pkgversion='Ubuntu 4.4.3-4ubuntu5.1' --with-bugurl=file:///usr/share/doc/gcc-4.4/README.Bugs --enable-languages=c,c++,fortran,objc,obj-c++ --prefix=/usr --enable-shared --enable-multiarch --enable-linker-build-id --with-system-zlib --libexecdir=/usr/lib --without-included-gettext --enable-threads=posix --with-gxx-include-dir=/usr/include/c++/4.4 --program-suffix=-4.4 --enable-nls --enable-clocale=gnu --enable-libstdcxx-debug --enable-plugin --enable-objc-gc --enable-targets=all --disable-werror --with-arch-32=i486 --with-tune=generic --enable-checking=release --build=i486-linux-gnu --host=i486-linux-gnu --target=i486-linux-gnu
Thread model: posix
gcc version 4.4.3 (Ubuntu 4.4.3-4ubuntu5.1) 
configure:3182: $? = 0
configure:3171: gcc -V >&5
gcc: '-V' option must have argument
configure:3182: $? = 1
configure:3171: gcc -qversion >&5
gcc: unrecognized option '-qversion'
gcc: no input files
configure:3182: $? = 1
configure:3202: checking whether the C compiler works
configure:3224: gcc   -Wl,-z,defs -Wl,-O1 -Wl,--as-needed -Wl,--hash-style=gnu conftest.c  >&5
configure:3228: $? = 0
configure:3277: result: yes
configure:3280: checking for C compiler default output file name
configure:3282: result: a.out
configure:3288: checking for suffix of executables
configure:3295: gcc -o conftest   -Wl,-z,defs -Wl,-O1 -Wl,--as-needed -Wl,--hash-style=gnu conftest.c  >&5
configure:3299: $? = 0
configure:3321: result: 
configure:3343: checking whether we are cross compiling
configure:3351: gcc -o conftest   -Wl,-z,defs -Wl,-O1 -Wl,--as-needed -Wl,--hash-style=gnu conftest.c  >&5
configure:3355: $? = 0
configure:3362: ./conftest
configure:3366: $? = 0
configure:3381: result: no
configure:3386: checking for suffix of object files
configure:3408: gcc -c   conftest.c >&5
configure:3412: $? = 0
configure:3433: result: o
configure:3437: checking whether we are using the GNU C compiler
configure:3456: gcc -c   conftest.c >&5
configure:3456: $? = 0
configure:3465: result: yes
configure:3474: checking whether gcc accepts -g
configure:3494: gcc -c -g  conftest.c >&5
configure:3494: $? = 0
configure:3535: result: yes
configure:3552: checking for gcc option to accept ISO C89
configure:3616: gcc  -c -g -O2  conftest.c >&5
configure:3616: $? = 0
configure:3629: result: none needed
configure:3651: checking dependency style of gcc
configure:3761: result: none
configure:3803: checking for intltool-update
configure:3821: found /usr/bin/intltool-update
configure:3833: result: /usr/bin/intltool-update
configure:3843: checking for intltool-merge
configure:3861: found /usr/bin/intltool-merge
configure:3873: result: /usr/bin/intltool-merge
configure:3883: checking for intltool-extract
configure:3901: found /usr/bin/intltool-extract
configure:3913: result: /usr/bin/intltool-extract
configure:4044: checking for xgettext
configure:4062: found /usr/bin/xgettext
configure:4074: result: /usr/bin/xgettext
configure:4084: checking for msgmerge
configure:4102: found /usr/bin/msgmerge
configure:4114: result: /usr/bin/msgmerge
configure:4124: checking for msgfmt
configure:4142: found /usr/bin/msgfmt
configure:4154: result: /usr/bin/msgfmt
configure:4164: checking for gmsgfmt
configure:4195: result: /usr/bin/msgfmt
configure:4215: checking for perl
configure:4233: found /usr/bin/perl
configure:4245: result: /usr/bin/perl
configure:4256: checking for perl >= 5.8.1
configure:4263: result: 5.10.1
configure:4267: checking for XML::Parser
configure:4270: result: ok
configure:4295: gcc -o conftest -g -O2  -Wl,-z,defs -Wl,-O1 -Wl,--as-needed -Wl,--hash-style=gnu conftest.c  >&5
configure:4295: $? = 0
configure:4370: checking for pkg-config
configure:4388: found /usr/bin/pkg-config
configure:4400: result: /usr/bin/pkg-config
configure:4425: checking pkg-config is at least version 0.9.0
configure:4428: result: yes
configure:4442: checking how to run the C preprocessor
configure:4473: gcc -E  conftest.c
configure:4473: $? = 0
configure:4487: gcc -E  conftest.c
conftest.c:11:28: error: ac_nonexistent.h: No such file or directory
configure:4487: $? = 1
configure: failed program was:
| /* confdefs.h */
| #define PACKAGE_NAME "saesthemes"
| #define PACKAGE_TARNAME "saesthemes"
| #define PACKAGE_VERSION "1.4.6"
| #define PACKAGE_STRING "saesthemes 1.4.6"
| #define PACKAGE_BUGREPORT ""
| #define PACKAGE_URL ""
| #define PACKAGE "saesthemes"
| #define VERSION "1.4.6"
| /* end confdefs.h.  */
| #include <ac_nonexistent.h>
configure:4512: result: gcc -E
configure:4532: gcc -E  conftest.c
configure:4532: $? = 0
configure:4546: gcc -E  conftest.c
conftest.c:11:28: error: ac_nonexistent.h: No such file or directory
configure:4546: $? = 1
configure: failed program was:
| /* confdefs.h */
| #define PACKAGE_NAME "saesthemes"
| #define PACKAGE_TARNAME "saesthemes"
| #define PACKAGE_VERSION "1.4.6"
| #define PACKAGE_STRING "saesthemes 1.4.6"
| #define PACKAGE_BUGREPORT ""
| #define PACKAGE_URL ""
| #define PACKAGE "saesthemes"
| #define VERSION "1.4.6"
| /* end confdefs.h.  */
| #include <ac_nonexistent.h>
configure:4575: checking for grep that handles long lines and -e
configure:4633: result: /bin/grep
configure:4638: checking for egrep
configure:4700: result: /bin/grep -E
configure:4705: checking for ANSI C header files
configure:4725: gcc -c -g -O2  conftest.c >&5
configure:4725: $? = 0
configure:4798: gcc -o conftest -g -O2  -Wl,-z,defs -Wl,-O1 -Wl,--as-needed -Wl,--hash-style=gnu conftest.c  >&5
configure:4798: $? = 0
configure:4798: ./conftest
configure:4798: $? = 0
configure:4809: result: yes
configure:4822: checking for sys/types.h
configure:4822: gcc -c -g -O2  conftest.c >&5
configure:4822: $? = 0
configure:4822: result: yes
configure:4822: checking for sys/stat.h
configure:4822: gcc -c -g -O2  conftest.c >&5
configure:4822: $? = 0
configure:4822: result: yes
configure:4822: checking for stdlib.h
configure:4822: gcc -c -g -O2  conftest.c >&5
configure:4822: $? = 0
configure:4822: result: yes
configure:4822: checking for string.h
configure:4822: gcc -c -g -O2  conftest.c >&5
configure:4822: $? = 0
configure:4822: result: yes
configure:4822: checking for memory.h
configure:4822: gcc -c -g -O2  conftest.c >&5
configure:4822: $? = 0
configure:4822: result: yes
configure:4822: checking for strings.h
configure:4822: gcc -c -g -O2  conftest.c >&5
configure:4822: $? = 0
configure:4822: result: yes
configure:4822: checking for inttypes.h
configure:4822: gcc -c -g -O2  conftest.c >&5
configure:4822: $? = 0
configure:4822: result: yes
configure:4822: checking for stdint.h
configure:4822: gcc -c -g -O2  conftest.c >&5
configure:4822: $? = 0
configure:4822: result: yes
configure:4822: checking for unistd.h
configure:4822: gcc -c -g -O2  conftest.c >&5
configure:4822: $? = 0
configure:4822: result: yes
configure:4838: checking locale.h usability
configure:4838: gcc -c -g -O2  conftest.c >&5
configure:4838: $? = 0
configure:4838: result: yes
configure:4838: checking locale.h presence
configure:4838: gcc -E  conftest.c
configure:4838: $? = 0
configure:4838: result: yes
configure:4838: checking for locale.h
configure:4838: result: yes
configure:4849: checking for LC_MESSAGES
configure:4865: gcc -o conftest -g -O2  -Wl,-z,defs -Wl,-O1 -Wl,--as-needed -Wl,--hash-style=gnu conftest.c  >&5
configure:4865: $? = 0
configure:4873: result: yes
configure:4890: checking libintl.h usability
configure:4890: gcc -c -g -O2  conftest.c >&5
configure:4890: $? = 0
configure:4890: result: yes
configure:4890: checking libintl.h presence
configure:4890: gcc -E  conftest.c
configure:4890: $? = 0
configure:4890: result: yes
configure:4890: checking for libintl.h
configure:4890: result: yes
configure:4898: checking for ngettext in libc
configure:4916: gcc -o conftest -g -O2  -Wl,-z,defs -Wl,-O1 -Wl,--as-needed -Wl,--hash-style=gnu conftest.c  >&5
configure:4916: $? = 0
configure:4925: result: yes
configure:4929: checking for dgettext in libc
configure:4947: gcc -o conftest -g -O2  -Wl,-z,defs -Wl,-O1 -Wl,--as-needed -Wl,--hash-style=gnu conftest.c  >&5
configure:4947: $? = 0
configure:4956: result: yes
configure:4963: checking for bind_textdomain_codeset
configure:4963: gcc -o conftest -g -O2  -Wl,-z,defs -Wl,-O1 -Wl,--as-needed -Wl,--hash-style=gnu conftest.c  >&5
configure:4963: $? = 0
configure:4963: result: yes
configure:5239: checking for msgfmt
configure:5266: result: /usr/bin/msgfmt
configure:5277: checking for dcgettext
configure:5277: gcc -o conftest -g -O2  -Wl,-z,defs -Wl,-O1 -Wl,--as-needed -Wl,--hash-style=gnu conftest.c   >&5
conftest.c:48: warning: conflicting types for built-in function 'dcgettext'
configure:5277: $? = 0
configure:5277: result: yes
configure:5287: checking if msgfmt accepts -c
configure:5302: $MSGFMT -c -o /dev/null conftest.foo
configure:5305: $? = 0
configure:5307: result: yes
configure:5317: checking for gmsgfmt
configure:5348: result: /usr/bin/msgfmt
configure:5358: checking for xgettext
configure:5385: result: /usr/bin/xgettext
configure:5404: gcc -o conftest -g -O2  -Wl,-z,defs -Wl,-O1 -Wl,--as-needed -Wl,--hash-style=gnu conftest.c   >&5
configure:5404: $? = 0
configure:5551: checking for THEME_ENGINE
configure:5559: $PKG_CONFIG --exists --print-errors "gtk+-2.0 >= 2.0.0   gdk-pixbuf-2.0 >= 2.0.0"
configure:5562: $? = 0
configure:5577: $PKG_CONFIG --exists --print-errors "gtk+-2.0 >= 2.0.0   gdk-pixbuf-2.0 >= 2.0.0"
configure:5580: $? = 0
configure:5635: result: yes
configure:5643: checking development series build
configure:5651: checking icon-naming-utils >= 0.8.7
configure:5654: $PKG_CONFIG --exists --print-errors "icon-naming-utils >= $UTILS_REQUIRED"
configure:5657: $? = 0
configure:5666: result: yes
configure:5892: creating ./config.status

## ---------------------- ##
## Running config.status. ##
## ---------------------- ##

This file was extended by saesthemes config.status 1.4.6, which was
generated by GNU Autoconf 2.65.  Invocation command line was

  CONFIG_FILES    = 
  CONFIG_HEADERS  = 
  CONFIG_LINKS    = 
  CONFIG_COMMANDS = 
  $ ./config.status 

on smtt

config.status:898: creating Makefile
config.status:898: creating saes-themes.spec
config.status:898: creating common/Makefile
config.status:898: creating metacity-themes/Makefile
config.status:898: creating desktop-themes/Makefile
config.status:898: creating desktop-themes/SaesDefault/Makefile
config.status:898: creating gtk-themes/Makefile
config.status:898: creating gtk-themes/SaesDefault/Makefile
config.status:898: creating icon-themes/Makefile
config.status:898: creating icon-themes/SaesDefault/Makefile
config.status:898: creating po/Makefile.in
config.status:1066: executing depfiles commands
config.status:1066: executing default-1 commands
config.status:1066: executing po/stamp-it commands

## ---------------- ##
## Cache variables. ##
## ---------------- ##

ac_cv_c_compiler_gnu=yes
ac_cv_env_CC_set=
ac_cv_env_CC_value=
ac_cv_env_CFLAGS_set=
ac_cv_env_CFLAGS_value=
ac_cv_env_CPPFLAGS_set=
ac_cv_env_CPPFLAGS_value=
ac_cv_env_CPP_set=
ac_cv_env_CPP_value=
ac_cv_env_LDFLAGS_set=set
ac_cv_env_LDFLAGS_value='-Wl,-z,defs -Wl,-O1 -Wl,--as-needed -Wl,--hash-style=gnu'
ac_cv_env_LIBS_set=
ac_cv_env_LIBS_value=
ac_cv_env_PKG_CONFIG_set=
ac_cv_env_PKG_CONFIG_value=
ac_cv_env_THEME_ENGINE_CFLAGS_set=
ac_cv_env_THEME_ENGINE_CFLAGS_value=
ac_cv_env_THEME_ENGINE_LIBS_set=
ac_cv_env_THEME_ENGINE_LIBS_value=
ac_cv_env_build_alias_set=
ac_cv_env_build_alias_value=
ac_cv_env_host_alias_set=
ac_cv_env_host_alias_value=
ac_cv_env_target_alias_set=
ac_cv_env_target_alias_value=
ac_cv_func_bind_textdomain_codeset=yes
ac_cv_func_dcgettext=yes
ac_cv_header_inttypes_h=yes
ac_cv_header_libintl_h=yes
ac_cv_header_locale_h=yes
ac_cv_header_memory_h=yes
ac_cv_header_stdc=yes
ac_cv_header_stdint_h=yes
ac_cv_header_stdlib_h=yes
ac_cv_header_string_h=yes
ac_cv_header_strings_h=yes
ac_cv_header_sys_stat_h=yes
ac_cv_header_sys_types_h=yes
ac_cv_header_unistd_h=yes
ac_cv_objext=o
ac_cv_path_EGREP='/bin/grep -E'
ac_cv_path_GMSGFMT=/usr/bin/msgfmt
ac_cv_path_GREP=/bin/grep
ac_cv_path_INTLTOOL_EXTRACT=/usr/bin/intltool-extract
ac_cv_path_INTLTOOL_MERGE=/usr/bin/intltool-merge
ac_cv_path_INTLTOOL_PERL=/usr/bin/perl
ac_cv_path_INTLTOOL_UPDATE=/usr/bin/intltool-update
ac_cv_path_MSGFMT=/usr/bin/msgfmt
ac_cv_path_MSGMERGE=/usr/bin/msgmerge
ac_cv_path_XGETTEXT=/usr/bin/xgettext
ac_cv_path_ac_pt_PKG_CONFIG=/usr/bin/pkg-config
ac_cv_path_install='/usr/bin/install -c'
ac_cv_path_mkdir=/bin/mkdir
ac_cv_prog_AWK=gawk
ac_cv_prog_CPP='gcc -E'
ac_cv_prog_ac_ct_CC=gcc
ac_cv_prog_cc_c89=
ac_cv_prog_cc_g=yes
ac_cv_prog_make_make_set=yes
am_cv_CC_dependencies_compiler_type=none
am_cv_prog_tar_ustar=gnutar
am_cv_val_LC_MESSAGES=yes
gt_cv_func_dgettext_libc=yes
gt_cv_func_dgettext_libintl=no
gt_cv_func_ngettext_libc=yes
gt_cv_have_gettext=yes
pkg_cv_THEME_ENGINE_CFLAGS='-pthread -D_REENTRANT -I/usr/include/gtk-2.0 -I/usr/lib/gtk-2.0/include -I/usr/include/atk-1.0 -I/usr/include/cairo -I/usr/include/pango-1.0 -I/usr/include/gio-unix-2.0/ -I/usr/include/glib-2.0 -I/usr/lib/glib-2.0/include -I/usr/include/pixman-1 -I/usr/include/freetype2 -I/usr/include/directfb -I/usr/include/libpng12  '
pkg_cv_THEME_ENGINE_LIBS='-pthread -lgtk-x11-2.0 -lgdk-x11-2.0 -latk-1.0 -lgio-2.0 -lpangoft2-1.0 -lpangocairo-1.0 -lcairo -lpango-1.0 -lfreetype -lfontconfig -lgdk_pixbuf-2.0 -lm -lgobject-2.0 -lgmodule-2.0 -lgthread-2.0 -lrt -lglib-2.0  '

## ----------------- ##
## Output variables. ##
## ----------------- ##

ACLOCAL='${SHELL} /home/smtt/SAES1.4.6/saesthemes/missing --run aclocal-1.11'
ACLOCAL_AMFLAGS='${ACLOCAL_FLAGS}'
ALL_LINGUAS=''
AMDEPBACKSLASH='\'
AMDEP_FALSE='#'
AMDEP_TRUE=''
AMTAR='${SHELL} /home/smtt/SAES1.4.6/saesthemes/missing --run tar'
AUTOCONF='${SHELL} /home/smtt/SAES1.4.6/saesthemes/missing --run autoconf'
AUTOHEADER='${SHELL} /home/smtt/SAES1.4.6/saesthemes/missing --run autoheader'
AUTOMAKE='${SHELL} /home/smtt/SAES1.4.6/saesthemes/missing --run automake-1.11'
AWK='gawk'
CATALOGS=''
CATOBJEXT='.gmo'
CC='gcc'
CCDEPMODE='depmode=none'
CFLAGS='-g -O2'
CPP='gcc -E'
CPPFLAGS=''
CYGPATH_W='echo'
DATADIRNAME='share'
DEFS='-DPACKAGE_NAME=\"saesthemes\" -DPACKAGE_TARNAME=\"saesthemes\" -DPACKAGE_VERSION=\"1.4.6\" -DPACKAGE_STRING=\"saesthemes\ 1.4.6\" -DPACKAGE_BUGREPORT=\"\" -DPACKAGE_URL=\"\" -DPACKAGE=\"saesthemes\" -DVERSION=\"1.4.6\" -DSTDC_HEADERS=1 -DHAVE_SYS_TYPES_H=1 -DHAVE_SYS_STAT_H=1 -DHAVE_STDLIB_H=1 -DHAVE_STRING_H=1 -DHAVE_MEMORY_H=1 -DHAVE_STRINGS_H=1 -DHAVE_INTTYPES_H=1 -DHAVE_STDINT_H=1 -DHAVE_UNISTD_H=1 -DHAVE_LOCALE_H=1 -DHAVE_LC_MESSAGES=1 -DHAVE_BIND_TEXTDOMAIN_CODESET=1 -DHAVE_GETTEXT=1 -DHAVE_DCGETTEXT=1 -DENABLE_NLS=1'
DEPDIR='.deps'
ECHO_C=''
ECHO_N='-n'
ECHO_T=''
EGREP='/bin/grep -E'
EXEEXT=''
GETTEXT_PACKAGE='saesthemes'
GMOFILES=''
GMSGFMT='/usr/bin/msgfmt'
GREP='/bin/grep'
GTK_VERSION='2.10.0'
ICONMAP='/usr/lib/icon-naming-utils/icon-name-mapping'
INSTALL_DATA='${INSTALL} -m 644'
INSTALL_PROGRAM='${INSTALL}'
INSTALL_SCRIPT='${INSTALL}'
INSTALL_STRIP_PROGRAM='$(install_sh) -c -s'
INSTOBJEXT='.mo'
INTLLIBS=''
INTLTOOL_CAVES_RULE='%.caves:     %.caves.in     $(INTLTOOL_MERGE) $(wildcard $(top_srcdir)/po/*.po) ; LC_ALL=C $(INTLTOOL_MERGE) -d -u -c $(top_builddir)/po/.intltool-merge-cache $(top_srcdir)/po $< $@'
INTLTOOL_DESKTOP_RULE='%.desktop:   %.desktop.in   $(INTLTOOL_MERGE) $(wildcard $(top_srcdir)/po/*.po) ; LC_ALL=C $(INTLTOOL_MERGE) -d -u -c $(top_builddir)/po/.intltool-merge-cache $(top_srcdir)/po $< $@'
INTLTOOL_DIRECTORY_RULE='%.directory: %.directory.in $(INTLTOOL_MERGE) $(wildcard $(top_srcdir)/po/*.po) ; LC_ALL=C $(INTLTOOL_MERGE) -d -u -c $(top_builddir)/po/.intltool-merge-cache $(top_srcdir)/po $< $@'
INTLTOOL_EXTRACT='/usr/bin/intltool-extract'
INTLTOOL_KBD_RULE='%.kbd:       %.kbd.in       $(INTLTOOL_MERGE) $(wildcard $(top_srcdir)/po/*.po) ; LC_ALL=C $(INTLTOOL_MERGE) -x -u -m -c $(top_builddir)/po/.intltool-merge-cache $(top_srcdir)/po $< $@'
INTLTOOL_KEYS_RULE='%.keys:      %.keys.in      $(INTLTOOL_MERGE) $(wildcard $(top_srcdir)/po/*.po) ; LC_ALL=C $(INTLTOOL_MERGE) -k -u -c $(top_builddir)/po/.intltool-merge-cache $(top_srcdir)/po $< $@'
INTLTOOL_MERGE='/usr/bin/intltool-merge'
INTLTOOL_OAF_RULE='%.oaf:       %.oaf.in       $(INTLTOOL_MERGE) $(wildcard $(top_srcdir)/po/*.po) ; LC_ALL=C $(INTLTOOL_MERGE) -o -p $(top_srcdir)/po $< $@'
INTLTOOL_PERL='/usr/bin/perl'
INTLTOOL_POLICY_RULE='%.policy:    %.policy.in    $(INTLTOOL_MERGE) $(wildcard $(top_srcdir)/po/*.po) ; LC_ALL=C $(INTLTOOL_MERGE) -x -u -c $(top_builddir)/po/.intltool-merge-cache $(top_srcdir)/po $< $@'
INTLTOOL_PONG_RULE='%.pong:      %.pong.in      $(INTLTOOL_MERGE) $(wildcard $(top_srcdir)/po/*.po) ; LC_ALL=C $(INTLTOOL_MERGE) -x -u -c $(top_builddir)/po/.intltool-merge-cache $(top_srcdir)/po $< $@'
INTLTOOL_PROP_RULE='%.prop:      %.prop.in      $(INTLTOOL_MERGE) $(wildcard $(top_srcdir)/po/*.po) ; LC_ALL=C $(INTLTOOL_MERGE) -d -u -c $(top_builddir)/po/.intltool-merge-cache $(top_srcdir)/po $< $@'
INTLTOOL_SCHEMAS_RULE='%.schemas:   %.schemas.in   $(INTLTOOL_MERGE) $(wildcard $(top_srcdir)/po/*.po) ; LC_ALL=C $(INTLTOOL_MERGE) -s -u -c $(top_builddir)/po/.intltool-merge-cache $(top_srcdir)/po $< $@'
INTLTOOL_SERVER_RULE='%.server:    %.server.in    $(INTLTOOL_MERGE) $(wildcard $(top_srcdir)/po/*.po) ; LC_ALL=C $(INTLTOOL_MERGE) -o -u -c $(top_builddir)/po/.intltool-merge-cache $(top_srcdir)/po $< $@'
INTLTOOL_SERVICE_RULE='%.service: %.service.in   $(INTLTOOL_MERGE) $(wildcard $(top_srcdir)/po/*.po) ; LC_ALL=C $(INTLTOOL_MERGE) -d -u -c $(top_builddir)/po/.intltool-merge-cache $(top_srcdir)/po $< $@'
INTLTOOL_SHEET_RULE='%.sheet:     %.sheet.in     $(INTLTOOL_MERGE) $(wildcard $(top_srcdir)/po/*.po) ; LC_ALL=C $(INTLTOOL_MERGE) -x -u -c $(top_builddir)/po/.intltool-merge-cache $(top_srcdir)/po $< $@'
INTLTOOL_SOUNDLIST_RULE='%.soundlist: %.soundlist.in $(INTLTOOL_MERGE) $(wildcard $(top_srcdir)/po/*.po) ; LC_ALL=C $(INTLTOOL_MERGE) -d -u -c $(top_builddir)/po/.intltool-merge-cache $(top_srcdir)/po $< $@'
INTLTOOL_THEME_RULE='%.theme:     %.theme.in     $(INTLTOOL_MERGE) $(wildcard $(top_srcdir)/po/*.po) ; LC_ALL=C $(INTLTOOL_MERGE) -d -u -c $(top_builddir)/po/.intltool-merge-cache $(top_srcdir)/po $< $@'
INTLTOOL_UI_RULE='%.ui:        %.ui.in        $(INTLTOOL_MERGE) $(wildcard $(top_srcdir)/po/*.po) ; LC_ALL=C $(INTLTOOL_MERGE) -x -u -c $(top_builddir)/po/.intltool-merge-cache $(top_srcdir)/po $< $@'
INTLTOOL_UPDATE='/usr/bin/intltool-update'
INTLTOOL_XAM_RULE='%.xam:       %.xml.in       $(INTLTOOL_MERGE) $(wildcard $(top_srcdir)/po/*.po) ; LC_ALL=C $(INTLTOOL_MERGE) -x -u -c $(top_builddir)/po/.intltool-merge-cache $(top_srcdir)/po $< $@'
INTLTOOL_XML_NOMERGE_RULE='%.xml:       %.xml.in       $(INTLTOOL_MERGE) ; LC_ALL=C $(INTLTOOL_MERGE) -x -u /tmp $< $@'
INTLTOOL_XML_RULE='%.xml:       %.xml.in       $(INTLTOOL_MERGE) $(wildcard $(top_srcdir)/po/*.po) ; LC_ALL=C $(INTLTOOL_MERGE) -x -u -c $(top_builddir)/po/.intltool-merge-cache $(top_srcdir)/po $< $@'
LARGEPRINT_DESKTOP_FONT='sans 18'
LARGEPRINT_DOCUMENTS_FONT='sans 18'
LARGEPRINT_FONT='sans 18'
LARGEPRINT_ICON_SIZES='mini-commander-icon=24,24:print-manager=64,64:panel-button=32,32:gtk-dnd=48,48:gtk-menu=32,32:panel-menu=48,48:gtk-large-toolbar=48,48:gtk-small-toolbar=32,32:gtk-button=32,32:gtk-dialog=64,64'
LARGEPRINT_MONOSPACE_FONT='monospace 18'
LARGEPRINT_WINDOW_FONT='sans 18'
LDFLAGS='-Wl,-z,defs -Wl,-O1 -Wl,--as-needed -Wl,--hash-style=gnu'
LEGACY_ICON_MAPPING_FALSE='#'
LEGACY_ICON_MAPPING_TRUE=''
LIBOBJS=''
LIBS=''
LTLIBOBJS=''
MAINT='#'
MAINTAINER_MODE_FALSE=''
MAINTAINER_MODE_TRUE='#'
MAKEINFO='${SHELL} /home/smtt/SAES1.4.6/saesthemes/missing --run makeinfo'
MKDIR_P='/bin/mkdir -p'
MKINSTALLDIRS='./mkinstalldirs'
MSGFMT='/usr/bin/msgfmt'
MSGFMT_OPTS='-c'
MSGMERGE='/usr/bin/msgmerge'
OBJEXT='o'
PACKAGE='saesthemes'
PACKAGE_BUGREPORT=''
PACKAGE_NAME='saesthemes'
PACKAGE_STRING='saesthemes 1.4.6'
PACKAGE_TARNAME='saesthemes'
PACKAGE_URL=''
PACKAGE_VERSION='1.4.6'
PATH_SEPARATOR=':'
PKG_CONFIG='/usr/bin/pkg-config'
POFILES=''
POSUB='po'
PO_IN_DATADIR_FALSE=''
PO_IN_DATADIR_TRUE=''
SET_MAKE=''
SHELL='/bin/bash'
STRIP=''
THEME_ENGINE_CFLAGS='-pthread -D_REENTRANT -I/usr/include/gtk-2.0 -I/usr/lib/gtk-2.0/include -I/usr/include/atk-1.0 -I/usr/include/cairo -I/usr/include/pango-1.0 -I/usr/include/gio-unix-2.0/ -I/usr/include/glib-2.0 -I/usr/lib/glib-2.0/include -I/usr/include/pixman-1 -I/usr/include/freetype2 -I/usr/include/directfb -I/usr/include/libpng12  '
THEME_ENGINE_LIBS='-pthread -lgtk-x11-2.0 -lgdk-x11-2.0 -latk-1.0 -lgio-2.0 -lpangoft2-1.0 -lpangocairo-1.0 -lcairo -lpango-1.0 -lfreetype -lfontconfig -lgdk_pixbuf-2.0 -lm -lgobject-2.0 -lgmodule-2.0 -lgthread-2.0 -lrt -lglib-2.0  '
USE_NLS='yes'
VERSION='1.4.6'
XGETTEXT='/usr/bin/xgettext'
ac_ct_CC='gcc'
am__EXEEXT_FALSE=''
am__EXEEXT_TRUE='#'
am__fastdepCC_FALSE=''
am__fastdepCC_TRUE='#'
am__include='include'
am__isrc=''
am__leading_dot='.'
am__quote=''
am__tar='tar --format=ustar -chf - "$$tardir"'
am__untar='tar -xf -'
bindir='${exec_prefix}/bin'
build_alias=''
datadir='${datarootdir}'
datarootdir='${prefix}/share'
docdir='${datarootdir}/doc/${PACKAGE_TARNAME}'
dvidir='${docdir}'
exec_prefix='/usr'
host_alias=''
htmldir='${docdir}'
includedir='${prefix}/include'
infodir='${datarootdir}/info'
install_sh='${SHELL} /home/smtt/SAES1.4.6/saesthemes/install-sh'
libdir='${exec_prefix}/lib'
libexecdir='${exec_prefix}/libexec'
localedir='${prefix}/${DATADIRNAME}/locale'
localstatedir='${prefix}/var'
mandir='${datarootdir}/man'
mkdir_p='/bin/mkdir -p'
oldincludedir='/usr/include'
pdfdir='${docdir}'
prefix='/usr'
program_transform_name='s,x,x,'
psdir='${docdir}'
sbindir='${exec_prefix}/sbin'
sharedstatedir='${prefix}/com'
sysconfdir='/etc'
target_alias=''

## ------------------- ##
## File substitutions. ##
## ------------------- ##

capplet_stock_icons_rc='./common/capplet-stock-icons.rc'
gtk_stock_icons_rc='./common/gtk-stock-icons.rc'
media_stock_icons_rc='./common/media-stock-icons.rc'
metacity_stock_icons_rc='./common/metacity-stock-icons.rc'
panel_stock_icons_rc='./common/panel-stock-icons.rc'

## ----------- ##
## confdefs.h. ##
## ----------- ##

/* confdefs.h */
#define PACKAGE_NAME "saesthemes"
#define PACKAGE_TARNAME "saesthemes"
#define PACKAGE_VERSION "1.4.6"
#define PACKAGE_STRING "saesthemes 1.4.6"
#define PACKAGE_BUGREPORT ""
#define PACKAGE_URL ""
#define PACKAGE "saesthemes"
#define VERSION "1.4.6"
#define STDC_HEADERS 1
#define HAVE_SYS_TYPES_H 1
#define HAVE_SYS_STAT_H 1
#define HAVE_STDLIB_H 1
#define HAVE_STRING_H 1
#define HAVE_MEMORY_H 1
#define HAVE_STRINGS_H 1
#define HAVE_INTTYPES_H 1
#define HAVE_STDINT_H 1
#define HAVE_UNISTD_H 1
#define HAVE_LOCALE_H 1
#define HAVE_LC_MESSAGES 1
#define HAVE_BIND_TEXTDOMAIN_CODESET 1
#define HAVE_GETTEXT 1
#define HAVE_DCGETTEXT 1
#define ENABLE_NLS 1

configure: exit 0

## ---------------------- ##
## Running config.status. ##
## ---------------------- ##

This file was extended by saesthemes config.status 1.4.6, which was
generated by GNU Autoconf 2.65.  Invocation command line was

  CONFIG_FILES    = po/Makefile.in
  CONFIG_HEADERS  = 
  CONFIG_LINKS    = 
  CONFIG_COMMANDS = 
  $ ./config.status 

on smtt

config.status:898: creating po/Makefile.in
config.status:1066: executing depfiles commands
config.status:1066: executing default-1 commands
config.status:1066: executing po/stamp-it commands
