This file contains any messages produced by compilers while
running configure, to aid debugging if configure makes a mistake.

It was created by saesl10n configure 1.4.6, which was
generated by GNU Autoconf 2.65.  Invocation command line was

  $ ./configure --prefix /usr/local --exec_prefix /usr/local --sysconfdir=/etc LDFLAGS=-Wl,-z,defs -Wl,-O1 -Wl,--as-needed -Wl,--hash-style=gnu

## --------- ##
## Platform. ##
## --------- ##

hostname = smtt
uname -m = i686
uname -r = 2.6.32-38-generic
uname -s = Linux
uname -v = #83-Ubuntu SMP Wed Jan 4 11:13:04 UTC 2012

/usr/bin/uname -p = unknown
/bin/uname -X     = unknown

/bin/arch              = unknown
/usr/bin/arch -k       = unknown
/usr/convex/getsysinfo = unknown
/usr/bin/hostinfo      = unknown
/bin/machine           = unknown
/usr/bin/oslevel       = unknown
/bin/universe          = unknown

PATH: /opt/java/jre1.6.0_33/bin
PATH: /opt/java/jre1.6.0_33/bin
PATH: /opt/ant/bin
PATH: /opt/ant/bin
PATH: /opt/java/jre1.6.0_33/bin
PATH: /opt/ant/bin
PATH: /usr/local/sbin
PATH: /usr/local/bin
PATH: /usr/sbin
PATH: /usr/bin
PATH: /sbin
PATH: /bin
PATH: /usr/games


## ----------- ##
## Core tests. ##
## ----------- ##

configure:1840: checking for a BSD-compatible install
configure:1908: result: /usr/bin/install -c
configure:1919: checking whether build environment is sane
configure:1969: result: yes
configure:2110: checking for a thread-safe mkdir -p
configure:2149: result: /bin/mkdir -p
configure:2162: checking for gawk
configure:2178: found /usr/bin/gawk
configure:2189: result: gawk
configure:2200: checking whether make sets $(MAKE)
configure:2222: result: yes
configure:2297: checking how to create a ustar tar archive
configure:2310: tar --version
tar (GNU tar) 1.22
Copyright (C) 2009 Free Software Foundation, Inc.
License GPLv3+: GNU GPL version 3 or later <http://gnu.org/licenses/gpl.html>.
This is free software: you are free to change and redistribute it.
There is NO WARRANTY, to the extent permitted by law.

Written by John Gilmore and Jay Fenlason.
configure:2313: $? = 0
configure:2353: tardir=conftest.dir && eval tar --format=ustar -chf - "$tardir" >conftest.tar
configure:2356: $? = 0
configure:2360: tar -xf - <conftest.tar
configure:2363: $? = 0
configure:2376: result: gnutar
configure:2386: checking whether to enable maintainer-specific portions of Makefiles
configure:2395: result: no
configure:2421: checking for style of include used by make
configure:2449: result: GNU
configure:2519: checking for gcc
configure:2535: found /usr/bin/gcc
configure:2546: result: gcc
configure:2775: checking for C compiler version
configure:2784: gcc --version >&5
gcc (Ubuntu 4.4.3-4ubuntu5.1) 4.4.3
Copyright (C) 2009 Free Software Foundation, Inc.
This is free software; see the source for copying conditions.  There is NO
warranty; not even for MERCHANTABILITY or FITNESS FOR A PARTICULAR PURPOSE.

configure:2795: $? = 0
configure:2784: gcc -v >&5
Using built-in specs.
Target: i486-linux-gnu
Configured with: ../src/configure -v --with-pkgversion='Ubuntu 4.4.3-4ubuntu5.1' --with-bugurl=file:///usr/share/doc/gcc-4.4/README.Bugs --enable-languages=c,c++,fortran,objc,obj-c++ --prefix=/usr --enable-shared --enable-multiarch --enable-linker-build-id --with-system-zlib --libexecdir=/usr/lib --without-included-gettext --enable-threads=posix --with-gxx-include-dir=/usr/include/c++/4.4 --program-suffix=-4.4 --enable-nls --enable-clocale=gnu --enable-libstdcxx-debug --enable-plugin --enable-objc-gc --enable-targets=all --disable-werror --with-arch-32=i486 --with-tune=generic --enable-checking=release --build=i486-linux-gnu --host=i486-linux-gnu --target=i486-linux-gnu
Thread model: posix
gcc version 4.4.3 (Ubuntu 4.4.3-4ubuntu5.1) 
configure:2795: $? = 0
configure:2784: gcc -V >&5
gcc: '-V' option must have argument
configure:2795: $? = 1
configure:2784: gcc -qversion >&5
gcc: unrecognized option '-qversion'
gcc: no input files
configure:2795: $? = 1
configure:2815: checking whether the C compiler works
configure:2837: gcc   -Wl,-z,defs -Wl,-O1 -Wl,--as-needed -Wl,--hash-style=gnu conftest.c  >&5
configure:2841: $? = 0
configure:2890: result: yes
configure:2893: checking for C compiler default output file name
configure:2895: result: a.out
configure:2901: checking for suffix of executables
configure:2908: gcc -o conftest   -Wl,-z,defs -Wl,-O1 -Wl,--as-needed -Wl,--hash-style=gnu conftest.c  >&5
configure:2912: $? = 0
configure:2934: result: 
configure:2956: checking whether we are cross compiling
configure:2964: gcc -o conftest   -Wl,-z,defs -Wl,-O1 -Wl,--as-needed -Wl,--hash-style=gnu conftest.c  >&5
configure:2968: $? = 0
configure:2975: ./conftest
configure:2979: $? = 0
configure:2994: result: no
configure:2999: checking for suffix of object files
configure:3021: gcc -c   conftest.c >&5
configure:3025: $? = 0
configure:3046: result: o
configure:3050: checking whether we are using the GNU C compiler
configure:3069: gcc -c   conftest.c >&5
configure:3069: $? = 0
configure:3078: result: yes
configure:3087: checking whether gcc accepts -g
configure:3107: gcc -c -g  conftest.c >&5
configure:3107: $? = 0
configure:3148: result: yes
configure:3165: checking for gcc option to accept ISO C89
configure:3229: gcc  -c -g -O2  conftest.c >&5
configure:3229: $? = 0
configure:3242: result: none needed
configure:3264: checking dependency style of gcc
configure:3374: result: none
configure:3390: checking for library containing strerror
configure:3421: gcc -o conftest -g -O2  -Wl,-z,defs -Wl,-O1 -Wl,--as-needed -Wl,--hash-style=gnu conftest.c  >&5
configure:3421: $? = 0
configure:3438: result: none required
configure:3467: checking for msgfmt
configure:3483: found /usr/bin/msgfmt
configure:3494: result: msgfmt
configure:3515: result: Msgfmt found - translate
configure:3686: creating ./config.status

## ---------------------- ##
## Running config.status. ##
## ---------------------- ##

This file was extended by saesl10n config.status 1.4.6, which was
generated by GNU Autoconf 2.65.  Invocation command line was

  CONFIG_FILES    = 
  CONFIG_HEADERS  = 
  CONFIG_LINKS    = 
  CONFIG_COMMANDS = 
  $ ./config.status 

on smtt

config.status:794: creating Makefile
config.status:794: creating src/Makefile
config.status:794: creating src/election/Makefile
config.status:794: creating src/saes/Makefile
config.status:794: creating src/saescommon/Makefile
config.status:794: creating src/saesfunctionality/Makefile
config.status:794: creating src/saesguibase/Makefile
config.status:794: creating src/saeshardware/Makefile
config.status:794: creating src/smartmatic/Makefile
config.status:794: creating src/smartmaticgui/Makefile
config.status:794: creating src/election/po/Makefile
config.status:794: creating src/saes/po/Makefile
config.status:794: creating src/saescommon/po/Makefile
config.status:794: creating src/saesfunctionality/po/Makefile
config.status:794: creating src/saesguibase/po/Makefile
config.status:794: creating src/saeshardware/po/Makefile
config.status:794: creating src/smartmatic/po/Makefile
config.status:794: creating src/smartmaticgui/po/Makefile
config.status:957: executing depfiles commands

## ---------------- ##
## Cache variables. ##
## ---------------- ##

ac_cv_c_compiler_gnu=yes
ac_cv_env_CC_set=
ac_cv_env_CC_value=
ac_cv_env_CFLAGS_set=
ac_cv_env_CFLAGS_value=
ac_cv_env_CPPFLAGS_set=
ac_cv_env_CPPFLAGS_value=
ac_cv_env_LDFLAGS_set=set
ac_cv_env_LDFLAGS_value='-Wl,-z,defs -Wl,-O1 -Wl,--as-needed -Wl,--hash-style=gnu'
ac_cv_env_LIBS_set=
ac_cv_env_LIBS_value=
ac_cv_env_build_alias_set=
ac_cv_env_build_alias_value=
ac_cv_env_host_alias_set=
ac_cv_env_host_alias_value=
ac_cv_env_target_alias_set=
ac_cv_env_target_alias_value=
ac_cv_objext=o
ac_cv_path_install='/usr/bin/install -c'
ac_cv_path_mkdir=/bin/mkdir
ac_cv_prog_AWK=gawk
ac_cv_prog_MSGFMT=msgfmt
ac_cv_prog_ac_ct_CC=gcc
ac_cv_prog_cc_c89=
ac_cv_prog_cc_g=yes
ac_cv_prog_make_make_set=yes
ac_cv_search_strerror='none required'
am_cv_CC_dependencies_compiler_type=none
am_cv_prog_tar_ustar=gnutar

## ----------------- ##
## Output variables. ##
## ----------------- ##

ACLOCAL='${SHELL} /home/smtt/SAES1.4.6/saesl10n/missing --run aclocal-1.11'
AMDEPBACKSLASH='\'
AMDEP_FALSE='#'
AMDEP_TRUE=''
AMTAR='${SHELL} /home/smtt/SAES1.4.6/saesl10n/missing --run tar'
AUTOCONF='${SHELL} /home/smtt/SAES1.4.6/saesl10n/missing --run autoconf'
AUTOHEADER='${SHELL} /home/smtt/SAES1.4.6/saesl10n/missing --run autoheader'
AUTOMAKE='${SHELL} /home/smtt/SAES1.4.6/saesl10n/missing --run automake-1.11'
AWK='gawk'
CC='gcc'
CCDEPMODE='depmode=none'
CFLAGS='-g -O2'
CPPFLAGS=''
CYGPATH_W='echo'
DEFS='-DPACKAGE_NAME=\"saesl10n\" -DPACKAGE_TARNAME=\"saesl10n\" -DPACKAGE_VERSION=\"1.4.6\" -DPACKAGE_STRING=\"saesl10n\ 1.4.6\" -DPACKAGE_BUGREPORT=\"\" -DPACKAGE_URL=\"\" -DPACKAGE=\"saesl10n\" -DVERSION=\"1.4.6\"'
DEPDIR='.deps'
ECHO_C=''
ECHO_N='-n'
ECHO_T=''
EXEEXT=''
HAVE_MSGFMT_FALSE='#'
HAVE_MSGFMT_TRUE=''
INSTALL_DATA='${INSTALL} -m 644'
INSTALL_PROGRAM='${INSTALL}'
INSTALL_SCRIPT='${INSTALL}'
INSTALL_STRIP_PROGRAM='$(install_sh) -c -s'
LDFLAGS='-Wl,-z,defs -Wl,-O1 -Wl,--as-needed -Wl,--hash-style=gnu'
LIBOBJS=''
LIBS=''
LOCALEDIR='/usr/local/share/locale'
LTLIBOBJS=''
MAINT='#'
MAINTAINER_MODE_FALSE=''
MAINTAINER_MODE_TRUE='#'
MAKEINFO='${SHELL} /home/smtt/SAES1.4.6/saesl10n/missing --run makeinfo'
MKDIR_P='/bin/mkdir -p'
MSGFMT='msgfmt'
OBJEXT='o'
PACKAGE='saesl10n'
PACKAGE_BUGREPORT=''
PACKAGE_NAME='saesl10n'
PACKAGE_STRING='saesl10n 1.4.6'
PACKAGE_TARNAME='saesl10n'
PACKAGE_URL=''
PACKAGE_VERSION='1.4.6'
PATH_SEPARATOR=':'
SET_MAKE=''
SHELL='/bin/bash'
STRIP=''
VERSION='1.4.6'
ac_ct_CC='gcc'
am__EXEEXT_FALSE=''
am__EXEEXT_TRUE='#'
am__fastdepCC_FALSE=''
am__fastdepCC_TRUE='#'
am__include='include'
am__isrc=''
am__leading_dot='.'
am__quote=''
am__tar='tar --format=ustar -chf - "$$tardir"'
am__untar='tar -xf -'
bindir='${exec_prefix}/bin'
build_alias=''
datadir='${prefix}/share'
datarootdir='${prefix}/share'
docdir='${datarootdir}/doc/${PACKAGE_TARNAME}'
dvidir='${docdir}'
exec_prefix='/usr/local'
host_alias=''
htmldir='${docdir}'
includedir='${prefix}/include'
infodir='${datarootdir}/info'
install_sh='${SHELL} /home/smtt/SAES1.4.6/saesl10n/install-sh'
libdir='${exec_prefix}/lib'
libexecdir='${exec_prefix}/libexec'
localedir='${prefix}/share/locale'
localstatedir='${prefix}/var'
mandir='${datarootdir}/man'
mkdir_p='/bin/mkdir -p'
oldincludedir='/usr/include'
pdfdir='${docdir}'
prefix='/usr/local'
program_transform_name='s,x,x,'
psdir='${docdir}'
sbindir='${exec_prefix}/sbin'
sharedstatedir='${prefix}/com'
sysconfdir='/etc'
target_alias=''

## ----------- ##
## confdefs.h. ##
## ----------- ##

/* confdefs.h */
#define PACKAGE_NAME "saesl10n"
#define PACKAGE_TARNAME "saesl10n"
#define PACKAGE_VERSION "1.4.6"
#define PACKAGE_STRING "saesl10n 1.4.6"
#define PACKAGE_BUGREPORT ""
#define PACKAGE_URL ""
#define PACKAGE "saesl10n"
#define VERSION "1.4.6"

configure: exit 0
