This file contains any messages produced by compilers while
running configure, to aid debugging if configure makes a mistake.

It was created by election configure 1.4.6, which was
generated by GNU Autoconf 2.65.  Invocation command line was

  $ ./configure --prefix /usr/local --exec_prefix /usr/local --sysconfdir=/etc LDFLAGS=-Wl,-z,defs -Wl,-O1 -Wl,--as-needed -Wl,--hash-style=gnu

## --------- ##
## Platform. ##
## --------- ##

hostname = smtt
uname -m = i686
uname -r = 2.6.32-38-generic
uname -s = Linux
uname -v = #83-Ubuntu SMP Wed Jan 4 11:13:04 UTC 2012

/usr/bin/uname -p = unknown
/bin/uname -X     = unknown

/bin/arch              = unknown
/usr/bin/arch -k       = unknown
/usr/convex/getsysinfo = unknown
/usr/bin/hostinfo      = unknown
/bin/machine           = unknown
/usr/bin/oslevel       = unknown
/bin/universe          = unknown

PATH: /opt/java/jre1.6.0_33/bin
PATH: /opt/java/jre1.6.0_33/bin
PATH: /opt/ant/bin
PATH: /opt/ant/bin
PATH: /opt/java/jre1.6.0_33/bin
PATH: /opt/ant/bin
PATH: /usr/local/sbin
PATH: /usr/local/bin
PATH: /usr/sbin
PATH: /usr/bin
PATH: /sbin
PATH: /bin
PATH: /usr/games


## ----------- ##
## Core tests. ##
## ----------- ##

configure:2262: checking for a BSD-compatible install
configure:2330: result: /usr/bin/install -c
configure:2341: checking whether build environment is sane
configure:2391: result: yes
configure:2532: checking for a thread-safe mkdir -p
configure:2571: result: /bin/mkdir -p
configure:2584: checking for gawk
configure:2600: found /usr/bin/gawk
configure:2611: result: gawk
configure:2622: checking whether make sets $(MAKE)
configure:2644: result: yes
configure:2788: checking how to create a ustar tar archive
configure:2801: tar --version
tar (GNU tar) 1.22
Copyright (C) 2009 Free Software Foundation, Inc.
License GPLv3+: GNU GPL version 3 or later <http://gnu.org/licenses/gpl.html>.
This is free software: you are free to change and redistribute it.
There is NO WARRANTY, to the extent permitted by law.

Written by John Gilmore and Jay Fenlason.
configure:2804: $? = 0
configure:2844: tardir=conftest.dir && eval tar --format=ustar -chf - "$tardir" >conftest.tar
configure:2847: $? = 0
configure:2851: tar -xf - <conftest.tar
configure:2854: $? = 0
configure:2867: result: gnutar
configure:2877: checking whether to enable maintainer-specific portions of Makefiles
configure:2886: result: no
configure:2912: checking for style of include used by make
configure:2940: result: GNU
configure:3010: checking for gcc
configure:3026: found /usr/bin/gcc
configure:3037: result: gcc
configure:3266: checking for C compiler version
configure:3275: gcc --version >&5
gcc (Ubuntu 4.4.3-4ubuntu5.1) 4.4.3
Copyright (C) 2009 Free Software Foundation, Inc.
This is free software; see the source for copying conditions.  There is NO
warranty; not even for MERCHANTABILITY or FITNESS FOR A PARTICULAR PURPOSE.

configure:3286: $? = 0
configure:3275: gcc -v >&5
Using built-in specs.
Target: i486-linux-gnu
Configured with: ../src/configure -v --with-pkgversion='Ubuntu 4.4.3-4ubuntu5.1' --with-bugurl=file:///usr/share/doc/gcc-4.4/README.Bugs --enable-languages=c,c++,fortran,objc,obj-c++ --prefix=/usr --enable-shared --enable-multiarch --enable-linker-build-id --with-system-zlib --libexecdir=/usr/lib --without-included-gettext --enable-threads=posix --with-gxx-include-dir=/usr/include/c++/4.4 --program-suffix=-4.4 --enable-nls --enable-clocale=gnu --enable-libstdcxx-debug --enable-plugin --enable-objc-gc --enable-targets=all --disable-werror --with-arch-32=i486 --with-tune=generic --enable-checking=release --build=i486-linux-gnu --host=i486-linux-gnu --target=i486-linux-gnu
Thread model: posix
gcc version 4.4.3 (Ubuntu 4.4.3-4ubuntu5.1) 
configure:3286: $? = 0
configure:3275: gcc -V >&5
gcc: '-V' option must have argument
configure:3286: $? = 1
configure:3275: gcc -qversion >&5
gcc: unrecognized option '-qversion'
gcc: no input files
configure:3286: $? = 1
configure:3306: checking whether the C compiler works
configure:3328: gcc   -Wl,-z,defs -Wl,-O1 -Wl,--as-needed -Wl,--hash-style=gnu conftest.c  >&5
configure:3332: $? = 0
configure:3381: result: yes
configure:3384: checking for C compiler default output file name
configure:3386: result: a.out
configure:3392: checking for suffix of executables
configure:3399: gcc -o conftest   -Wl,-z,defs -Wl,-O1 -Wl,--as-needed -Wl,--hash-style=gnu conftest.c  >&5
configure:3403: $? = 0
configure:3425: result: 
configure:3447: checking whether we are cross compiling
configure:3455: gcc -o conftest   -Wl,-z,defs -Wl,-O1 -Wl,--as-needed -Wl,--hash-style=gnu conftest.c  >&5
configure:3459: $? = 0
configure:3466: ./conftest
configure:3470: $? = 0
configure:3485: result: no
configure:3490: checking for suffix of object files
configure:3512: gcc -c   conftest.c >&5
configure:3516: $? = 0
configure:3537: result: o
configure:3541: checking whether we are using the GNU C compiler
configure:3560: gcc -c   conftest.c >&5
configure:3560: $? = 0
configure:3569: result: yes
configure:3578: checking whether gcc accepts -g
configure:3598: gcc -c -g  conftest.c >&5
configure:3598: $? = 0
configure:3639: result: yes
configure:3656: checking for gcc option to accept ISO C89
configure:3720: gcc  -c -g -O2  conftest.c >&5
configure:3720: $? = 0
configure:3733: result: none needed
configure:3755: checking dependency style of gcc
configure:3865: result: gcc3
configure:3882: checking dependency style of gcc
configure:3992: result: gcc3
configure:4008: checking for library containing strerror
configure:4039: gcc -o conftest -g -O2  -Wl,-z,defs -Wl,-O1 -Wl,--as-needed -Wl,--hash-style=gnu conftest.c  >&5
configure:4039: $? = 0
configure:4056: result: none required
configure:4122: checking for g++
configure:4138: found /usr/bin/g++
configure:4149: result: g++
configure:4176: checking for C++ compiler version
configure:4185: g++ --version >&5
g++ (Ubuntu 4.4.3-4ubuntu5.1) 4.4.3
Copyright (C) 2009 Free Software Foundation, Inc.
This is free software; see the source for copying conditions.  There is NO
warranty; not even for MERCHANTABILITY or FITNESS FOR A PARTICULAR PURPOSE.

configure:4196: $? = 0
configure:4185: g++ -v >&5
Using built-in specs.
Target: i486-linux-gnu
Configured with: ../src/configure -v --with-pkgversion='Ubuntu 4.4.3-4ubuntu5.1' --with-bugurl=file:///usr/share/doc/gcc-4.4/README.Bugs --enable-languages=c,c++,fortran,objc,obj-c++ --prefix=/usr --enable-shared --enable-multiarch --enable-linker-build-id --with-system-zlib --libexecdir=/usr/lib --without-included-gettext --enable-threads=posix --with-gxx-include-dir=/usr/include/c++/4.4 --program-suffix=-4.4 --enable-nls --enable-clocale=gnu --enable-libstdcxx-debug --enable-plugin --enable-objc-gc --enable-targets=all --disable-werror --with-arch-32=i486 --with-tune=generic --enable-checking=release --build=i486-linux-gnu --host=i486-linux-gnu --target=i486-linux-gnu
Thread model: posix
gcc version 4.4.3 (Ubuntu 4.4.3-4ubuntu5.1) 
configure:4196: $? = 0
configure:4185: g++ -V >&5
g++: '-V' option must have argument
configure:4196: $? = 1
configure:4185: g++ -qversion >&5
g++: unrecognized option '-qversion'
g++: no input files
configure:4196: $? = 1
configure:4200: checking whether we are using the GNU C++ compiler
configure:4219: g++ -c   conftest.cpp >&5
configure:4219: $? = 0
configure:4228: result: yes
configure:4237: checking whether g++ accepts -g
configure:4257: g++ -c -g  conftest.cpp >&5
configure:4257: $? = 0
configure:4298: result: yes
configure:4323: checking dependency style of g++
configure:4433: result: gcc3
configure:4450: checking dependency style of g++
configure:4560: result: gcc3
configure:4623: checking for gcc
configure:4650: result: gcc
configure:4879: checking for C compiler version
configure:4888: gcc --version >&5
gcc (Ubuntu 4.4.3-4ubuntu5.1) 4.4.3
Copyright (C) 2009 Free Software Foundation, Inc.
This is free software; see the source for copying conditions.  There is NO
warranty; not even for MERCHANTABILITY or FITNESS FOR A PARTICULAR PURPOSE.

configure:4899: $? = 0
configure:4888: gcc -v >&5
Using built-in specs.
Target: i486-linux-gnu
Configured with: ../src/configure -v --with-pkgversion='Ubuntu 4.4.3-4ubuntu5.1' --with-bugurl=file:///usr/share/doc/gcc-4.4/README.Bugs --enable-languages=c,c++,fortran,objc,obj-c++ --prefix=/usr --enable-shared --enable-multiarch --enable-linker-build-id --with-system-zlib --libexecdir=/usr/lib --without-included-gettext --enable-threads=posix --with-gxx-include-dir=/usr/include/c++/4.4 --program-suffix=-4.4 --enable-nls --enable-clocale=gnu --enable-libstdcxx-debug --enable-plugin --enable-objc-gc --enable-targets=all --disable-werror --with-arch-32=i486 --with-tune=generic --enable-checking=release --build=i486-linux-gnu --host=i486-linux-gnu --target=i486-linux-gnu
Thread model: posix
gcc version 4.4.3 (Ubuntu 4.4.3-4ubuntu5.1) 
configure:4899: $? = 0
configure:4888: gcc -V >&5
gcc: '-V' option must have argument
configure:4899: $? = 1
configure:4888: gcc -qversion >&5
gcc: unrecognized option '-qversion'
gcc: no input files
configure:4899: $? = 1
configure:4903: checking whether we are using the GNU C compiler
configure:4931: result: yes
configure:4940: checking whether gcc accepts -g
configure:5001: result: yes
configure:5018: checking for gcc option to accept ISO C89
configure:5095: result: none needed
configure:5117: checking dependency style of gcc
configure:5227: result: gcc3
configure:5244: checking dependency style of gcc
configure:5354: result: gcc3
configure:5377: checking how to run the C preprocessor
configure:5408: gcc -E  conftest.c
configure:5408: $? = 0
configure:5422: gcc -E  conftest.c
conftest.c:13:28: error: ac_nonexistent.h: No such file or directory
configure:5422: $? = 1
configure: failed program was:
| /* confdefs.h */
| #define PACKAGE_NAME "election"
| #define PACKAGE_TARNAME "election"
| #define PACKAGE_VERSION "1.4.6"
| #define PACKAGE_STRING "election 1.4.6"
| #define PACKAGE_BUGREPORT ""
| #define PACKAGE_URL ""
| #define PACKAGE "election"
| #define VERSION "1.4.6"
| #define PACKAGE "election"
| #define VERSION "1.4.6"
| /* end confdefs.h.  */
| #include <ac_nonexistent.h>
configure:5447: result: gcc -E
configure:5467: gcc -E  conftest.c
configure:5467: $? = 0
configure:5481: gcc -E  conftest.c
conftest.c:13:28: error: ac_nonexistent.h: No such file or directory
configure:5481: $? = 1
configure: failed program was:
| /* confdefs.h */
| #define PACKAGE_NAME "election"
| #define PACKAGE_TARNAME "election"
| #define PACKAGE_VERSION "1.4.6"
| #define PACKAGE_STRING "election 1.4.6"
| #define PACKAGE_BUGREPORT ""
| #define PACKAGE_URL ""
| #define PACKAGE "election"
| #define VERSION "1.4.6"
| #define PACKAGE "election"
| #define VERSION "1.4.6"
| /* end confdefs.h.  */
| #include <ac_nonexistent.h>
configure:5510: checking for grep that handles long lines and -e
configure:5568: result: /bin/grep
configure:5573: checking for egrep
configure:5635: result: /bin/grep -E
configure:5640: checking for ANSI C header files
configure:5660: gcc -c -g -O2  conftest.c >&5
configure:5660: $? = 0
configure:5733: gcc -o conftest -g -O2  -Wl,-z,defs -Wl,-O1 -Wl,--as-needed -Wl,--hash-style=gnu conftest.c  >&5
configure:5733: $? = 0
configure:5733: ./conftest
configure:5733: $? = 0
configure:5744: result: yes
configure:5762: checking for main in -lxml-security-c
configure:5781: gcc -o conftest -g -O2  -Wl,-z,defs -Wl,-O1 -Wl,--as-needed -Wl,--hash-style=gnu conftest.c -lxml-security-c   >&5
configure:5781: $? = 0
configure:5790: result: yes
configure:5809: checking for sys/types.h
configure:5809: gcc -c -g -O2  conftest.c >&5
configure:5809: $? = 0
configure:5809: result: yes
configure:5809: checking for sys/stat.h
configure:5809: gcc -c -g -O2  conftest.c >&5
configure:5809: $? = 0
configure:5809: result: yes
configure:5809: checking for stdlib.h
configure:5809: gcc -c -g -O2  conftest.c >&5
configure:5809: $? = 0
configure:5809: result: yes
configure:5809: checking for string.h
configure:5809: gcc -c -g -O2  conftest.c >&5
configure:5809: $? = 0
configure:5809: result: yes
configure:5809: checking for memory.h
configure:5809: gcc -c -g -O2  conftest.c >&5
configure:5809: $? = 0
configure:5809: result: yes
configure:5809: checking for strings.h
configure:5809: gcc -c -g -O2  conftest.c >&5
configure:5809: $? = 0
configure:5809: result: yes
configure:5809: checking for inttypes.h
configure:5809: gcc -c -g -O2  conftest.c >&5
configure:5809: $? = 0
configure:5809: result: yes
configure:5809: checking for stdint.h
configure:5809: gcc -c -g -O2  conftest.c >&5
configure:5809: $? = 0
configure:5809: result: yes
configure:5809: checking for unistd.h
configure:5809: gcc -c -g -O2  conftest.c >&5
configure:5809: $? = 0
configure:5809: result: yes
configure:5825: checking locale.h usability
configure:5825: gcc -c -g -O2  conftest.c >&5
configure:5825: $? = 0
configure:5825: result: yes
configure:5825: checking locale.h presence
configure:5825: gcc -E  conftest.c
configure:5825: $? = 0
configure:5825: result: yes
configure:5825: checking for locale.h
configure:5825: result: yes
configure:5836: checking for LC_MESSAGES
configure:5852: gcc -o conftest -g -O2  -Wl,-z,defs -Wl,-O1 -Wl,--as-needed -Wl,--hash-style=gnu conftest.c -lxml-security-c  >&5
configure:5852: $? = 0
configure:5860: result: yes
configure:5877: checking libintl.h usability
configure:5877: gcc -c -g -O2  conftest.c >&5
configure:5877: $? = 0
configure:5877: result: yes
configure:5877: checking libintl.h presence
configure:5877: gcc -E  conftest.c
configure:5877: $? = 0
configure:5877: result: yes
configure:5877: checking for libintl.h
configure:5877: result: yes
configure:5885: checking for ngettext in libc
configure:5903: gcc -o conftest -g -O2  -Wl,-z,defs -Wl,-O1 -Wl,--as-needed -Wl,--hash-style=gnu conftest.c -lxml-security-c  >&5
configure:5903: $? = 0
configure:5912: result: yes
configure:5916: checking for dgettext in libc
configure:5934: gcc -o conftest -g -O2  -Wl,-z,defs -Wl,-O1 -Wl,--as-needed -Wl,--hash-style=gnu conftest.c -lxml-security-c  >&5
configure:5934: $? = 0
configure:5943: result: yes
configure:5950: checking for bind_textdomain_codeset
configure:5950: gcc -o conftest -g -O2  -Wl,-z,defs -Wl,-O1 -Wl,--as-needed -Wl,--hash-style=gnu conftest.c -lxml-security-c  >&5
configure:5950: $? = 0
configure:5950: result: yes
configure:6226: checking for msgfmt
configure:6253: result: /usr/bin/msgfmt
configure:6264: checking for dcgettext
configure:6264: gcc -o conftest -g -O2  -Wl,-z,defs -Wl,-O1 -Wl,--as-needed -Wl,--hash-style=gnu conftest.c -lxml-security-c   >&5
conftest.c:52: warning: conflicting types for built-in function 'dcgettext'
configure:6264: $? = 0
configure:6264: result: yes
configure:6274: checking if msgfmt accepts -c
configure:6289: $MSGFMT -c -o /dev/null conftest.foo
configure:6292: $? = 0
configure:6294: result: yes
configure:6304: checking for gmsgfmt
configure:6335: result: /usr/bin/msgfmt
configure:6345: checking for xgettext
configure:6372: result: /usr/bin/xgettext
configure:6391: gcc -o conftest -g -O2  -Wl,-z,defs -Wl,-O1 -Wl,--as-needed -Wl,--hash-style=gnu conftest.c -lxml-security-c   >&5
configure:6391: $? = 0
configure:6527: checking whether NLS is requested
configure:6536: result: yes
configure:6551: checking for intltool >= 0.35.0
configure:6558: result: 0.41.0 found
configure:6566: checking for intltool-update
configure:6584: found /usr/bin/intltool-update
configure:6596: result: /usr/bin/intltool-update
configure:6606: checking for intltool-merge
configure:6624: found /usr/bin/intltool-merge
configure:6636: result: /usr/bin/intltool-merge
configure:6646: checking for intltool-extract
configure:6664: found /usr/bin/intltool-extract
configure:6676: result: /usr/bin/intltool-extract
configure:6807: checking for xgettext
configure:6837: result: /usr/bin/xgettext
configure:6847: checking for msgmerge
configure:6865: found /usr/bin/msgmerge
configure:6877: result: /usr/bin/msgmerge
configure:6887: checking for msgfmt
configure:6917: result: /usr/bin/msgfmt
configure:6927: checking for gmsgfmt
configure:6958: result: /usr/bin/msgfmt
configure:6978: checking for perl
configure:6996: found /usr/bin/perl
configure:7008: result: /usr/bin/perl
configure:7019: checking for perl >= 5.8.1
configure:7026: result: 5.10.1
configure:7030: checking for XML::Parser
configure:7033: result: ok
configure:7133: checking for pkg-config
configure:7151: found /usr/bin/pkg-config
configure:7163: result: /usr/bin/pkg-config
configure:7188: checking pkg-config is at least version 0.9.0
configure:7191: result: yes
configure:7202: checking for ELECTION
configure:7210: $PKG_CONFIG --exists --print-errors "gtkmm-2.4 >= 2.12 xerces-c libsmartmaticlog libsmartmatic libsmartmaticgui libsaescommon libsaeshardware libsaes libsaesfunctionality libsaesguibase libsmartmaticlog liblog4cxx zlib libcrypto libssl"
configure:7213: $? = 0
configure:7228: $PKG_CONFIG --exists --print-errors "gtkmm-2.4 >= 2.12 xerces-c libsmartmaticlog libsmartmatic libsmartmaticgui libsaescommon libsaeshardware libsaes libsaesfunctionality libsaesguibase libsmartmaticlog liblog4cxx zlib libcrypto libssl"
configure:7231: $? = 0
configure:7286: result: yes
configure:7296: checking for xsdcxx
configure:7312: found /usr/bin/xsdcxx
configure:7324: result: true
configure:7334: checking for xsd
configure:7362: result: false
configure:7648: creating ./config.status

## ---------------------- ##
## Running config.status. ##
## ---------------------- ##

This file was extended by election config.status 1.4.6, which was
generated by GNU Autoconf 2.65.  Invocation command line was

  CONFIG_FILES    = 
  CONFIG_HEADERS  = 
  CONFIG_LINKS    = 
  CONFIG_COMMANDS = 
  $ ./config.status 

on smtt

config.status:983: creating Makefile
config.status:983: creating src/Makefile
config.status:983: creating po/Makefile.in
config.status:983: creating pixmaps/Makefile
config.status:983: creating etc/Makefile
config.status:983: creating etc/election.desktop.in
config.status:983: creating doc/Makefile
config.status:983: creating doc/man/Makefile
config.status:983: creating doc/man/es/Makefile
config.status:983: creating log/Makefile
config.status:983: creating log/MV/Makefile
config.status:983: creating log/MP/Makefile
config.status:983: creating conf/Makefile
config.status:983: creating conf/MV/Makefile
config.status:983: creating conf/MP/Makefile
config.status:983: creating config.h
config.status:1203: executing depfiles commands
config.status:1203: executing default-1 commands
config.status:1203: executing po/stamp-it commands

## ---------------- ##
## Cache variables. ##
## ---------------- ##

ac_cv_c_compiler_gnu=yes
ac_cv_cxx_compiler_gnu=yes
ac_cv_env_CCC_set=
ac_cv_env_CCC_value=
ac_cv_env_CC_set=
ac_cv_env_CC_value=
ac_cv_env_CFLAGS_set=
ac_cv_env_CFLAGS_value=
ac_cv_env_CPPFLAGS_set=
ac_cv_env_CPPFLAGS_value=
ac_cv_env_CPP_set=
ac_cv_env_CPP_value=
ac_cv_env_CXXFLAGS_set=
ac_cv_env_CXXFLAGS_value=
ac_cv_env_CXX_set=
ac_cv_env_CXX_value=
ac_cv_env_ELECTION_CFLAGS_set=
ac_cv_env_ELECTION_CFLAGS_value=
ac_cv_env_ELECTION_LIBS_set=
ac_cv_env_ELECTION_LIBS_value=
ac_cv_env_LDFLAGS_set=set
ac_cv_env_LDFLAGS_value='-Wl,-z,defs -Wl,-O1 -Wl,--as-needed -Wl,--hash-style=gnu'
ac_cv_env_LIBS_set=
ac_cv_env_LIBS_value=
ac_cv_env_PKG_CONFIG_set=
ac_cv_env_PKG_CONFIG_value=
ac_cv_env_build_alias_set=
ac_cv_env_build_alias_value=
ac_cv_env_host_alias_set=
ac_cv_env_host_alias_value=
ac_cv_env_target_alias_set=
ac_cv_env_target_alias_value=
ac_cv_func_bind_textdomain_codeset=yes
ac_cv_func_dcgettext=yes
ac_cv_header_inttypes_h=yes
ac_cv_header_libintl_h=yes
ac_cv_header_locale_h=yes
ac_cv_header_memory_h=yes
ac_cv_header_stdc=yes
ac_cv_header_stdint_h=yes
ac_cv_header_stdlib_h=yes
ac_cv_header_string_h=yes
ac_cv_header_strings_h=yes
ac_cv_header_sys_stat_h=yes
ac_cv_header_sys_types_h=yes
ac_cv_header_unistd_h=yes
ac_cv_lib_xml_security_c_main=yes
ac_cv_objext=o
ac_cv_path_EGREP='/bin/grep -E'
ac_cv_path_GMSGFMT=/usr/bin/msgfmt
ac_cv_path_GREP=/bin/grep
ac_cv_path_INTLTOOL_EXTRACT=/usr/bin/intltool-extract
ac_cv_path_INTLTOOL_MERGE=/usr/bin/intltool-merge
ac_cv_path_INTLTOOL_PERL=/usr/bin/perl
ac_cv_path_INTLTOOL_UPDATE=/usr/bin/intltool-update
ac_cv_path_MSGFMT=/usr/bin/msgfmt
ac_cv_path_MSGMERGE=/usr/bin/msgmerge
ac_cv_path_XGETTEXT=/usr/bin/xgettext
ac_cv_path_ac_pt_PKG_CONFIG=/usr/bin/pkg-config
ac_cv_path_install='/usr/bin/install -c'
ac_cv_path_mkdir=/bin/mkdir
ac_cv_prog_AWK=gawk
ac_cv_prog_CPP='gcc -E'
ac_cv_prog_HAVE_XSD=false
ac_cv_prog_HAVE_XSDCXX=true
ac_cv_prog_ac_ct_CC=gcc
ac_cv_prog_ac_ct_CXX=g++
ac_cv_prog_cc_c89=
ac_cv_prog_cc_g=yes
ac_cv_prog_cxx_g=yes
ac_cv_prog_make_make_set=yes
ac_cv_search_strerror='none required'
am_cv_CC_dependencies_compiler_type=gcc3
am_cv_CXX_dependencies_compiler_type=gcc3
am_cv_prog_cc_stdc=
am_cv_prog_tar_ustar=gnutar
am_cv_val_LC_MESSAGES=yes
gt_cv_func_dgettext_libc=yes
gt_cv_func_dgettext_libintl=no
gt_cv_func_ngettext_libc=yes
gt_cv_have_gettext=yes
pkg_cv_ELECTION_CFLAGS='-pthread -D_REENTRANT -I/usr/local/include/smartmaticlog -I/usr/local/include/smartmatic -I/usr/local/include/smartmaticgui -I/usr/local/include/saescommon -I/usr/local/include/saeshardware -I/usr/local/include/saes -I/usr/local/include/saesfunctionality -I/usr/local/include/saesguibase -I/usr/include/gtkmm-2.4 -I/usr/lib/gtkmm-2.4/include -I/usr/include/giomm-2.4 -I/usr/lib/giomm-2.4/include -I/usr/include/pangomm-1.4 -I/usr/lib/pangomm-1.4/include -I/usr/include/gtk-2.0 -I/usr/include/gtk-unix-print-2.0 -I/usr/include/atkmm-1.6 -I/usr/include/gdkmm-2.4 -I/usr/lib/gdkmm-2.4/include -I/usr/include/glibmm-2.4 -I/usr/lib/glibmm-2.4/include -I/usr/include/glib-2.0 -I/usr/lib/glib-2.0/include -I/usr/include/sigc++-2.0 -I/usr/lib/sigc++-2.0/include -I/usr/include/cairomm-1.0 -I/usr/lib/cairomm-1.0/include -I/usr/include/pango-1.0 -I/usr/include/cairo -I/usr/include/pixman-1 -I/usr/include/freetype2 -I/usr/include/directfb -I/usr/include/libpng12 -I/usr/lib/gtk-2.0/include -I/usr/include/atk-1.0 -I/usr/include/gio-unix-2.0/  '
pkg_cv_ELECTION_LIBS='-pthread -L/usr/local/lib -lgtkmm-2.4 -latkmm-1.6 -lgdkmm-2.4 -lgiomm-2.4 -lpangomm-1.4 -lgtk-x11-2.0 -lglibmm-2.4 -lcairomm-1.0 -lsigc-2.0 -lgdk-x11-2.0 -latk-1.0 -lgio-2.0 -lpangoft2-1.0 -lgdk_pixbuf-2.0 -lm -lpangocairo-1.0 -lcairo -lpango-1.0 -lfreetype -lfontconfig -lgobject-2.0 -lgmodule-2.0 -lgthread-2.0 -lrt -lglib-2.0 -lxerces-c -lsmartmatic -lsmartmaticgui -lsaescommon -lsaeshardware -lsaes -lsaesfunctionality -lsaesguibase -lsmartmaticlog -llog4cxx -lz -lcrypto -lssl  '

## ----------------- ##
## Output variables. ##
## ----------------- ##

ACLOCAL='${SHELL} /home/smtt/SAES1.4.6/election/missing --run aclocal-1.11'
ALL_LINGUAS=''
AMDEPBACKSLASH='\'
AMDEP_FALSE='#'
AMDEP_TRUE=''
AMTAR='${SHELL} /home/smtt/SAES1.4.6/election/missing --run tar'
AUTOCONF='${SHELL} /home/smtt/SAES1.4.6/election/missing --run autoconf'
AUTOHEADER='${SHELL} /home/smtt/SAES1.4.6/election/missing --run autoheader'
AUTOMAKE='${SHELL} /home/smtt/SAES1.4.6/election/missing --run automake-1.11'
AUTOSTARTDIR='/etc/election.d/xdg/autostart'
AWK='gawk'
BINDIR='/usr/local/bin'
BINFIX='6'
BINMAYOR='1'
BINMINOR='4'
CATALOGS=''
CATOBJEXT='.gmo'
CC='gcc'
CCDEPMODE='depmode=gcc3'
CFLAGS='-g -O2'
CONFDIR='/etc/election.d/config'
CONFDIRMP='/etc/election.d/config/MP'
CONFDIRMV='/etc/election.d/config/MV'
CPP='gcc -E'
CPPFLAGS=''
CXX='g++'
CXXDEPMODE='depmode=gcc3'
CXXFLAGS='-Wall -Werror -g -O2'
CYGPATH_W='echo'
DATADIR='/usr/local/share'
DATADIRNAME='share'
DEFS='-DHAVE_CONFIG_H'
DEPDIR='.deps'
ECHO_C=''
ECHO_N='-n'
ECHO_T=''
EGREP='/bin/grep -E'
ELECTION_CFLAGS='-pthread -D_REENTRANT -I/usr/local/include/smartmaticlog -I/usr/local/include/smartmatic -I/usr/local/include/smartmaticgui -I/usr/local/include/saescommon -I/usr/local/include/saeshardware -I/usr/local/include/saes -I/usr/local/include/saesfunctionality -I/usr/local/include/saesguibase -I/usr/include/gtkmm-2.4 -I/usr/lib/gtkmm-2.4/include -I/usr/include/giomm-2.4 -I/usr/lib/giomm-2.4/include -I/usr/include/pangomm-1.4 -I/usr/lib/pangomm-1.4/include -I/usr/include/gtk-2.0 -I/usr/include/gtk-unix-print-2.0 -I/usr/include/atkmm-1.6 -I/usr/include/gdkmm-2.4 -I/usr/lib/gdkmm-2.4/include -I/usr/include/glibmm-2.4 -I/usr/lib/glibmm-2.4/include -I/usr/include/glib-2.0 -I/usr/lib/glib-2.0/include -I/usr/include/sigc++-2.0 -I/usr/lib/sigc++-2.0/include -I/usr/include/cairomm-1.0 -I/usr/lib/cairomm-1.0/include -I/usr/include/pango-1.0 -I/usr/include/cairo -I/usr/include/pixman-1 -I/usr/include/freetype2 -I/usr/include/directfb -I/usr/include/libpng12 -I/usr/lib/gtk-2.0/include -I/usr/include/atk-1.0 -I/usr/include/gio-unix-2.0/  '
ELECTION_LIBS='-pthread -L/usr/local/lib -lgtkmm-2.4 -latkmm-1.6 -lgdkmm-2.4 -lgiomm-2.4 -lpangomm-1.4 -lgtk-x11-2.0 -lglibmm-2.4 -lcairomm-1.0 -lsigc-2.0 -lgdk-x11-2.0 -latk-1.0 -lgio-2.0 -lpangoft2-1.0 -lgdk_pixbuf-2.0 -lm -lpangocairo-1.0 -lcairo -lpango-1.0 -lfreetype -lfontconfig -lgobject-2.0 -lgmodule-2.0 -lgthread-2.0 -lrt -lglib-2.0 -lxerces-c -lsmartmatic -lsmartmaticgui -lsaescommon -lsaeshardware -lsaes -lsaesfunctionality -lsaesguibase -lsmartmaticlog -llog4cxx -lz -lcrypto -lssl  '
EXEEXT=''
GETTEXT_PACKAGE='election'
GMOFILES=''
GMSGFMT='/usr/bin/msgfmt'
GNOMELOCALEDIR='/usr/local/share/locale'
GREP='/bin/grep'
HAVE_XSD='false'
HAVE_XSDCXX='true'
INSTALL_DATA='${INSTALL} -m 644'
INSTALL_PROGRAM='${INSTALL}'
INSTALL_SCRIPT='${INSTALL}'
INSTALL_STRIP_PROGRAM='$(install_sh) -c -s'
INSTOBJEXT='.mo'
INTLLIBS=''
INTLTOOL_CAVES_RULE='%.caves:     %.caves.in     $(INTLTOOL_MERGE) $(wildcard $(top_srcdir)/po/*.po) ; LC_ALL=C $(INTLTOOL_MERGE) -d -u -c $(top_builddir)/po/.intltool-merge-cache $(top_srcdir)/po $< $@'
INTLTOOL_DESKTOP_RULE='%.desktop:   %.desktop.in   $(INTLTOOL_MERGE) $(wildcard $(top_srcdir)/po/*.po) ; LC_ALL=C $(INTLTOOL_MERGE) -d -u -c $(top_builddir)/po/.intltool-merge-cache $(top_srcdir)/po $< $@'
INTLTOOL_DIRECTORY_RULE='%.directory: %.directory.in $(INTLTOOL_MERGE) $(wildcard $(top_srcdir)/po/*.po) ; LC_ALL=C $(INTLTOOL_MERGE) -d -u -c $(top_builddir)/po/.intltool-merge-cache $(top_srcdir)/po $< $@'
INTLTOOL_EXTRACT='/usr/bin/intltool-extract'
INTLTOOL_KBD_RULE='%.kbd:       %.kbd.in       $(INTLTOOL_MERGE) $(wildcard $(top_srcdir)/po/*.po) ; LC_ALL=C $(INTLTOOL_MERGE) -x -u -m -c $(top_builddir)/po/.intltool-merge-cache $(top_srcdir)/po $< $@'
INTLTOOL_KEYS_RULE='%.keys:      %.keys.in      $(INTLTOOL_MERGE) $(wildcard $(top_srcdir)/po/*.po) ; LC_ALL=C $(INTLTOOL_MERGE) -k -u -c $(top_builddir)/po/.intltool-merge-cache $(top_srcdir)/po $< $@'
INTLTOOL_MERGE='/usr/bin/intltool-merge'
INTLTOOL_OAF_RULE='%.oaf:       %.oaf.in       $(INTLTOOL_MERGE) $(wildcard $(top_srcdir)/po/*.po) ; LC_ALL=C $(INTLTOOL_MERGE) -o -p $(top_srcdir)/po $< $@'
INTLTOOL_PERL='/usr/bin/perl'
INTLTOOL_POLICY_RULE='%.policy:    %.policy.in    $(INTLTOOL_MERGE) $(wildcard $(top_srcdir)/po/*.po) ; LC_ALL=C $(INTLTOOL_MERGE) -x -u -c $(top_builddir)/po/.intltool-merge-cache $(top_srcdir)/po $< $@'
INTLTOOL_PONG_RULE='%.pong:      %.pong.in      $(INTLTOOL_MERGE) $(wildcard $(top_srcdir)/po/*.po) ; LC_ALL=C $(INTLTOOL_MERGE) -x -u -c $(top_builddir)/po/.intltool-merge-cache $(top_srcdir)/po $< $@'
INTLTOOL_PROP_RULE='%.prop:      %.prop.in      $(INTLTOOL_MERGE) $(wildcard $(top_srcdir)/po/*.po) ; LC_ALL=C $(INTLTOOL_MERGE) -d -u -c $(top_builddir)/po/.intltool-merge-cache $(top_srcdir)/po $< $@'
INTLTOOL_SCHEMAS_RULE='%.schemas:   %.schemas.in   $(INTLTOOL_MERGE) $(wildcard $(top_srcdir)/po/*.po) ; LC_ALL=C $(INTLTOOL_MERGE) -s -u -c $(top_builddir)/po/.intltool-merge-cache $(top_srcdir)/po $< $@'
INTLTOOL_SERVER_RULE='%.server:    %.server.in    $(INTLTOOL_MERGE) $(wildcard $(top_srcdir)/po/*.po) ; LC_ALL=C $(INTLTOOL_MERGE) -o -u -c $(top_builddir)/po/.intltool-merge-cache $(top_srcdir)/po $< $@'
INTLTOOL_SERVICE_RULE='%.service: %.service.in   $(INTLTOOL_MERGE) $(wildcard $(top_srcdir)/po/*.po) ; LC_ALL=C $(INTLTOOL_MERGE) -d -u -c $(top_builddir)/po/.intltool-merge-cache $(top_srcdir)/po $< $@'
INTLTOOL_SHEET_RULE='%.sheet:     %.sheet.in     $(INTLTOOL_MERGE) $(wildcard $(top_srcdir)/po/*.po) ; LC_ALL=C $(INTLTOOL_MERGE) -x -u -c $(top_builddir)/po/.intltool-merge-cache $(top_srcdir)/po $< $@'
INTLTOOL_SOUNDLIST_RULE='%.soundlist: %.soundlist.in $(INTLTOOL_MERGE) $(wildcard $(top_srcdir)/po/*.po) ; LC_ALL=C $(INTLTOOL_MERGE) -d -u -c $(top_builddir)/po/.intltool-merge-cache $(top_srcdir)/po $< $@'
INTLTOOL_THEME_RULE='%.theme:     %.theme.in     $(INTLTOOL_MERGE) $(wildcard $(top_srcdir)/po/*.po) ; LC_ALL=C $(INTLTOOL_MERGE) -d -u -c $(top_builddir)/po/.intltool-merge-cache $(top_srcdir)/po $< $@'
INTLTOOL_UI_RULE='%.ui:        %.ui.in        $(INTLTOOL_MERGE) $(wildcard $(top_srcdir)/po/*.po) ; LC_ALL=C $(INTLTOOL_MERGE) -x -u -c $(top_builddir)/po/.intltool-merge-cache $(top_srcdir)/po $< $@'
INTLTOOL_UPDATE='/usr/bin/intltool-update'
INTLTOOL_XAM_RULE='%.xam:       %.xml.in       $(INTLTOOL_MERGE) $(wildcard $(top_srcdir)/po/*.po) ; LC_ALL=C $(INTLTOOL_MERGE) -x -u -c $(top_builddir)/po/.intltool-merge-cache $(top_srcdir)/po $< $@'
INTLTOOL_XML_NOMERGE_RULE='%.xml:       %.xml.in       $(INTLTOOL_MERGE) ; LC_ALL=C $(INTLTOOL_MERGE) -x -u /tmp $< $@'
INTLTOOL_XML_RULE='%.xml:       %.xml.in       $(INTLTOOL_MERGE) $(wildcard $(top_srcdir)/po/*.po) ; LC_ALL=C $(INTLTOOL_MERGE) -x -u -c $(top_builddir)/po/.intltool-merge-cache $(top_srcdir)/po $< $@'
LDFLAGS='-Wl,-z,defs -Wl,-O1 -Wl,--as-needed -Wl,--hash-style=gnu'
LIBOBJS=''
LIBS='-lxml-security-c '
LOGDATADIR='/etc/election.d'
LTLIBOBJS=''
MAINT='#'
MAINTAINER_MODE_FALSE=''
MAINTAINER_MODE_TRUE='#'
MAKEINFO='${SHELL} /home/smtt/SAES1.4.6/election/missing --run makeinfo'
MKDIR_P='/bin/mkdir -p'
MKINSTALLDIRS='./mkinstalldirs'
MSGFMT='/usr/bin/msgfmt'
MSGFMT_OPTS='-c'
MSGMERGE='/usr/bin/msgmerge'
OBJEXT='o'
PACKAGE='election'
PACKAGE_BUGREPORT=''
PACKAGE_NAME='election'
PACKAGE_STRING='election 1.4.6'
PACKAGE_TARNAME='election'
PACKAGE_URL=''
PACKAGE_VERSION='1.4.6'
PATH_SEPARATOR=':'
PIXMAPDIR='/usr/local/share/pixmaps'
PKG_CONFIG='/usr/bin/pkg-config'
POFILES=''
POSUB='po'
PO_IN_DATADIR_FALSE=''
PO_IN_DATADIR_TRUE=''
SET_MAKE=''
SHELL='/bin/bash'
STRIP=''
USE_NLS='yes'
VERSION='1.4.6'
XGETTEXT='/usr/bin/xgettext'
XSDCXX='xsdcxx'
XSDFLAGS='	--char-type char 	--show-sloc 	--generate-serialization 	--generate-default-ctor 	--generate-comparison 	--generate-doxygen 	--type-naming ucc 	--function-naming java 	--namespace-map http://www.smartmatic.com/SAES/Configuration=Smartmatic::SAES::Configuration '
ac_ct_CC='gcc'
ac_ct_CXX='g++'
am__EXEEXT_FALSE=''
am__EXEEXT_TRUE='#'
am__fastdepCC_FALSE='#'
am__fastdepCC_TRUE=''
am__fastdepCXX_FALSE='#'
am__fastdepCXX_TRUE=''
am__include='include'
am__isrc=''
am__leading_dot='.'
am__quote=''
am__tar='tar --format=ustar -chf - "$$tardir"'
am__untar='tar -xf -'
bindir='/usr/local/bin'
build_alias=''
datadir='${prefix}/share'
datarootdir='${prefix}/share'
docdir='${datarootdir}/doc/${PACKAGE_TARNAME}'
dvidir='${docdir}'
exec_prefix='/usr/local'
host_alias=''
htmldir='${docdir}'
includedir='${prefix}/include'
infodir='${datarootdir}/info'
install_sh='${SHELL} /home/smtt/SAES1.4.6/election/install-sh'
libdir='${exec_prefix}/lib'
libexecdir='${exec_prefix}/libexec'
localedir='${prefix}/share/locale'
localstatedir='${prefix}/var'
mandir='${datarootdir}/man'
mkdir_p='/bin/mkdir -p'
oldincludedir='/usr/include'
pdfdir='${docdir}'
prefix='/usr/local'
program_transform_name='s,x,x,'
psdir='${docdir}'
sbindir='${exec_prefix}/sbin'
sharedstatedir='${prefix}/com'
sysconfdir='/etc'
target_alias=''

## ----------- ##
## confdefs.h. ##
## ----------- ##

/* confdefs.h */
#define PACKAGE_NAME "election"
#define PACKAGE_TARNAME "election"
#define PACKAGE_VERSION "1.4.6"
#define PACKAGE_STRING "election 1.4.6"
#define PACKAGE_BUGREPORT ""
#define PACKAGE_URL ""
#define PACKAGE "election"
#define VERSION "1.4.6"
#define PACKAGE "election"
#define VERSION "1.4.6"
#define STDC_HEADERS 1
#define GETTEXT_PACKAGE "election"
#define HAVE_LIBXML_SECURITY_C 1
#define HAVE_SYS_TYPES_H 1
#define HAVE_SYS_STAT_H 1
#define HAVE_STDLIB_H 1
#define HAVE_STRING_H 1
#define HAVE_MEMORY_H 1
#define HAVE_STRINGS_H 1
#define HAVE_INTTYPES_H 1
#define HAVE_STDINT_H 1
#define HAVE_UNISTD_H 1
#define HAVE_LOCALE_H 1
#define HAVE_LC_MESSAGES 1
#define HAVE_BIND_TEXTDOMAIN_CODESET 1
#define HAVE_GETTEXT 1
#define HAVE_DCGETTEXT 1
#define ENABLE_NLS 1
#define NAMESPACE_APP_CONFIGURATION "http://www.smartmatic.com/SAES/Configuration"
#define DATADIR "/usr/local/share"
#define AUTOSTARTDIR "/etc/election.d/xdg/autostart"
#define CONFDIR "/etc/election.d/config"
#define LOGDATADIR "/etc/election.d"
#define PIXMAPDIR "/usr/local/share/pixmaps"
#define GNOMELOCALEDIR "/usr/local/share/locale"
#define CONFDIRMP "/etc/election.d/config/MP"
#define CONFDIRMV "/etc/election.d/config/MV"

configure: exit 0

## ---------------------- ##
## Running config.status. ##
## ---------------------- ##

This file was extended by election config.status 1.4.6, which was
generated by GNU Autoconf 2.65.  Invocation command line was

  CONFIG_FILES    = po/Makefile.in
  CONFIG_HEADERS  = 
  CONFIG_LINKS    = 
  CONFIG_COMMANDS = 
  $ ./config.status 

on smtt

config.status:983: creating po/Makefile.in
config.status:1203: executing depfiles commands
config.status:1203: executing default-1 commands
config.status:1203: executing po/stamp-it commands
